[0.026s] Invoking command in '/home/robot/go2_ws_toolbox/build/go2_driver': CMAKE_PREFIX_PATH=${CMAKE_PREFIX_PATH}:/opt/ros/humble /usr/bin/cmake --build /home/robot/go2_ws_toolbox/build/go2_driver -- -j16 -l16
[0.042s] -- Found ament_cmake: 1.3.12 (/opt/ros/humble/share/ament_cmake/cmake)
[0.138s] -- Found rclcpp: 16.0.14 (/opt/ros/humble/share/rclcpp/cmake)
[0.156s] -- Found rosidl_generator_c: 3.1.7 (/opt/ros/humble/share/rosidl_generator_c/cmake)
[0.157s] -- Found rosidl_adapter: 3.1.7 (/opt/ros/humble/share/rosidl_adapter/cmake)
[0.160s] -- Found rosidl_generator_cpp: 3.1.7 (/opt/ros/humble/share/rosidl_generator_cpp/cmake)
[0.167s] -- Using all available rosidl_typesupport_c: rosidl_typesupport_fastrtps_c;rosidl_typesupport_introspection_c
[0.173s] -- Using all available rosidl_typesupport_cpp: rosidl_typesupport_fastrtps_cpp;rosidl_typesupport_introspection_cpp
[0.191s] -- Found rmw_implementation_cmake: 6.1.2 (/opt/ros/humble/share/rmw_implementation_cmake/cmake)
[0.192s] -- Found rmw_cyclonedds_cpp: 1.3.4 (/home/robot/unitree_ros2/cyclonedds_ws/install/rmw_cyclonedds_cpp/share/rmw_cyclonedds_cpp/cmake)
[0.203s] -- Using RMW implementation 'rmw_cyclonedds_cpp' as default
[0.230s] -- Found unitree_go: 0.0.0 (/home/robot/unitree_ros2/cyclonedds_ws/install/unitree_go/share/unitree_go/cmake)
[0.244s] -- Found nav_msgs: 4.9.0 (/opt/ros/humble/share/nav_msgs/cmake)
[0.253s] -- Found tf2: 0.25.15 (/opt/ros/humble/share/tf2/cmake)
[0.255s] -- Found tf2_ros: 0.25.15 (/opt/ros/humble/share/tf2_ros/cmake)
[0.297s] -- Found sensor_msgs: 4.9.0 (/opt/ros/humble/share/sensor_msgs/cmake)
[0.312s] -- Found ament_lint_auto: 0.12.14 (/opt/ros/humble/share/ament_lint_auto/cmake)
[0.355s] -- Added test 'cppcheck' to perform static code analysis on C / C++ code
[0.355s] -- Configured cppcheck include dirs: $<BUILD_INTERFACE:/home/robot/go2_ws_toolbox/src/base/go2_driver/include>
[0.355s] -- Configured cppcheck exclude dirs and/or files: 
[0.355s] -- Added test 'flake8' to check Python code syntax and style conventions
[0.356s] -- Added test 'lint_cmake' to check CMake code style
[0.356s] -- Added test 'pep257' to check Python code against some of the docstring style conventions in PEP 257
[0.356s] -- Added test 'uncrustify' to check C / C++ code style
[0.356s] -- Configured uncrustify additional arguments: 
[0.357s] -- Added test 'xmllint' to check XML markup files
[0.357s] -- Configuring done
[0.370s] -- Generating done
[0.375s] -- Build files have been written to: /home/robot/go2_ws_toolbox/build/go2_driver
[0.397s] [35m[1mConsolidate compiler generated dependencies of target footprint_to_link[0m
[0.397s] [35m[1mConsolidate compiler generated dependencies of target driver[0m
[0.405s] [ 16%] [32mBuilding CXX object CMakeFiles/lowstate_to_imu.dir/src/lowstate_to_imu.cpp.o[0m
[0.414s] [ 83%] Built target driver
[0.414s] [ 83%] Built target footprint_to_link
[6.105s] [100%] [32m[1mLinking CXX executable lowstate_to_imu[0m
[6.398s] [100%] Built target lowstate_to_imu
[6.408s] Invoked command in '/home/robot/go2_ws_toolbox/build/go2_driver' returned '0': CMAKE_PREFIX_PATH=${CMAKE_PREFIX_PATH}:/opt/ros/humble /usr/bin/cmake --build /home/robot/go2_ws_toolbox/build/go2_driver -- -j16 -l16
[6.409s] Invoking command in '/home/robot/go2_ws_toolbox/build/go2_driver': CMAKE_PREFIX_PATH=${CMAKE_PREFIX_PATH}:/opt/ros/humble /usr/bin/cmake --install /home/robot/go2_ws_toolbox/build/go2_driver
[6.416s] -- Install configuration: ""
[6.416s] -- Up-to-date: /home/robot/go2_ws_toolbox/install/go2_driver/lib/go2_driver/driver
[6.416s] -- Up-to-date: /home/robot/go2_ws_toolbox/install/go2_driver/lib/go2_driver/footprint_to_link
[6.416s] -- Installing: /home/robot/go2_ws_toolbox/install/go2_driver/lib/go2_driver/lowstate_to_imu
[6.420s] -- Set runtime path of "/home/robot/go2_ws_toolbox/install/go2_driver/lib/go2_driver/lowstate_to_imu" to ""
[6.420s] -- Up-to-date: /home/robot/go2_ws_toolbox/install/go2_driver/share/go2_driver/launch
[6.421s] -- Installing: /home/robot/go2_ws_toolbox/install/go2_driver/share/go2_driver/launch/driver.launch.py
[6.421s] -- Up-to-date: /home/robot/go2_ws_toolbox/install/go2_driver/share/go2_driver/params
[6.421s] -- Up-to-date: /home/robot/go2_ws_toolbox/install/go2_driver/share/go2_driver/params/driver.yaml
[6.421s] -- Up-to-date: /home/robot/go2_ws_toolbox/install/go2_driver/share/go2_driver/rviz
[6.421s] -- Up-to-date: /home/robot/go2_ws_toolbox/install/go2_driver/share/go2_driver/rviz/display.rviz
[6.421s] -- Up-to-date: /home/robot/go2_ws_toolbox/install/go2_driver/share/ament_index/resource_index/package_run_dependencies/go2_driver
[6.421s] -- Installing: /home/robot/go2_ws_toolbox/install/go2_driver/share/ament_index/resource_index/parent_prefix_path/go2_driver
[6.421s] -- Up-to-date: /home/robot/go2_ws_toolbox/install/go2_driver/share/go2_driver/environment/ament_prefix_path.sh
[6.421s] -- Installing: /home/robot/go2_ws_toolbox/install/go2_driver/share/go2_driver/environment/ament_prefix_path.dsv
[6.421s] -- Up-to-date: /home/robot/go2_ws_toolbox/install/go2_driver/share/go2_driver/environment/path.sh
[6.421s] -- Installing: /home/robot/go2_ws_toolbox/install/go2_driver/share/go2_driver/environment/path.dsv
[6.421s] -- Up-to-date: /home/robot/go2_ws_toolbox/install/go2_driver/share/go2_driver/local_setup.bash
[6.421s] -- Up-to-date: /home/robot/go2_ws_toolbox/install/go2_driver/share/go2_driver/local_setup.sh
[6.421s] -- Up-to-date: /home/robot/go2_ws_toolbox/install/go2_driver/share/go2_driver/local_setup.zsh
[6.421s] -- Installing: /home/robot/go2_ws_toolbox/install/go2_driver/share/go2_driver/local_setup.dsv
[6.422s] -- Installing: /home/robot/go2_ws_toolbox/install/go2_driver/share/go2_driver/package.dsv
[6.422s] -- Up-to-date: /home/robot/go2_ws_toolbox/install/go2_driver/share/ament_index/resource_index/packages/go2_driver
[6.422s] -- Up-to-date: /home/robot/go2_ws_toolbox/install/go2_driver/share/go2_driver/cmake/go2_driverConfig.cmake
[6.422s] -- Up-to-date: /home/robot/go2_ws_toolbox/install/go2_driver/share/go2_driver/cmake/go2_driverConfig-version.cmake
[6.422s] -- Up-to-date: /home/robot/go2_ws_toolbox/install/go2_driver/share/go2_driver/package.xml
[6.425s] Invoked command in '/home/robot/go2_ws_toolbox/build/go2_driver' returned '0': CMAKE_PREFIX_PATH=${CMAKE_PREFIX_PATH}:/opt/ros/humble /usr/bin/cmake --install /home/robot/go2_ws_toolbox/build/go2_driver
