[0.034s] Invoking command in '/home/robot/go2_ws_toolbox/build/go2_driver': CMAKE_PREFIX_PATH=${CMAKE_PREFIX_PATH}:/opt/ros/humble /usr/bin/cmake --build /home/robot/go2_ws_toolbox/build/go2_driver -- -j16 -l16
[0.070s] [35m[1mConsolidate compiler generated dependencies of target driver[0m
[0.085s] [ 50%] [32mBuilding CXX object CMakeFiles/driver.dir/src/driver.cpp.o[0m
[17.884s] [100%] [32m[1mLinking CXX executable driver[0m
[18.317s] [100%] Built target driver
[18.327s] Invoked command in '/home/robot/go2_ws_toolbox/build/go2_driver' returned '0': CMAKE_PREFIX_PATH=${CMAKE_PREFIX_PATH}:/opt/ros/humble /usr/bin/cmake --build /home/robot/go2_ws_toolbox/build/go2_driver -- -j16 -l16
[18.328s] Invoking command in '/home/robot/go2_ws_toolbox/build/go2_driver': CMAKE_PREFIX_PATH=${CMAKE_PREFIX_PATH}:/opt/ros/humble /usr/bin/cmake --install /home/robot/go2_ws_toolbox/build/go2_driver
[18.335s] -- Install configuration: ""
[18.335s] -- Installing: /home/robot/go2_ws_toolbox/install/go2_driver/lib/go2_driver/driver
[18.341s] -- Set runtime path of "/home/robot/go2_ws_toolbox/install/go2_driver/lib/go2_driver/driver" to ""
[18.342s] -- Up-to-date: /home/robot/go2_ws_toolbox/install/go2_driver/share/go2_driver/launch
[18.342s] -- Up-to-date: /home/robot/go2_ws_toolbox/install/go2_driver/share/go2_driver/launch/driver.launch.py
[18.342s] -- Up-to-date: /home/robot/go2_ws_toolbox/install/go2_driver/share/go2_driver/params
[18.342s] -- Up-to-date: /home/robot/go2_ws_toolbox/install/go2_driver/share/go2_driver/params/driver.yaml
[18.342s] -- Up-to-date: /home/robot/go2_ws_toolbox/install/go2_driver/share/go2_driver/rviz
[18.342s] -- Up-to-date: /home/robot/go2_ws_toolbox/install/go2_driver/share/go2_driver/rviz/display.rviz
[18.342s] -- Up-to-date: /home/robot/go2_ws_toolbox/install/go2_driver/share/ament_index/resource_index/package_run_dependencies/go2_driver
[18.342s] -- Up-to-date: /home/robot/go2_ws_toolbox/install/go2_driver/share/ament_index/resource_index/parent_prefix_path/go2_driver
[18.342s] -- Up-to-date: /home/robot/go2_ws_toolbox/install/go2_driver/share/go2_driver/environment/ament_prefix_path.sh
[18.342s] -- Up-to-date: /home/robot/go2_ws_toolbox/install/go2_driver/share/go2_driver/environment/ament_prefix_path.dsv
[18.342s] -- Up-to-date: /home/robot/go2_ws_toolbox/install/go2_driver/share/go2_driver/environment/path.sh
[18.342s] -- Up-to-date: /home/robot/go2_ws_toolbox/install/go2_driver/share/go2_driver/environment/path.dsv
[18.342s] -- Up-to-date: /home/robot/go2_ws_toolbox/install/go2_driver/share/go2_driver/local_setup.bash
[18.342s] -- Up-to-date: /home/robot/go2_ws_toolbox/install/go2_driver/share/go2_driver/local_setup.sh
[18.342s] -- Up-to-date: /home/robot/go2_ws_toolbox/install/go2_driver/share/go2_driver/local_setup.zsh
[18.342s] -- Up-to-date: /home/robot/go2_ws_toolbox/install/go2_driver/share/go2_driver/local_setup.dsv
[18.342s] -- Installing: /home/robot/go2_ws_toolbox/install/go2_driver/share/go2_driver/package.dsv
[18.342s] -- Up-to-date: /home/robot/go2_ws_toolbox/install/go2_driver/share/ament_index/resource_index/packages/go2_driver
[18.342s] -- Up-to-date: /home/robot/go2_ws_toolbox/install/go2_driver/share/go2_driver/cmake/go2_driverConfig.cmake
[18.342s] -- Up-to-date: /home/robot/go2_ws_toolbox/install/go2_driver/share/go2_driver/cmake/go2_driverConfig-version.cmake
[18.342s] -- Up-to-date: /home/robot/go2_ws_toolbox/install/go2_driver/share/go2_driver/package.xml
[18.343s] Invoked command in '/home/robot/go2_ws_toolbox/build/go2_driver' returned '0': CMAKE_PREFIX_PATH=${CMAKE_PREFIX_PATH}:/opt/ros/humble /usr/bin/cmake --install /home/robot/go2_ws_toolbox/build/go2_driver
