[0.025s] Invoking command in '/home/robot/go2_ws_toolbox/build/go2_driver': CMAKE_PREFIX_PATH=${CMAKE_PREFIX_PATH}:/opt/ros/humble /usr/bin/cmake --build /home/robot/go2_ws_toolbox/build/go2_driver -- -j16 -l16
[0.068s] [ 33%] [32mBuilding CXX object CMakeFiles/lowstate_to_imu.dir/src/lowstate_to_imu.cpp.o[0m
[0.068s] [ 50%] Built target driver
[0.068s] [ 83%] Built target footprint_to_link
[6.469s] [100%] [32m[1mLinking CXX executable lowstate_to_imu[0m
[6.769s] [100%] Built target lowstate_to_imu
[6.780s] Invoked command in '/home/robot/go2_ws_toolbox/build/go2_driver' returned '0': CMAKE_PREFIX_PATH=${CMAKE_PREFIX_PATH}:/opt/ros/humble /usr/bin/cmake --build /home/robot/go2_ws_toolbox/build/go2_driver -- -j16 -l16
[6.782s] Invoking command in '/home/robot/go2_ws_toolbox/build/go2_driver': CMAKE_PREFIX_PATH=${CMAKE_PREFIX_PATH}:/opt/ros/humble /usr/bin/cmake --install /home/robot/go2_ws_toolbox/build/go2_driver
[6.788s] -- Install configuration: ""
[6.788s] -- Up-to-date: /home/robot/go2_ws_toolbox/install/go2_driver/lib/go2_driver/driver
[6.788s] -- Up-to-date: /home/robot/go2_ws_toolbox/install/go2_driver/lib/go2_driver/footprint_to_link
[6.789s] -- Installing: /home/robot/go2_ws_toolbox/install/go2_driver/lib/go2_driver/lowstate_to_imu
[6.793s] -- Set runtime path of "/home/robot/go2_ws_toolbox/install/go2_driver/lib/go2_driver/lowstate_to_imu" to ""
[6.793s] -- Up-to-date: /home/robot/go2_ws_toolbox/install/go2_driver/share/go2_driver/launch
[6.793s] -- Up-to-date: /home/robot/go2_ws_toolbox/install/go2_driver/share/go2_driver/launch/driver.launch.py
[6.793s] -- Up-to-date: /home/robot/go2_ws_toolbox/install/go2_driver/share/go2_driver/params
[6.793s] -- Up-to-date: /home/robot/go2_ws_toolbox/install/go2_driver/share/go2_driver/params/driver.yaml
[6.793s] -- Up-to-date: /home/robot/go2_ws_toolbox/install/go2_driver/share/go2_driver/rviz
[6.793s] -- Up-to-date: /home/robot/go2_ws_toolbox/install/go2_driver/share/go2_driver/rviz/display.rviz
[6.793s] -- Up-to-date: /home/robot/go2_ws_toolbox/install/go2_driver/share/ament_index/resource_index/package_run_dependencies/go2_driver
[6.793s] -- Up-to-date: /home/robot/go2_ws_toolbox/install/go2_driver/share/ament_index/resource_index/parent_prefix_path/go2_driver
[6.793s] -- Up-to-date: /home/robot/go2_ws_toolbox/install/go2_driver/share/go2_driver/environment/ament_prefix_path.sh
[6.793s] -- Up-to-date: /home/robot/go2_ws_toolbox/install/go2_driver/share/go2_driver/environment/ament_prefix_path.dsv
[6.793s] -- Up-to-date: /home/robot/go2_ws_toolbox/install/go2_driver/share/go2_driver/environment/path.sh
[6.793s] -- Up-to-date: /home/robot/go2_ws_toolbox/install/go2_driver/share/go2_driver/environment/path.dsv
[6.793s] -- Up-to-date: /home/robot/go2_ws_toolbox/install/go2_driver/share/go2_driver/local_setup.bash
[6.793s] -- Up-to-date: /home/robot/go2_ws_toolbox/install/go2_driver/share/go2_driver/local_setup.sh
[6.793s] -- Up-to-date: /home/robot/go2_ws_toolbox/install/go2_driver/share/go2_driver/local_setup.zsh
[6.793s] -- Up-to-date: /home/robot/go2_ws_toolbox/install/go2_driver/share/go2_driver/local_setup.dsv
[6.793s] -- Installing: /home/robot/go2_ws_toolbox/install/go2_driver/share/go2_driver/package.dsv
[6.793s] -- Up-to-date: /home/robot/go2_ws_toolbox/install/go2_driver/share/ament_index/resource_index/packages/go2_driver
[6.794s] -- Up-to-date: /home/robot/go2_ws_toolbox/install/go2_driver/share/go2_driver/cmake/go2_driverConfig.cmake
[6.794s] -- Up-to-date: /home/robot/go2_ws_toolbox/install/go2_driver/share/go2_driver/cmake/go2_driverConfig-version.cmake
[6.794s] -- Up-to-date: /home/robot/go2_ws_toolbox/install/go2_driver/share/go2_driver/package.xml
[6.796s] Invoked command in '/home/robot/go2_ws_toolbox/build/go2_driver' returned '0': CMAKE_PREFIX_PATH=${CMAKE_PREFIX_PATH}:/opt/ros/humble /usr/bin/cmake --install /home/robot/go2_ws_toolbox/build/go2_driver
