[0.014s] Invoking command in '/home/robot/go2_ws_toolbox/build/go2_slam': CMAKE_PREFIX_PATH=${CMAKE_PREFIX_PATH}:/opt/ros/humble /usr/bin/cmake /home/robot/go2_ws_toolbox/src/go2_slam -DCMAKE_INSTALL_PREFIX=/home/robot/go2_ws_toolbox/install/go2_slam
[0.073s] -- The C compiler identification is GNU 11.4.0
[0.126s] -- The CXX compiler identification is GNU 11.4.0
[0.133s] -- Detecting C compiler ABI info
[0.183s] -- Detecting C compiler ABI info - done
[0.187s] -- Check for working C compiler: /usr/bin/cc - skipped
[0.187s] -- Detecting C compile features
[0.188s] -- Detecting C compile features - done
[0.190s] -- Detecting CXX compiler ABI info
[0.249s] -- Detecting CXX compiler ABI info - done
[0.253s] -- Check for working CXX compiler: /usr/bin/c++ - skipped
[0.253s] -- Detecting CXX compile features
[0.253s] -- Detecting CXX compile features - done
[0.256s] -- Found ament_cmake: 1.3.12 (/opt/ros/humble/share/ament_cmake/cmake)
[0.358s] -- Found Python3: /usr/bin/python3 (found version "3.10.12") found components: Interpreter 
[0.445s] -- Found ament_lint_auto: 0.12.14 (/opt/ros/humble/share/ament_lint_auto/cmake)
[0.512s] -- Added test 'flake8' to check Python code syntax and style conventions
[0.513s] -- Added test 'lint_cmake' to check CMake code style
[0.513s] -- Added test 'pep257' to check Python code against some of the docstring style conventions in PEP 257
[0.514s] -- Added test 'xmllint' to check XML markup files
[0.516s] -- Configuring done
[0.518s] -- Generating done
[0.519s] -- Build files have been written to: /home/robot/go2_ws_toolbox/build/go2_slam
[0.528s] Invoked command in '/home/robot/go2_ws_toolbox/build/go2_slam' returned '0': CMAKE_PREFIX_PATH=${CMAKE_PREFIX_PATH}:/opt/ros/humble /usr/bin/cmake /home/robot/go2_ws_toolbox/src/go2_slam -DCMAKE_INSTALL_PREFIX=/home/robot/go2_ws_toolbox/install/go2_slam
[0.530s] Invoking command in '/home/robot/go2_ws_toolbox/build/go2_slam': CMAKE_PREFIX_PATH=${CMAKE_PREFIX_PATH}:/opt/ros/humble /usr/bin/cmake --build /home/robot/go2_ws_toolbox/build/go2_slam -- -j16 -l16
[0.558s] Invoked command in '/home/robot/go2_ws_toolbox/build/go2_slam' returned '0': CMAKE_PREFIX_PATH=${CMAKE_PREFIX_PATH}:/opt/ros/humble /usr/bin/cmake --build /home/robot/go2_ws_toolbox/build/go2_slam -- -j16 -l16
[0.566s] Invoking command in '/home/robot/go2_ws_toolbox/build/go2_slam': CMAKE_PREFIX_PATH=${CMAKE_PREFIX_PATH}:/opt/ros/humble /usr/bin/cmake --install /home/robot/go2_ws_toolbox/build/go2_slam
[0.572s] -- Install configuration: ""
[0.572s] -- Installing: /home/robot/go2_ws_toolbox/install/go2_slam/share/go2_slam/launch
[0.572s] -- Installing: /home/robot/go2_ws_toolbox/install/go2_slam/share/go2_slam/launch/go2_slamtoolbox.launch.py
[0.572s] -- Installing: /home/robot/go2_ws_toolbox/install/go2_slam/share/go2_slam/config
[0.572s] -- Installing: /home/robot/go2_ws_toolbox/install/go2_slam/share/go2_slam/config/mapper_params_online_async.yaml
[0.572s] -- Installing: /home/robot/go2_ws_toolbox/install/go2_slam/share/go2_slam/maps
[0.572s] -- Installing: /home/robot/go2_ws_toolbox/install/go2_slam/share/go2_slam/maps/01.yaml
[0.573s] -- Installing: /home/robot/go2_ws_toolbox/install/go2_slam/share/go2_slam/maps/01.pgm
[0.573s] -- Installing: /home/robot/go2_ws_toolbox/install/go2_slam/share/ament_index/resource_index/package_run_dependencies/go2_slam
[0.573s] -- Installing: /home/robot/go2_ws_toolbox/install/go2_slam/share/ament_index/resource_index/parent_prefix_path/go2_slam
[0.573s] -- Installing: /home/robot/go2_ws_toolbox/install/go2_slam/share/go2_slam/environment/ament_prefix_path.sh
[0.573s] -- Installing: /home/robot/go2_ws_toolbox/install/go2_slam/share/go2_slam/environment/ament_prefix_path.dsv
[0.574s] -- Installing: /home/robot/go2_ws_toolbox/install/go2_slam/share/go2_slam/environment/path.sh
[0.574s] -- Installing: /home/robot/go2_ws_toolbox/install/go2_slam/share/go2_slam/environment/path.dsv
[0.574s] -- Installing: /home/robot/go2_ws_toolbox/install/go2_slam/share/go2_slam/local_setup.bash
[0.574s] -- Installing: /home/robot/go2_ws_toolbox/install/go2_slam/share/go2_slam/local_setup.sh
[0.574s] -- Installing: /home/robot/go2_ws_toolbox/install/go2_slam/share/go2_slam/local_setup.zsh
[0.574s] -- Installing: /home/robot/go2_ws_toolbox/install/go2_slam/share/go2_slam/local_setup.dsv
[0.574s] -- Installing: /home/robot/go2_ws_toolbox/install/go2_slam/share/go2_slam/package.dsv
[0.574s] -- Installing: /home/robot/go2_ws_toolbox/install/go2_slam/share/ament_index/resource_index/packages/go2_slam
[0.574s] -- Installing: /home/robot/go2_ws_toolbox/install/go2_slam/share/go2_slam/cmake/go2_slamConfig.cmake
[0.574s] -- Installing: /home/robot/go2_ws_toolbox/install/go2_slam/share/go2_slam/cmake/go2_slamConfig-version.cmake
[0.575s] -- Installing: /home/robot/go2_ws_toolbox/install/go2_slam/share/go2_slam/package.xml
[0.577s] Invoked command in '/home/robot/go2_ws_toolbox/build/go2_slam' returned '0': CMAKE_PREFIX_PATH=${CMAKE_PREFIX_PATH}:/opt/ros/humble /usr/bin/cmake --install /home/robot/go2_ws_toolbox/build/go2_slam
