[0.023s] Invoking command in '/home/robot/go2_ws_toolbox/build/go2_perception': CMAKE_PREFIX_PATH=${CMAKE_PREFIX_PATH}:/opt/ros/humble /usr/bin/cmake --build /home/robot/go2_ws_toolbox/build/go2_perception -- -j16 -l16
[0.054s] [35m[1mConsolidate compiler generated dependencies of target cloud_accumulation[0m
[0.065s] [ 33%] Built target pointcloud_to_laserscan_node
[0.070s] [ 66%] Built target pointcloud_to_laserscan
[0.070s] [ 83%] [32mBuilding CXX object CMakeFiles/cloud_accumulation.dir/src/cloud_accumulation.cpp.o[0m
[6.197s] [100%] [32m[1mLinking CXX executable cloud_accumulation[0m
[6.493s] [100%] Built target cloud_accumulation
[6.503s] Invoked command in '/home/robot/go2_ws_toolbox/build/go2_perception' returned '0': CMAKE_PREFIX_PATH=${CMAKE_PREFIX_PATH}:/opt/ros/humble /usr/bin/cmake --build /home/robot/go2_ws_toolbox/build/go2_perception -- -j16 -l16
[6.505s] Invoking command in '/home/robot/go2_ws_toolbox/build/go2_perception': CMAKE_PREFIX_PATH=${CMAKE_PREFIX_PATH}:/opt/ros/humble /usr/bin/cmake --install /home/robot/go2_ws_toolbox/build/go2_perception
[6.511s] -- Install configuration: ""
[6.511s] -- Up-to-date: /home/robot/go2_ws_toolbox/install/go2_perception/lib/go2_perception/pointcloud_to_laserscan_node
[6.512s] -- Up-to-date: /home/robot/go2_ws_toolbox/install/go2_perception/lib/libpointcloud_to_laserscan.so
[6.512s] -- Installing: /home/robot/go2_ws_toolbox/install/go2_perception/lib/go2_perception/cloud_accumulation
[6.516s] -- Set runtime path of "/home/robot/go2_ws_toolbox/install/go2_perception/lib/go2_perception/cloud_accumulation" to ""
[6.516s] -- Up-to-date: /home/robot/go2_ws_toolbox/install/go2_perception/share/go2_perception/launch
[6.516s] -- Up-to-date: /home/robot/go2_ws_toolbox/install/go2_perception/share/go2_perception/launch/go2_pointcloud.launch.py
[6.517s] -- Up-to-date: /home/robot/go2_ws_toolbox/install/go2_perception/share/ament_index/resource_index/package_run_dependencies/go2_perception
[6.517s] -- Up-to-date: /home/robot/go2_ws_toolbox/install/go2_perception/share/ament_index/resource_index/parent_prefix_path/go2_perception
[6.517s] -- Up-to-date: /home/robot/go2_ws_toolbox/install/go2_perception/share/go2_perception/environment/ament_prefix_path.sh
[6.517s] -- Up-to-date: /home/robot/go2_ws_toolbox/install/go2_perception/share/go2_perception/environment/ament_prefix_path.dsv
[6.517s] -- Up-to-date: /home/robot/go2_ws_toolbox/install/go2_perception/share/go2_perception/environment/path.sh
[6.517s] -- Up-to-date: /home/robot/go2_ws_toolbox/install/go2_perception/share/go2_perception/environment/path.dsv
[6.517s] -- Up-to-date: /home/robot/go2_ws_toolbox/install/go2_perception/share/go2_perception/local_setup.bash
[6.517s] -- Up-to-date: /home/robot/go2_ws_toolbox/install/go2_perception/share/go2_perception/local_setup.sh
[6.517s] -- Up-to-date: /home/robot/go2_ws_toolbox/install/go2_perception/share/go2_perception/local_setup.zsh
[6.517s] -- Up-to-date: /home/robot/go2_ws_toolbox/install/go2_perception/share/go2_perception/local_setup.dsv
[6.517s] -- Installing: /home/robot/go2_ws_toolbox/install/go2_perception/share/go2_perception/package.dsv
[6.517s] -- Up-to-date: /home/robot/go2_ws_toolbox/install/go2_perception/share/ament_index/resource_index/packages/go2_perception
[6.517s] -- Up-to-date: /home/robot/go2_ws_toolbox/install/go2_perception/share/ament_index/resource_index/rclcpp_components/go2_perception
[6.517s] -- Up-to-date: /home/robot/go2_ws_toolbox/install/go2_perception/share/go2_perception/cmake/go2_perceptionConfig.cmake
[6.517s] -- Up-to-date: /home/robot/go2_ws_toolbox/install/go2_perception/share/go2_perception/cmake/go2_perceptionConfig-version.cmake
[6.518s] -- Up-to-date: /home/robot/go2_ws_toolbox/install/go2_perception/share/go2_perception/package.xml
[6.519s] Invoked command in '/home/robot/go2_ws_toolbox/build/go2_perception' returned '0': CMAKE_PREFIX_PATH=${CMAKE_PREFIX_PATH}:/opt/ros/humble /usr/bin/cmake --install /home/robot/go2_ws_toolbox/build/go2_perception
