[0.027s] Invoking command in '/home/robot/go2_ws_toolbox/build/go2_video': CMAKE_PREFIX_PATH=${CMAKE_PREFIX_PATH}:/opt/ros/humble /usr/bin/cmake --build /home/robot/go2_ws_toolbox/build/go2_video -- -j16 -l16
[0.056s] [35m[1mConsolidate compiler generated dependencies of target video[0m
[0.067s] [100%] Built target video
[0.095s] Invoked command in '/home/robot/go2_ws_toolbox/build/go2_video' returned '0': CMAKE_PREFIX_PATH=${CMAKE_PREFIX_PATH}:/opt/ros/humble /usr/bin/cmake --build /home/robot/go2_ws_toolbox/build/go2_video -- -j16 -l16
[0.097s] Invoking command in '/home/robot/go2_ws_toolbox/build/go2_video': CMAKE_PREFIX_PATH=${CMAKE_PREFIX_PATH}:/opt/ros/humble /usr/bin/cmake --install /home/robot/go2_ws_toolbox/build/go2_video
[0.103s] -- Install configuration: ""
[0.103s] -- Up-to-date: /home/robot/go2_ws_toolbox/install/go2_video/lib/go2_video/video
[0.103s] -- Up-to-date: /home/robot/go2_ws_toolbox/install/go2_video/share/ament_index/resource_index/package_run_dependencies/go2_video
[0.103s] -- Up-to-date: /home/robot/go2_ws_toolbox/install/go2_video/share/ament_index/resource_index/parent_prefix_path/go2_video
[0.103s] -- Up-to-date: /home/robot/go2_ws_toolbox/install/go2_video/share/go2_video/environment/ament_prefix_path.sh
[0.103s] -- Up-to-date: /home/robot/go2_ws_toolbox/install/go2_video/share/go2_video/environment/ament_prefix_path.dsv
[0.103s] -- Up-to-date: /home/robot/go2_ws_toolbox/install/go2_video/share/go2_video/environment/path.sh
[0.103s] -- Up-to-date: /home/robot/go2_ws_toolbox/install/go2_video/share/go2_video/environment/path.dsv
[0.103s] -- Up-to-date: /home/robot/go2_ws_toolbox/install/go2_video/share/go2_video/local_setup.bash
[0.103s] -- Up-to-date: /home/robot/go2_ws_toolbox/install/go2_video/share/go2_video/local_setup.sh
[0.103s] -- Up-to-date: /home/robot/go2_ws_toolbox/install/go2_video/share/go2_video/local_setup.zsh
[0.103s] -- Up-to-date: /home/robot/go2_ws_toolbox/install/go2_video/share/go2_video/local_setup.dsv
[0.103s] -- Installing: /home/robot/go2_ws_toolbox/install/go2_video/share/go2_video/package.dsv
[0.103s] -- Up-to-date: /home/robot/go2_ws_toolbox/install/go2_video/share/ament_index/resource_index/packages/go2_video
[0.103s] -- Up-to-date: /home/robot/go2_ws_toolbox/install/go2_video/share/go2_video/cmake/go2_videoConfig.cmake
[0.103s] -- Up-to-date: /home/robot/go2_ws_toolbox/install/go2_video/share/go2_video/cmake/go2_videoConfig-version.cmake
[0.103s] -- Up-to-date: /home/robot/go2_ws_toolbox/install/go2_video/share/go2_video/package.xml
[0.127s] Invoked command in '/home/robot/go2_ws_toolbox/build/go2_video' returned '0': CMAKE_PREFIX_PATH=${CMAKE_PREFIX_PATH}:/opt/ros/humble /usr/bin/cmake --install /home/robot/go2_ws_toolbox/build/go2_video
