[0.021s] Invoking command in '/home/robot/go2_ws_toolbox/build/go2_core': CMAKE_PREFIX_PATH=${CMAKE_PREFIX_PATH}:/opt/ros/humble /usr/bin/cmake --build /home/robot/go2_ws_toolbox/build/go2_core -- -j16 -l16
[0.057s] [35m[1mConsolidate compiler generated dependencies of target driver[0m
[0.076s] [ 50%] [32mBuilding CXX object CMakeFiles/driver.dir/src/driver.cpp.o[0m
[15.953s] [100%] [32m[1mLinking CXX executable driver[0m
[17.848s] [100%] Built target driver
[17.857s] Invoked command in '/home/robot/go2_ws_toolbox/build/go2_core' returned '0': CMAKE_PREFIX_PATH=${CMAKE_PREFIX_PATH}:/opt/ros/humble /usr/bin/cmake --build /home/robot/go2_ws_toolbox/build/go2_core -- -j16 -l16
[17.858s] Invoking command in '/home/robot/go2_ws_toolbox/build/go2_core': CMAKE_PREFIX_PATH=${CMAKE_PREFIX_PATH}:/opt/ros/humble /usr/bin/cmake --install /home/robot/go2_ws_toolbox/build/go2_core
[17.863s] -- Install configuration: ""
[17.863s] -- Up-to-date: /home/robot/go2_ws_toolbox/install/go2_core/share/go2_core/launch
[17.863s] -- Up-to-date: /home/robot/go2_ws_toolbox/install/go2_core/share/go2_core/launch/go2_robot_localization.launch.py
[17.863s] -- Up-to-date: /home/robot/go2_ws_toolbox/install/go2_core/share/go2_core/launch/go2_start.launch.py
[17.863s] -- Up-to-date: /home/robot/go2_ws_toolbox/install/go2_core/share/go2_core/rviz2
[17.863s] -- Up-to-date: /home/robot/go2_ws_toolbox/install/go2_core/share/go2_core/rviz2/display.rviz
[17.863s] -- Installing: /home/robot/go2_ws_toolbox/install/go2_core/lib/go2_core/driver
[17.869s] -- Set runtime path of "/home/robot/go2_ws_toolbox/install/go2_core/lib/go2_core/driver" to ""
[17.869s] -- Up-to-date: /home/robot/go2_ws_toolbox/install/go2_core/share/ament_index/resource_index/package_run_dependencies/go2_core
[17.869s] -- Up-to-date: /home/robot/go2_ws_toolbox/install/go2_core/share/ament_index/resource_index/parent_prefix_path/go2_core
[17.869s] -- Up-to-date: /home/robot/go2_ws_toolbox/install/go2_core/share/go2_core/environment/ament_prefix_path.sh
[17.869s] -- Up-to-date: /home/robot/go2_ws_toolbox/install/go2_core/share/go2_core/environment/ament_prefix_path.dsv
[17.870s] -- Up-to-date: /home/robot/go2_ws_toolbox/install/go2_core/share/go2_core/environment/path.sh
[17.870s] -- Up-to-date: /home/robot/go2_ws_toolbox/install/go2_core/share/go2_core/environment/path.dsv
[17.870s] -- Up-to-date: /home/robot/go2_ws_toolbox/install/go2_core/share/go2_core/local_setup.bash
[17.870s] -- Up-to-date: /home/robot/go2_ws_toolbox/install/go2_core/share/go2_core/local_setup.sh
[17.870s] -- Up-to-date: /home/robot/go2_ws_toolbox/install/go2_core/share/go2_core/local_setup.zsh
[17.870s] -- Up-to-date: /home/robot/go2_ws_toolbox/install/go2_core/share/go2_core/local_setup.dsv
[17.870s] -- Installing: /home/robot/go2_ws_toolbox/install/go2_core/share/go2_core/package.dsv
[17.870s] -- Up-to-date: /home/robot/go2_ws_toolbox/install/go2_core/share/ament_index/resource_index/packages/go2_core
[17.870s] -- Up-to-date: /home/robot/go2_ws_toolbox/install/go2_core/share/go2_core/cmake/go2_coreConfig.cmake
[17.870s] -- Up-to-date: /home/robot/go2_ws_toolbox/install/go2_core/share/go2_core/cmake/go2_coreConfig-version.cmake
[17.870s] -- Up-to-date: /home/robot/go2_ws_toolbox/install/go2_core/share/go2_core/package.xml
[17.872s] Invoked command in '/home/robot/go2_ws_toolbox/build/go2_core' returned '0': CMAKE_PREFIX_PATH=${CMAKE_PREFIX_PATH}:/opt/ros/humble /usr/bin/cmake --install /home/robot/go2_ws_toolbox/build/go2_core
