[0.029s] Invoking command in '/home/robot/go2_ws_toolbox/build/go2_description': CMAKE_PREFIX_PATH=${CMAKE_PREFIX_PATH}:/opt/ros/humble /usr/bin/cmake --build /home/robot/go2_ws_toolbox/build/go2_description -- -j16 -l16
[0.057s] Invoked command in '/home/robot/go2_ws_toolbox/build/go2_description' returned '0': CMAKE_PREFIX_PATH=${CMAKE_PREFIX_PATH}:/opt/ros/humble /usr/bin/cmake --build /home/robot/go2_ws_toolbox/build/go2_description -- -j16 -l16
[0.073s] Invoking command in '/home/robot/go2_ws_toolbox/build/go2_description': CMAKE_PREFIX_PATH=${CMAKE_PREFIX_PATH}:/opt/ros/humble /usr/bin/cmake --install /home/robot/go2_ws_toolbox/build/go2_description
[0.107s] -- Install configuration: ""
[0.108s] -- Up-to-date: /home/robot/go2_ws_toolbox/install/go2_description/share/go2_description/launch
[0.109s] -- Up-to-date: /home/robot/go2_ws_toolbox/install/go2_description/share/go2_description/launch/display.launch.py
[0.110s] -- Up-to-date: /home/robot/go2_ws_toolbox/install/go2_description/share/go2_description/urdf
[0.111s] -- Up-to-date: /home/robot/go2_ws_toolbox/install/go2_description/share/go2_description/urdf/.history
[0.112s] -- Up-to-date: /home/robot/go2_ws_toolbox/install/go2_description/share/go2_description/urdf/.history/go2_description_20230905112944.urdf
[0.112s] -- Up-to-date: /home/robot/go2_ws_toolbox/install/go2_description/share/go2_description/urdf/.history/go2_description_20230905115040.urdf
[0.113s] -- Up-to-date: /home/robot/go2_ws_toolbox/install/go2_description/share/go2_description/urdf/.history/go2_description_20230905113633.urdf
[0.113s] -- Up-to-date: /home/robot/go2_ws_toolbox/install/go2_description/share/go2_description/urdf/.history/go2_description_20230905112749.urdf
[0.114s] -- Up-to-date: /home/robot/go2_ws_toolbox/install/go2_description/share/go2_description/urdf/.history/go2_description_20230905115226.urdf
[0.114s] -- Up-to-date: /home/robot/go2_ws_toolbox/install/go2_description/share/go2_description/urdf/.history/go2_description_20230905115300.urdf
[0.114s] -- Up-to-date: /home/robot/go2_ws_toolbox/install/go2_description/share/go2_description/urdf/.history/go2_description_20230904193653.urdf
[0.115s] -- Up-to-date: /home/robot/go2_ws_toolbox/install/go2_description/share/go2_description/urdf/.history/go2_description_20230904193710.urdf
[0.115s] -- Up-to-date: /home/robot/go2_ws_toolbox/install/go2_description/share/go2_description/urdf/.history/go2_description_20230905112047.urdf
[0.116s] -- Up-to-date: /home/robot/go2_ws_toolbox/install/go2_description/share/go2_description/urdf/.history/go2_description_20230905115313.urdf
[0.116s] -- Up-to-date: /home/robot/go2_ws_toolbox/install/go2_description/share/go2_description/urdf/.history/go2_description_20230904193711.urdf
[0.116s] -- Up-to-date: /home/robot/go2_ws_toolbox/install/go2_description/share/go2_description/urdf/.history/go2_description_20230905114759.urdf
[0.118s] -- Up-to-date: /home/robot/go2_ws_toolbox/install/go2_description/share/go2_description/urdf/.history/go2_description_20230905113059.urdf
[0.119s] -- Up-to-date: /home/robot/go2_ws_toolbox/install/go2_description/share/go2_description/urdf/.history/go2_description_20230905113755.urdf
[0.119s] -- Up-to-date: /home/robot/go2_ws_toolbox/install/go2_description/share/go2_description/urdf/.history/go2_description_20230905115021.urdf
[0.120s] -- Up-to-date: /home/robot/go2_ws_toolbox/install/go2_description/share/go2_description/urdf/.history/go2_description_20230905114819.urdf
[0.120s] -- Up-to-date: /home/robot/go2_ws_toolbox/install/go2_description/share/go2_description/urdf/.history/go2_description_20230904182446.urdf
[0.120s] -- Up-to-date: /home/robot/go2_ws_toolbox/install/go2_description/share/go2_description/urdf/.history/go2_description_20230905115022.urdf
[0.122s] -- Up-to-date: /home/robot/go2_ws_toolbox/install/go2_description/share/go2_description/urdf/.history/go2_description_20230904193705.urdf
[0.122s] -- Up-to-date: /home/robot/go2_ws_toolbox/install/go2_description/share/go2_description/urdf/.history/go2_description_20230905112735.urdf
[0.122s] -- Up-to-date: /home/robot/go2_ws_toolbox/install/go2_description/share/go2_description/urdf/.history/go2_description_20230905112217.urdf
[0.123s] -- Up-to-date: /home/robot/go2_ws_toolbox/install/go2_description/share/go2_description/urdf/.history/go2_description_20230905113754.urdf
[0.124s] -- Up-to-date: /home/robot/go2_ws_toolbox/install/go2_description/share/go2_description/urdf/.history/go2_description_20230904193644.urdf
[0.125s] -- Up-to-date: /home/robot/go2_ws_toolbox/install/go2_description/share/go2_description/urdf/.history/go2_description_20230905112752.urdf
[0.125s] -- Up-to-date: /home/robot/go2_ws_toolbox/install/go2_description/share/go2_description/urdf/.history/go2_description_20230905113000.urdf
[0.125s] -- Up-to-date: /home/robot/go2_ws_toolbox/install/go2_description/share/go2_description/urdf/.history/go2_description_20230905113839.urdf
[0.126s] -- Up-to-date: /home/robot/go2_ws_toolbox/install/go2_description/share/go2_description/urdf/.history/go2_description_20230905113840.urdf
[0.129s] -- Up-to-date: /home/robot/go2_ws_toolbox/install/go2_description/share/go2_description/urdf/.history/go2_description_20230905115215.urdf
[0.129s] -- Up-to-date: /home/robot/go2_ws_toolbox/install/go2_description/share/go2_description/urdf/.history/go2_description_20230905112143.urdf
[0.130s] -- Up-to-date: /home/robot/go2_ws_toolbox/install/go2_description/share/go2_description/urdf/.history/go2_description_20230904193628.urdf
[0.130s] -- Up-to-date: /home/robot/go2_ws_toolbox/install/go2_description/share/go2_description/urdf/.history/go2_description_20230904144240.urdf
[0.130s] -- Up-to-date: /home/robot/go2_ws_toolbox/install/go2_description/share/go2_description/urdf/go2_description.urdf
[0.132s] -- Up-to-date: /home/robot/go2_ws_toolbox/install/go2_description/share/go2_description/urdf/Amended_collision_model.png
[0.132s] -- Up-to-date: /home/robot/go2_ws_toolbox/install/go2_description/share/go2_description/urdf/Normal_collision_model.png
[0.133s] -- Up-to-date: /home/robot/go2_ws_toolbox/install/go2_description/share/go2_description/dae
[0.133s] -- Up-to-date: /home/robot/go2_ws_toolbox/install/go2_description/share/go2_description/dae/hip.dae
[0.136s] -- Up-to-date: /home/robot/go2_ws_toolbox/install/go2_description/share/go2_description/dae/calf_mirror.dae
[0.138s] -- Up-to-date: /home/robot/go2_ws_toolbox/install/go2_description/share/go2_description/dae/thigh.dae
[0.138s] -- Up-to-date: /home/robot/go2_ws_toolbox/install/go2_description/share/go2_description/dae/thigh_mirror.dae
[0.140s] -- Up-to-date: /home/robot/go2_ws_toolbox/install/go2_description/share/go2_description/dae/calf.dae
[0.141s] -- Up-to-date: /home/robot/go2_ws_toolbox/install/go2_description/share/go2_description/dae/base.dae
[0.146s] -- Up-to-date: /home/robot/go2_ws_toolbox/install/go2_description/share/go2_description/dae/foot.dae
[0.148s] -- Up-to-date: /home/robot/go2_ws_toolbox/install/go2_description/share/go2_description/meshes
[0.150s] -- Up-to-date: /home/robot/go2_ws_toolbox/install/go2_description/share/go2_description/meshes/hip.dae
[0.150s] -- Up-to-date: /home/robot/go2_ws_toolbox/install/go2_description/share/go2_description/meshes/calf_mirror.dae
[0.151s] -- Up-to-date: /home/robot/go2_ws_toolbox/install/go2_description/share/go2_description/meshes/thigh.dae
[0.151s] -- Up-to-date: /home/robot/go2_ws_toolbox/install/go2_description/share/go2_description/meshes/thigh_mirror.dae
[0.152s] -- Up-to-date: /home/robot/go2_ws_toolbox/install/go2_description/share/go2_description/meshes/calf.dae
[0.152s] -- Up-to-date: /home/robot/go2_ws_toolbox/install/go2_description/share/go2_description/meshes/trunk.dae
[0.152s] -- Up-to-date: /home/robot/go2_ws_toolbox/install/go2_description/share/go2_description/meshes/foot.dae
[0.153s] -- Up-to-date: /home/robot/go2_ws_toolbox/install/go2_description/share/ament_index/resource_index/package_run_dependencies/go2_description
[0.153s] -- Up-to-date: /home/robot/go2_ws_toolbox/install/go2_description/share/ament_index/resource_index/parent_prefix_path/go2_description
[0.153s] -- Up-to-date: /home/robot/go2_ws_toolbox/install/go2_description/share/go2_description/environment/ament_prefix_path.sh
[0.153s] -- Up-to-date: /home/robot/go2_ws_toolbox/install/go2_description/share/go2_description/environment/ament_prefix_path.dsv
[0.154s] -- Up-to-date: /home/robot/go2_ws_toolbox/install/go2_description/share/go2_description/environment/path.sh
[0.154s] -- Up-to-date: /home/robot/go2_ws_toolbox/install/go2_description/share/go2_description/environment/path.dsv
[0.154s] -- Up-to-date: /home/robot/go2_ws_toolbox/install/go2_description/share/go2_description/local_setup.bash
[0.155s] -- Up-to-date: /home/robot/go2_ws_toolbox/install/go2_description/share/go2_description/local_setup.sh
[0.155s] -- Up-to-date: /home/robot/go2_ws_toolbox/install/go2_description/share/go2_description/local_setup.zsh
[0.156s] -- Up-to-date: /home/robot/go2_ws_toolbox/install/go2_description/share/go2_description/local_setup.dsv
[0.156s] -- Installing: /home/robot/go2_ws_toolbox/install/go2_description/share/go2_description/package.dsv
[0.157s] -- Up-to-date: /home/robot/go2_ws_toolbox/install/go2_description/share/ament_index/resource_index/packages/go2_description
[0.157s] -- Up-to-date: /home/robot/go2_ws_toolbox/install/go2_description/share/go2_description/cmake/go2_descriptionConfig.cmake
[0.158s] -- Up-to-date: /home/robot/go2_ws_toolbox/install/go2_description/share/go2_description/cmake/go2_descriptionConfig-version.cmake
[0.158s] -- Up-to-date: /home/robot/go2_ws_toolbox/install/go2_description/share/go2_description/package.xml
[0.171s] Invoked command in '/home/robot/go2_ws_toolbox/build/go2_description' returned '0': CMAKE_PREFIX_PATH=${CMAKE_PREFIX_PATH}:/opt/ros/humble /usr/bin/cmake --install /home/robot/go2_ws_toolbox/build/go2_description
