[0.009s] Invoking command in '/home/robot/go2_ws_toolbox/build/go2_video': CMAKE_PREFIX_PATH=${CMAKE_PREFIX_PATH}:/opt/ros/humble /usr/bin/cmake /home/robot/go2_ws_toolbox/src/base/go2_video -DCMAKE_INSTALL_PREFIX=/home/robot/go2_ws_toolbox/install/go2_video
[0.067s] -- The C compiler identification is GNU 11.4.0
[0.109s] -- The CXX compiler identification is GNU 11.4.0
[0.116s] -- Detecting C compiler ABI info
[0.173s] -- Detecting C compiler ABI info - done
[0.179s] -- Check for working C compiler: /usr/bin/cc - skipped
[0.179s] -- Detecting C compile features
[0.179s] -- Detecting C compile features - done
[0.181s] -- Detecting CXX compiler ABI info
[0.243s] -- Detecting CXX compiler ABI info - done
[0.247s] -- Check for working CXX compiler: /usr/bin/c++ - skipped
[0.247s] -- Detecting CXX compile features
[0.247s] -- Detecting CXX compile features - done
[0.251s] -- Found ament_cmake: 1.3.12 (/opt/ros/humble/share/ament_cmake/cmake)
[0.357s] -- Found Python3: /usr/bin/python3 (found version "3.10.12") found components: Interpreter 
[0.433s] -- Found rclcpp: 16.0.14 (/opt/ros/humble/share/rclcpp/cmake)
[0.474s] -- Found rosidl_generator_c: 3.1.7 (/opt/ros/humble/share/rosidl_generator_c/cmake)
[0.480s] -- Found rosidl_adapter: 3.1.7 (/opt/ros/humble/share/rosidl_adapter/cmake)
[0.487s] -- Found rosidl_generator_cpp: 3.1.7 (/opt/ros/humble/share/rosidl_generator_cpp/cmake)
[0.498s] -- Using all available rosidl_typesupport_c: rosidl_typesupport_fastrtps_c;rosidl_typesupport_introspection_c
[0.512s] -- Using all available rosidl_typesupport_cpp: rosidl_typesupport_fastrtps_cpp;rosidl_typesupport_introspection_cpp
[0.550s] -- Found rmw_implementation_cmake: 6.1.2 (/opt/ros/humble/share/rmw_implementation_cmake/cmake)
[0.551s] -- Found rmw_cyclonedds_cpp: 1.3.4 (/home/robot/unitree_ros2/cyclonedds_ws/install/rmw_cyclonedds_cpp/share/rmw_cyclonedds_cpp/cmake)
[0.565s] -- Using RMW implementation 'rmw_cyclonedds_cpp' as default
[0.574s] -- Looking for pthread.h
[0.633s] -- Looking for pthread.h - found
[0.633s] -- Performing Test CMAKE_HAVE_LIBC_PTHREAD
[0.692s] -- Performing Test CMAKE_HAVE_LIBC_PTHREAD - Success
[0.693s] -- Found Threads: TRUE  
[0.730s] -- Found unitree_go: 0.0.0 (/home/robot/unitree_ros2/cyclonedds_ws/install/unitree_go/share/unitree_go/cmake)
[0.751s] -- Found sensor_msgs: 4.9.0 (/opt/ros/humble/share/sensor_msgs/cmake)
[0.764s] -- Found ament_lint_auto: 0.12.14 (/opt/ros/humble/share/ament_lint_auto/cmake)
[0.824s] -- Added test 'cppcheck' to perform static code analysis on C / C++ code
[0.824s] -- Configured cppcheck include dirs: $<BUILD_INTERFACE:/home/robot/go2_ws_toolbox/src/base/go2_video/include>
[0.824s] -- Configured cppcheck exclude dirs and/or files: 
[0.824s] -- Added test 'lint_cmake' to check CMake code style
[0.825s] -- Added test 'uncrustify' to check C / C++ code style
[0.825s] -- Configured uncrustify additional arguments: 
[0.825s] -- Added test 'xmllint' to check XML markup files
[0.826s] -- Configuring done
[0.833s] -- Generating done
[0.835s] -- Build files have been written to: /home/robot/go2_ws_toolbox/build/go2_video
[0.843s] Invoked command in '/home/robot/go2_ws_toolbox/build/go2_video' returned '0': CMAKE_PREFIX_PATH=${CMAKE_PREFIX_PATH}:/opt/ros/humble /usr/bin/cmake /home/robot/go2_ws_toolbox/src/base/go2_video -DCMAKE_INSTALL_PREFIX=/home/robot/go2_ws_toolbox/install/go2_video
[0.844s] Invoking command in '/home/robot/go2_ws_toolbox/build/go2_video': CMAKE_PREFIX_PATH=${CMAKE_PREFIX_PATH}:/opt/ros/humble /usr/bin/cmake --build /home/robot/go2_ws_toolbox/build/go2_video -- -j16 -l16
[0.886s] [ 50%] [32mBuilding CXX object CMakeFiles/video.dir/src/video.cpp.o[0m
[6.555s] [100%] [32m[1mLinking CXX executable video[0m
[6.804s] [100%] Built target video
[6.816s] Invoked command in '/home/robot/go2_ws_toolbox/build/go2_video' returned '0': CMAKE_PREFIX_PATH=${CMAKE_PREFIX_PATH}:/opt/ros/humble /usr/bin/cmake --build /home/robot/go2_ws_toolbox/build/go2_video -- -j16 -l16
[6.825s] Invoking command in '/home/robot/go2_ws_toolbox/build/go2_video': CMAKE_PREFIX_PATH=${CMAKE_PREFIX_PATH}:/opt/ros/humble /usr/bin/cmake --install /home/robot/go2_ws_toolbox/build/go2_video
[6.830s] -- Install configuration: ""
[6.830s] -- Installing: /home/robot/go2_ws_toolbox/install/go2_video/lib/go2_video/video
[6.833s] -- Set runtime path of "/home/robot/go2_ws_toolbox/install/go2_video/lib/go2_video/video" to ""
[6.833s] -- Installing: /home/robot/go2_ws_toolbox/install/go2_video/share/ament_index/resource_index/package_run_dependencies/go2_video
[6.833s] -- Installing: /home/robot/go2_ws_toolbox/install/go2_video/share/ament_index/resource_index/parent_prefix_path/go2_video
[6.833s] -- Installing: /home/robot/go2_ws_toolbox/install/go2_video/share/go2_video/environment/ament_prefix_path.sh
[6.833s] -- Installing: /home/robot/go2_ws_toolbox/install/go2_video/share/go2_video/environment/ament_prefix_path.dsv
[6.833s] -- Installing: /home/robot/go2_ws_toolbox/install/go2_video/share/go2_video/environment/path.sh
[6.833s] -- Installing: /home/robot/go2_ws_toolbox/install/go2_video/share/go2_video/environment/path.dsv
[6.833s] -- Installing: /home/robot/go2_ws_toolbox/install/go2_video/share/go2_video/local_setup.bash
[6.834s] -- Installing: /home/robot/go2_ws_toolbox/install/go2_video/share/go2_video/local_setup.sh
[6.834s] -- Installing: /home/robot/go2_ws_toolbox/install/go2_video/share/go2_video/local_setup.zsh
[6.834s] -- Installing: /home/robot/go2_ws_toolbox/install/go2_video/share/go2_video/local_setup.dsv
[6.834s] -- Installing: /home/robot/go2_ws_toolbox/install/go2_video/share/go2_video/package.dsv
[6.834s] -- Installing: /home/robot/go2_ws_toolbox/install/go2_video/share/ament_index/resource_index/packages/go2_video
[6.834s] -- Installing: /home/robot/go2_ws_toolbox/install/go2_video/share/go2_video/cmake/go2_videoConfig.cmake
[6.834s] -- Installing: /home/robot/go2_ws_toolbox/install/go2_video/share/go2_video/cmake/go2_videoConfig-version.cmake
[6.834s] -- Installing: /home/robot/go2_ws_toolbox/install/go2_video/share/go2_video/package.xml
[6.836s] Invoked command in '/home/robot/go2_ws_toolbox/build/go2_video' returned '0': CMAKE_PREFIX_PATH=${CMAKE_PREFIX_PATH}:/opt/ros/humble /usr/bin/cmake --install /home/robot/go2_ws_toolbox/build/go2_video
