[0.053s] DEBUG:colcon:Command line arguments: ['/usr/bin/colcon', 'build']
[0.053s] DEBUG:colcon:Parsed command line arguments: Namespace(log_base=None, log_level=None, verb_name='build', build_base='build', install_base='install', merge_install=False, symlink_install=False, test_result_base=None, continue_on_error=False, executor='parallel', parallel_workers=16, event_handlers=None, ignore_user_meta=False, metas=['./colcon.meta'], base_paths=['.'], packages_ignore=None, packages_ignore_regex=None, paths=None, packages_up_to=None, packages_up_to_regex=None, packages_above=None, packages_above_and_dependencies=None, packages_above_depth=None, packages_select_by_dep=None, packages_skip_by_dep=None, packages_skip_up_to=None, packages_select_build_failed=False, packages_skip_build_finished=False, packages_select_test_failures=False, packages_skip_test_passed=False, packages_select=None, packages_skip=None, packages_select_regex=None, packages_skip_regex=None, packages_start=None, packages_end=None, allow_overriding=[], cmake_args=None, cmake_target=None, cmake_target_skip_unavailable=False, cmake_clean_cache=False, cmake_clean_first=False, cmake_force_configure=False, ament_cmake_args=None, catkin_cmake_args=None, catkin_skip_building_tests=False, verb_parser=<colcon_defaults.argument_parser.defaults.DefaultArgumentsDecorator object at 0x7cd4ff659ba0>, verb_extension=<colcon_core.verb.build.BuildVerb object at 0x7cd4ff659690>, main=<bound method BuildVerb.main of <colcon_core.verb.build.BuildVerb object at 0x7cd4ff659690>>)
[0.726s] Level 1:colcon.colcon_core.package_discovery:discover_packages(colcon_meta) check parameters
[0.730s] Level 1:colcon.colcon_core.package_discovery:discover_packages(recursive) check parameters
[0.731s] Level 1:colcon.colcon_core.package_discovery:discover_packages(ignore) check parameters
[0.731s] Level 1:colcon.colcon_core.package_discovery:discover_packages(path) check parameters
[0.731s] Level 1:colcon.colcon_core.package_discovery:discover_packages(colcon_meta) discover
[0.731s] Level 1:colcon.colcon_core.package_discovery:discover_packages(recursive) discover
[0.732s] INFO:colcon.colcon_core.package_discovery:Crawling recursively for packages in '/home/robot/go2_ws_toolbox'
[0.733s] Level 1:colcon.colcon_core.package_identification:_identify(.) by extensions ['ignore', 'ignore_ament_install']
[0.734s] Level 1:colcon.colcon_core.package_identification:_identify(.) by extension 'ignore'
[0.734s] Level 1:colcon.colcon_core.package_identification:_identify(.) by extension 'ignore_ament_install'
[0.735s] Level 1:colcon.colcon_core.package_identification:_identify(.) by extensions ['colcon_pkg']
[0.735s] Level 1:colcon.colcon_core.package_identification:_identify(.) by extension 'colcon_pkg'
[0.735s] Level 1:colcon.colcon_core.package_identification:_identify(.) by extensions ['colcon_meta']
[0.736s] Level 1:colcon.colcon_core.package_identification:_identify(.) by extension 'colcon_meta'
[0.736s] Level 1:colcon.colcon_core.package_identification:_identify(.) by extensions ['ros']
[0.736s] Level 1:colcon.colcon_core.package_identification:_identify(.) by extension 'ros'
[0.760s] Level 1:colcon.colcon_core.package_identification:_identify(.) by extensions ['cmake', 'python']
[0.760s] Level 1:colcon.colcon_core.package_identification:_identify(.) by extension 'cmake'
[0.760s] Level 1:colcon.colcon_core.package_identification:_identify(.) by extension 'python'
[0.760s] Level 1:colcon.colcon_core.package_identification:_identify(.) by extensions ['python_setup_py']
[0.760s] Level 1:colcon.colcon_core.package_identification:_identify(.) by extension 'python_setup_py'
[0.760s] Level 1:colcon.colcon_core.package_identification:_identify(build) by extensions ['ignore', 'ignore_ament_install']
[0.761s] Level 1:colcon.colcon_core.package_identification:_identify(build) by extension 'ignore'
[0.761s] Level 1:colcon.colcon_core.package_identification:_identify(build) ignored
[0.761s] Level 1:colcon.colcon_core.package_identification:_identify(install) by extensions ['ignore', 'ignore_ament_install']
[0.761s] Level 1:colcon.colcon_core.package_identification:_identify(install) by extension 'ignore'
[0.761s] Level 1:colcon.colcon_core.package_identification:_identify(install) ignored
[0.761s] Level 1:colcon.colcon_core.package_identification:_identify(log) by extensions ['ignore', 'ignore_ament_install']
[0.761s] Level 1:colcon.colcon_core.package_identification:_identify(log) by extension 'ignore'
[0.761s] Level 1:colcon.colcon_core.package_identification:_identify(log) ignored
[0.761s] Level 1:colcon.colcon_core.package_identification:_identify(src) by extensions ['ignore', 'ignore_ament_install']
[0.761s] Level 1:colcon.colcon_core.package_identification:_identify(src) by extension 'ignore'
[0.761s] Level 1:colcon.colcon_core.package_identification:_identify(src) by extension 'ignore_ament_install'
[0.761s] Level 1:colcon.colcon_core.package_identification:_identify(src) by extensions ['colcon_pkg']
[0.761s] Level 1:colcon.colcon_core.package_identification:_identify(src) by extension 'colcon_pkg'
[0.761s] Level 1:colcon.colcon_core.package_identification:_identify(src) by extensions ['colcon_meta']
[0.761s] Level 1:colcon.colcon_core.package_identification:_identify(src) by extension 'colcon_meta'
[0.761s] Level 1:colcon.colcon_core.package_identification:_identify(src) by extensions ['ros']
[0.761s] Level 1:colcon.colcon_core.package_identification:_identify(src) by extension 'ros'
[0.761s] Level 1:colcon.colcon_core.package_identification:_identify(src) by extensions ['cmake', 'python']
[0.761s] Level 1:colcon.colcon_core.package_identification:_identify(src) by extension 'cmake'
[0.761s] Level 1:colcon.colcon_core.package_identification:_identify(src) by extension 'python'
[0.761s] Level 1:colcon.colcon_core.package_identification:_identify(src) by extensions ['python_setup_py']
[0.761s] Level 1:colcon.colcon_core.package_identification:_identify(src) by extension 'python_setup_py'
[0.761s] Level 1:colcon.colcon_core.package_identification:_identify(src/base) by extensions ['ignore', 'ignore_ament_install']
[0.761s] Level 1:colcon.colcon_core.package_identification:_identify(src/base) by extension 'ignore'
[0.761s] Level 1:colcon.colcon_core.package_identification:_identify(src/base) by extension 'ignore_ament_install'
[0.761s] Level 1:colcon.colcon_core.package_identification:_identify(src/base) by extensions ['colcon_pkg']
[0.761s] Level 1:colcon.colcon_core.package_identification:_identify(src/base) by extension 'colcon_pkg'
[0.761s] Level 1:colcon.colcon_core.package_identification:_identify(src/base) by extensions ['colcon_meta']
[0.761s] Level 1:colcon.colcon_core.package_identification:_identify(src/base) by extension 'colcon_meta'
[0.761s] Level 1:colcon.colcon_core.package_identification:_identify(src/base) by extensions ['ros']
[0.761s] Level 1:colcon.colcon_core.package_identification:_identify(src/base) by extension 'ros'
[0.761s] Level 1:colcon.colcon_core.package_identification:_identify(src/base) by extensions ['cmake', 'python']
[0.761s] Level 1:colcon.colcon_core.package_identification:_identify(src/base) by extension 'cmake'
[0.761s] Level 1:colcon.colcon_core.package_identification:_identify(src/base) by extension 'python'
[0.761s] Level 1:colcon.colcon_core.package_identification:_identify(src/base) by extensions ['python_setup_py']
[0.761s] Level 1:colcon.colcon_core.package_identification:_identify(src/base) by extension 'python_setup_py'
[0.762s] Level 1:colcon.colcon_core.package_identification:_identify(src/base/go2_core) by extensions ['ignore', 'ignore_ament_install']
[0.762s] Level 1:colcon.colcon_core.package_identification:_identify(src/base/go2_core) by extension 'ignore'
[0.762s] Level 1:colcon.colcon_core.package_identification:_identify(src/base/go2_core) by extension 'ignore_ament_install'
[0.762s] Level 1:colcon.colcon_core.package_identification:_identify(src/base/go2_core) by extensions ['colcon_pkg']
[0.762s] Level 1:colcon.colcon_core.package_identification:_identify(src/base/go2_core) by extension 'colcon_pkg'
[0.762s] Level 1:colcon.colcon_core.package_identification:_identify(src/base/go2_core) by extensions ['colcon_meta']
[0.762s] Level 1:colcon.colcon_core.package_identification:_identify(src/base/go2_core) by extension 'colcon_meta'
[0.762s] Level 1:colcon.colcon_core.package_identification:_identify(src/base/go2_core) by extensions ['ros']
[0.762s] Level 1:colcon.colcon_core.package_identification:_identify(src/base/go2_core) by extension 'ros'
[0.764s] DEBUG:colcon.colcon_core.package_identification:Package 'src/base/go2_core' with type 'ros.ament_cmake' and name 'go2_core'
[0.764s] Level 1:colcon.colcon_core.package_identification:_identify(src/go2_description) by extensions ['ignore', 'ignore_ament_install']
[0.764s] Level 1:colcon.colcon_core.package_identification:_identify(src/go2_description) by extension 'ignore'
[0.764s] Level 1:colcon.colcon_core.package_identification:_identify(src/go2_description) by extension 'ignore_ament_install'
[0.764s] Level 1:colcon.colcon_core.package_identification:_identify(src/go2_description) by extensions ['colcon_pkg']
[0.764s] Level 1:colcon.colcon_core.package_identification:_identify(src/go2_description) by extension 'colcon_pkg'
[0.764s] Level 1:colcon.colcon_core.package_identification:_identify(src/go2_description) by extensions ['colcon_meta']
[0.764s] Level 1:colcon.colcon_core.package_identification:_identify(src/go2_description) by extension 'colcon_meta'
[0.764s] Level 1:colcon.colcon_core.package_identification:_identify(src/go2_description) by extensions ['ros']
[0.764s] Level 1:colcon.colcon_core.package_identification:_identify(src/go2_description) by extension 'ros'
[0.765s] DEBUG:colcon.colcon_core.package_identification:Package 'src/go2_description' with type 'ros.ament_cmake' and name 'go2_description'
[0.765s] Level 1:colcon.colcon_core.package_identification:_identify(src/go2_navigation2) by extensions ['ignore', 'ignore_ament_install']
[0.765s] Level 1:colcon.colcon_core.package_identification:_identify(src/go2_navigation2) by extension 'ignore'
[0.765s] Level 1:colcon.colcon_core.package_identification:_identify(src/go2_navigation2) by extension 'ignore_ament_install'
[0.765s] Level 1:colcon.colcon_core.package_identification:_identify(src/go2_navigation2) by extensions ['colcon_pkg']
[0.765s] Level 1:colcon.colcon_core.package_identification:_identify(src/go2_navigation2) by extension 'colcon_pkg'
[0.765s] Level 1:colcon.colcon_core.package_identification:_identify(src/go2_navigation2) by extensions ['colcon_meta']
[0.765s] Level 1:colcon.colcon_core.package_identification:_identify(src/go2_navigation2) by extension 'colcon_meta'
[0.765s] Level 1:colcon.colcon_core.package_identification:_identify(src/go2_navigation2) by extensions ['ros']
[0.765s] Level 1:colcon.colcon_core.package_identification:_identify(src/go2_navigation2) by extension 'ros'
[0.765s] DEBUG:colcon.colcon_core.package_identification:Package 'src/go2_navigation2' with type 'ros.ament_cmake' and name 'go2_navigation2'
[0.765s] Level 1:colcon.colcon_core.package_identification:_identify(src/go2_perception) by extensions ['ignore', 'ignore_ament_install']
[0.765s] Level 1:colcon.colcon_core.package_identification:_identify(src/go2_perception) by extension 'ignore'
[0.765s] Level 1:colcon.colcon_core.package_identification:_identify(src/go2_perception) by extension 'ignore_ament_install'
[0.765s] Level 1:colcon.colcon_core.package_identification:_identify(src/go2_perception) by extensions ['colcon_pkg']
[0.765s] Level 1:colcon.colcon_core.package_identification:_identify(src/go2_perception) by extension 'colcon_pkg'
[0.765s] Level 1:colcon.colcon_core.package_identification:_identify(src/go2_perception) by extensions ['colcon_meta']
[0.765s] Level 1:colcon.colcon_core.package_identification:_identify(src/go2_perception) by extension 'colcon_meta'
[0.766s] Level 1:colcon.colcon_core.package_identification:_identify(src/go2_perception) by extensions ['ros']
[0.766s] Level 1:colcon.colcon_core.package_identification:_identify(src/go2_perception) by extension 'ros'
[0.766s] DEBUG:colcon.colcon_core.package_identification:Package 'src/go2_perception' with type 'ros.ament_cmake' and name 'go2_perception'
[0.766s] Level 1:colcon.colcon_core.package_identification:_identify(src/go2_slam) by extensions ['ignore', 'ignore_ament_install']
[0.766s] Level 1:colcon.colcon_core.package_identification:_identify(src/go2_slam) by extension 'ignore'
[0.766s] Level 1:colcon.colcon_core.package_identification:_identify(src/go2_slam) by extension 'ignore_ament_install'
[0.766s] Level 1:colcon.colcon_core.package_identification:_identify(src/go2_slam) by extensions ['colcon_pkg']
[0.766s] Level 1:colcon.colcon_core.package_identification:_identify(src/go2_slam) by extension 'colcon_pkg'
[0.766s] Level 1:colcon.colcon_core.package_identification:_identify(src/go2_slam) by extensions ['colcon_meta']
[0.766s] Level 1:colcon.colcon_core.package_identification:_identify(src/go2_slam) by extension 'colcon_meta'
[0.766s] Level 1:colcon.colcon_core.package_identification:_identify(src/go2_slam) by extensions ['ros']
[0.766s] Level 1:colcon.colcon_core.package_identification:_identify(src/go2_slam) by extension 'ros'
[0.766s] DEBUG:colcon.colcon_core.package_identification:Package 'src/go2_slam' with type 'ros.ament_cmake' and name 'go2_slam'
[0.766s] Level 1:colcon.colcon_core.package_discovery:discover_packages(recursive) using defaults
[0.766s] Level 1:colcon.colcon_core.package_discovery:discover_packages(ignore) discover
[0.767s] Level 1:colcon.colcon_core.package_discovery:discover_packages(ignore) using defaults
[0.767s] Level 1:colcon.colcon_core.package_discovery:discover_packages(path) discover
[0.767s] Level 1:colcon.colcon_core.package_discovery:discover_packages(path) using defaults
[0.792s] Level 1:colcon.colcon_core.package_discovery:discover_packages(prefix_path) check parameters
[0.792s] Level 1:colcon.colcon_core.package_discovery:discover_packages(prefix_path) discover
[0.793s] DEBUG:colcon.colcon_installed_package_information.package_discovery:Found 5 installed packages in /home/robot/go2_ws_toolbox/install
[0.794s] DEBUG:colcon.colcon_installed_package_information.package_discovery:Found 5 installed packages in /home/robot/unitree_ros2/cyclonedds_ws/install
[0.795s] DEBUG:colcon.colcon_installed_package_information.package_discovery:Found 435 installed packages in /opt/ros/humble
[0.796s] Level 1:colcon.colcon_core.package_discovery:discover_packages(prefix_path) using defaults
[0.831s] Level 5:colcon.colcon_core.verb:set package 'go2_core' build argument 'cmake_args' from command line to 'None'
[0.831s] Level 5:colcon.colcon_core.verb:set package 'go2_core' build argument 'cmake_target' from command line to 'None'
[0.832s] Level 5:colcon.colcon_core.verb:set package 'go2_core' build argument 'cmake_target_skip_unavailable' from command line to 'False'
[0.832s] Level 5:colcon.colcon_core.verb:set package 'go2_core' build argument 'cmake_clean_cache' from command line to 'False'
[0.832s] Level 5:colcon.colcon_core.verb:set package 'go2_core' build argument 'cmake_clean_first' from command line to 'False'
[0.832s] Level 5:colcon.colcon_core.verb:set package 'go2_core' build argument 'cmake_force_configure' from command line to 'False'
[0.832s] Level 5:colcon.colcon_core.verb:set package 'go2_core' build argument 'ament_cmake_args' from command line to 'None'
[0.832s] Level 5:colcon.colcon_core.verb:set package 'go2_core' build argument 'catkin_cmake_args' from command line to 'None'
[0.832s] Level 5:colcon.colcon_core.verb:set package 'go2_core' build argument 'catkin_skip_building_tests' from command line to 'False'
[0.832s] DEBUG:colcon.colcon_core.verb:Building package 'go2_core' with the following arguments: {'ament_cmake_args': None, 'build_base': '/home/robot/go2_ws_toolbox/build/go2_core', 'catkin_cmake_args': None, 'catkin_skip_building_tests': False, 'cmake_args': None, 'cmake_clean_cache': False, 'cmake_clean_first': False, 'cmake_force_configure': False, 'cmake_target': None, 'cmake_target_skip_unavailable': False, 'install_base': '/home/robot/go2_ws_toolbox/install/go2_core', 'merge_install': False, 'path': '/home/robot/go2_ws_toolbox/src/base/go2_core', 'symlink_install': False, 'test_result_base': None}
[0.832s] Level 5:colcon.colcon_core.verb:set package 'go2_description' build argument 'cmake_args' from command line to 'None'
[0.832s] Level 5:colcon.colcon_core.verb:set package 'go2_description' build argument 'cmake_target' from command line to 'None'
[0.832s] Level 5:colcon.colcon_core.verb:set package 'go2_description' build argument 'cmake_target_skip_unavailable' from command line to 'False'
[0.832s] Level 5:colcon.colcon_core.verb:set package 'go2_description' build argument 'cmake_clean_cache' from command line to 'False'
[0.832s] Level 5:colcon.colcon_core.verb:set package 'go2_description' build argument 'cmake_clean_first' from command line to 'False'
[0.832s] Level 5:colcon.colcon_core.verb:set package 'go2_description' build argument 'cmake_force_configure' from command line to 'False'
[0.832s] Level 5:colcon.colcon_core.verb:set package 'go2_description' build argument 'ament_cmake_args' from command line to 'None'
[0.832s] Level 5:colcon.colcon_core.verb:set package 'go2_description' build argument 'catkin_cmake_args' from command line to 'None'
[0.832s] Level 5:colcon.colcon_core.verb:set package 'go2_description' build argument 'catkin_skip_building_tests' from command line to 'False'
[0.832s] DEBUG:colcon.colcon_core.verb:Building package 'go2_description' with the following arguments: {'ament_cmake_args': None, 'build_base': '/home/robot/go2_ws_toolbox/build/go2_description', 'catkin_cmake_args': None, 'catkin_skip_building_tests': False, 'cmake_args': None, 'cmake_clean_cache': False, 'cmake_clean_first': False, 'cmake_force_configure': False, 'cmake_target': None, 'cmake_target_skip_unavailable': False, 'install_base': '/home/robot/go2_ws_toolbox/install/go2_description', 'merge_install': False, 'path': '/home/robot/go2_ws_toolbox/src/go2_description', 'symlink_install': False, 'test_result_base': None}
[0.832s] Level 5:colcon.colcon_core.verb:set package 'go2_navigation2' build argument 'cmake_args' from command line to 'None'
[0.832s] Level 5:colcon.colcon_core.verb:set package 'go2_navigation2' build argument 'cmake_target' from command line to 'None'
[0.832s] Level 5:colcon.colcon_core.verb:set package 'go2_navigation2' build argument 'cmake_target_skip_unavailable' from command line to 'False'
[0.832s] Level 5:colcon.colcon_core.verb:set package 'go2_navigation2' build argument 'cmake_clean_cache' from command line to 'False'
[0.832s] Level 5:colcon.colcon_core.verb:set package 'go2_navigation2' build argument 'cmake_clean_first' from command line to 'False'
[0.832s] Level 5:colcon.colcon_core.verb:set package 'go2_navigation2' build argument 'cmake_force_configure' from command line to 'False'
[0.832s] Level 5:colcon.colcon_core.verb:set package 'go2_navigation2' build argument 'ament_cmake_args' from command line to 'None'
[0.832s] Level 5:colcon.colcon_core.verb:set package 'go2_navigation2' build argument 'catkin_cmake_args' from command line to 'None'
[0.832s] Level 5:colcon.colcon_core.verb:set package 'go2_navigation2' build argument 'catkin_skip_building_tests' from command line to 'False'
[0.832s] DEBUG:colcon.colcon_core.verb:Building package 'go2_navigation2' with the following arguments: {'ament_cmake_args': None, 'build_base': '/home/robot/go2_ws_toolbox/build/go2_navigation2', 'catkin_cmake_args': None, 'catkin_skip_building_tests': False, 'cmake_args': None, 'cmake_clean_cache': False, 'cmake_clean_first': False, 'cmake_force_configure': False, 'cmake_target': None, 'cmake_target_skip_unavailable': False, 'install_base': '/home/robot/go2_ws_toolbox/install/go2_navigation2', 'merge_install': False, 'path': '/home/robot/go2_ws_toolbox/src/go2_navigation2', 'symlink_install': False, 'test_result_base': None}
[0.832s] Level 5:colcon.colcon_core.verb:set package 'go2_perception' build argument 'cmake_args' from command line to 'None'
[0.832s] Level 5:colcon.colcon_core.verb:set package 'go2_perception' build argument 'cmake_target' from command line to 'None'
[0.832s] Level 5:colcon.colcon_core.verb:set package 'go2_perception' build argument 'cmake_target_skip_unavailable' from command line to 'False'
[0.832s] Level 5:colcon.colcon_core.verb:set package 'go2_perception' build argument 'cmake_clean_cache' from command line to 'False'
[0.832s] Level 5:colcon.colcon_core.verb:set package 'go2_perception' build argument 'cmake_clean_first' from command line to 'False'
[0.833s] Level 5:colcon.colcon_core.verb:set package 'go2_perception' build argument 'cmake_force_configure' from command line to 'False'
[0.833s] Level 5:colcon.colcon_core.verb:set package 'go2_perception' build argument 'ament_cmake_args' from command line to 'None'
[0.833s] Level 5:colcon.colcon_core.verb:set package 'go2_perception' build argument 'catkin_cmake_args' from command line to 'None'
[0.833s] Level 5:colcon.colcon_core.verb:set package 'go2_perception' build argument 'catkin_skip_building_tests' from command line to 'False'
[0.833s] DEBUG:colcon.colcon_core.verb:Building package 'go2_perception' with the following arguments: {'ament_cmake_args': None, 'build_base': '/home/robot/go2_ws_toolbox/build/go2_perception', 'catkin_cmake_args': None, 'catkin_skip_building_tests': False, 'cmake_args': None, 'cmake_clean_cache': False, 'cmake_clean_first': False, 'cmake_force_configure': False, 'cmake_target': None, 'cmake_target_skip_unavailable': False, 'install_base': '/home/robot/go2_ws_toolbox/install/go2_perception', 'merge_install': False, 'path': '/home/robot/go2_ws_toolbox/src/go2_perception', 'symlink_install': False, 'test_result_base': None}
[0.833s] Level 5:colcon.colcon_core.verb:set package 'go2_slam' build argument 'cmake_args' from command line to 'None'
[0.833s] Level 5:colcon.colcon_core.verb:set package 'go2_slam' build argument 'cmake_target' from command line to 'None'
[0.833s] Level 5:colcon.colcon_core.verb:set package 'go2_slam' build argument 'cmake_target_skip_unavailable' from command line to 'False'
[0.833s] Level 5:colcon.colcon_core.verb:set package 'go2_slam' build argument 'cmake_clean_cache' from command line to 'False'
[0.833s] Level 5:colcon.colcon_core.verb:set package 'go2_slam' build argument 'cmake_clean_first' from command line to 'False'
[0.833s] Level 5:colcon.colcon_core.verb:set package 'go2_slam' build argument 'cmake_force_configure' from command line to 'False'
[0.833s] Level 5:colcon.colcon_core.verb:set package 'go2_slam' build argument 'ament_cmake_args' from command line to 'None'
[0.833s] Level 5:colcon.colcon_core.verb:set package 'go2_slam' build argument 'catkin_cmake_args' from command line to 'None'
[0.833s] Level 5:colcon.colcon_core.verb:set package 'go2_slam' build argument 'catkin_skip_building_tests' from command line to 'False'
[0.833s] DEBUG:colcon.colcon_core.verb:Building package 'go2_slam' with the following arguments: {'ament_cmake_args': None, 'build_base': '/home/robot/go2_ws_toolbox/build/go2_slam', 'catkin_cmake_args': None, 'catkin_skip_building_tests': False, 'cmake_args': None, 'cmake_clean_cache': False, 'cmake_clean_first': False, 'cmake_force_configure': False, 'cmake_target': None, 'cmake_target_skip_unavailable': False, 'install_base': '/home/robot/go2_ws_toolbox/install/go2_slam', 'merge_install': False, 'path': '/home/robot/go2_ws_toolbox/src/go2_slam', 'symlink_install': False, 'test_result_base': None}
[0.833s] INFO:colcon.colcon_core.executor:Executing jobs using 'parallel' executor
[0.834s] DEBUG:colcon.colcon_parallel_executor.executor.parallel:run_until_complete
[0.834s] INFO:colcon.colcon_ros.task.ament_cmake.build:Building ROS package in '/home/robot/go2_ws_toolbox/src/base/go2_core' with build type 'ament_cmake'
[0.834s] INFO:colcon.colcon_cmake.task.cmake.build:Building CMake package in '/home/robot/go2_ws_toolbox/src/base/go2_core'
[0.835s] INFO:colcon.colcon_core.plugin_system:Skipping extension 'colcon_core.shell.bat': Not used on non-Windows systems
[0.836s] INFO:colcon.colcon_core.shell:Skip shell extension 'powershell' for command environment: Not usable outside of PowerShell
[0.836s] DEBUG:colcon.colcon_core.shell:Skip shell extension 'dsv' for command environment
[0.840s] INFO:colcon.colcon_ros.task.ament_cmake.build:Building ROS package in '/home/robot/go2_ws_toolbox/src/go2_description' with build type 'ament_cmake'
[0.840s] INFO:colcon.colcon_cmake.task.cmake.build:Building CMake package in '/home/robot/go2_ws_toolbox/src/go2_description'
[0.840s] INFO:colcon.colcon_core.shell:Skip shell extension 'powershell' for command environment: Not usable outside of PowerShell
[0.840s] DEBUG:colcon.colcon_core.shell:Skip shell extension 'dsv' for command environment
[0.844s] INFO:colcon.colcon_ros.task.ament_cmake.build:Building ROS package in '/home/robot/go2_ws_toolbox/src/go2_navigation2' with build type 'ament_cmake'
[0.844s] INFO:colcon.colcon_cmake.task.cmake.build:Building CMake package in '/home/robot/go2_ws_toolbox/src/go2_navigation2'
[0.844s] INFO:colcon.colcon_core.shell:Skip shell extension 'powershell' for command environment: Not usable outside of PowerShell
[0.844s] DEBUG:colcon.colcon_core.shell:Skip shell extension 'dsv' for command environment
[0.847s] INFO:colcon.colcon_ros.task.ament_cmake.build:Building ROS package in '/home/robot/go2_ws_toolbox/src/go2_perception' with build type 'ament_cmake'
[0.848s] INFO:colcon.colcon_cmake.task.cmake.build:Building CMake package in '/home/robot/go2_ws_toolbox/src/go2_perception'
[0.848s] INFO:colcon.colcon_core.shell:Skip shell extension 'powershell' for command environment: Not usable outside of PowerShell
[0.848s] DEBUG:colcon.colcon_core.shell:Skip shell extension 'dsv' for command environment
[0.872s] INFO:colcon.colcon_ros.task.ament_cmake.build:Building ROS package in '/home/robot/go2_ws_toolbox/src/go2_slam' with build type 'ament_cmake'
[0.874s] INFO:colcon.colcon_cmake.task.cmake.build:Building CMake package in '/home/robot/go2_ws_toolbox/src/go2_slam'
[0.878s] INFO:colcon.colcon_core.shell:Skip shell extension 'powershell' for command environment: Not usable outside of PowerShell
[0.879s] DEBUG:colcon.colcon_core.shell:Skip shell extension 'dsv' for command environment
[0.977s] DEBUG:colcon.colcon_core.event_handler.log_command:Invoking command in '/home/robot/go2_ws_toolbox/build/go2_core': CMAKE_PREFIX_PATH=${CMAKE_PREFIX_PATH}:/opt/ros/humble /usr/bin/cmake --build /home/robot/go2_ws_toolbox/build/go2_core -- -j16 -l16
[1.007s] DEBUG:colcon.colcon_core.event_handler.log_command:Invoking command in '/home/robot/go2_ws_toolbox/build/go2_description': CMAKE_PREFIX_PATH=${CMAKE_PREFIX_PATH}:/opt/ros/humble /usr/bin/cmake --build /home/robot/go2_ws_toolbox/build/go2_description -- -j16 -l16
[1.034s] DEBUG:colcon.colcon_core.event_handler.log_command:Invoking command in '/home/robot/go2_ws_toolbox/build/go2_navigation2': CMAKE_PREFIX_PATH=${CMAKE_PREFIX_PATH}:/opt/ros/humble /usr/bin/cmake --build /home/robot/go2_ws_toolbox/build/go2_navigation2 -- -j16 -l16
[1.079s] DEBUG:colcon.colcon_core.event_handler.log_command:Invoking command in '/home/robot/go2_ws_toolbox/build/go2_perception': CMAKE_PREFIX_PATH=${CMAKE_PREFIX_PATH}:/opt/ros/humble /usr/bin/cmake --build /home/robot/go2_ws_toolbox/build/go2_perception -- -j16 -l16
[1.116s] DEBUG:colcon.colcon_core.event_handler.log_command:Invoking command in '/home/robot/go2_ws_toolbox/build/go2_slam': CMAKE_PREFIX_PATH=${CMAKE_PREFIX_PATH}:/opt/ros/humble /usr/bin/cmake --build /home/robot/go2_ws_toolbox/build/go2_slam -- -j16 -l16
[1.356s] DEBUG:colcon.colcon_core.event_handler.log_command:Invoked command in '/home/robot/go2_ws_toolbox/build/go2_description' returned '0': CMAKE_PREFIX_PATH=${CMAKE_PREFIX_PATH}:/opt/ros/humble /usr/bin/cmake --build /home/robot/go2_ws_toolbox/build/go2_description -- -j16 -l16
[1.450s] DEBUG:colcon.colcon_core.event_handler.log_command:Invoking command in '/home/robot/go2_ws_toolbox/build/go2_description': CMAKE_PREFIX_PATH=${CMAKE_PREFIX_PATH}:/opt/ros/humble /usr/bin/cmake --install /home/robot/go2_ws_toolbox/build/go2_description
[1.467s] DEBUG:colcon.colcon_core.event_handler.log_command:Invoked command in '/home/robot/go2_ws_toolbox/build/go2_slam' returned '0': CMAKE_PREFIX_PATH=${CMAKE_PREFIX_PATH}:/opt/ros/humble /usr/bin/cmake --build /home/robot/go2_ws_toolbox/build/go2_slam -- -j16 -l16
[1.493s] DEBUG:colcon.colcon_core.event_handler.log_command:Invoking command in '/home/robot/go2_ws_toolbox/build/go2_slam': CMAKE_PREFIX_PATH=${CMAKE_PREFIX_PATH}:/opt/ros/humble /usr/bin/cmake --install /home/robot/go2_ws_toolbox/build/go2_slam
[1.527s] Level 1:colcon.colcon_core.environment:create_environment_scripts_only(go2_description)
[1.533s] DEBUG:colcon.colcon_core.event_handler.log_command:Invoked command in '/home/robot/go2_ws_toolbox/build/go2_description' returned '0': CMAKE_PREFIX_PATH=${CMAKE_PREFIX_PATH}:/opt/ros/humble /usr/bin/cmake --install /home/robot/go2_ws_toolbox/build/go2_description
[1.534s] Level 1:colcon.colcon_core.environment:checking '/home/robot/go2_ws_toolbox/install/go2_description' for CMake module files
[1.535s] Level 1:colcon.colcon_core.environment:checking '/home/robot/go2_ws_toolbox/install/go2_description' for CMake config files
[1.535s] Level 1:colcon.colcon_core.shell:create_environment_hook('go2_description', 'cmake_prefix_path')
[1.535s] INFO:colcon.colcon_core.shell:Creating environment hook '/home/robot/go2_ws_toolbox/install/go2_description/share/go2_description/hook/cmake_prefix_path.ps1'
[1.536s] INFO:colcon.colcon_core.shell:Creating environment descriptor '/home/robot/go2_ws_toolbox/install/go2_description/share/go2_description/hook/cmake_prefix_path.dsv'
[1.537s] INFO:colcon.colcon_core.shell:Creating environment hook '/home/robot/go2_ws_toolbox/install/go2_description/share/go2_description/hook/cmake_prefix_path.sh'
[1.537s] Level 1:colcon.colcon_core.environment:checking '/home/robot/go2_ws_toolbox/install/go2_description/bin'
[1.538s] Level 1:colcon.colcon_core.environment:checking '/home/robot/go2_ws_toolbox/install/go2_description/lib/pkgconfig/go2_description.pc'
[1.538s] Level 1:colcon.colcon_core.environment:checking '/home/robot/go2_ws_toolbox/install/go2_description/lib/python3.10/site-packages'
[1.538s] Level 1:colcon.colcon_core.environment:checking '/home/robot/go2_ws_toolbox/install/go2_description/bin'
[1.538s] INFO:colcon.colcon_core.shell:Creating package script '/home/robot/go2_ws_toolbox/install/go2_description/share/go2_description/package.ps1'
[1.538s] INFO:colcon.colcon_core.shell:Creating package descriptor '/home/robot/go2_ws_toolbox/install/go2_description/share/go2_description/package.dsv'
[1.539s] INFO:colcon.colcon_core.shell:Creating package script '/home/robot/go2_ws_toolbox/install/go2_description/share/go2_description/package.sh'
[1.539s] INFO:colcon.colcon_core.shell:Creating package script '/home/robot/go2_ws_toolbox/install/go2_description/share/go2_description/package.bash'
[1.539s] INFO:colcon.colcon_core.shell:Creating package script '/home/robot/go2_ws_toolbox/install/go2_description/share/go2_description/package.zsh'
[1.540s] Level 1:colcon.colcon_core.environment:create_file_with_runtime_dependencies(/home/robot/go2_ws_toolbox/install/go2_description/share/colcon-core/packages/go2_description)
[1.540s] Level 1:colcon.colcon_core.environment:create_environment_scripts_only(go2_description)
[1.540s] Level 1:colcon.colcon_core.environment:checking '/home/robot/go2_ws_toolbox/install/go2_description' for CMake module files
[1.541s] Level 1:colcon.colcon_core.environment:checking '/home/robot/go2_ws_toolbox/install/go2_description' for CMake config files
[1.541s] Level 1:colcon.colcon_core.shell:create_environment_hook('go2_description', 'cmake_prefix_path')
[1.541s] INFO:colcon.colcon_core.shell:Creating environment hook '/home/robot/go2_ws_toolbox/install/go2_description/share/go2_description/hook/cmake_prefix_path.ps1'
[1.541s] INFO:colcon.colcon_core.shell:Creating environment descriptor '/home/robot/go2_ws_toolbox/install/go2_description/share/go2_description/hook/cmake_prefix_path.dsv'
[1.541s] INFO:colcon.colcon_core.shell:Creating environment hook '/home/robot/go2_ws_toolbox/install/go2_description/share/go2_description/hook/cmake_prefix_path.sh'
[1.542s] Level 1:colcon.colcon_core.environment:checking '/home/robot/go2_ws_toolbox/install/go2_description/bin'
[1.542s] Level 1:colcon.colcon_core.environment:checking '/home/robot/go2_ws_toolbox/install/go2_description/lib/pkgconfig/go2_description.pc'
[1.542s] Level 1:colcon.colcon_core.environment:checking '/home/robot/go2_ws_toolbox/install/go2_description/lib/python3.10/site-packages'
[1.542s] Level 1:colcon.colcon_core.environment:checking '/home/robot/go2_ws_toolbox/install/go2_description/bin'
[1.542s] INFO:colcon.colcon_core.shell:Creating package script '/home/robot/go2_ws_toolbox/install/go2_description/share/go2_description/package.ps1'
[1.543s] INFO:colcon.colcon_core.shell:Creating package descriptor '/home/robot/go2_ws_toolbox/install/go2_description/share/go2_description/package.dsv'
[1.543s] INFO:colcon.colcon_core.shell:Creating package script '/home/robot/go2_ws_toolbox/install/go2_description/share/go2_description/package.sh'
[1.543s] INFO:colcon.colcon_core.shell:Creating package script '/home/robot/go2_ws_toolbox/install/go2_description/share/go2_description/package.bash'
[1.543s] INFO:colcon.colcon_core.shell:Creating package script '/home/robot/go2_ws_toolbox/install/go2_description/share/go2_description/package.zsh'
[1.544s] Level 1:colcon.colcon_core.environment:create_file_with_runtime_dependencies(/home/robot/go2_ws_toolbox/install/go2_description/share/colcon-core/packages/go2_description)
[1.545s] Level 1:colcon.colcon_core.environment:create_environment_scripts_only(go2_slam)
[1.545s] Level 1:colcon.colcon_core.environment:checking '/home/robot/go2_ws_toolbox/install/go2_slam' for CMake module files
[1.545s] DEBUG:colcon.colcon_core.event_handler.log_command:Invoked command in '/home/robot/go2_ws_toolbox/build/go2_slam' returned '0': CMAKE_PREFIX_PATH=${CMAKE_PREFIX_PATH}:/opt/ros/humble /usr/bin/cmake --install /home/robot/go2_ws_toolbox/build/go2_slam
[1.546s] Level 1:colcon.colcon_core.environment:checking '/home/robot/go2_ws_toolbox/install/go2_slam' for CMake config files
[1.546s] Level 1:colcon.colcon_core.shell:create_environment_hook('go2_slam', 'cmake_prefix_path')
[1.546s] INFO:colcon.colcon_core.shell:Creating environment hook '/home/robot/go2_ws_toolbox/install/go2_slam/share/go2_slam/hook/cmake_prefix_path.ps1'
[1.546s] INFO:colcon.colcon_core.shell:Creating environment descriptor '/home/robot/go2_ws_toolbox/install/go2_slam/share/go2_slam/hook/cmake_prefix_path.dsv'
[1.546s] INFO:colcon.colcon_core.shell:Creating environment hook '/home/robot/go2_ws_toolbox/install/go2_slam/share/go2_slam/hook/cmake_prefix_path.sh'
[1.547s] Level 1:colcon.colcon_core.environment:checking '/home/robot/go2_ws_toolbox/install/go2_slam/bin'
[1.547s] Level 1:colcon.colcon_core.environment:checking '/home/robot/go2_ws_toolbox/install/go2_slam/lib/pkgconfig/go2_slam.pc'
[1.547s] Level 1:colcon.colcon_core.environment:checking '/home/robot/go2_ws_toolbox/install/go2_slam/lib/python3.10/site-packages'
[1.547s] Level 1:colcon.colcon_core.environment:checking '/home/robot/go2_ws_toolbox/install/go2_slam/bin'
[1.547s] INFO:colcon.colcon_core.shell:Creating package script '/home/robot/go2_ws_toolbox/install/go2_slam/share/go2_slam/package.ps1'
[1.548s] INFO:colcon.colcon_core.shell:Creating package descriptor '/home/robot/go2_ws_toolbox/install/go2_slam/share/go2_slam/package.dsv'
[1.548s] INFO:colcon.colcon_core.shell:Creating package script '/home/robot/go2_ws_toolbox/install/go2_slam/share/go2_slam/package.sh'
[1.548s] INFO:colcon.colcon_core.shell:Creating package script '/home/robot/go2_ws_toolbox/install/go2_slam/share/go2_slam/package.bash'
[1.548s] INFO:colcon.colcon_core.shell:Creating package script '/home/robot/go2_ws_toolbox/install/go2_slam/share/go2_slam/package.zsh'
[1.549s] Level 1:colcon.colcon_core.environment:create_file_with_runtime_dependencies(/home/robot/go2_ws_toolbox/install/go2_slam/share/colcon-core/packages/go2_slam)
[1.549s] Level 1:colcon.colcon_core.environment:create_environment_scripts_only(go2_slam)
[1.549s] Level 1:colcon.colcon_core.environment:checking '/home/robot/go2_ws_toolbox/install/go2_slam' for CMake module files
[1.549s] Level 1:colcon.colcon_core.environment:checking '/home/robot/go2_ws_toolbox/install/go2_slam' for CMake config files
[1.549s] Level 1:colcon.colcon_core.shell:create_environment_hook('go2_slam', 'cmake_prefix_path')
[1.550s] INFO:colcon.colcon_core.shell:Creating environment hook '/home/robot/go2_ws_toolbox/install/go2_slam/share/go2_slam/hook/cmake_prefix_path.ps1'
[1.550s] INFO:colcon.colcon_core.shell:Creating environment descriptor '/home/robot/go2_ws_toolbox/install/go2_slam/share/go2_slam/hook/cmake_prefix_path.dsv'
[1.550s] INFO:colcon.colcon_core.shell:Creating environment hook '/home/robot/go2_ws_toolbox/install/go2_slam/share/go2_slam/hook/cmake_prefix_path.sh'
[1.550s] Level 1:colcon.colcon_core.environment:checking '/home/robot/go2_ws_toolbox/install/go2_slam/bin'
[1.551s] Level 1:colcon.colcon_core.environment:checking '/home/robot/go2_ws_toolbox/install/go2_slam/lib/pkgconfig/go2_slam.pc'
[1.551s] Level 1:colcon.colcon_core.environment:checking '/home/robot/go2_ws_toolbox/install/go2_slam/lib/python3.10/site-packages'
[1.551s] Level 1:colcon.colcon_core.environment:checking '/home/robot/go2_ws_toolbox/install/go2_slam/bin'
[1.551s] INFO:colcon.colcon_core.shell:Creating package script '/home/robot/go2_ws_toolbox/install/go2_slam/share/go2_slam/package.ps1'
[1.552s] INFO:colcon.colcon_core.shell:Creating package descriptor '/home/robot/go2_ws_toolbox/install/go2_slam/share/go2_slam/package.dsv'
[1.552s] INFO:colcon.colcon_core.shell:Creating package script '/home/robot/go2_ws_toolbox/install/go2_slam/share/go2_slam/package.sh'
[1.552s] INFO:colcon.colcon_core.shell:Creating package script '/home/robot/go2_ws_toolbox/install/go2_slam/share/go2_slam/package.bash'
[1.553s] INFO:colcon.colcon_core.shell:Creating package script '/home/robot/go2_ws_toolbox/install/go2_slam/share/go2_slam/package.zsh'
[1.553s] Level 1:colcon.colcon_core.environment:create_file_with_runtime_dependencies(/home/robot/go2_ws_toolbox/install/go2_slam/share/colcon-core/packages/go2_slam)
[1.554s] DEBUG:colcon.colcon_core.event_handler.log_command:Invoked command in '/home/robot/go2_ws_toolbox/build/go2_navigation2' returned '0': CMAKE_PREFIX_PATH=${CMAKE_PREFIX_PATH}:/opt/ros/humble /usr/bin/cmake --build /home/robot/go2_ws_toolbox/build/go2_navigation2 -- -j16 -l16
[1.555s] DEBUG:colcon.colcon_core.event_handler.log_command:Invoking command in '/home/robot/go2_ws_toolbox/build/go2_navigation2': CMAKE_PREFIX_PATH=${CMAKE_PREFIX_PATH}:/opt/ros/humble /usr/bin/cmake --install /home/robot/go2_ws_toolbox/build/go2_navigation2
[1.555s] DEBUG:colcon.colcon_core.event_handler.log_command:Invoked command in '/home/robot/go2_ws_toolbox/build/go2_core' returned '0': CMAKE_PREFIX_PATH=${CMAKE_PREFIX_PATH}:/opt/ros/humble /usr/bin/cmake --build /home/robot/go2_ws_toolbox/build/go2_core -- -j16 -l16
[1.557s] DEBUG:colcon.colcon_core.event_handler.log_command:Invoking command in '/home/robot/go2_ws_toolbox/build/go2_core': CMAKE_PREFIX_PATH=${CMAKE_PREFIX_PATH}:/opt/ros/humble /usr/bin/cmake --install /home/robot/go2_ws_toolbox/build/go2_core
[1.565s] Level 1:colcon.colcon_core.environment:create_environment_scripts_only(go2_navigation2)
[1.566s] Level 1:colcon.colcon_core.environment:checking '/home/robot/go2_ws_toolbox/install/go2_navigation2' for CMake module files
[1.566s] DEBUG:colcon.colcon_core.event_handler.log_command:Invoked command in '/home/robot/go2_ws_toolbox/build/go2_navigation2' returned '0': CMAKE_PREFIX_PATH=${CMAKE_PREFIX_PATH}:/opt/ros/humble /usr/bin/cmake --install /home/robot/go2_ws_toolbox/build/go2_navigation2
[1.567s] Level 1:colcon.colcon_core.environment:checking '/home/robot/go2_ws_toolbox/install/go2_navigation2' for CMake config files
[1.567s] Level 1:colcon.colcon_core.shell:create_environment_hook('go2_navigation2', 'cmake_prefix_path')
[1.567s] INFO:colcon.colcon_core.shell:Creating environment hook '/home/robot/go2_ws_toolbox/install/go2_navigation2/share/go2_navigation2/hook/cmake_prefix_path.ps1'
[1.567s] INFO:colcon.colcon_core.shell:Creating environment descriptor '/home/robot/go2_ws_toolbox/install/go2_navigation2/share/go2_navigation2/hook/cmake_prefix_path.dsv'
[1.568s] INFO:colcon.colcon_core.shell:Creating environment hook '/home/robot/go2_ws_toolbox/install/go2_navigation2/share/go2_navigation2/hook/cmake_prefix_path.sh'
[1.568s] Level 1:colcon.colcon_core.environment:checking '/home/robot/go2_ws_toolbox/install/go2_navigation2/lib'
[1.568s] Level 1:colcon.colcon_core.environment:checking '/home/robot/go2_ws_toolbox/install/go2_navigation2/bin'
[1.568s] Level 1:colcon.colcon_core.environment:checking '/home/robot/go2_ws_toolbox/install/go2_navigation2/lib/pkgconfig/go2_navigation2.pc'
[1.568s] Level 1:colcon.colcon_core.environment:checking '/home/robot/go2_ws_toolbox/install/go2_navigation2/lib/python3.10/site-packages'
[1.568s] Level 1:colcon.colcon_core.environment:checking '/home/robot/go2_ws_toolbox/install/go2_navigation2/bin'
[1.569s] INFO:colcon.colcon_core.shell:Creating package script '/home/robot/go2_ws_toolbox/install/go2_navigation2/share/go2_navigation2/package.ps1'
[1.569s] INFO:colcon.colcon_core.shell:Creating package descriptor '/home/robot/go2_ws_toolbox/install/go2_navigation2/share/go2_navigation2/package.dsv'
[1.569s] INFO:colcon.colcon_core.shell:Creating package script '/home/robot/go2_ws_toolbox/install/go2_navigation2/share/go2_navigation2/package.sh'
[1.569s] INFO:colcon.colcon_core.shell:Creating package script '/home/robot/go2_ws_toolbox/install/go2_navigation2/share/go2_navigation2/package.bash'
[1.570s] INFO:colcon.colcon_core.shell:Creating package script '/home/robot/go2_ws_toolbox/install/go2_navigation2/share/go2_navigation2/package.zsh'
[1.570s] Level 1:colcon.colcon_core.environment:create_file_with_runtime_dependencies(/home/robot/go2_ws_toolbox/install/go2_navigation2/share/colcon-core/packages/go2_navigation2)
[1.570s] Level 1:colcon.colcon_core.environment:create_environment_scripts_only(go2_navigation2)
[1.571s] Level 1:colcon.colcon_core.environment:checking '/home/robot/go2_ws_toolbox/install/go2_navigation2' for CMake module files
[1.571s] Level 1:colcon.colcon_core.environment:checking '/home/robot/go2_ws_toolbox/install/go2_navigation2' for CMake config files
[1.571s] Level 1:colcon.colcon_core.shell:create_environment_hook('go2_navigation2', 'cmake_prefix_path')
[1.571s] INFO:colcon.colcon_core.shell:Creating environment hook '/home/robot/go2_ws_toolbox/install/go2_navigation2/share/go2_navigation2/hook/cmake_prefix_path.ps1'
[1.572s] INFO:colcon.colcon_core.shell:Creating environment descriptor '/home/robot/go2_ws_toolbox/install/go2_navigation2/share/go2_navigation2/hook/cmake_prefix_path.dsv'
[1.572s] INFO:colcon.colcon_core.shell:Creating environment hook '/home/robot/go2_ws_toolbox/install/go2_navigation2/share/go2_navigation2/hook/cmake_prefix_path.sh'
[1.573s] Level 1:colcon.colcon_core.environment:checking '/home/robot/go2_ws_toolbox/install/go2_navigation2/lib'
[1.573s] Level 1:colcon.colcon_core.environment:checking '/home/robot/go2_ws_toolbox/install/go2_navigation2/bin'
[1.573s] Level 1:colcon.colcon_core.environment:checking '/home/robot/go2_ws_toolbox/install/go2_navigation2/lib/pkgconfig/go2_navigation2.pc'
[1.573s] Level 1:colcon.colcon_core.environment:checking '/home/robot/go2_ws_toolbox/install/go2_navigation2/lib/python3.10/site-packages'
[1.573s] Level 1:colcon.colcon_core.environment:checking '/home/robot/go2_ws_toolbox/install/go2_navigation2/bin'
[1.573s] INFO:colcon.colcon_core.shell:Creating package script '/home/robot/go2_ws_toolbox/install/go2_navigation2/share/go2_navigation2/package.ps1'
[1.574s] INFO:colcon.colcon_core.shell:Creating package descriptor '/home/robot/go2_ws_toolbox/install/go2_navigation2/share/go2_navigation2/package.dsv'
[1.574s] INFO:colcon.colcon_core.shell:Creating package script '/home/robot/go2_ws_toolbox/install/go2_navigation2/share/go2_navigation2/package.sh'
[1.574s] INFO:colcon.colcon_core.shell:Creating package script '/home/robot/go2_ws_toolbox/install/go2_navigation2/share/go2_navigation2/package.bash'
[1.574s] INFO:colcon.colcon_core.shell:Creating package script '/home/robot/go2_ws_toolbox/install/go2_navigation2/share/go2_navigation2/package.zsh'
[1.575s] Level 1:colcon.colcon_core.environment:create_file_with_runtime_dependencies(/home/robot/go2_ws_toolbox/install/go2_navigation2/share/colcon-core/packages/go2_navigation2)
[1.575s] Level 1:colcon.colcon_core.environment:create_environment_scripts_only(go2_core)
[1.575s] Level 1:colcon.colcon_core.environment:checking '/home/robot/go2_ws_toolbox/install/go2_core' for CMake module files
[1.576s] DEBUG:colcon.colcon_core.event_handler.log_command:Invoked command in '/home/robot/go2_ws_toolbox/build/go2_core' returned '0': CMAKE_PREFIX_PATH=${CMAKE_PREFIX_PATH}:/opt/ros/humble /usr/bin/cmake --install /home/robot/go2_ws_toolbox/build/go2_core
[1.576s] Level 1:colcon.colcon_core.environment:checking '/home/robot/go2_ws_toolbox/install/go2_core' for CMake config files
[1.576s] Level 1:colcon.colcon_core.shell:create_environment_hook('go2_core', 'cmake_prefix_path')
[1.576s] INFO:colcon.colcon_core.shell:Creating environment hook '/home/robot/go2_ws_toolbox/install/go2_core/share/go2_core/hook/cmake_prefix_path.ps1'
[1.576s] INFO:colcon.colcon_core.shell:Creating environment descriptor '/home/robot/go2_ws_toolbox/install/go2_core/share/go2_core/hook/cmake_prefix_path.dsv'
[1.577s] INFO:colcon.colcon_core.shell:Creating environment hook '/home/robot/go2_ws_toolbox/install/go2_core/share/go2_core/hook/cmake_prefix_path.sh'
[1.577s] Level 1:colcon.colcon_core.environment:checking '/home/robot/go2_ws_toolbox/install/go2_core/lib'
[1.577s] Level 1:colcon.colcon_core.environment:checking '/home/robot/go2_ws_toolbox/install/go2_core/bin'
[1.577s] Level 1:colcon.colcon_core.environment:checking '/home/robot/go2_ws_toolbox/install/go2_core/lib/pkgconfig/go2_core.pc'
[1.577s] Level 1:colcon.colcon_core.environment:checking '/home/robot/go2_ws_toolbox/install/go2_core/lib/python3.10/site-packages'
[1.577s] Level 1:colcon.colcon_core.environment:checking '/home/robot/go2_ws_toolbox/install/go2_core/bin'
[1.577s] INFO:colcon.colcon_core.shell:Creating package script '/home/robot/go2_ws_toolbox/install/go2_core/share/go2_core/package.ps1'
[1.578s] INFO:colcon.colcon_core.shell:Creating package descriptor '/home/robot/go2_ws_toolbox/install/go2_core/share/go2_core/package.dsv'
[1.578s] INFO:colcon.colcon_core.shell:Creating package script '/home/robot/go2_ws_toolbox/install/go2_core/share/go2_core/package.sh'
[1.578s] INFO:colcon.colcon_core.shell:Creating package script '/home/robot/go2_ws_toolbox/install/go2_core/share/go2_core/package.bash'
[1.578s] INFO:colcon.colcon_core.shell:Creating package script '/home/robot/go2_ws_toolbox/install/go2_core/share/go2_core/package.zsh'
[1.578s] Level 1:colcon.colcon_core.environment:create_file_with_runtime_dependencies(/home/robot/go2_ws_toolbox/install/go2_core/share/colcon-core/packages/go2_core)
[1.579s] Level 1:colcon.colcon_core.environment:create_environment_scripts_only(go2_core)
[1.579s] Level 1:colcon.colcon_core.environment:checking '/home/robot/go2_ws_toolbox/install/go2_core' for CMake module files
[1.579s] Level 1:colcon.colcon_core.environment:checking '/home/robot/go2_ws_toolbox/install/go2_core' for CMake config files
[1.579s] Level 1:colcon.colcon_core.shell:create_environment_hook('go2_core', 'cmake_prefix_path')
[1.580s] INFO:colcon.colcon_core.shell:Creating environment hook '/home/robot/go2_ws_toolbox/install/go2_core/share/go2_core/hook/cmake_prefix_path.ps1'
[1.580s] INFO:colcon.colcon_core.shell:Creating environment descriptor '/home/robot/go2_ws_toolbox/install/go2_core/share/go2_core/hook/cmake_prefix_path.dsv'
[1.580s] INFO:colcon.colcon_core.shell:Creating environment hook '/home/robot/go2_ws_toolbox/install/go2_core/share/go2_core/hook/cmake_prefix_path.sh'
[1.580s] Level 1:colcon.colcon_core.environment:checking '/home/robot/go2_ws_toolbox/install/go2_core/lib'
[1.580s] Level 1:colcon.colcon_core.environment:checking '/home/robot/go2_ws_toolbox/install/go2_core/bin'
[1.580s] Level 1:colcon.colcon_core.environment:checking '/home/robot/go2_ws_toolbox/install/go2_core/lib/pkgconfig/go2_core.pc'
[1.581s] Level 1:colcon.colcon_core.environment:checking '/home/robot/go2_ws_toolbox/install/go2_core/lib/python3.10/site-packages'
[1.581s] Level 1:colcon.colcon_core.environment:checking '/home/robot/go2_ws_toolbox/install/go2_core/bin'
[1.581s] INFO:colcon.colcon_core.shell:Creating package script '/home/robot/go2_ws_toolbox/install/go2_core/share/go2_core/package.ps1'
[1.581s] INFO:colcon.colcon_core.shell:Creating package descriptor '/home/robot/go2_ws_toolbox/install/go2_core/share/go2_core/package.dsv'
[1.581s] INFO:colcon.colcon_core.shell:Creating package script '/home/robot/go2_ws_toolbox/install/go2_core/share/go2_core/package.sh'
[1.582s] INFO:colcon.colcon_core.shell:Creating package script '/home/robot/go2_ws_toolbox/install/go2_core/share/go2_core/package.bash'
[1.582s] INFO:colcon.colcon_core.shell:Creating package script '/home/robot/go2_ws_toolbox/install/go2_core/share/go2_core/package.zsh'
[1.582s] Level 1:colcon.colcon_core.environment:create_file_with_runtime_dependencies(/home/robot/go2_ws_toolbox/install/go2_core/share/colcon-core/packages/go2_core)
[22.751s] DEBUG:colcon.colcon_core.event_handler.log_command:Invoked command in '/home/robot/go2_ws_toolbox/build/go2_perception' returned '0': CMAKE_PREFIX_PATH=${CMAKE_PREFIX_PATH}:/opt/ros/humble /usr/bin/cmake --build /home/robot/go2_ws_toolbox/build/go2_perception -- -j16 -l16
[22.752s] DEBUG:colcon.colcon_core.event_handler.log_command:Invoking command in '/home/robot/go2_ws_toolbox/build/go2_perception': CMAKE_PREFIX_PATH=${CMAKE_PREFIX_PATH}:/opt/ros/humble /usr/bin/cmake --install /home/robot/go2_ws_toolbox/build/go2_perception
[22.770s] Level 1:colcon.colcon_core.environment:create_environment_scripts_only(go2_perception)
[22.771s] Level 1:colcon.colcon_core.environment:checking '/home/robot/go2_ws_toolbox/install/go2_perception' for CMake module files
[22.771s] DEBUG:colcon.colcon_core.event_handler.log_command:Invoked command in '/home/robot/go2_ws_toolbox/build/go2_perception' returned '0': CMAKE_PREFIX_PATH=${CMAKE_PREFIX_PATH}:/opt/ros/humble /usr/bin/cmake --install /home/robot/go2_ws_toolbox/build/go2_perception
[22.771s] Level 1:colcon.colcon_core.environment:checking '/home/robot/go2_ws_toolbox/install/go2_perception' for CMake config files
[22.772s] Level 1:colcon.colcon_core.shell:create_environment_hook('go2_perception', 'cmake_prefix_path')
[22.772s] INFO:colcon.colcon_core.shell:Creating environment hook '/home/robot/go2_ws_toolbox/install/go2_perception/share/go2_perception/hook/cmake_prefix_path.ps1'
[22.772s] INFO:colcon.colcon_core.shell:Creating environment descriptor '/home/robot/go2_ws_toolbox/install/go2_perception/share/go2_perception/hook/cmake_prefix_path.dsv'
[22.772s] INFO:colcon.colcon_core.shell:Creating environment hook '/home/robot/go2_ws_toolbox/install/go2_perception/share/go2_perception/hook/cmake_prefix_path.sh'
[22.773s] Level 1:colcon.colcon_core.environment:checking '/home/robot/go2_ws_toolbox/install/go2_perception/lib'
[22.773s] Level 1:colcon.colcon_core.shell:create_environment_hook('go2_perception', 'ld_library_path_lib')
[22.773s] INFO:colcon.colcon_core.shell:Creating environment hook '/home/robot/go2_ws_toolbox/install/go2_perception/share/go2_perception/hook/ld_library_path_lib.ps1'
[22.773s] INFO:colcon.colcon_core.shell:Creating environment descriptor '/home/robot/go2_ws_toolbox/install/go2_perception/share/go2_perception/hook/ld_library_path_lib.dsv'
[22.773s] INFO:colcon.colcon_core.shell:Creating environment hook '/home/robot/go2_ws_toolbox/install/go2_perception/share/go2_perception/hook/ld_library_path_lib.sh'
[22.774s] Level 1:colcon.colcon_core.environment:checking '/home/robot/go2_ws_toolbox/install/go2_perception/bin'
[22.774s] Level 1:colcon.colcon_core.environment:checking '/home/robot/go2_ws_toolbox/install/go2_perception/lib/pkgconfig/go2_perception.pc'
[22.774s] Level 1:colcon.colcon_core.environment:checking '/home/robot/go2_ws_toolbox/install/go2_perception/lib/python3.10/site-packages'
[22.774s] Level 1:colcon.colcon_core.environment:checking '/home/robot/go2_ws_toolbox/install/go2_perception/bin'
[22.774s] INFO:colcon.colcon_core.shell:Creating package script '/home/robot/go2_ws_toolbox/install/go2_perception/share/go2_perception/package.ps1'
[22.774s] INFO:colcon.colcon_core.shell:Creating package descriptor '/home/robot/go2_ws_toolbox/install/go2_perception/share/go2_perception/package.dsv'
[22.775s] INFO:colcon.colcon_core.shell:Creating package script '/home/robot/go2_ws_toolbox/install/go2_perception/share/go2_perception/package.sh'
[22.775s] INFO:colcon.colcon_core.shell:Creating package script '/home/robot/go2_ws_toolbox/install/go2_perception/share/go2_perception/package.bash'
[22.775s] INFO:colcon.colcon_core.shell:Creating package script '/home/robot/go2_ws_toolbox/install/go2_perception/share/go2_perception/package.zsh'
[22.775s] Level 1:colcon.colcon_core.environment:create_file_with_runtime_dependencies(/home/robot/go2_ws_toolbox/install/go2_perception/share/colcon-core/packages/go2_perception)
[22.776s] Level 1:colcon.colcon_core.environment:create_environment_scripts_only(go2_perception)
[22.776s] Level 1:colcon.colcon_core.environment:checking '/home/robot/go2_ws_toolbox/install/go2_perception' for CMake module files
[22.776s] Level 1:colcon.colcon_core.environment:checking '/home/robot/go2_ws_toolbox/install/go2_perception' for CMake config files
[22.776s] Level 1:colcon.colcon_core.shell:create_environment_hook('go2_perception', 'cmake_prefix_path')
[22.776s] INFO:colcon.colcon_core.shell:Creating environment hook '/home/robot/go2_ws_toolbox/install/go2_perception/share/go2_perception/hook/cmake_prefix_path.ps1'
[22.776s] INFO:colcon.colcon_core.shell:Creating environment descriptor '/home/robot/go2_ws_toolbox/install/go2_perception/share/go2_perception/hook/cmake_prefix_path.dsv'
[22.777s] INFO:colcon.colcon_core.shell:Creating environment hook '/home/robot/go2_ws_toolbox/install/go2_perception/share/go2_perception/hook/cmake_prefix_path.sh'
[22.777s] Level 1:colcon.colcon_core.environment:checking '/home/robot/go2_ws_toolbox/install/go2_perception/lib'
[22.777s] Level 1:colcon.colcon_core.shell:create_environment_hook('go2_perception', 'ld_library_path_lib')
[22.777s] INFO:colcon.colcon_core.shell:Creating environment hook '/home/robot/go2_ws_toolbox/install/go2_perception/share/go2_perception/hook/ld_library_path_lib.ps1'
[22.777s] INFO:colcon.colcon_core.shell:Creating environment descriptor '/home/robot/go2_ws_toolbox/install/go2_perception/share/go2_perception/hook/ld_library_path_lib.dsv'
[22.777s] INFO:colcon.colcon_core.shell:Creating environment hook '/home/robot/go2_ws_toolbox/install/go2_perception/share/go2_perception/hook/ld_library_path_lib.sh'
[22.778s] Level 1:colcon.colcon_core.environment:checking '/home/robot/go2_ws_toolbox/install/go2_perception/bin'
[22.778s] Level 1:colcon.colcon_core.environment:checking '/home/robot/go2_ws_toolbox/install/go2_perception/lib/pkgconfig/go2_perception.pc'
[22.778s] Level 1:colcon.colcon_core.environment:checking '/home/robot/go2_ws_toolbox/install/go2_perception/lib/python3.10/site-packages'
[22.778s] Level 1:colcon.colcon_core.environment:checking '/home/robot/go2_ws_toolbox/install/go2_perception/bin'
[22.778s] INFO:colcon.colcon_core.shell:Creating package script '/home/robot/go2_ws_toolbox/install/go2_perception/share/go2_perception/package.ps1'
[22.778s] INFO:colcon.colcon_core.shell:Creating package descriptor '/home/robot/go2_ws_toolbox/install/go2_perception/share/go2_perception/package.dsv'
[22.779s] INFO:colcon.colcon_core.shell:Creating package script '/home/robot/go2_ws_toolbox/install/go2_perception/share/go2_perception/package.sh'
[22.779s] INFO:colcon.colcon_core.shell:Creating package script '/home/robot/go2_ws_toolbox/install/go2_perception/share/go2_perception/package.bash'
[22.779s] INFO:colcon.colcon_core.shell:Creating package script '/home/robot/go2_ws_toolbox/install/go2_perception/share/go2_perception/package.zsh'
[22.779s] Level 1:colcon.colcon_core.environment:create_file_with_runtime_dependencies(/home/robot/go2_ws_toolbox/install/go2_perception/share/colcon-core/packages/go2_perception)
[22.779s] DEBUG:colcon.colcon_parallel_executor.executor.parallel:closing loop
[22.779s] DEBUG:colcon.colcon_parallel_executor.executor.parallel:loop closed
[22.779s] DEBUG:colcon.colcon_parallel_executor.executor.parallel:run_until_complete finished with '0'
[22.779s] DEBUG:colcon.colcon_core.event_reactor:joining thread
[22.784s] INFO:colcon.colcon_core.plugin_system:Skipping extension 'colcon_notification.desktop_notification.terminal_notifier': Not used on non-Darwin systems
[22.784s] INFO:colcon.colcon_core.plugin_system:Skipping extension 'colcon_notification.desktop_notification.win32': Not used on non-Windows systems
[22.784s] INFO:colcon.colcon_notification.desktop_notification:Sending desktop notification using 'notify2'
[22.793s] DEBUG:colcon.colcon_core.event_reactor:joined thread
[22.793s] INFO:colcon.colcon_core.shell:Creating prefix script '/home/robot/go2_ws_toolbox/install/local_setup.ps1'
[22.794s] INFO:colcon.colcon_core.shell:Creating prefix util module '/home/robot/go2_ws_toolbox/install/_local_setup_util_ps1.py'
[22.795s] INFO:colcon.colcon_core.shell:Creating prefix chain script '/home/robot/go2_ws_toolbox/install/setup.ps1'
[22.796s] INFO:colcon.colcon_core.shell:Creating prefix script '/home/robot/go2_ws_toolbox/install/local_setup.sh'
[22.797s] INFO:colcon.colcon_core.shell:Creating prefix util module '/home/robot/go2_ws_toolbox/install/_local_setup_util_sh.py'
[22.797s] INFO:colcon.colcon_core.shell:Creating prefix chain script '/home/robot/go2_ws_toolbox/install/setup.sh'
[22.798s] INFO:colcon.colcon_core.shell:Creating prefix script '/home/robot/go2_ws_toolbox/install/local_setup.bash'
[22.798s] INFO:colcon.colcon_core.shell:Creating prefix chain script '/home/robot/go2_ws_toolbox/install/setup.bash'
[22.799s] INFO:colcon.colcon_core.shell:Creating prefix script '/home/robot/go2_ws_toolbox/install/local_setup.zsh'
[22.799s] INFO:colcon.colcon_core.shell:Creating prefix chain script '/home/robot/go2_ws_toolbox/install/setup.zsh'
