[0.024s] Invoking command in '/home/robot/go2_ws_toolbox/build/go2_core': CMAKE_PREFIX_PATH=${CMAKE_PREFIX_PATH}:/opt/ros/humble /usr/bin/cmake --build /home/robot/go2_ws_toolbox/build/go2_core -- -j16 -l16
[0.074s] [ 50%] [32mBuilding CXX object CMakeFiles/driver.dir/src/driver.cpp.o[0m
[17.850s] [100%] [32m[1mLinking CXX executable driver[0m
[24.596s] [100%] Built target driver
[24.668s] Invoked command in '/home/robot/go2_ws_toolbox/build/go2_core' returned '0': CMAKE_PREFIX_PATH=${CMAKE_PREFIX_PATH}:/opt/ros/humble /usr/bin/cmake --build /home/robot/go2_ws_toolbox/build/go2_core -- -j16 -l16
[24.678s] Invoking command in '/home/robot/go2_ws_toolbox/build/go2_core': CMAKE_PREFIX_PATH=${CMAKE_PREFIX_PATH}:/opt/ros/humble /usr/bin/cmake --install /home/robot/go2_ws_toolbox/build/go2_core
[24.729s] -- Install configuration: ""
[24.729s] -- Up-to-date: /home/robot/go2_ws_toolbox/install/go2_core/share/go2_core/launch
[24.730s] -- Up-to-date: /home/robot/go2_ws_toolbox/install/go2_core/share/go2_core/launch/go2_start.launch.py
[24.730s] -- Up-to-date: /home/robot/go2_ws_toolbox/install/go2_core/share/go2_core/rviz2
[24.730s] -- Up-to-date: /home/robot/go2_ws_toolbox/install/go2_core/share/go2_core/rviz2/display.rviz
[24.731s] -- Installing: /home/robot/go2_ws_toolbox/install/go2_core/lib/go2_core/driver
[24.778s] -- Set runtime path of "/home/robot/go2_ws_toolbox/install/go2_core/lib/go2_core/driver" to ""
[24.779s] -- Up-to-date: /home/robot/go2_ws_toolbox/install/go2_core/share/ament_index/resource_index/package_run_dependencies/go2_core
[24.780s] -- Up-to-date: /home/robot/go2_ws_toolbox/install/go2_core/share/ament_index/resource_index/parent_prefix_path/go2_core
[24.781s] -- Up-to-date: /home/robot/go2_ws_toolbox/install/go2_core/share/go2_core/environment/ament_prefix_path.sh
[24.782s] -- Up-to-date: /home/robot/go2_ws_toolbox/install/go2_core/share/go2_core/environment/ament_prefix_path.dsv
[24.783s] -- Up-to-date: /home/robot/go2_ws_toolbox/install/go2_core/share/go2_core/environment/path.sh
[24.783s] -- Up-to-date: /home/robot/go2_ws_toolbox/install/go2_core/share/go2_core/environment/path.dsv
[24.784s] -- Up-to-date: /home/robot/go2_ws_toolbox/install/go2_core/share/go2_core/local_setup.bash
[24.785s] -- Up-to-date: /home/robot/go2_ws_toolbox/install/go2_core/share/go2_core/local_setup.sh
[24.785s] -- Up-to-date: /home/robot/go2_ws_toolbox/install/go2_core/share/go2_core/local_setup.zsh
[24.785s] -- Up-to-date: /home/robot/go2_ws_toolbox/install/go2_core/share/go2_core/local_setup.dsv
[24.785s] -- Installing: /home/robot/go2_ws_toolbox/install/go2_core/share/go2_core/package.dsv
[24.786s] -- Up-to-date: /home/robot/go2_ws_toolbox/install/go2_core/share/ament_index/resource_index/packages/go2_core
[24.786s] -- Up-to-date: /home/robot/go2_ws_toolbox/install/go2_core/share/go2_core/cmake/go2_coreConfig.cmake
[24.786s] -- Up-to-date: /home/robot/go2_ws_toolbox/install/go2_core/share/go2_core/cmake/go2_coreConfig-version.cmake
[24.786s] -- Up-to-date: /home/robot/go2_ws_toolbox/install/go2_core/share/go2_core/package.xml
[24.800s] Invoked command in '/home/robot/go2_ws_toolbox/build/go2_core' returned '0': CMAKE_PREFIX_PATH=${CMAKE_PREFIX_PATH}:/opt/ros/humble /usr/bin/cmake --install /home/robot/go2_ws_toolbox/build/go2_core
