[0.029s] Invoking command in '/home/robot/go2_ws_toolbox/build/go2_driver': CMAKE_PREFIX_PATH=${CMAKE_PREFIX_PATH}:/opt/ros/humble /usr/bin/cmake --build /home/robot/go2_ws_toolbox/build/go2_driver -- -j16 -l16
[0.064s] [35m[1mConsolidate compiler generated dependencies of target lowstate_to_imu[0m
[0.077s] [ 33%] Built target footprint_to_link
[0.077s] [ 66%] Built target driver
[0.081s] [100%] Built target lowstate_to_imu
[0.115s] Invoked command in '/home/robot/go2_ws_toolbox/build/go2_driver' returned '0': CMAKE_PREFIX_PATH=${CMAKE_PREFIX_PATH}:/opt/ros/humble /usr/bin/cmake --build /home/robot/go2_ws_toolbox/build/go2_driver -- -j16 -l16
[0.117s] Invoking command in '/home/robot/go2_ws_toolbox/build/go2_driver': CMAKE_PREFIX_PATH=${CMAKE_PREFIX_PATH}:/opt/ros/humble /usr/bin/cmake --install /home/robot/go2_ws_toolbox/build/go2_driver
[0.121s] -- Install configuration: ""
[0.121s] -- Up-to-date: /home/robot/go2_ws_toolbox/install/go2_driver/lib/go2_driver/driver
[0.121s] -- Up-to-date: /home/robot/go2_ws_toolbox/install/go2_driver/lib/go2_driver/footprint_to_link
[0.121s] -- Up-to-date: /home/robot/go2_ws_toolbox/install/go2_driver/lib/go2_driver/lowstate_to_imu
[0.121s] -- Up-to-date: /home/robot/go2_ws_toolbox/install/go2_driver/share/go2_driver/launch
[0.121s] -- Up-to-date: /home/robot/go2_ws_toolbox/install/go2_driver/share/go2_driver/launch/driver.launch.py
[0.121s] -- Up-to-date: /home/robot/go2_ws_toolbox/install/go2_driver/share/go2_driver/params
[0.122s] -- Up-to-date: /home/robot/go2_ws_toolbox/install/go2_driver/share/go2_driver/params/driver.yaml
[0.122s] -- Up-to-date: /home/robot/go2_ws_toolbox/install/go2_driver/share/go2_driver/rviz
[0.122s] -- Up-to-date: /home/robot/go2_ws_toolbox/install/go2_driver/share/go2_driver/rviz/display.rviz
[0.122s] -- Up-to-date: /home/robot/go2_ws_toolbox/install/go2_driver/share/ament_index/resource_index/package_run_dependencies/go2_driver
[0.123s] -- Up-to-date: /home/robot/go2_ws_toolbox/install/go2_driver/share/ament_index/resource_index/parent_prefix_path/go2_driver
[0.123s] -- Up-to-date: /home/robot/go2_ws_toolbox/install/go2_driver/share/go2_driver/environment/ament_prefix_path.sh
[0.123s] -- Up-to-date: /home/robot/go2_ws_toolbox/install/go2_driver/share/go2_driver/environment/ament_prefix_path.dsv
[0.123s] -- Up-to-date: /home/robot/go2_ws_toolbox/install/go2_driver/share/go2_driver/environment/path.sh
[0.123s] -- Up-to-date: /home/robot/go2_ws_toolbox/install/go2_driver/share/go2_driver/environment/path.dsv
[0.123s] -- Up-to-date: /home/robot/go2_ws_toolbox/install/go2_driver/share/go2_driver/local_setup.bash
[0.123s] -- Up-to-date: /home/robot/go2_ws_toolbox/install/go2_driver/share/go2_driver/local_setup.sh
[0.123s] -- Up-to-date: /home/robot/go2_ws_toolbox/install/go2_driver/share/go2_driver/local_setup.zsh
[0.123s] -- Up-to-date: /home/robot/go2_ws_toolbox/install/go2_driver/share/go2_driver/local_setup.dsv
[0.123s] -- Installing: /home/robot/go2_ws_toolbox/install/go2_driver/share/go2_driver/package.dsv
[0.123s] -- Up-to-date: /home/robot/go2_ws_toolbox/install/go2_driver/share/ament_index/resource_index/packages/go2_driver
[0.123s] -- Up-to-date: /home/robot/go2_ws_toolbox/install/go2_driver/share/go2_driver/cmake/go2_driverConfig.cmake
[0.123s] -- Up-to-date: /home/robot/go2_ws_toolbox/install/go2_driver/share/go2_driver/cmake/go2_driverConfig-version.cmake
[0.123s] -- Up-to-date: /home/robot/go2_ws_toolbox/install/go2_driver/share/go2_driver/package.xml
[0.146s] Invoked command in '/home/robot/go2_ws_toolbox/build/go2_driver' returned '0': CMAKE_PREFIX_PATH=${CMAKE_PREFIX_PATH}:/opt/ros/humble /usr/bin/cmake --install /home/robot/go2_ws_toolbox/build/go2_driver
