[0.063s] DEBUG:colcon:Command line arguments: ['/usr/bin/colcon', 'build']
[0.063s] DEBUG:colcon:Parsed command line arguments: Namespace(log_base=None, log_level=None, verb_name='build', build_base='build', install_base='install', merge_install=False, symlink_install=False, test_result_base=None, continue_on_error=False, executor='parallel', parallel_workers=16, event_handlers=None, ignore_user_meta=False, metas=['./colcon.meta'], base_paths=['.'], packages_ignore=None, packages_ignore_regex=None, paths=None, packages_up_to=None, packages_up_to_regex=None, packages_above=None, packages_above_and_dependencies=None, packages_above_depth=None, packages_select_by_dep=None, packages_skip_by_dep=None, packages_skip_up_to=None, packages_select_build_failed=False, packages_skip_build_finished=False, packages_select_test_failures=False, packages_skip_test_passed=False, packages_select=None, packages_skip=None, packages_select_regex=None, packages_skip_regex=None, packages_start=None, packages_end=None, allow_overriding=[], cmake_args=None, cmake_target=None, cmake_target_skip_unavailable=False, cmake_clean_cache=False, cmake_clean_first=False, cmake_force_configure=False, ament_cmake_args=None, catkin_cmake_args=None, catkin_skip_building_tests=False, verb_parser=<colcon_defaults.argument_parser.defaults.DefaultArgumentsDecorator object at 0x736ef0469ba0>, verb_extension=<colcon_core.verb.build.BuildVerb object at 0x736ef0469690>, main=<bound method BuildVerb.main of <colcon_core.verb.build.BuildVerb object at 0x736ef0469690>>)
[0.158s] Level 1:colcon.colcon_core.package_discovery:discover_packages(colcon_meta) check parameters
[0.159s] Level 1:colcon.colcon_core.package_discovery:discover_packages(recursive) check parameters
[0.159s] Level 1:colcon.colcon_core.package_discovery:discover_packages(ignore) check parameters
[0.159s] Level 1:colcon.colcon_core.package_discovery:discover_packages(path) check parameters
[0.159s] Level 1:colcon.colcon_core.package_discovery:discover_packages(colcon_meta) discover
[0.159s] Level 1:colcon.colcon_core.package_discovery:discover_packages(recursive) discover
[0.159s] INFO:colcon.colcon_core.package_discovery:Crawling recursively for packages in '/home/robot/go2_ws_toolbox'
[0.159s] Level 1:colcon.colcon_core.package_identification:_identify(.) by extensions ['ignore', 'ignore_ament_install']
[0.159s] Level 1:colcon.colcon_core.package_identification:_identify(.) by extension 'ignore'
[0.159s] Level 1:colcon.colcon_core.package_identification:_identify(.) by extension 'ignore_ament_install'
[0.159s] Level 1:colcon.colcon_core.package_identification:_identify(.) by extensions ['colcon_pkg']
[0.159s] Level 1:colcon.colcon_core.package_identification:_identify(.) by extension 'colcon_pkg'
[0.159s] Level 1:colcon.colcon_core.package_identification:_identify(.) by extensions ['colcon_meta']
[0.159s] Level 1:colcon.colcon_core.package_identification:_identify(.) by extension 'colcon_meta'
[0.159s] Level 1:colcon.colcon_core.package_identification:_identify(.) by extensions ['ros']
[0.159s] Level 1:colcon.colcon_core.package_identification:_identify(.) by extension 'ros'
[0.166s] Level 1:colcon.colcon_core.package_identification:_identify(.) by extensions ['cmake', 'python']
[0.166s] Level 1:colcon.colcon_core.package_identification:_identify(.) by extension 'cmake'
[0.166s] Level 1:colcon.colcon_core.package_identification:_identify(.) by extension 'python'
[0.166s] Level 1:colcon.colcon_core.package_identification:_identify(.) by extensions ['python_setup_py']
[0.166s] Level 1:colcon.colcon_core.package_identification:_identify(.) by extension 'python_setup_py'
[0.166s] Level 1:colcon.colcon_core.package_identification:_identify(build) by extensions ['ignore', 'ignore_ament_install']
[0.166s] Level 1:colcon.colcon_core.package_identification:_identify(build) by extension 'ignore'
[0.166s] Level 1:colcon.colcon_core.package_identification:_identify(build) ignored
[0.166s] Level 1:colcon.colcon_core.package_identification:_identify(install) by extensions ['ignore', 'ignore_ament_install']
[0.166s] Level 1:colcon.colcon_core.package_identification:_identify(install) by extension 'ignore'
[0.166s] Level 1:colcon.colcon_core.package_identification:_identify(install) ignored
[0.166s] Level 1:colcon.colcon_core.package_identification:_identify(log) by extensions ['ignore', 'ignore_ament_install']
[0.166s] Level 1:colcon.colcon_core.package_identification:_identify(log) by extension 'ignore'
[0.167s] Level 1:colcon.colcon_core.package_identification:_identify(log) ignored
[0.167s] Level 1:colcon.colcon_core.package_identification:_identify(src) by extensions ['ignore', 'ignore_ament_install']
[0.167s] Level 1:colcon.colcon_core.package_identification:_identify(src) by extension 'ignore'
[0.167s] Level 1:colcon.colcon_core.package_identification:_identify(src) by extension 'ignore_ament_install'
[0.167s] Level 1:colcon.colcon_core.package_identification:_identify(src) by extensions ['colcon_pkg']
[0.167s] Level 1:colcon.colcon_core.package_identification:_identify(src) by extension 'colcon_pkg'
[0.167s] Level 1:colcon.colcon_core.package_identification:_identify(src) by extensions ['colcon_meta']
[0.167s] Level 1:colcon.colcon_core.package_identification:_identify(src) by extension 'colcon_meta'
[0.167s] Level 1:colcon.colcon_core.package_identification:_identify(src) by extensions ['ros']
[0.167s] Level 1:colcon.colcon_core.package_identification:_identify(src) by extension 'ros'
[0.167s] Level 1:colcon.colcon_core.package_identification:_identify(src) by extensions ['cmake', 'python']
[0.167s] Level 1:colcon.colcon_core.package_identification:_identify(src) by extension 'cmake'
[0.167s] Level 1:colcon.colcon_core.package_identification:_identify(src) by extension 'python'
[0.167s] Level 1:colcon.colcon_core.package_identification:_identify(src) by extensions ['python_setup_py']
[0.167s] Level 1:colcon.colcon_core.package_identification:_identify(src) by extension 'python_setup_py'
[0.167s] Level 1:colcon.colcon_core.package_identification:_identify(src/base) by extensions ['ignore', 'ignore_ament_install']
[0.167s] Level 1:colcon.colcon_core.package_identification:_identify(src/base) by extension 'ignore'
[0.167s] Level 1:colcon.colcon_core.package_identification:_identify(src/base) by extension 'ignore_ament_install'
[0.167s] Level 1:colcon.colcon_core.package_identification:_identify(src/base) by extensions ['colcon_pkg']
[0.167s] Level 1:colcon.colcon_core.package_identification:_identify(src/base) by extension 'colcon_pkg'
[0.167s] Level 1:colcon.colcon_core.package_identification:_identify(src/base) by extensions ['colcon_meta']
[0.167s] Level 1:colcon.colcon_core.package_identification:_identify(src/base) by extension 'colcon_meta'
[0.167s] Level 1:colcon.colcon_core.package_identification:_identify(src/base) by extensions ['ros']
[0.167s] Level 1:colcon.colcon_core.package_identification:_identify(src/base) by extension 'ros'
[0.167s] Level 1:colcon.colcon_core.package_identification:_identify(src/base) by extensions ['cmake', 'python']
[0.167s] Level 1:colcon.colcon_core.package_identification:_identify(src/base) by extension 'cmake'
[0.167s] Level 1:colcon.colcon_core.package_identification:_identify(src/base) by extension 'python'
[0.167s] Level 1:colcon.colcon_core.package_identification:_identify(src/base) by extensions ['python_setup_py']
[0.167s] Level 1:colcon.colcon_core.package_identification:_identify(src/base) by extension 'python_setup_py'
[0.167s] Level 1:colcon.colcon_core.package_identification:_identify(src/base/go2_core) by extensions ['ignore', 'ignore_ament_install']
[0.167s] Level 1:colcon.colcon_core.package_identification:_identify(src/base/go2_core) by extension 'ignore'
[0.167s] Level 1:colcon.colcon_core.package_identification:_identify(src/base/go2_core) by extension 'ignore_ament_install'
[0.167s] Level 1:colcon.colcon_core.package_identification:_identify(src/base/go2_core) by extensions ['colcon_pkg']
[0.167s] Level 1:colcon.colcon_core.package_identification:_identify(src/base/go2_core) by extension 'colcon_pkg'
[0.167s] Level 1:colcon.colcon_core.package_identification:_identify(src/base/go2_core) by extensions ['colcon_meta']
[0.167s] Level 1:colcon.colcon_core.package_identification:_identify(src/base/go2_core) by extension 'colcon_meta'
[0.167s] Level 1:colcon.colcon_core.package_identification:_identify(src/base/go2_core) by extensions ['ros']
[0.167s] Level 1:colcon.colcon_core.package_identification:_identify(src/base/go2_core) by extension 'ros'
[0.169s] DEBUG:colcon.colcon_core.package_identification:Package 'src/base/go2_core' with type 'ros.ament_cmake' and name 'go2_core'
[0.169s] Level 1:colcon.colcon_core.package_identification:_identify(src/base/go2_driver) by extensions ['ignore', 'ignore_ament_install']
[0.169s] Level 1:colcon.colcon_core.package_identification:_identify(src/base/go2_driver) by extension 'ignore'
[0.169s] Level 1:colcon.colcon_core.package_identification:_identify(src/base/go2_driver) by extension 'ignore_ament_install'
[0.169s] Level 1:colcon.colcon_core.package_identification:_identify(src/base/go2_driver) by extensions ['colcon_pkg']
[0.169s] Level 1:colcon.colcon_core.package_identification:_identify(src/base/go2_driver) by extension 'colcon_pkg'
[0.169s] Level 1:colcon.colcon_core.package_identification:_identify(src/base/go2_driver) by extensions ['colcon_meta']
[0.169s] Level 1:colcon.colcon_core.package_identification:_identify(src/base/go2_driver) by extension 'colcon_meta'
[0.169s] Level 1:colcon.colcon_core.package_identification:_identify(src/base/go2_driver) by extensions ['ros']
[0.169s] Level 1:colcon.colcon_core.package_identification:_identify(src/base/go2_driver) by extension 'ros'
[0.170s] DEBUG:colcon.colcon_core.package_identification:Package 'src/base/go2_driver' with type 'ros.ament_cmake' and name 'go2_driver'
[0.170s] Level 1:colcon.colcon_core.package_identification:_identify(src/base/go2_twist_bridge) by extensions ['ignore', 'ignore_ament_install']
[0.170s] Level 1:colcon.colcon_core.package_identification:_identify(src/base/go2_twist_bridge) by extension 'ignore'
[0.170s] Level 1:colcon.colcon_core.package_identification:_identify(src/base/go2_twist_bridge) by extension 'ignore_ament_install'
[0.170s] Level 1:colcon.colcon_core.package_identification:_identify(src/base/go2_twist_bridge) by extensions ['colcon_pkg']
[0.170s] Level 1:colcon.colcon_core.package_identification:_identify(src/base/go2_twist_bridge) by extension 'colcon_pkg'
[0.170s] Level 1:colcon.colcon_core.package_identification:_identify(src/base/go2_twist_bridge) by extensions ['colcon_meta']
[0.170s] Level 1:colcon.colcon_core.package_identification:_identify(src/base/go2_twist_bridge) by extension 'colcon_meta'
[0.170s] Level 1:colcon.colcon_core.package_identification:_identify(src/base/go2_twist_bridge) by extensions ['ros']
[0.170s] Level 1:colcon.colcon_core.package_identification:_identify(src/base/go2_twist_bridge) by extension 'ros'
[0.171s] DEBUG:colcon.colcon_core.package_identification:Package 'src/base/go2_twist_bridge' with type 'ros.ament_cmake' and name 'go2_twist_bridge'
[0.171s] Level 1:colcon.colcon_core.package_identification:_identify(src/go2_description) by extensions ['ignore', 'ignore_ament_install']
[0.171s] Level 1:colcon.colcon_core.package_identification:_identify(src/go2_description) by extension 'ignore'
[0.171s] Level 1:colcon.colcon_core.package_identification:_identify(src/go2_description) by extension 'ignore_ament_install'
[0.171s] Level 1:colcon.colcon_core.package_identification:_identify(src/go2_description) by extensions ['colcon_pkg']
[0.171s] Level 1:colcon.colcon_core.package_identification:_identify(src/go2_description) by extension 'colcon_pkg'
[0.171s] Level 1:colcon.colcon_core.package_identification:_identify(src/go2_description) by extensions ['colcon_meta']
[0.171s] Level 1:colcon.colcon_core.package_identification:_identify(src/go2_description) by extension 'colcon_meta'
[0.171s] Level 1:colcon.colcon_core.package_identification:_identify(src/go2_description) by extensions ['ros']
[0.171s] Level 1:colcon.colcon_core.package_identification:_identify(src/go2_description) by extension 'ros'
[0.171s] DEBUG:colcon.colcon_core.package_identification:Package 'src/go2_description' with type 'ros.ament_cmake' and name 'go2_description'
[0.171s] Level 1:colcon.colcon_core.package_identification:_identify(src/go2_navigation2) by extensions ['ignore', 'ignore_ament_install']
[0.171s] Level 1:colcon.colcon_core.package_identification:_identify(src/go2_navigation2) by extension 'ignore'
[0.171s] Level 1:colcon.colcon_core.package_identification:_identify(src/go2_navigation2) by extension 'ignore_ament_install'
[0.171s] Level 1:colcon.colcon_core.package_identification:_identify(src/go2_navigation2) by extensions ['colcon_pkg']
[0.171s] Level 1:colcon.colcon_core.package_identification:_identify(src/go2_navigation2) by extension 'colcon_pkg'
[0.171s] Level 1:colcon.colcon_core.package_identification:_identify(src/go2_navigation2) by extensions ['colcon_meta']
[0.171s] Level 1:colcon.colcon_core.package_identification:_identify(src/go2_navigation2) by extension 'colcon_meta'
[0.171s] Level 1:colcon.colcon_core.package_identification:_identify(src/go2_navigation2) by extensions ['ros']
[0.171s] Level 1:colcon.colcon_core.package_identification:_identify(src/go2_navigation2) by extension 'ros'
[0.172s] DEBUG:colcon.colcon_core.package_identification:Package 'src/go2_navigation2' with type 'ros.ament_cmake' and name 'go2_navigation2'
[0.172s] Level 1:colcon.colcon_core.package_identification:_identify(src/go2_perception) by extensions ['ignore', 'ignore_ament_install']
[0.172s] Level 1:colcon.colcon_core.package_identification:_identify(src/go2_perception) by extension 'ignore'
[0.172s] Level 1:colcon.colcon_core.package_identification:_identify(src/go2_perception) by extension 'ignore_ament_install'
[0.172s] Level 1:colcon.colcon_core.package_identification:_identify(src/go2_perception) by extensions ['colcon_pkg']
[0.172s] Level 1:colcon.colcon_core.package_identification:_identify(src/go2_perception) by extension 'colcon_pkg'
[0.172s] Level 1:colcon.colcon_core.package_identification:_identify(src/go2_perception) by extensions ['colcon_meta']
[0.172s] Level 1:colcon.colcon_core.package_identification:_identify(src/go2_perception) by extension 'colcon_meta'
[0.172s] Level 1:colcon.colcon_core.package_identification:_identify(src/go2_perception) by extensions ['ros']
[0.172s] Level 1:colcon.colcon_core.package_identification:_identify(src/go2_perception) by extension 'ros'
[0.172s] DEBUG:colcon.colcon_core.package_identification:Package 'src/go2_perception' with type 'ros.ament_cmake' and name 'go2_perception'
[0.172s] Level 1:colcon.colcon_core.package_identification:_identify(src/go2_slam) by extensions ['ignore', 'ignore_ament_install']
[0.172s] Level 1:colcon.colcon_core.package_identification:_identify(src/go2_slam) by extension 'ignore'
[0.172s] Level 1:colcon.colcon_core.package_identification:_identify(src/go2_slam) by extension 'ignore_ament_install'
[0.172s] Level 1:colcon.colcon_core.package_identification:_identify(src/go2_slam) by extensions ['colcon_pkg']
[0.172s] Level 1:colcon.colcon_core.package_identification:_identify(src/go2_slam) by extension 'colcon_pkg'
[0.172s] Level 1:colcon.colcon_core.package_identification:_identify(src/go2_slam) by extensions ['colcon_meta']
[0.172s] Level 1:colcon.colcon_core.package_identification:_identify(src/go2_slam) by extension 'colcon_meta'
[0.172s] Level 1:colcon.colcon_core.package_identification:_identify(src/go2_slam) by extensions ['ros']
[0.172s] Level 1:colcon.colcon_core.package_identification:_identify(src/go2_slam) by extension 'ros'
[0.173s] DEBUG:colcon.colcon_core.package_identification:Package 'src/go2_slam' with type 'ros.ament_cmake' and name 'go2_slam'
[0.173s] Level 1:colcon.colcon_core.package_discovery:discover_packages(recursive) using defaults
[0.173s] Level 1:colcon.colcon_core.package_discovery:discover_packages(ignore) discover
[0.173s] Level 1:colcon.colcon_core.package_discovery:discover_packages(ignore) using defaults
[0.173s] Level 1:colcon.colcon_core.package_discovery:discover_packages(path) discover
[0.173s] Level 1:colcon.colcon_core.package_discovery:discover_packages(path) using defaults
[0.198s] Level 1:colcon.colcon_core.package_discovery:discover_packages(prefix_path) check parameters
[0.198s] Level 1:colcon.colcon_core.package_discovery:discover_packages(prefix_path) discover
[0.200s] DEBUG:colcon.colcon_installed_package_information.package_discovery:Found 8 installed packages in /home/robot/go2_ws_toolbox/install
[0.200s] DEBUG:colcon.colcon_installed_package_information.package_discovery:Found 5 installed packages in /home/robot/unitree_ros2/cyclonedds_ws/install
[0.201s] DEBUG:colcon.colcon_installed_package_information.package_discovery:Found 435 installed packages in /opt/ros/humble
[0.202s] Level 1:colcon.colcon_core.package_discovery:discover_packages(prefix_path) using defaults
[0.233s] Level 5:colcon.colcon_core.verb:set package 'go2_core' build argument 'cmake_args' from command line to 'None'
[0.233s] Level 5:colcon.colcon_core.verb:set package 'go2_core' build argument 'cmake_target' from command line to 'None'
[0.233s] Level 5:colcon.colcon_core.verb:set package 'go2_core' build argument 'cmake_target_skip_unavailable' from command line to 'False'
[0.233s] Level 5:colcon.colcon_core.verb:set package 'go2_core' build argument 'cmake_clean_cache' from command line to 'False'
[0.233s] Level 5:colcon.colcon_core.verb:set package 'go2_core' build argument 'cmake_clean_first' from command line to 'False'
[0.233s] Level 5:colcon.colcon_core.verb:set package 'go2_core' build argument 'cmake_force_configure' from command line to 'False'
[0.233s] Level 5:colcon.colcon_core.verb:set package 'go2_core' build argument 'ament_cmake_args' from command line to 'None'
[0.233s] Level 5:colcon.colcon_core.verb:set package 'go2_core' build argument 'catkin_cmake_args' from command line to 'None'
[0.233s] Level 5:colcon.colcon_core.verb:set package 'go2_core' build argument 'catkin_skip_building_tests' from command line to 'False'
[0.233s] DEBUG:colcon.colcon_core.verb:Building package 'go2_core' with the following arguments: {'ament_cmake_args': None, 'build_base': '/home/robot/go2_ws_toolbox/build/go2_core', 'catkin_cmake_args': None, 'catkin_skip_building_tests': False, 'cmake_args': None, 'cmake_clean_cache': False, 'cmake_clean_first': False, 'cmake_force_configure': False, 'cmake_target': None, 'cmake_target_skip_unavailable': False, 'install_base': '/home/robot/go2_ws_toolbox/install/go2_core', 'merge_install': False, 'path': '/home/robot/go2_ws_toolbox/src/base/go2_core', 'symlink_install': False, 'test_result_base': None}
[0.233s] Level 5:colcon.colcon_core.verb:set package 'go2_description' build argument 'cmake_args' from command line to 'None'
[0.233s] Level 5:colcon.colcon_core.verb:set package 'go2_description' build argument 'cmake_target' from command line to 'None'
[0.233s] Level 5:colcon.colcon_core.verb:set package 'go2_description' build argument 'cmake_target_skip_unavailable' from command line to 'False'
[0.233s] Level 5:colcon.colcon_core.verb:set package 'go2_description' build argument 'cmake_clean_cache' from command line to 'False'
[0.233s] Level 5:colcon.colcon_core.verb:set package 'go2_description' build argument 'cmake_clean_first' from command line to 'False'
[0.233s] Level 5:colcon.colcon_core.verb:set package 'go2_description' build argument 'cmake_force_configure' from command line to 'False'
[0.233s] Level 5:colcon.colcon_core.verb:set package 'go2_description' build argument 'ament_cmake_args' from command line to 'None'
[0.233s] Level 5:colcon.colcon_core.verb:set package 'go2_description' build argument 'catkin_cmake_args' from command line to 'None'
[0.233s] Level 5:colcon.colcon_core.verb:set package 'go2_description' build argument 'catkin_skip_building_tests' from command line to 'False'
[0.233s] DEBUG:colcon.colcon_core.verb:Building package 'go2_description' with the following arguments: {'ament_cmake_args': None, 'build_base': '/home/robot/go2_ws_toolbox/build/go2_description', 'catkin_cmake_args': None, 'catkin_skip_building_tests': False, 'cmake_args': None, 'cmake_clean_cache': False, 'cmake_clean_first': False, 'cmake_force_configure': False, 'cmake_target': None, 'cmake_target_skip_unavailable': False, 'install_base': '/home/robot/go2_ws_toolbox/install/go2_description', 'merge_install': False, 'path': '/home/robot/go2_ws_toolbox/src/go2_description', 'symlink_install': False, 'test_result_base': None}
[0.233s] Level 5:colcon.colcon_core.verb:set package 'go2_driver' build argument 'cmake_args' from command line to 'None'
[0.233s] Level 5:colcon.colcon_core.verb:set package 'go2_driver' build argument 'cmake_target' from command line to 'None'
[0.233s] Level 5:colcon.colcon_core.verb:set package 'go2_driver' build argument 'cmake_target_skip_unavailable' from command line to 'False'
[0.233s] Level 5:colcon.colcon_core.verb:set package 'go2_driver' build argument 'cmake_clean_cache' from command line to 'False'
[0.233s] Level 5:colcon.colcon_core.verb:set package 'go2_driver' build argument 'cmake_clean_first' from command line to 'False'
[0.233s] Level 5:colcon.colcon_core.verb:set package 'go2_driver' build argument 'cmake_force_configure' from command line to 'False'
[0.233s] Level 5:colcon.colcon_core.verb:set package 'go2_driver' build argument 'ament_cmake_args' from command line to 'None'
[0.233s] Level 5:colcon.colcon_core.verb:set package 'go2_driver' build argument 'catkin_cmake_args' from command line to 'None'
[0.233s] Level 5:colcon.colcon_core.verb:set package 'go2_driver' build argument 'catkin_skip_building_tests' from command line to 'False'
[0.233s] DEBUG:colcon.colcon_core.verb:Building package 'go2_driver' with the following arguments: {'ament_cmake_args': None, 'build_base': '/home/robot/go2_ws_toolbox/build/go2_driver', 'catkin_cmake_args': None, 'catkin_skip_building_tests': False, 'cmake_args': None, 'cmake_clean_cache': False, 'cmake_clean_first': False, 'cmake_force_configure': False, 'cmake_target': None, 'cmake_target_skip_unavailable': False, 'install_base': '/home/robot/go2_ws_toolbox/install/go2_driver', 'merge_install': False, 'path': '/home/robot/go2_ws_toolbox/src/base/go2_driver', 'symlink_install': False, 'test_result_base': None}
[0.234s] Level 5:colcon.colcon_core.verb:set package 'go2_navigation2' build argument 'cmake_args' from command line to 'None'
[0.234s] Level 5:colcon.colcon_core.verb:set package 'go2_navigation2' build argument 'cmake_target' from command line to 'None'
[0.234s] Level 5:colcon.colcon_core.verb:set package 'go2_navigation2' build argument 'cmake_target_skip_unavailable' from command line to 'False'
[0.234s] Level 5:colcon.colcon_core.verb:set package 'go2_navigation2' build argument 'cmake_clean_cache' from command line to 'False'
[0.234s] Level 5:colcon.colcon_core.verb:set package 'go2_navigation2' build argument 'cmake_clean_first' from command line to 'False'
[0.234s] Level 5:colcon.colcon_core.verb:set package 'go2_navigation2' build argument 'cmake_force_configure' from command line to 'False'
[0.234s] Level 5:colcon.colcon_core.verb:set package 'go2_navigation2' build argument 'ament_cmake_args' from command line to 'None'
[0.234s] Level 5:colcon.colcon_core.verb:set package 'go2_navigation2' build argument 'catkin_cmake_args' from command line to 'None'
[0.234s] Level 5:colcon.colcon_core.verb:set package 'go2_navigation2' build argument 'catkin_skip_building_tests' from command line to 'False'
[0.234s] DEBUG:colcon.colcon_core.verb:Building package 'go2_navigation2' with the following arguments: {'ament_cmake_args': None, 'build_base': '/home/robot/go2_ws_toolbox/build/go2_navigation2', 'catkin_cmake_args': None, 'catkin_skip_building_tests': False, 'cmake_args': None, 'cmake_clean_cache': False, 'cmake_clean_first': False, 'cmake_force_configure': False, 'cmake_target': None, 'cmake_target_skip_unavailable': False, 'install_base': '/home/robot/go2_ws_toolbox/install/go2_navigation2', 'merge_install': False, 'path': '/home/robot/go2_ws_toolbox/src/go2_navigation2', 'symlink_install': False, 'test_result_base': None}
[0.234s] Level 5:colcon.colcon_core.verb:set package 'go2_perception' build argument 'cmake_args' from command line to 'None'
[0.234s] Level 5:colcon.colcon_core.verb:set package 'go2_perception' build argument 'cmake_target' from command line to 'None'
[0.234s] Level 5:colcon.colcon_core.verb:set package 'go2_perception' build argument 'cmake_target_skip_unavailable' from command line to 'False'
[0.234s] Level 5:colcon.colcon_core.verb:set package 'go2_perception' build argument 'cmake_clean_cache' from command line to 'False'
[0.234s] Level 5:colcon.colcon_core.verb:set package 'go2_perception' build argument 'cmake_clean_first' from command line to 'False'
[0.234s] Level 5:colcon.colcon_core.verb:set package 'go2_perception' build argument 'cmake_force_configure' from command line to 'False'
[0.234s] Level 5:colcon.colcon_core.verb:set package 'go2_perception' build argument 'ament_cmake_args' from command line to 'None'
[0.234s] Level 5:colcon.colcon_core.verb:set package 'go2_perception' build argument 'catkin_cmake_args' from command line to 'None'
[0.235s] Level 5:colcon.colcon_core.verb:set package 'go2_perception' build argument 'catkin_skip_building_tests' from command line to 'False'
[0.235s] DEBUG:colcon.colcon_core.verb:Building package 'go2_perception' with the following arguments: {'ament_cmake_args': None, 'build_base': '/home/robot/go2_ws_toolbox/build/go2_perception', 'catkin_cmake_args': None, 'catkin_skip_building_tests': False, 'cmake_args': None, 'cmake_clean_cache': False, 'cmake_clean_first': False, 'cmake_force_configure': False, 'cmake_target': None, 'cmake_target_skip_unavailable': False, 'install_base': '/home/robot/go2_ws_toolbox/install/go2_perception', 'merge_install': False, 'path': '/home/robot/go2_ws_toolbox/src/go2_perception', 'symlink_install': False, 'test_result_base': None}
[0.235s] Level 5:colcon.colcon_core.verb:set package 'go2_slam' build argument 'cmake_args' from command line to 'None'
[0.235s] Level 5:colcon.colcon_core.verb:set package 'go2_slam' build argument 'cmake_target' from command line to 'None'
[0.235s] Level 5:colcon.colcon_core.verb:set package 'go2_slam' build argument 'cmake_target_skip_unavailable' from command line to 'False'
[0.235s] Level 5:colcon.colcon_core.verb:set package 'go2_slam' build argument 'cmake_clean_cache' from command line to 'False'
[0.235s] Level 5:colcon.colcon_core.verb:set package 'go2_slam' build argument 'cmake_clean_first' from command line to 'False'
[0.235s] Level 5:colcon.colcon_core.verb:set package 'go2_slam' build argument 'cmake_force_configure' from command line to 'False'
[0.235s] Level 5:colcon.colcon_core.verb:set package 'go2_slam' build argument 'ament_cmake_args' from command line to 'None'
[0.235s] Level 5:colcon.colcon_core.verb:set package 'go2_slam' build argument 'catkin_cmake_args' from command line to 'None'
[0.235s] Level 5:colcon.colcon_core.verb:set package 'go2_slam' build argument 'catkin_skip_building_tests' from command line to 'False'
[0.235s] DEBUG:colcon.colcon_core.verb:Building package 'go2_slam' with the following arguments: {'ament_cmake_args': None, 'build_base': '/home/robot/go2_ws_toolbox/build/go2_slam', 'catkin_cmake_args': None, 'catkin_skip_building_tests': False, 'cmake_args': None, 'cmake_clean_cache': False, 'cmake_clean_first': False, 'cmake_force_configure': False, 'cmake_target': None, 'cmake_target_skip_unavailable': False, 'install_base': '/home/robot/go2_ws_toolbox/install/go2_slam', 'merge_install': False, 'path': '/home/robot/go2_ws_toolbox/src/go2_slam', 'symlink_install': False, 'test_result_base': None}
[0.235s] Level 5:colcon.colcon_core.verb:set package 'go2_twist_bridge' build argument 'cmake_args' from command line to 'None'
[0.235s] Level 5:colcon.colcon_core.verb:set package 'go2_twist_bridge' build argument 'cmake_target' from command line to 'None'
[0.235s] Level 5:colcon.colcon_core.verb:set package 'go2_twist_bridge' build argument 'cmake_target_skip_unavailable' from command line to 'False'
[0.235s] Level 5:colcon.colcon_core.verb:set package 'go2_twist_bridge' build argument 'cmake_clean_cache' from command line to 'False'
[0.235s] Level 5:colcon.colcon_core.verb:set package 'go2_twist_bridge' build argument 'cmake_clean_first' from command line to 'False'
[0.235s] Level 5:colcon.colcon_core.verb:set package 'go2_twist_bridge' build argument 'cmake_force_configure' from command line to 'False'
[0.235s] Level 5:colcon.colcon_core.verb:set package 'go2_twist_bridge' build argument 'ament_cmake_args' from command line to 'None'
[0.235s] Level 5:colcon.colcon_core.verb:set package 'go2_twist_bridge' build argument 'catkin_cmake_args' from command line to 'None'
[0.235s] Level 5:colcon.colcon_core.verb:set package 'go2_twist_bridge' build argument 'catkin_skip_building_tests' from command line to 'False'
[0.235s] DEBUG:colcon.colcon_core.verb:Building package 'go2_twist_bridge' with the following arguments: {'ament_cmake_args': None, 'build_base': '/home/robot/go2_ws_toolbox/build/go2_twist_bridge', 'catkin_cmake_args': None, 'catkin_skip_building_tests': False, 'cmake_args': None, 'cmake_clean_cache': False, 'cmake_clean_first': False, 'cmake_force_configure': False, 'cmake_target': None, 'cmake_target_skip_unavailable': False, 'install_base': '/home/robot/go2_ws_toolbox/install/go2_twist_bridge', 'merge_install': False, 'path': '/home/robot/go2_ws_toolbox/src/base/go2_twist_bridge', 'symlink_install': False, 'test_result_base': None}
[0.235s] INFO:colcon.colcon_core.executor:Executing jobs using 'parallel' executor
[0.236s] DEBUG:colcon.colcon_parallel_executor.executor.parallel:run_until_complete
[0.236s] INFO:colcon.colcon_ros.task.ament_cmake.build:Building ROS package in '/home/robot/go2_ws_toolbox/src/base/go2_core' with build type 'ament_cmake'
[0.236s] INFO:colcon.colcon_cmake.task.cmake.build:Building CMake package in '/home/robot/go2_ws_toolbox/src/base/go2_core'
[0.238s] INFO:colcon.colcon_core.plugin_system:Skipping extension 'colcon_core.shell.bat': Not used on non-Windows systems
[0.238s] INFO:colcon.colcon_core.shell:Skip shell extension 'powershell' for command environment: Not usable outside of PowerShell
[0.238s] DEBUG:colcon.colcon_core.shell:Skip shell extension 'dsv' for command environment
[0.242s] INFO:colcon.colcon_ros.task.ament_cmake.build:Building ROS package in '/home/robot/go2_ws_toolbox/src/go2_description' with build type 'ament_cmake'
[0.242s] INFO:colcon.colcon_cmake.task.cmake.build:Building CMake package in '/home/robot/go2_ws_toolbox/src/go2_description'
[0.242s] INFO:colcon.colcon_core.shell:Skip shell extension 'powershell' for command environment: Not usable outside of PowerShell
[0.242s] DEBUG:colcon.colcon_core.shell:Skip shell extension 'dsv' for command environment
[0.246s] INFO:colcon.colcon_ros.task.ament_cmake.build:Building ROS package in '/home/robot/go2_ws_toolbox/src/base/go2_driver' with build type 'ament_cmake'
[0.246s] INFO:colcon.colcon_cmake.task.cmake.build:Building CMake package in '/home/robot/go2_ws_toolbox/src/base/go2_driver'
[0.246s] INFO:colcon.colcon_core.shell:Skip shell extension 'powershell' for command environment: Not usable outside of PowerShell
[0.246s] DEBUG:colcon.colcon_core.shell:Skip shell extension 'dsv' for command environment
[0.249s] INFO:colcon.colcon_ros.task.ament_cmake.build:Building ROS package in '/home/robot/go2_ws_toolbox/src/go2_navigation2' with build type 'ament_cmake'
[0.249s] INFO:colcon.colcon_cmake.task.cmake.build:Building CMake package in '/home/robot/go2_ws_toolbox/src/go2_navigation2'
[0.249s] INFO:colcon.colcon_core.shell:Skip shell extension 'powershell' for command environment: Not usable outside of PowerShell
[0.249s] DEBUG:colcon.colcon_core.shell:Skip shell extension 'dsv' for command environment
[0.253s] INFO:colcon.colcon_ros.task.ament_cmake.build:Building ROS package in '/home/robot/go2_ws_toolbox/src/go2_perception' with build type 'ament_cmake'
[0.253s] INFO:colcon.colcon_cmake.task.cmake.build:Building CMake package in '/home/robot/go2_ws_toolbox/src/go2_perception'
[0.254s] INFO:colcon.colcon_core.shell:Skip shell extension 'powershell' for command environment: Not usable outside of PowerShell
[0.254s] DEBUG:colcon.colcon_core.shell:Skip shell extension 'dsv' for command environment
[0.258s] INFO:colcon.colcon_ros.task.ament_cmake.build:Building ROS package in '/home/robot/go2_ws_toolbox/src/go2_slam' with build type 'ament_cmake'
[0.258s] INFO:colcon.colcon_cmake.task.cmake.build:Building CMake package in '/home/robot/go2_ws_toolbox/src/go2_slam'
[0.258s] INFO:colcon.colcon_core.shell:Skip shell extension 'powershell' for command environment: Not usable outside of PowerShell
[0.258s] DEBUG:colcon.colcon_core.shell:Skip shell extension 'dsv' for command environment
[0.262s] INFO:colcon.colcon_ros.task.ament_cmake.build:Building ROS package in '/home/robot/go2_ws_toolbox/src/base/go2_twist_bridge' with build type 'ament_cmake'
[0.262s] INFO:colcon.colcon_cmake.task.cmake.build:Building CMake package in '/home/robot/go2_ws_toolbox/src/base/go2_twist_bridge'
[0.262s] INFO:colcon.colcon_core.shell:Skip shell extension 'powershell' for command environment: Not usable outside of PowerShell
[0.262s] DEBUG:colcon.colcon_core.shell:Skip shell extension 'dsv' for command environment
[0.270s] DEBUG:colcon.colcon_core.event_handler.log_command:Invoking command in '/home/robot/go2_ws_toolbox/build/go2_core': CMAKE_PREFIX_PATH=${CMAKE_PREFIX_PATH}:/opt/ros/humble /usr/bin/cmake --build /home/robot/go2_ws_toolbox/build/go2_core -- -j16 -l16
[0.272s] DEBUG:colcon.colcon_core.event_handler.log_command:Invoking command in '/home/robot/go2_ws_toolbox/build/go2_description': CMAKE_PREFIX_PATH=${CMAKE_PREFIX_PATH}:/opt/ros/humble /usr/bin/cmake --build /home/robot/go2_ws_toolbox/build/go2_description -- -j16 -l16
[0.274s] DEBUG:colcon.colcon_core.event_handler.log_command:Invoking command in '/home/robot/go2_ws_toolbox/build/go2_driver': CMAKE_PREFIX_PATH=${CMAKE_PREFIX_PATH}:/opt/ros/humble /usr/bin/cmake --build /home/robot/go2_ws_toolbox/build/go2_driver -- -j16 -l16
[0.276s] DEBUG:colcon.colcon_core.event_handler.log_command:Invoking command in '/home/robot/go2_ws_toolbox/build/go2_navigation2': CMAKE_PREFIX_PATH=${CMAKE_PREFIX_PATH}:/opt/ros/humble /usr/bin/cmake --build /home/robot/go2_ws_toolbox/build/go2_navigation2 -- -j16 -l16
[0.278s] DEBUG:colcon.colcon_core.event_handler.log_command:Invoking command in '/home/robot/go2_ws_toolbox/build/go2_perception': CMAKE_PREFIX_PATH=${CMAKE_PREFIX_PATH}:/opt/ros/humble /usr/bin/cmake --build /home/robot/go2_ws_toolbox/build/go2_perception -- -j16 -l16
[0.281s] DEBUG:colcon.colcon_core.event_handler.log_command:Invoking command in '/home/robot/go2_ws_toolbox/build/go2_slam': CMAKE_PREFIX_PATH=${CMAKE_PREFIX_PATH}:/opt/ros/humble /usr/bin/cmake --build /home/robot/go2_ws_toolbox/build/go2_slam -- -j16 -l16
[0.287s] DEBUG:colcon.colcon_core.event_handler.log_command:Invoking command in '/home/robot/go2_ws_toolbox/build/go2_twist_bridge': CMAKE_PREFIX_PATH=${CMAKE_PREFIX_PATH}:/opt/ros/humble /usr/bin/cmake --build /home/robot/go2_ws_toolbox/build/go2_twist_bridge -- -j16 -l16
[0.303s] DEBUG:colcon.colcon_core.event_handler.log_command:Invoked command in '/home/robot/go2_ws_toolbox/build/go2_description' returned '0': CMAKE_PREFIX_PATH=${CMAKE_PREFIX_PATH}:/opt/ros/humble /usr/bin/cmake --build /home/robot/go2_ws_toolbox/build/go2_description -- -j16 -l16
[0.313s] DEBUG:colcon.colcon_core.event_handler.log_command:Invoking command in '/home/robot/go2_ws_toolbox/build/go2_description': CMAKE_PREFIX_PATH=${CMAKE_PREFIX_PATH}:/opt/ros/humble /usr/bin/cmake --install /home/robot/go2_ws_toolbox/build/go2_description
[0.315s] DEBUG:colcon.colcon_core.event_handler.log_command:Invoked command in '/home/robot/go2_ws_toolbox/build/go2_core' returned '0': CMAKE_PREFIX_PATH=${CMAKE_PREFIX_PATH}:/opt/ros/humble /usr/bin/cmake --build /home/robot/go2_ws_toolbox/build/go2_core -- -j16 -l16
[0.317s] DEBUG:colcon.colcon_core.event_handler.log_command:Invoking command in '/home/robot/go2_ws_toolbox/build/go2_core': CMAKE_PREFIX_PATH=${CMAKE_PREFIX_PATH}:/opt/ros/humble /usr/bin/cmake --install /home/robot/go2_ws_toolbox/build/go2_core
[0.318s] DEBUG:colcon.colcon_core.event_handler.log_command:Invoked command in '/home/robot/go2_ws_toolbox/build/go2_slam' returned '0': CMAKE_PREFIX_PATH=${CMAKE_PREFIX_PATH}:/opt/ros/humble /usr/bin/cmake --build /home/robot/go2_ws_toolbox/build/go2_slam -- -j16 -l16
[0.320s] DEBUG:colcon.colcon_core.event_handler.log_command:Invoking command in '/home/robot/go2_ws_toolbox/build/go2_slam': CMAKE_PREFIX_PATH=${CMAKE_PREFIX_PATH}:/opt/ros/humble /usr/bin/cmake --install /home/robot/go2_ws_toolbox/build/go2_slam
[0.327s] Level 1:colcon.colcon_core.environment:create_environment_scripts_only(go2_description)
[0.331s] DEBUG:colcon.colcon_core.event_handler.log_command:Invoked command in '/home/robot/go2_ws_toolbox/build/go2_description' returned '0': CMAKE_PREFIX_PATH=${CMAKE_PREFIX_PATH}:/opt/ros/humble /usr/bin/cmake --install /home/robot/go2_ws_toolbox/build/go2_description
[0.334s] Level 1:colcon.colcon_core.environment:checking '/home/robot/go2_ws_toolbox/install/go2_description' for CMake module files
[0.334s] Level 1:colcon.colcon_core.environment:checking '/home/robot/go2_ws_toolbox/install/go2_description' for CMake config files
[0.334s] Level 1:colcon.colcon_core.shell:create_environment_hook('go2_description', 'cmake_prefix_path')
[0.335s] INFO:colcon.colcon_core.shell:Creating environment hook '/home/robot/go2_ws_toolbox/install/go2_description/share/go2_description/hook/cmake_prefix_path.ps1'
[0.335s] INFO:colcon.colcon_core.shell:Creating environment descriptor '/home/robot/go2_ws_toolbox/install/go2_description/share/go2_description/hook/cmake_prefix_path.dsv'
[0.336s] INFO:colcon.colcon_core.shell:Creating environment hook '/home/robot/go2_ws_toolbox/install/go2_description/share/go2_description/hook/cmake_prefix_path.sh'
[0.337s] Level 1:colcon.colcon_core.environment:checking '/home/robot/go2_ws_toolbox/install/go2_description/bin'
[0.337s] Level 1:colcon.colcon_core.environment:checking '/home/robot/go2_ws_toolbox/install/go2_description/lib/pkgconfig/go2_description.pc'
[0.337s] Level 1:colcon.colcon_core.environment:checking '/home/robot/go2_ws_toolbox/install/go2_description/lib/python3.10/site-packages'
[0.337s] Level 1:colcon.colcon_core.environment:checking '/home/robot/go2_ws_toolbox/install/go2_description/bin'
[0.338s] INFO:colcon.colcon_core.shell:Creating package script '/home/robot/go2_ws_toolbox/install/go2_description/share/go2_description/package.ps1'
[0.338s] INFO:colcon.colcon_core.shell:Creating package descriptor '/home/robot/go2_ws_toolbox/install/go2_description/share/go2_description/package.dsv'
[0.339s] INFO:colcon.colcon_core.shell:Creating package script '/home/robot/go2_ws_toolbox/install/go2_description/share/go2_description/package.sh'
[0.339s] INFO:colcon.colcon_core.shell:Creating package script '/home/robot/go2_ws_toolbox/install/go2_description/share/go2_description/package.bash'
[0.340s] INFO:colcon.colcon_core.shell:Creating package script '/home/robot/go2_ws_toolbox/install/go2_description/share/go2_description/package.zsh'
[0.340s] Level 1:colcon.colcon_core.environment:create_file_with_runtime_dependencies(/home/robot/go2_ws_toolbox/install/go2_description/share/colcon-core/packages/go2_description)
[0.341s] Level 1:colcon.colcon_core.environment:create_environment_scripts_only(go2_description)
[0.341s] Level 1:colcon.colcon_core.environment:checking '/home/robot/go2_ws_toolbox/install/go2_description' for CMake module files
[0.341s] Level 1:colcon.colcon_core.environment:checking '/home/robot/go2_ws_toolbox/install/go2_description' for CMake config files
[0.341s] Level 1:colcon.colcon_core.shell:create_environment_hook('go2_description', 'cmake_prefix_path')
[0.342s] INFO:colcon.colcon_core.shell:Creating environment hook '/home/robot/go2_ws_toolbox/install/go2_description/share/go2_description/hook/cmake_prefix_path.ps1'
[0.342s] INFO:colcon.colcon_core.shell:Creating environment descriptor '/home/robot/go2_ws_toolbox/install/go2_description/share/go2_description/hook/cmake_prefix_path.dsv'
[0.342s] INFO:colcon.colcon_core.shell:Creating environment hook '/home/robot/go2_ws_toolbox/install/go2_description/share/go2_description/hook/cmake_prefix_path.sh'
[0.343s] Level 1:colcon.colcon_core.environment:checking '/home/robot/go2_ws_toolbox/install/go2_description/bin'
[0.343s] Level 1:colcon.colcon_core.environment:checking '/home/robot/go2_ws_toolbox/install/go2_description/lib/pkgconfig/go2_description.pc'
[0.343s] Level 1:colcon.colcon_core.environment:checking '/home/robot/go2_ws_toolbox/install/go2_description/lib/python3.10/site-packages'
[0.343s] Level 1:colcon.colcon_core.environment:checking '/home/robot/go2_ws_toolbox/install/go2_description/bin'
[0.343s] INFO:colcon.colcon_core.shell:Creating package script '/home/robot/go2_ws_toolbox/install/go2_description/share/go2_description/package.ps1'
[0.344s] INFO:colcon.colcon_core.shell:Creating package descriptor '/home/robot/go2_ws_toolbox/install/go2_description/share/go2_description/package.dsv'
[0.344s] INFO:colcon.colcon_core.shell:Creating package script '/home/robot/go2_ws_toolbox/install/go2_description/share/go2_description/package.sh'
[0.344s] INFO:colcon.colcon_core.shell:Creating package script '/home/robot/go2_ws_toolbox/install/go2_description/share/go2_description/package.bash'
[0.345s] INFO:colcon.colcon_core.shell:Creating package script '/home/robot/go2_ws_toolbox/install/go2_description/share/go2_description/package.zsh'
[0.345s] Level 1:colcon.colcon_core.environment:create_file_with_runtime_dependencies(/home/robot/go2_ws_toolbox/install/go2_description/share/colcon-core/packages/go2_description)
[0.346s] Level 1:colcon.colcon_core.environment:create_environment_scripts_only(go2_core)
[0.347s] Level 1:colcon.colcon_core.environment:checking '/home/robot/go2_ws_toolbox/install/go2_core' for CMake module files
[0.347s] DEBUG:colcon.colcon_core.event_handler.log_command:Invoked command in '/home/robot/go2_ws_toolbox/build/go2_core' returned '0': CMAKE_PREFIX_PATH=${CMAKE_PREFIX_PATH}:/opt/ros/humble /usr/bin/cmake --install /home/robot/go2_ws_toolbox/build/go2_core
[0.347s] Level 1:colcon.colcon_core.environment:checking '/home/robot/go2_ws_toolbox/install/go2_core' for CMake config files
[0.347s] Level 1:colcon.colcon_core.shell:create_environment_hook('go2_core', 'cmake_prefix_path')
[0.348s] INFO:colcon.colcon_core.shell:Creating environment hook '/home/robot/go2_ws_toolbox/install/go2_core/share/go2_core/hook/cmake_prefix_path.ps1'
[0.348s] INFO:colcon.colcon_core.shell:Creating environment descriptor '/home/robot/go2_ws_toolbox/install/go2_core/share/go2_core/hook/cmake_prefix_path.dsv'
[0.348s] INFO:colcon.colcon_core.shell:Creating environment hook '/home/robot/go2_ws_toolbox/install/go2_core/share/go2_core/hook/cmake_prefix_path.sh'
[0.349s] Level 1:colcon.colcon_core.environment:checking '/home/robot/go2_ws_toolbox/install/go2_core/lib'
[0.349s] Level 1:colcon.colcon_core.environment:checking '/home/robot/go2_ws_toolbox/install/go2_core/bin'
[0.349s] Level 1:colcon.colcon_core.environment:checking '/home/robot/go2_ws_toolbox/install/go2_core/lib/pkgconfig/go2_core.pc'
[0.349s] Level 1:colcon.colcon_core.environment:checking '/home/robot/go2_ws_toolbox/install/go2_core/lib/python3.10/site-packages'
[0.350s] Level 1:colcon.colcon_core.environment:checking '/home/robot/go2_ws_toolbox/install/go2_core/bin'
[0.350s] INFO:colcon.colcon_core.shell:Creating package script '/home/robot/go2_ws_toolbox/install/go2_core/share/go2_core/package.ps1'
[0.351s] INFO:colcon.colcon_core.shell:Creating package descriptor '/home/robot/go2_ws_toolbox/install/go2_core/share/go2_core/package.dsv'
[0.351s] INFO:colcon.colcon_core.shell:Creating package script '/home/robot/go2_ws_toolbox/install/go2_core/share/go2_core/package.sh'
[0.351s] INFO:colcon.colcon_core.shell:Creating package script '/home/robot/go2_ws_toolbox/install/go2_core/share/go2_core/package.bash'
[0.352s] INFO:colcon.colcon_core.shell:Creating package script '/home/robot/go2_ws_toolbox/install/go2_core/share/go2_core/package.zsh'
[0.353s] Level 1:colcon.colcon_core.environment:create_file_with_runtime_dependencies(/home/robot/go2_ws_toolbox/install/go2_core/share/colcon-core/packages/go2_core)
[0.354s] Level 1:colcon.colcon_core.environment:create_environment_scripts_only(go2_core)
[0.354s] Level 1:colcon.colcon_core.environment:checking '/home/robot/go2_ws_toolbox/install/go2_core' for CMake module files
[0.354s] Level 1:colcon.colcon_core.environment:checking '/home/robot/go2_ws_toolbox/install/go2_core' for CMake config files
[0.354s] Level 1:colcon.colcon_core.shell:create_environment_hook('go2_core', 'cmake_prefix_path')
[0.354s] INFO:colcon.colcon_core.shell:Creating environment hook '/home/robot/go2_ws_toolbox/install/go2_core/share/go2_core/hook/cmake_prefix_path.ps1'
[0.355s] INFO:colcon.colcon_core.shell:Creating environment descriptor '/home/robot/go2_ws_toolbox/install/go2_core/share/go2_core/hook/cmake_prefix_path.dsv'
[0.355s] INFO:colcon.colcon_core.shell:Creating environment hook '/home/robot/go2_ws_toolbox/install/go2_core/share/go2_core/hook/cmake_prefix_path.sh'
[0.356s] Level 1:colcon.colcon_core.environment:checking '/home/robot/go2_ws_toolbox/install/go2_core/lib'
[0.356s] Level 1:colcon.colcon_core.environment:checking '/home/robot/go2_ws_toolbox/install/go2_core/bin'
[0.356s] Level 1:colcon.colcon_core.environment:checking '/home/robot/go2_ws_toolbox/install/go2_core/lib/pkgconfig/go2_core.pc'
[0.356s] Level 1:colcon.colcon_core.environment:checking '/home/robot/go2_ws_toolbox/install/go2_core/lib/python3.10/site-packages'
[0.356s] Level 1:colcon.colcon_core.environment:checking '/home/robot/go2_ws_toolbox/install/go2_core/bin'
[0.357s] INFO:colcon.colcon_core.shell:Creating package script '/home/robot/go2_ws_toolbox/install/go2_core/share/go2_core/package.ps1'
[0.357s] INFO:colcon.colcon_core.shell:Creating package descriptor '/home/robot/go2_ws_toolbox/install/go2_core/share/go2_core/package.dsv'
[0.358s] INFO:colcon.colcon_core.shell:Creating package script '/home/robot/go2_ws_toolbox/install/go2_core/share/go2_core/package.sh'
[0.358s] INFO:colcon.colcon_core.shell:Creating package script '/home/robot/go2_ws_toolbox/install/go2_core/share/go2_core/package.bash'
[0.359s] INFO:colcon.colcon_core.shell:Creating package script '/home/robot/go2_ws_toolbox/install/go2_core/share/go2_core/package.zsh'
[0.359s] Level 1:colcon.colcon_core.environment:create_file_with_runtime_dependencies(/home/robot/go2_ws_toolbox/install/go2_core/share/colcon-core/packages/go2_core)
[0.359s] Level 1:colcon.colcon_core.environment:create_environment_scripts_only(go2_slam)
[0.360s] Level 1:colcon.colcon_core.environment:checking '/home/robot/go2_ws_toolbox/install/go2_slam' for CMake module files
[0.361s] Level 1:colcon.colcon_core.environment:checking '/home/robot/go2_ws_toolbox/install/go2_slam' for CMake config files
[0.361s] DEBUG:colcon.colcon_core.event_handler.log_command:Invoked command in '/home/robot/go2_ws_toolbox/build/go2_slam' returned '0': CMAKE_PREFIX_PATH=${CMAKE_PREFIX_PATH}:/opt/ros/humble /usr/bin/cmake --install /home/robot/go2_ws_toolbox/build/go2_slam
[0.361s] Level 1:colcon.colcon_core.shell:create_environment_hook('go2_slam', 'cmake_prefix_path')
[0.362s] INFO:colcon.colcon_core.shell:Creating environment hook '/home/robot/go2_ws_toolbox/install/go2_slam/share/go2_slam/hook/cmake_prefix_path.ps1'
[0.362s] INFO:colcon.colcon_core.shell:Creating environment descriptor '/home/robot/go2_ws_toolbox/install/go2_slam/share/go2_slam/hook/cmake_prefix_path.dsv'
[0.362s] INFO:colcon.colcon_core.shell:Creating environment hook '/home/robot/go2_ws_toolbox/install/go2_slam/share/go2_slam/hook/cmake_prefix_path.sh'
[0.363s] Level 1:colcon.colcon_core.environment:checking '/home/robot/go2_ws_toolbox/install/go2_slam/bin'
[0.363s] Level 1:colcon.colcon_core.environment:checking '/home/robot/go2_ws_toolbox/install/go2_slam/lib/pkgconfig/go2_slam.pc'
[0.363s] Level 1:colcon.colcon_core.environment:checking '/home/robot/go2_ws_toolbox/install/go2_slam/lib/python3.10/site-packages'
[0.363s] Level 1:colcon.colcon_core.environment:checking '/home/robot/go2_ws_toolbox/install/go2_slam/bin'
[0.364s] INFO:colcon.colcon_core.shell:Creating package script '/home/robot/go2_ws_toolbox/install/go2_slam/share/go2_slam/package.ps1'
[0.364s] INFO:colcon.colcon_core.shell:Creating package descriptor '/home/robot/go2_ws_toolbox/install/go2_slam/share/go2_slam/package.dsv'
[0.365s] INFO:colcon.colcon_core.shell:Creating package script '/home/robot/go2_ws_toolbox/install/go2_slam/share/go2_slam/package.sh'
[0.365s] INFO:colcon.colcon_core.shell:Creating package script '/home/robot/go2_ws_toolbox/install/go2_slam/share/go2_slam/package.bash'
[0.365s] INFO:colcon.colcon_core.shell:Creating package script '/home/robot/go2_ws_toolbox/install/go2_slam/share/go2_slam/package.zsh'
[0.366s] Level 1:colcon.colcon_core.environment:create_file_with_runtime_dependencies(/home/robot/go2_ws_toolbox/install/go2_slam/share/colcon-core/packages/go2_slam)
[0.367s] Level 1:colcon.colcon_core.environment:create_environment_scripts_only(go2_slam)
[0.367s] Level 1:colcon.colcon_core.environment:checking '/home/robot/go2_ws_toolbox/install/go2_slam' for CMake module files
[0.367s] Level 1:colcon.colcon_core.environment:checking '/home/robot/go2_ws_toolbox/install/go2_slam' for CMake config files
[0.367s] Level 1:colcon.colcon_core.shell:create_environment_hook('go2_slam', 'cmake_prefix_path')
[0.368s] INFO:colcon.colcon_core.shell:Creating environment hook '/home/robot/go2_ws_toolbox/install/go2_slam/share/go2_slam/hook/cmake_prefix_path.ps1'
[0.368s] INFO:colcon.colcon_core.shell:Creating environment descriptor '/home/robot/go2_ws_toolbox/install/go2_slam/share/go2_slam/hook/cmake_prefix_path.dsv'
[0.369s] INFO:colcon.colcon_core.shell:Creating environment hook '/home/robot/go2_ws_toolbox/install/go2_slam/share/go2_slam/hook/cmake_prefix_path.sh'
[0.369s] Level 1:colcon.colcon_core.environment:checking '/home/robot/go2_ws_toolbox/install/go2_slam/bin'
[0.369s] Level 1:colcon.colcon_core.environment:checking '/home/robot/go2_ws_toolbox/install/go2_slam/lib/pkgconfig/go2_slam.pc'
[0.370s] Level 1:colcon.colcon_core.environment:checking '/home/robot/go2_ws_toolbox/install/go2_slam/lib/python3.10/site-packages'
[0.370s] Level 1:colcon.colcon_core.environment:checking '/home/robot/go2_ws_toolbox/install/go2_slam/bin'
[0.370s] INFO:colcon.colcon_core.shell:Creating package script '/home/robot/go2_ws_toolbox/install/go2_slam/share/go2_slam/package.ps1'
[0.371s] INFO:colcon.colcon_core.shell:Creating package descriptor '/home/robot/go2_ws_toolbox/install/go2_slam/share/go2_slam/package.dsv'
[0.371s] INFO:colcon.colcon_core.shell:Creating package script '/home/robot/go2_ws_toolbox/install/go2_slam/share/go2_slam/package.sh'
[0.372s] INFO:colcon.colcon_core.shell:Creating package script '/home/robot/go2_ws_toolbox/install/go2_slam/share/go2_slam/package.bash'
[0.372s] INFO:colcon.colcon_core.shell:Creating package script '/home/robot/go2_ws_toolbox/install/go2_slam/share/go2_slam/package.zsh'
[0.373s] Level 1:colcon.colcon_core.environment:create_file_with_runtime_dependencies(/home/robot/go2_ws_toolbox/install/go2_slam/share/colcon-core/packages/go2_slam)
[0.375s] DEBUG:colcon.colcon_core.event_handler.log_command:Invoked command in '/home/robot/go2_ws_toolbox/build/go2_navigation2' returned '0': CMAKE_PREFIX_PATH=${CMAKE_PREFIX_PATH}:/opt/ros/humble /usr/bin/cmake --build /home/robot/go2_ws_toolbox/build/go2_navigation2 -- -j16 -l16
[0.376s] DEBUG:colcon.colcon_core.event_handler.log_command:Invoking command in '/home/robot/go2_ws_toolbox/build/go2_navigation2': CMAKE_PREFIX_PATH=${CMAKE_PREFIX_PATH}:/opt/ros/humble /usr/bin/cmake --install /home/robot/go2_ws_toolbox/build/go2_navigation2
[0.377s] DEBUG:colcon.colcon_core.event_handler.log_command:Invoked command in '/home/robot/go2_ws_toolbox/build/go2_perception' returned '0': CMAKE_PREFIX_PATH=${CMAKE_PREFIX_PATH}:/opt/ros/humble /usr/bin/cmake --build /home/robot/go2_ws_toolbox/build/go2_perception -- -j16 -l16
[0.381s] DEBUG:colcon.colcon_core.event_handler.log_command:Invoking command in '/home/robot/go2_ws_toolbox/build/go2_perception': CMAKE_PREFIX_PATH=${CMAKE_PREFIX_PATH}:/opt/ros/humble /usr/bin/cmake --install /home/robot/go2_ws_toolbox/build/go2_perception
[0.382s] DEBUG:colcon.colcon_core.event_handler.log_command:Invoked command in '/home/robot/go2_ws_toolbox/build/go2_twist_bridge' returned '0': CMAKE_PREFIX_PATH=${CMAKE_PREFIX_PATH}:/opt/ros/humble /usr/bin/cmake --build /home/robot/go2_ws_toolbox/build/go2_twist_bridge -- -j16 -l16
[0.385s] DEBUG:colcon.colcon_core.event_handler.log_command:Invoking command in '/home/robot/go2_ws_toolbox/build/go2_twist_bridge': CMAKE_PREFIX_PATH=${CMAKE_PREFIX_PATH}:/opt/ros/humble /usr/bin/cmake --install /home/robot/go2_ws_toolbox/build/go2_twist_bridge
[0.391s] Level 1:colcon.colcon_core.environment:create_environment_scripts_only(go2_navigation2)
[0.392s] Level 1:colcon.colcon_core.environment:checking '/home/robot/go2_ws_toolbox/install/go2_navigation2' for CMake module files
[0.392s] DEBUG:colcon.colcon_core.event_handler.log_command:Invoked command in '/home/robot/go2_ws_toolbox/build/go2_navigation2' returned '0': CMAKE_PREFIX_PATH=${CMAKE_PREFIX_PATH}:/opt/ros/humble /usr/bin/cmake --install /home/robot/go2_ws_toolbox/build/go2_navigation2
[0.393s] Level 1:colcon.colcon_core.environment:checking '/home/robot/go2_ws_toolbox/install/go2_navigation2' for CMake config files
[0.393s] Level 1:colcon.colcon_core.shell:create_environment_hook('go2_navigation2', 'cmake_prefix_path')
[0.394s] INFO:colcon.colcon_core.shell:Creating environment hook '/home/robot/go2_ws_toolbox/install/go2_navigation2/share/go2_navigation2/hook/cmake_prefix_path.ps1'
[0.395s] INFO:colcon.colcon_core.shell:Creating environment descriptor '/home/robot/go2_ws_toolbox/install/go2_navigation2/share/go2_navigation2/hook/cmake_prefix_path.dsv'
[0.396s] INFO:colcon.colcon_core.shell:Creating environment hook '/home/robot/go2_ws_toolbox/install/go2_navigation2/share/go2_navigation2/hook/cmake_prefix_path.sh'
[0.397s] Level 1:colcon.colcon_core.environment:checking '/home/robot/go2_ws_toolbox/install/go2_navigation2/lib'
[0.397s] Level 1:colcon.colcon_core.environment:checking '/home/robot/go2_ws_toolbox/install/go2_navigation2/bin'
[0.397s] Level 1:colcon.colcon_core.environment:checking '/home/robot/go2_ws_toolbox/install/go2_navigation2/lib/pkgconfig/go2_navigation2.pc'
[0.397s] Level 1:colcon.colcon_core.environment:checking '/home/robot/go2_ws_toolbox/install/go2_navigation2/lib/python3.10/site-packages'
[0.397s] Level 1:colcon.colcon_core.environment:checking '/home/robot/go2_ws_toolbox/install/go2_navigation2/bin'
[0.397s] INFO:colcon.colcon_core.shell:Creating package script '/home/robot/go2_ws_toolbox/install/go2_navigation2/share/go2_navigation2/package.ps1'
[0.398s] INFO:colcon.colcon_core.shell:Creating package descriptor '/home/robot/go2_ws_toolbox/install/go2_navigation2/share/go2_navigation2/package.dsv'
[0.398s] INFO:colcon.colcon_core.shell:Creating package script '/home/robot/go2_ws_toolbox/install/go2_navigation2/share/go2_navigation2/package.sh'
[0.398s] INFO:colcon.colcon_core.shell:Creating package script '/home/robot/go2_ws_toolbox/install/go2_navigation2/share/go2_navigation2/package.bash'
[0.399s] INFO:colcon.colcon_core.shell:Creating package script '/home/robot/go2_ws_toolbox/install/go2_navigation2/share/go2_navigation2/package.zsh'
[0.399s] Level 1:colcon.colcon_core.environment:create_file_with_runtime_dependencies(/home/robot/go2_ws_toolbox/install/go2_navigation2/share/colcon-core/packages/go2_navigation2)
[0.400s] Level 1:colcon.colcon_core.environment:create_environment_scripts_only(go2_navigation2)
[0.400s] Level 1:colcon.colcon_core.environment:checking '/home/robot/go2_ws_toolbox/install/go2_navigation2' for CMake module files
[0.401s] Level 1:colcon.colcon_core.environment:checking '/home/robot/go2_ws_toolbox/install/go2_navigation2' for CMake config files
[0.401s] Level 1:colcon.colcon_core.shell:create_environment_hook('go2_navigation2', 'cmake_prefix_path')
[0.401s] INFO:colcon.colcon_core.shell:Creating environment hook '/home/robot/go2_ws_toolbox/install/go2_navigation2/share/go2_navigation2/hook/cmake_prefix_path.ps1'
[0.401s] INFO:colcon.colcon_core.shell:Creating environment descriptor '/home/robot/go2_ws_toolbox/install/go2_navigation2/share/go2_navigation2/hook/cmake_prefix_path.dsv'
[0.402s] INFO:colcon.colcon_core.shell:Creating environment hook '/home/robot/go2_ws_toolbox/install/go2_navigation2/share/go2_navigation2/hook/cmake_prefix_path.sh'
[0.402s] Level 1:colcon.colcon_core.environment:checking '/home/robot/go2_ws_toolbox/install/go2_navigation2/lib'
[0.403s] Level 1:colcon.colcon_core.environment:checking '/home/robot/go2_ws_toolbox/install/go2_navigation2/bin'
[0.403s] Level 1:colcon.colcon_core.environment:checking '/home/robot/go2_ws_toolbox/install/go2_navigation2/lib/pkgconfig/go2_navigation2.pc'
[0.403s] Level 1:colcon.colcon_core.environment:checking '/home/robot/go2_ws_toolbox/install/go2_navigation2/lib/python3.10/site-packages'
[0.403s] Level 1:colcon.colcon_core.environment:checking '/home/robot/go2_ws_toolbox/install/go2_navigation2/bin'
[0.403s] INFO:colcon.colcon_core.shell:Creating package script '/home/robot/go2_ws_toolbox/install/go2_navigation2/share/go2_navigation2/package.ps1'
[0.404s] INFO:colcon.colcon_core.shell:Creating package descriptor '/home/robot/go2_ws_toolbox/install/go2_navigation2/share/go2_navigation2/package.dsv'
[0.404s] INFO:colcon.colcon_core.shell:Creating package script '/home/robot/go2_ws_toolbox/install/go2_navigation2/share/go2_navigation2/package.sh'
[0.405s] INFO:colcon.colcon_core.shell:Creating package script '/home/robot/go2_ws_toolbox/install/go2_navigation2/share/go2_navigation2/package.bash'
[0.405s] INFO:colcon.colcon_core.shell:Creating package script '/home/robot/go2_ws_toolbox/install/go2_navigation2/share/go2_navigation2/package.zsh'
[0.406s] Level 1:colcon.colcon_core.environment:create_file_with_runtime_dependencies(/home/robot/go2_ws_toolbox/install/go2_navigation2/share/colcon-core/packages/go2_navigation2)
[0.408s] Level 1:colcon.colcon_core.environment:create_environment_scripts_only(go2_perception)
[0.409s] Level 1:colcon.colcon_core.environment:checking '/home/robot/go2_ws_toolbox/install/go2_perception' for CMake module files
[0.410s] DEBUG:colcon.colcon_core.event_handler.log_command:Invoked command in '/home/robot/go2_ws_toolbox/build/go2_perception' returned '0': CMAKE_PREFIX_PATH=${CMAKE_PREFIX_PATH}:/opt/ros/humble /usr/bin/cmake --install /home/robot/go2_ws_toolbox/build/go2_perception
[0.410s] Level 1:colcon.colcon_core.environment:checking '/home/robot/go2_ws_toolbox/install/go2_perception' for CMake config files
[0.410s] Level 1:colcon.colcon_core.shell:create_environment_hook('go2_perception', 'cmake_prefix_path')
[0.411s] INFO:colcon.colcon_core.shell:Creating environment hook '/home/robot/go2_ws_toolbox/install/go2_perception/share/go2_perception/hook/cmake_prefix_path.ps1'
[0.411s] INFO:colcon.colcon_core.shell:Creating environment descriptor '/home/robot/go2_ws_toolbox/install/go2_perception/share/go2_perception/hook/cmake_prefix_path.dsv'
[0.412s] INFO:colcon.colcon_core.shell:Creating environment hook '/home/robot/go2_ws_toolbox/install/go2_perception/share/go2_perception/hook/cmake_prefix_path.sh'
[0.413s] Level 1:colcon.colcon_core.environment:checking '/home/robot/go2_ws_toolbox/install/go2_perception/lib'
[0.413s] Level 1:colcon.colcon_core.shell:create_environment_hook('go2_perception', 'ld_library_path_lib')
[0.413s] INFO:colcon.colcon_core.shell:Creating environment hook '/home/robot/go2_ws_toolbox/install/go2_perception/share/go2_perception/hook/ld_library_path_lib.ps1'
[0.414s] INFO:colcon.colcon_core.shell:Creating environment descriptor '/home/robot/go2_ws_toolbox/install/go2_perception/share/go2_perception/hook/ld_library_path_lib.dsv'
[0.415s] INFO:colcon.colcon_core.shell:Creating environment hook '/home/robot/go2_ws_toolbox/install/go2_perception/share/go2_perception/hook/ld_library_path_lib.sh'
[0.416s] Level 1:colcon.colcon_core.environment:checking '/home/robot/go2_ws_toolbox/install/go2_perception/bin'
[0.416s] Level 1:colcon.colcon_core.environment:checking '/home/robot/go2_ws_toolbox/install/go2_perception/lib/pkgconfig/go2_perception.pc'
[0.416s] Level 1:colcon.colcon_core.environment:checking '/home/robot/go2_ws_toolbox/install/go2_perception/lib/python3.10/site-packages'
[0.416s] Level 1:colcon.colcon_core.environment:checking '/home/robot/go2_ws_toolbox/install/go2_perception/bin'
[0.417s] INFO:colcon.colcon_core.shell:Creating package script '/home/robot/go2_ws_toolbox/install/go2_perception/share/go2_perception/package.ps1'
[0.417s] INFO:colcon.colcon_core.shell:Creating package descriptor '/home/robot/go2_ws_toolbox/install/go2_perception/share/go2_perception/package.dsv'
[0.418s] INFO:colcon.colcon_core.shell:Creating package script '/home/robot/go2_ws_toolbox/install/go2_perception/share/go2_perception/package.sh'
[0.418s] INFO:colcon.colcon_core.shell:Creating package script '/home/robot/go2_ws_toolbox/install/go2_perception/share/go2_perception/package.bash'
[0.418s] INFO:colcon.colcon_core.shell:Creating package script '/home/robot/go2_ws_toolbox/install/go2_perception/share/go2_perception/package.zsh'
[0.419s] Level 1:colcon.colcon_core.environment:create_file_with_runtime_dependencies(/home/robot/go2_ws_toolbox/install/go2_perception/share/colcon-core/packages/go2_perception)
[0.419s] Level 1:colcon.colcon_core.environment:create_environment_scripts_only(go2_perception)
[0.419s] Level 1:colcon.colcon_core.environment:checking '/home/robot/go2_ws_toolbox/install/go2_perception' for CMake module files
[0.420s] Level 1:colcon.colcon_core.environment:checking '/home/robot/go2_ws_toolbox/install/go2_perception' for CMake config files
[0.420s] Level 1:colcon.colcon_core.shell:create_environment_hook('go2_perception', 'cmake_prefix_path')
[0.420s] INFO:colcon.colcon_core.shell:Creating environment hook '/home/robot/go2_ws_toolbox/install/go2_perception/share/go2_perception/hook/cmake_prefix_path.ps1'
[0.421s] INFO:colcon.colcon_core.shell:Creating environment descriptor '/home/robot/go2_ws_toolbox/install/go2_perception/share/go2_perception/hook/cmake_prefix_path.dsv'
[0.421s] INFO:colcon.colcon_core.shell:Creating environment hook '/home/robot/go2_ws_toolbox/install/go2_perception/share/go2_perception/hook/cmake_prefix_path.sh'
[0.423s] Level 1:colcon.colcon_core.environment:checking '/home/robot/go2_ws_toolbox/install/go2_perception/lib'
[0.423s] Level 1:colcon.colcon_core.shell:create_environment_hook('go2_perception', 'ld_library_path_lib')
[0.423s] INFO:colcon.colcon_core.shell:Creating environment hook '/home/robot/go2_ws_toolbox/install/go2_perception/share/go2_perception/hook/ld_library_path_lib.ps1'
[0.423s] INFO:colcon.colcon_core.shell:Creating environment descriptor '/home/robot/go2_ws_toolbox/install/go2_perception/share/go2_perception/hook/ld_library_path_lib.dsv'
[0.424s] INFO:colcon.colcon_core.shell:Creating environment hook '/home/robot/go2_ws_toolbox/install/go2_perception/share/go2_perception/hook/ld_library_path_lib.sh'
[0.424s] Level 1:colcon.colcon_core.environment:checking '/home/robot/go2_ws_toolbox/install/go2_perception/bin'
[0.424s] Level 1:colcon.colcon_core.environment:checking '/home/robot/go2_ws_toolbox/install/go2_perception/lib/pkgconfig/go2_perception.pc'
[0.424s] Level 1:colcon.colcon_core.environment:checking '/home/robot/go2_ws_toolbox/install/go2_perception/lib/python3.10/site-packages'
[0.424s] Level 1:colcon.colcon_core.environment:checking '/home/robot/go2_ws_toolbox/install/go2_perception/bin'
[0.424s] INFO:colcon.colcon_core.shell:Creating package script '/home/robot/go2_ws_toolbox/install/go2_perception/share/go2_perception/package.ps1'
[0.425s] INFO:colcon.colcon_core.shell:Creating package descriptor '/home/robot/go2_ws_toolbox/install/go2_perception/share/go2_perception/package.dsv'
[0.425s] INFO:colcon.colcon_core.shell:Creating package script '/home/robot/go2_ws_toolbox/install/go2_perception/share/go2_perception/package.sh'
[0.425s] INFO:colcon.colcon_core.shell:Creating package script '/home/robot/go2_ws_toolbox/install/go2_perception/share/go2_perception/package.bash'
[0.426s] INFO:colcon.colcon_core.shell:Creating package script '/home/robot/go2_ws_toolbox/install/go2_perception/share/go2_perception/package.zsh'
[0.426s] Level 1:colcon.colcon_core.environment:create_file_with_runtime_dependencies(/home/robot/go2_ws_toolbox/install/go2_perception/share/colcon-core/packages/go2_perception)
[0.426s] Level 1:colcon.colcon_core.environment:create_environment_scripts_only(go2_twist_bridge)
[0.427s] Level 1:colcon.colcon_core.environment:checking '/home/robot/go2_ws_toolbox/install/go2_twist_bridge' for CMake module files
[0.428s] DEBUG:colcon.colcon_core.event_handler.log_command:Invoked command in '/home/robot/go2_ws_toolbox/build/go2_twist_bridge' returned '0': CMAKE_PREFIX_PATH=${CMAKE_PREFIX_PATH}:/opt/ros/humble /usr/bin/cmake --install /home/robot/go2_ws_toolbox/build/go2_twist_bridge
[0.428s] Level 1:colcon.colcon_core.environment:checking '/home/robot/go2_ws_toolbox/install/go2_twist_bridge' for CMake config files
[0.428s] Level 1:colcon.colcon_core.shell:create_environment_hook('go2_twist_bridge', 'cmake_prefix_path')
[0.429s] INFO:colcon.colcon_core.shell:Creating environment hook '/home/robot/go2_ws_toolbox/install/go2_twist_bridge/share/go2_twist_bridge/hook/cmake_prefix_path.ps1'
[0.429s] INFO:colcon.colcon_core.shell:Creating environment descriptor '/home/robot/go2_ws_toolbox/install/go2_twist_bridge/share/go2_twist_bridge/hook/cmake_prefix_path.dsv'
[0.429s] INFO:colcon.colcon_core.shell:Creating environment hook '/home/robot/go2_ws_toolbox/install/go2_twist_bridge/share/go2_twist_bridge/hook/cmake_prefix_path.sh'
[0.430s] Level 1:colcon.colcon_core.environment:checking '/home/robot/go2_ws_toolbox/install/go2_twist_bridge/lib'
[0.430s] Level 1:colcon.colcon_core.environment:checking '/home/robot/go2_ws_toolbox/install/go2_twist_bridge/bin'
[0.430s] Level 1:colcon.colcon_core.environment:checking '/home/robot/go2_ws_toolbox/install/go2_twist_bridge/lib/pkgconfig/go2_twist_bridge.pc'
[0.430s] Level 1:colcon.colcon_core.environment:checking '/home/robot/go2_ws_toolbox/install/go2_twist_bridge/lib/python3.10/site-packages'
[0.430s] Level 1:colcon.colcon_core.environment:checking '/home/robot/go2_ws_toolbox/install/go2_twist_bridge/bin'
[0.430s] INFO:colcon.colcon_core.shell:Creating package script '/home/robot/go2_ws_toolbox/install/go2_twist_bridge/share/go2_twist_bridge/package.ps1'
[0.431s] INFO:colcon.colcon_core.shell:Creating package descriptor '/home/robot/go2_ws_toolbox/install/go2_twist_bridge/share/go2_twist_bridge/package.dsv'
[0.431s] INFO:colcon.colcon_core.shell:Creating package script '/home/robot/go2_ws_toolbox/install/go2_twist_bridge/share/go2_twist_bridge/package.sh'
[0.431s] INFO:colcon.colcon_core.shell:Creating package script '/home/robot/go2_ws_toolbox/install/go2_twist_bridge/share/go2_twist_bridge/package.bash'
[0.431s] INFO:colcon.colcon_core.shell:Creating package script '/home/robot/go2_ws_toolbox/install/go2_twist_bridge/share/go2_twist_bridge/package.zsh'
[0.432s] Level 1:colcon.colcon_core.environment:create_file_with_runtime_dependencies(/home/robot/go2_ws_toolbox/install/go2_twist_bridge/share/colcon-core/packages/go2_twist_bridge)
[0.432s] Level 1:colcon.colcon_core.environment:create_environment_scripts_only(go2_twist_bridge)
[0.432s] Level 1:colcon.colcon_core.environment:checking '/home/robot/go2_ws_toolbox/install/go2_twist_bridge' for CMake module files
[0.432s] Level 1:colcon.colcon_core.environment:checking '/home/robot/go2_ws_toolbox/install/go2_twist_bridge' for CMake config files
[0.432s] Level 1:colcon.colcon_core.shell:create_environment_hook('go2_twist_bridge', 'cmake_prefix_path')
[0.433s] INFO:colcon.colcon_core.shell:Creating environment hook '/home/robot/go2_ws_toolbox/install/go2_twist_bridge/share/go2_twist_bridge/hook/cmake_prefix_path.ps1'
[0.433s] INFO:colcon.colcon_core.shell:Creating environment descriptor '/home/robot/go2_ws_toolbox/install/go2_twist_bridge/share/go2_twist_bridge/hook/cmake_prefix_path.dsv'
[0.433s] INFO:colcon.colcon_core.shell:Creating environment hook '/home/robot/go2_ws_toolbox/install/go2_twist_bridge/share/go2_twist_bridge/hook/cmake_prefix_path.sh'
[0.434s] Level 1:colcon.colcon_core.environment:checking '/home/robot/go2_ws_toolbox/install/go2_twist_bridge/lib'
[0.434s] Level 1:colcon.colcon_core.environment:checking '/home/robot/go2_ws_toolbox/install/go2_twist_bridge/bin'
[0.434s] Level 1:colcon.colcon_core.environment:checking '/home/robot/go2_ws_toolbox/install/go2_twist_bridge/lib/pkgconfig/go2_twist_bridge.pc'
[0.434s] Level 1:colcon.colcon_core.environment:checking '/home/robot/go2_ws_toolbox/install/go2_twist_bridge/lib/python3.10/site-packages'
[0.434s] Level 1:colcon.colcon_core.environment:checking '/home/robot/go2_ws_toolbox/install/go2_twist_bridge/bin'
[0.434s] INFO:colcon.colcon_core.shell:Creating package script '/home/robot/go2_ws_toolbox/install/go2_twist_bridge/share/go2_twist_bridge/package.ps1'
[0.435s] INFO:colcon.colcon_core.shell:Creating package descriptor '/home/robot/go2_ws_toolbox/install/go2_twist_bridge/share/go2_twist_bridge/package.dsv'
[0.435s] INFO:colcon.colcon_core.shell:Creating package script '/home/robot/go2_ws_toolbox/install/go2_twist_bridge/share/go2_twist_bridge/package.sh'
[0.435s] INFO:colcon.colcon_core.shell:Creating package script '/home/robot/go2_ws_toolbox/install/go2_twist_bridge/share/go2_twist_bridge/package.bash'
[0.436s] INFO:colcon.colcon_core.shell:Creating package script '/home/robot/go2_ws_toolbox/install/go2_twist_bridge/share/go2_twist_bridge/package.zsh'
[0.436s] Level 1:colcon.colcon_core.environment:create_file_with_runtime_dependencies(/home/robot/go2_ws_toolbox/install/go2_twist_bridge/share/colcon-core/packages/go2_twist_bridge)
[0.564s] DEBUG:colcon.colcon_core.event_handler.log_command:Invoked command in '/home/robot/go2_ws_toolbox/build/go2_driver' returned '2': CMAKE_PREFIX_PATH=${CMAKE_PREFIX_PATH}:/opt/ros/humble /usr/bin/cmake --build /home/robot/go2_ws_toolbox/build/go2_driver -- -j16 -l16
[0.564s] Level 1:colcon.colcon_core.environment:create_environment_scripts_only(go2_driver)
[0.564s] Level 1:colcon.colcon_core.environment:checking '/home/robot/go2_ws_toolbox/install/go2_driver' for CMake module files
[0.565s] Level 1:colcon.colcon_core.environment:checking '/home/robot/go2_ws_toolbox/install/go2_driver' for CMake config files
[0.565s] Level 1:colcon.colcon_core.shell:create_environment_hook('go2_driver', 'cmake_prefix_path')
[0.565s] INFO:colcon.colcon_core.shell:Creating environment hook '/home/robot/go2_ws_toolbox/install/go2_driver/share/go2_driver/hook/cmake_prefix_path.ps1'
[0.565s] INFO:colcon.colcon_core.shell:Creating environment descriptor '/home/robot/go2_ws_toolbox/install/go2_driver/share/go2_driver/hook/cmake_prefix_path.dsv'
[0.566s] INFO:colcon.colcon_core.shell:Creating environment hook '/home/robot/go2_ws_toolbox/install/go2_driver/share/go2_driver/hook/cmake_prefix_path.sh'
[0.566s] Level 1:colcon.colcon_core.environment:checking '/home/robot/go2_ws_toolbox/install/go2_driver/lib'
[0.566s] Level 1:colcon.colcon_core.environment:checking '/home/robot/go2_ws_toolbox/install/go2_driver/bin'
[0.566s] Level 1:colcon.colcon_core.environment:checking '/home/robot/go2_ws_toolbox/install/go2_driver/lib/pkgconfig/go2_driver.pc'
[0.566s] Level 1:colcon.colcon_core.environment:checking '/home/robot/go2_ws_toolbox/install/go2_driver/lib/python3.10/site-packages'
[0.566s] Level 1:colcon.colcon_core.environment:checking '/home/robot/go2_ws_toolbox/install/go2_driver/bin'
[0.567s] INFO:colcon.colcon_core.shell:Creating package script '/home/robot/go2_ws_toolbox/install/go2_driver/share/go2_driver/package.ps1'
[0.567s] INFO:colcon.colcon_core.shell:Creating package descriptor '/home/robot/go2_ws_toolbox/install/go2_driver/share/go2_driver/package.dsv'
[0.567s] INFO:colcon.colcon_core.shell:Creating package script '/home/robot/go2_ws_toolbox/install/go2_driver/share/go2_driver/package.sh'
[0.568s] INFO:colcon.colcon_core.shell:Creating package script '/home/robot/go2_ws_toolbox/install/go2_driver/share/go2_driver/package.bash'
[0.568s] INFO:colcon.colcon_core.shell:Creating package script '/home/robot/go2_ws_toolbox/install/go2_driver/share/go2_driver/package.zsh'
[0.568s] Level 1:colcon.colcon_core.environment:create_file_with_runtime_dependencies(/home/robot/go2_ws_toolbox/install/go2_driver/share/colcon-core/packages/go2_driver)
[0.579s] DEBUG:colcon.colcon_parallel_executor.executor.parallel:closing loop
[0.579s] DEBUG:colcon.colcon_parallel_executor.executor.parallel:loop closed
[0.579s] DEBUG:colcon.colcon_parallel_executor.executor.parallel:run_until_complete finished with '2'
[0.579s] DEBUG:colcon.colcon_core.event_reactor:joining thread
[0.584s] INFO:colcon.colcon_core.plugin_system:Skipping extension 'colcon_notification.desktop_notification.terminal_notifier': Not used on non-Darwin systems
[0.584s] INFO:colcon.colcon_core.plugin_system:Skipping extension 'colcon_notification.desktop_notification.win32': Not used on non-Windows systems
[0.584s] INFO:colcon.colcon_notification.desktop_notification:Sending desktop notification using 'notify2'
[0.593s] DEBUG:colcon.colcon_core.event_reactor:joined thread
[0.594s] INFO:colcon.colcon_core.shell:Creating prefix script '/home/robot/go2_ws_toolbox/install/local_setup.ps1'
[0.595s] INFO:colcon.colcon_core.shell:Creating prefix util module '/home/robot/go2_ws_toolbox/install/_local_setup_util_ps1.py'
[0.595s] INFO:colcon.colcon_core.shell:Creating prefix chain script '/home/robot/go2_ws_toolbox/install/setup.ps1'
[0.597s] INFO:colcon.colcon_core.shell:Creating prefix script '/home/robot/go2_ws_toolbox/install/local_setup.sh'
[0.597s] INFO:colcon.colcon_core.shell:Creating prefix util module '/home/robot/go2_ws_toolbox/install/_local_setup_util_sh.py'
[0.598s] INFO:colcon.colcon_core.shell:Creating prefix chain script '/home/robot/go2_ws_toolbox/install/setup.sh'
[0.599s] INFO:colcon.colcon_core.shell:Creating prefix script '/home/robot/go2_ws_toolbox/install/local_setup.bash'
[0.599s] INFO:colcon.colcon_core.shell:Creating prefix chain script '/home/robot/go2_ws_toolbox/install/setup.bash'
[0.600s] INFO:colcon.colcon_core.shell:Creating prefix script '/home/robot/go2_ws_toolbox/install/local_setup.zsh'
[0.600s] INFO:colcon.colcon_core.shell:Creating prefix chain script '/home/robot/go2_ws_toolbox/install/setup.zsh'
