[0.195s] Invoking command in '/home/robot/go2_ws_toolbox/build/go2_slam': CMAKE_PREFIX_PATH=${CMAKE_PREFIX_PATH}:/opt/ros/humble /usr/bin/cmake --build /home/robot/go2_ws_toolbox/build/go2_slam -- -j16 -l16
[0.542s] Invoked command in '/home/robot/go2_ws_toolbox/build/go2_slam' returned '0': CMAKE_PREFIX_PATH=${CMAKE_PREFIX_PATH}:/opt/ros/humble /usr/bin/cmake --build /home/robot/go2_ws_toolbox/build/go2_slam -- -j16 -l16
[0.558s] Invoking command in '/home/robot/go2_ws_toolbox/build/go2_slam': CMAKE_PREFIX_PATH=${CMAKE_PREFIX_PATH}:/opt/ros/humble /usr/bin/cmake --install /home/robot/go2_ws_toolbox/build/go2_slam
[0.665s] -- Install configuration: ""
[0.666s] -- Up-to-date: /home/robot/go2_ws_toolbox/install/go2_slam/share/go2_slam/launch
[0.667s] -- Up-to-date: /home/robot/go2_ws_toolbox/install/go2_slam/share/go2_slam/launch/go2_slamtoolbox.launch.py
[0.667s] -- Up-to-date: /home/robot/go2_ws_toolbox/install/go2_slam/share/go2_slam/config
[0.668s] -- Up-to-date: /home/robot/go2_ws_toolbox/install/go2_slam/share/go2_slam/config/mapper_params_online_async.yaml
[0.669s] -- Up-to-date: /home/robot/go2_ws_toolbox/install/go2_slam/share/ament_index/resource_index/package_run_dependencies/go2_slam
[0.669s] -- Up-to-date: /home/robot/go2_ws_toolbox/install/go2_slam/share/ament_index/resource_index/parent_prefix_path/go2_slam
[0.671s] -- Up-to-date: /home/robot/go2_ws_toolbox/install/go2_slam/share/go2_slam/environment/ament_prefix_path.sh
[0.672s] -- Up-to-date: /home/robot/go2_ws_toolbox/install/go2_slam/share/go2_slam/environment/ament_prefix_path.dsv
[0.672s] -- Up-to-date: /home/robot/go2_ws_toolbox/install/go2_slam/share/go2_slam/environment/path.sh
[0.673s] -- Up-to-date: /home/robot/go2_ws_toolbox/install/go2_slam/share/go2_slam/environment/path.dsv
[0.674s] -- Up-to-date: /home/robot/go2_ws_toolbox/install/go2_slam/share/go2_slam/local_setup.bash
[0.674s] -- Up-to-date: /home/robot/go2_ws_toolbox/install/go2_slam/share/go2_slam/local_setup.sh
[0.675s] -- Up-to-date: /home/robot/go2_ws_toolbox/install/go2_slam/share/go2_slam/local_setup.zsh
[0.675s] -- Up-to-date: /home/robot/go2_ws_toolbox/install/go2_slam/share/go2_slam/local_setup.dsv
[0.675s] -- Installing: /home/robot/go2_ws_toolbox/install/go2_slam/share/go2_slam/package.dsv
[0.676s] -- Up-to-date: /home/robot/go2_ws_toolbox/install/go2_slam/share/ament_index/resource_index/packages/go2_slam
[0.680s] -- Up-to-date: /home/robot/go2_ws_toolbox/install/go2_slam/share/go2_slam/cmake/go2_slamConfig.cmake
[0.680s] -- Up-to-date: /home/robot/go2_ws_toolbox/install/go2_slam/share/go2_slam/cmake/go2_slamConfig-version.cmake
[0.681s] -- Up-to-date: /home/robot/go2_ws_toolbox/install/go2_slam/share/go2_slam/package.xml
[0.710s] Invoked command in '/home/robot/go2_ws_toolbox/build/go2_slam' returned '0': CMAKE_PREFIX_PATH=${CMAKE_PREFIX_PATH}:/opt/ros/humble /usr/bin/cmake --install /home/robot/go2_ws_toolbox/build/go2_slam
