[0.016s] Invoking command in '/home/robot/go2_ws_toolbox/build/go2_perception': CMAKE_PREFIX_PATH=${CMAKE_PREFIX_PATH}:/opt/ros/humble /usr/bin/cmake --build /home/robot/go2_ws_toolbox/build/go2_perception -- -j16 -l16
[0.056s] [ 50%] Built target pointcloud_to_laserscan_node
[0.056s] [ 50%] [32mBuilding CXX object CMakeFiles/cloud_accumulation.dir/src/cloud_accumulation.cpp.o[0m
[0.058s] [ 66%] [32mBuilding CXX object CMakeFiles/pointcloud_to_laserscan.dir/src/pointcloud_to_laserscan_node.cpp.o[0m
[6.790s] [ 83%] [32m[1mLinking CXX executable cloud_accumulation[0m
[7.163s] [ 83%] Built target cloud_accumulation
[8.875s] [100%] [32m[1mLinking CXX shared library libpointcloud_to_laserscan.so[0m
[9.244s] [100%] Built target pointcloud_to_laserscan
[9.255s] Invoked command in '/home/robot/go2_ws_toolbox/build/go2_perception' returned '0': CMAKE_PREFIX_PATH=${CMAKE_PREFIX_PATH}:/opt/ros/humble /usr/bin/cmake --build /home/robot/go2_ws_toolbox/build/go2_perception -- -j16 -l16
[9.256s] Invoking command in '/home/robot/go2_ws_toolbox/build/go2_perception': CMAKE_PREFIX_PATH=${CMAKE_PREFIX_PATH}:/opt/ros/humble /usr/bin/cmake --install /home/robot/go2_ws_toolbox/build/go2_perception
[9.263s] -- Install configuration: ""
[9.263s] -- Up-to-date: /home/robot/go2_ws_toolbox/install/go2_perception/lib/go2_perception/pointcloud_to_laserscan_node
[9.263s] -- Installing: /home/robot/go2_ws_toolbox/install/go2_perception/lib/libpointcloud_to_laserscan.so
[9.271s] -- Set runtime path of "/home/robot/go2_ws_toolbox/install/go2_perception/lib/libpointcloud_to_laserscan.so" to ""
[9.271s] -- Installing: /home/robot/go2_ws_toolbox/install/go2_perception/lib/go2_perception/cloud_accumulation
[9.275s] -- Set runtime path of "/home/robot/go2_ws_toolbox/install/go2_perception/lib/go2_perception/cloud_accumulation" to ""
[9.275s] -- Up-to-date: /home/robot/go2_ws_toolbox/install/go2_perception/share/go2_perception/launch
[9.275s] -- Installing: /home/robot/go2_ws_toolbox/install/go2_perception/share/go2_perception/launch/go2_pointcloud.launch.py
[9.275s] -- Up-to-date: /home/robot/go2_ws_toolbox/install/go2_perception/share/ament_index/resource_index/package_run_dependencies/go2_perception
[9.275s] -- Up-to-date: /home/robot/go2_ws_toolbox/install/go2_perception/share/ament_index/resource_index/parent_prefix_path/go2_perception
[9.275s] -- Up-to-date: /home/robot/go2_ws_toolbox/install/go2_perception/share/go2_perception/environment/ament_prefix_path.sh
[9.275s] -- Up-to-date: /home/robot/go2_ws_toolbox/install/go2_perception/share/go2_perception/environment/ament_prefix_path.dsv
[9.275s] -- Up-to-date: /home/robot/go2_ws_toolbox/install/go2_perception/share/go2_perception/environment/path.sh
[9.275s] -- Up-to-date: /home/robot/go2_ws_toolbox/install/go2_perception/share/go2_perception/environment/path.dsv
[9.275s] -- Up-to-date: /home/robot/go2_ws_toolbox/install/go2_perception/share/go2_perception/local_setup.bash
[9.275s] -- Up-to-date: /home/robot/go2_ws_toolbox/install/go2_perception/share/go2_perception/local_setup.sh
[9.275s] -- Up-to-date: /home/robot/go2_ws_toolbox/install/go2_perception/share/go2_perception/local_setup.zsh
[9.275s] -- Up-to-date: /home/robot/go2_ws_toolbox/install/go2_perception/share/go2_perception/local_setup.dsv
[9.275s] -- Installing: /home/robot/go2_ws_toolbox/install/go2_perception/share/go2_perception/package.dsv
[9.275s] -- Up-to-date: /home/robot/go2_ws_toolbox/install/go2_perception/share/ament_index/resource_index/packages/go2_perception
[9.275s] -- Up-to-date: /home/robot/go2_ws_toolbox/install/go2_perception/share/ament_index/resource_index/rclcpp_components/go2_perception
[9.275s] -- Up-to-date: /home/robot/go2_ws_toolbox/install/go2_perception/share/go2_perception/cmake/go2_perceptionConfig.cmake
[9.275s] -- Up-to-date: /home/robot/go2_ws_toolbox/install/go2_perception/share/go2_perception/cmake/go2_perceptionConfig-version.cmake
[9.275s] -- Up-to-date: /home/robot/go2_ws_toolbox/install/go2_perception/share/go2_perception/package.xml
[9.278s] Invoked command in '/home/robot/go2_ws_toolbox/build/go2_perception' returned '0': CMAKE_PREFIX_PATH=${CMAKE_PREFIX_PATH}:/opt/ros/humble /usr/bin/cmake --install /home/robot/go2_ws_toolbox/build/go2_perception
