[0.033s] Invoking command in '/home/robot/go2_ws_toolbox/build/go2_driver': CMAKE_PREFIX_PATH=${CMAKE_PREFIX_PATH}:/opt/ros/humble /usr/bin/cmake /home/robot/go2_ws_toolbox/src/base/go2_driver -DCMAKE_INSTALL_PREFIX=/home/robot/go2_ws_toolbox/install/go2_driver
[0.107s] -- The C compiler identification is GNU 11.4.0
[0.152s] -- The CXX compiler identification is GNU 11.4.0
[0.160s] -- Detecting C compiler ABI info
[0.216s] -- Detecting C compiler ABI info - done
[0.221s] -- Check for working C compiler: /usr/bin/cc - skipped
[0.221s] -- Detecting C compile features
[0.221s] -- Detecting C compile features - done
[0.224s] -- Detecting CXX compiler ABI info
[0.285s] -- Detecting CXX compiler ABI info - done
[0.290s] -- Check for working CXX compiler: /usr/bin/c++ - skipped
[0.290s] -- Detecting CXX compile features
[0.290s] -- Detecting CXX compile features - done
[0.293s] -- Found ament_cmake: 1.3.12 (/opt/ros/humble/share/ament_cmake/cmake)
[0.410s] -- Found Python3: /usr/bin/python3 (found version "3.10.12") found components: Interpreter 
[0.498s] -- Found rclcpp: 16.0.14 (/opt/ros/humble/share/rclcpp/cmake)
[0.549s] -- Found rosidl_generator_c: 3.1.7 (/opt/ros/humble/share/rosidl_generator_c/cmake)
[0.556s] -- Found rosidl_adapter: 3.1.7 (/opt/ros/humble/share/rosidl_adapter/cmake)
[0.566s] -- Found rosidl_generator_cpp: 3.1.7 (/opt/ros/humble/share/rosidl_generator_cpp/cmake)
[0.580s] -- Using all available rosidl_typesupport_c: rosidl_typesupport_fastrtps_c;rosidl_typesupport_introspection_c
[0.597s] -- Using all available rosidl_typesupport_cpp: rosidl_typesupport_fastrtps_cpp;rosidl_typesupport_introspection_cpp
[0.647s] -- Found rmw_implementation_cmake: 6.1.2 (/opt/ros/humble/share/rmw_implementation_cmake/cmake)
[0.650s] -- Found rmw_cyclonedds_cpp: 1.3.4 (/home/robot/unitree_ros2/cyclonedds_ws/install/rmw_cyclonedds_cpp/share/rmw_cyclonedds_cpp/cmake)
[0.671s] -- Using RMW implementation 'rmw_cyclonedds_cpp' as default
[0.683s] -- Looking for pthread.h
[0.744s] -- Looking for pthread.h - found
[0.744s] -- Performing Test CMAKE_HAVE_LIBC_PTHREAD
[0.809s] -- Performing Test CMAKE_HAVE_LIBC_PTHREAD - Success
[0.810s] -- Found Threads: TRUE  
[0.862s] -- Found unitree_go: 0.0.0 (/home/robot/unitree_ros2/cyclonedds_ws/install/unitree_go/share/unitree_go/cmake)
[0.890s] -- Found nav_msgs: 4.9.0 (/opt/ros/humble/share/nav_msgs/cmake)
[0.910s] -- Found tf2: 0.25.15 (/opt/ros/humble/share/tf2/cmake)
[0.928s] -- Found tf2_ros: 0.25.15 (/opt/ros/humble/share/tf2_ros/cmake)
[1.256s] -- Found sensor_msgs: 4.9.0 (/opt/ros/humble/share/sensor_msgs/cmake)
[1.446s] -- Found ament_lint_auto: 0.12.14 (/opt/ros/humble/share/ament_lint_auto/cmake)
[1.746s] -- Added test 'cppcheck' to perform static code analysis on C / C++ code
[1.746s] -- Configured cppcheck include dirs: $<BUILD_INTERFACE:/home/robot/go2_ws_toolbox/src/base/go2_driver/include>
[1.746s] -- Configured cppcheck exclude dirs and/or files: 
[1.746s] -- Added test 'flake8' to check Python code syntax and style conventions
[1.747s] -- Added test 'lint_cmake' to check CMake code style
[1.747s] -- Added test 'pep257' to check Python code against some of the docstring style conventions in PEP 257
[1.748s] -- Added test 'uncrustify' to check C / C++ code style
[1.748s] -- Configured uncrustify additional arguments: 
[1.748s] -- Added test 'xmllint' to check XML markup files
[1.749s] -- Configuring done
[1.760s] -- Generating done
[1.763s] -- Build files have been written to: /home/robot/go2_ws_toolbox/build/go2_driver
[1.775s] Invoked command in '/home/robot/go2_ws_toolbox/build/go2_driver' returned '0': CMAKE_PREFIX_PATH=${CMAKE_PREFIX_PATH}:/opt/ros/humble /usr/bin/cmake /home/robot/go2_ws_toolbox/src/base/go2_driver -DCMAKE_INSTALL_PREFIX=/home/robot/go2_ws_toolbox/install/go2_driver
[1.777s] Invoking command in '/home/robot/go2_ws_toolbox/build/go2_driver': CMAKE_PREFIX_PATH=${CMAKE_PREFIX_PATH}:/opt/ros/humble /usr/bin/cmake --build /home/robot/go2_ws_toolbox/build/go2_driver -- -j16 -l16
[2.037s] [ 50%] [32mBuilding CXX object CMakeFiles/driver.dir/src/driver.cpp.o[0m
[27.352s] [100%] [32m[1mLinking CXX executable driver[0m
[28.053s] [100%] Built target driver
[28.162s] Invoked command in '/home/robot/go2_ws_toolbox/build/go2_driver' returned '0': CMAKE_PREFIX_PATH=${CMAKE_PREFIX_PATH}:/opt/ros/humble /usr/bin/cmake --build /home/robot/go2_ws_toolbox/build/go2_driver -- -j16 -l16
[28.177s] Invoking command in '/home/robot/go2_ws_toolbox/build/go2_driver': CMAKE_PREFIX_PATH=${CMAKE_PREFIX_PATH}:/opt/ros/humble /usr/bin/cmake --install /home/robot/go2_ws_toolbox/build/go2_driver
[28.257s] -- Install configuration: ""
[28.259s] -- Installing: /home/robot/go2_ws_toolbox/install/go2_driver/lib/go2_driver/driver
[28.327s] -- Set runtime path of "/home/robot/go2_ws_toolbox/install/go2_driver/lib/go2_driver/driver" to ""
[28.329s] -- Installing: /home/robot/go2_ws_toolbox/install/go2_driver/share/go2_driver/launch
[28.331s] -- Installing: /home/robot/go2_ws_toolbox/install/go2_driver/share/go2_driver/launch/driver.launch.py
[28.331s] -- Installing: /home/robot/go2_ws_toolbox/install/go2_driver/share/go2_driver/params
[28.333s] -- Installing: /home/robot/go2_ws_toolbox/install/go2_driver/share/go2_driver/params/driver.yaml
[28.334s] -- Installing: /home/robot/go2_ws_toolbox/install/go2_driver/share/go2_driver/rviz
[28.334s] -- Installing: /home/robot/go2_ws_toolbox/install/go2_driver/share/go2_driver/rviz/display.rviz
[28.335s] -- Installing: /home/robot/go2_ws_toolbox/install/go2_driver/share/ament_index/resource_index/package_run_dependencies/go2_driver
[28.337s] -- Installing: /home/robot/go2_ws_toolbox/install/go2_driver/share/ament_index/resource_index/parent_prefix_path/go2_driver
[28.339s] -- Installing: /home/robot/go2_ws_toolbox/install/go2_driver/share/go2_driver/environment/ament_prefix_path.sh
[28.341s] -- Installing: /home/robot/go2_ws_toolbox/install/go2_driver/share/go2_driver/environment/ament_prefix_path.dsv
[28.342s] -- Installing: /home/robot/go2_ws_toolbox/install/go2_driver/share/go2_driver/environment/path.sh
[28.342s] -- Installing: /home/robot/go2_ws_toolbox/install/go2_driver/share/go2_driver/environment/path.dsv
[28.344s] -- Installing: /home/robot/go2_ws_toolbox/install/go2_driver/share/go2_driver/local_setup.bash
[28.345s] -- Installing: /home/robot/go2_ws_toolbox/install/go2_driver/share/go2_driver/local_setup.sh
[28.346s] -- Installing: /home/robot/go2_ws_toolbox/install/go2_driver/share/go2_driver/local_setup.zsh
[28.347s] -- Installing: /home/robot/go2_ws_toolbox/install/go2_driver/share/go2_driver/local_setup.dsv
[28.348s] -- Installing: /home/robot/go2_ws_toolbox/install/go2_driver/share/go2_driver/package.dsv
[28.349s] -- Installing: /home/robot/go2_ws_toolbox/install/go2_driver/share/ament_index/resource_index/packages/go2_driver
[28.351s] -- Installing: /home/robot/go2_ws_toolbox/install/go2_driver/share/go2_driver/cmake/go2_driverConfig.cmake
[28.352s] -- Installing: /home/robot/go2_ws_toolbox/install/go2_driver/share/go2_driver/cmake/go2_driverConfig-version.cmake
[28.353s] -- Installing: /home/robot/go2_ws_toolbox/install/go2_driver/share/go2_driver/package.xml
[28.375s] Invoked command in '/home/robot/go2_ws_toolbox/build/go2_driver' returned '0': CMAKE_PREFIX_PATH=${CMAKE_PREFIX_PATH}:/opt/ros/humble /usr/bin/cmake --install /home/robot/go2_ws_toolbox/build/go2_driver
