[0.019s] Invoking command in '/home/robot/go2_ws_toolbox/build/go2_navigation2': CMAKE_PREFIX_PATH=${CMAKE_PREFIX_PATH}:/opt/ros/humble /usr/bin/cmake --build /home/robot/go2_ws_toolbox/build/go2_navigation2 -- -j16 -l16
[0.055s] [100%] Built target navigation
[0.332s] Invoked command in '/home/robot/go2_ws_toolbox/build/go2_navigation2' returned '0': CMAKE_PREFIX_PATH=${CMAKE_PREFIX_PATH}:/opt/ros/humble /usr/bin/cmake --build /home/robot/go2_ws_toolbox/build/go2_navigation2 -- -j16 -l16
[0.347s] Invoking command in '/home/robot/go2_ws_toolbox/build/go2_navigation2': CMAKE_PREFIX_PATH=${CMAKE_PREFIX_PATH}:/opt/ros/humble /usr/bin/cmake --install /home/robot/go2_ws_toolbox/build/go2_navigation2
[0.422s] -- Install configuration: ""
[0.424s] -- Up-to-date: /home/robot/go2_ws_toolbox/install/go2_navigation2/lib/go2_navigation2/navigation
[0.425s] -- Up-to-date: /home/robot/go2_ws_toolbox/install/go2_navigation2/share/go2_navigation2/launch
[0.426s] -- Up-to-date: /home/robot/go2_ws_toolbox/install/go2_navigation2/share/go2_navigation2/launch/go2_nav2.launch.py
[0.426s] -- Up-to-date: /home/robot/go2_ws_toolbox/install/go2_navigation2/share/go2_navigation2/config
[0.426s] -- Up-to-date: /home/robot/go2_ws_toolbox/install/go2_navigation2/share/go2_navigation2/config/nav2_params.yaml
[0.427s] -- Up-to-date: /home/robot/go2_ws_toolbox/install/go2_navigation2/share/ament_index/resource_index/package_run_dependencies/go2_navigation2
[0.427s] -- Up-to-date: /home/robot/go2_ws_toolbox/install/go2_navigation2/share/ament_index/resource_index/parent_prefix_path/go2_navigation2
[0.428s] -- Up-to-date: /home/robot/go2_ws_toolbox/install/go2_navigation2/share/go2_navigation2/environment/ament_prefix_path.sh
[0.429s] -- Up-to-date: /home/robot/go2_ws_toolbox/install/go2_navigation2/share/go2_navigation2/environment/ament_prefix_path.dsv
[0.430s] -- Up-to-date: /home/robot/go2_ws_toolbox/install/go2_navigation2/share/go2_navigation2/environment/path.sh
[0.431s] -- Up-to-date: /home/robot/go2_ws_toolbox/install/go2_navigation2/share/go2_navigation2/environment/path.dsv
[0.431s] -- Up-to-date: /home/robot/go2_ws_toolbox/install/go2_navigation2/share/go2_navigation2/local_setup.bash
[0.432s] -- Up-to-date: /home/robot/go2_ws_toolbox/install/go2_navigation2/share/go2_navigation2/local_setup.sh
[0.432s] -- Up-to-date: /home/robot/go2_ws_toolbox/install/go2_navigation2/share/go2_navigation2/local_setup.zsh
[0.432s] -- Up-to-date: /home/robot/go2_ws_toolbox/install/go2_navigation2/share/go2_navigation2/local_setup.dsv
[0.433s] -- Installing: /home/robot/go2_ws_toolbox/install/go2_navigation2/share/go2_navigation2/package.dsv
[0.433s] -- Up-to-date: /home/robot/go2_ws_toolbox/install/go2_navigation2/share/ament_index/resource_index/packages/go2_navigation2
[0.434s] -- Up-to-date: /home/robot/go2_ws_toolbox/install/go2_navigation2/share/go2_navigation2/cmake/go2_navigation2Config.cmake
[0.434s] -- Up-to-date: /home/robot/go2_ws_toolbox/install/go2_navigation2/share/go2_navigation2/cmake/go2_navigation2Config-version.cmake
[0.435s] -- Up-to-date: /home/robot/go2_ws_toolbox/install/go2_navigation2/share/go2_navigation2/package.xml
[0.471s] Invoked command in '/home/robot/go2_ws_toolbox/build/go2_navigation2' returned '0': CMAKE_PREFIX_PATH=${CMAKE_PREFIX_PATH}:/opt/ros/humble /usr/bin/cmake --install /home/robot/go2_ws_toolbox/build/go2_navigation2
