[0.458s] DEBUG:colcon:Command line arguments: ['/usr/bin/colcon', 'build']
[0.458s] DEBUG:colcon:Parsed command line arguments: Namespace(log_base=None, log_level=None, verb_name='build', build_base='build', install_base='install', merge_install=False, symlink_install=False, test_result_base=None, continue_on_error=False, executor='parallel', parallel_workers=16, event_handlers=None, ignore_user_meta=False, metas=['./colcon.meta'], base_paths=['.'], packages_ignore=None, packages_ignore_regex=None, paths=None, packages_up_to=None, packages_up_to_regex=None, packages_above=None, packages_above_and_dependencies=None, packages_above_depth=None, packages_select_by_dep=None, packages_skip_by_dep=None, packages_skip_up_to=None, packages_select_build_failed=False, packages_skip_build_finished=False, packages_select_test_failures=False, packages_skip_test_passed=False, packages_select=None, packages_skip=None, packages_select_regex=None, packages_skip_regex=None, packages_start=None, packages_end=None, allow_overriding=[], cmake_args=None, cmake_target=None, cmake_target_skip_unavailable=False, cmake_clean_cache=False, cmake_clean_first=False, cmake_force_configure=False, ament_cmake_args=None, catkin_cmake_args=None, catkin_skip_building_tests=False, verb_parser=<colcon_defaults.argument_parser.defaults.DefaultArgumentsDecorator object at 0x76ecec959ba0>, verb_extension=<colcon_core.verb.build.BuildVerb object at 0x76ecec959690>, main=<bound method BuildVerb.main of <colcon_core.verb.build.BuildVerb object at 0x76ecec959690>>)
[0.730s] Level 1:colcon.colcon_core.package_discovery:discover_packages(colcon_meta) check parameters
[0.730s] Level 1:colcon.colcon_core.package_discovery:discover_packages(recursive) check parameters
[0.730s] Level 1:colcon.colcon_core.package_discovery:discover_packages(ignore) check parameters
[0.730s] Level 1:colcon.colcon_core.package_discovery:discover_packages(path) check parameters
[0.730s] Level 1:colcon.colcon_core.package_discovery:discover_packages(colcon_meta) discover
[0.730s] Level 1:colcon.colcon_core.package_discovery:discover_packages(recursive) discover
[0.730s] INFO:colcon.colcon_core.package_discovery:Crawling recursively for packages in '/home/robot/go2_ws_toolbox'
[0.730s] Level 1:colcon.colcon_core.package_identification:_identify(.) by extensions ['ignore', 'ignore_ament_install']
[0.730s] Level 1:colcon.colcon_core.package_identification:_identify(.) by extension 'ignore'
[0.730s] Level 1:colcon.colcon_core.package_identification:_identify(.) by extension 'ignore_ament_install'
[0.730s] Level 1:colcon.colcon_core.package_identification:_identify(.) by extensions ['colcon_pkg']
[0.730s] Level 1:colcon.colcon_core.package_identification:_identify(.) by extension 'colcon_pkg'
[0.730s] Level 1:colcon.colcon_core.package_identification:_identify(.) by extensions ['colcon_meta']
[0.730s] Level 1:colcon.colcon_core.package_identification:_identify(.) by extension 'colcon_meta'
[0.730s] Level 1:colcon.colcon_core.package_identification:_identify(.) by extensions ['ros']
[0.730s] Level 1:colcon.colcon_core.package_identification:_identify(.) by extension 'ros'
[0.736s] Level 1:colcon.colcon_core.package_identification:_identify(.) by extensions ['cmake', 'python']
[0.736s] Level 1:colcon.colcon_core.package_identification:_identify(.) by extension 'cmake'
[0.736s] Level 1:colcon.colcon_core.package_identification:_identify(.) by extension 'python'
[0.736s] Level 1:colcon.colcon_core.package_identification:_identify(.) by extensions ['python_setup_py']
[0.736s] Level 1:colcon.colcon_core.package_identification:_identify(.) by extension 'python_setup_py'
[0.737s] Level 1:colcon.colcon_core.package_identification:_identify(build) by extensions ['ignore', 'ignore_ament_install']
[0.737s] Level 1:colcon.colcon_core.package_identification:_identify(build) by extension 'ignore'
[0.737s] Level 1:colcon.colcon_core.package_identification:_identify(build) ignored
[0.737s] Level 1:colcon.colcon_core.package_identification:_identify(install) by extensions ['ignore', 'ignore_ament_install']
[0.737s] Level 1:colcon.colcon_core.package_identification:_identify(install) by extension 'ignore'
[0.737s] Level 1:colcon.colcon_core.package_identification:_identify(install) ignored
[0.737s] Level 1:colcon.colcon_core.package_identification:_identify(log) by extensions ['ignore', 'ignore_ament_install']
[0.737s] Level 1:colcon.colcon_core.package_identification:_identify(log) by extension 'ignore'
[0.737s] Level 1:colcon.colcon_core.package_identification:_identify(log) ignored
[0.737s] Level 1:colcon.colcon_core.package_identification:_identify(src) by extensions ['ignore', 'ignore_ament_install']
[0.737s] Level 1:colcon.colcon_core.package_identification:_identify(src) by extension 'ignore'
[0.737s] Level 1:colcon.colcon_core.package_identification:_identify(src) by extension 'ignore_ament_install'
[0.737s] Level 1:colcon.colcon_core.package_identification:_identify(src) by extensions ['colcon_pkg']
[0.737s] Level 1:colcon.colcon_core.package_identification:_identify(src) by extension 'colcon_pkg'
[0.737s] Level 1:colcon.colcon_core.package_identification:_identify(src) by extensions ['colcon_meta']
[0.737s] Level 1:colcon.colcon_core.package_identification:_identify(src) by extension 'colcon_meta'
[0.737s] Level 1:colcon.colcon_core.package_identification:_identify(src) by extensions ['ros']
[0.737s] Level 1:colcon.colcon_core.package_identification:_identify(src) by extension 'ros'
[0.737s] Level 1:colcon.colcon_core.package_identification:_identify(src) by extensions ['cmake', 'python']
[0.737s] Level 1:colcon.colcon_core.package_identification:_identify(src) by extension 'cmake'
[0.737s] Level 1:colcon.colcon_core.package_identification:_identify(src) by extension 'python'
[0.737s] Level 1:colcon.colcon_core.package_identification:_identify(src) by extensions ['python_setup_py']
[0.737s] Level 1:colcon.colcon_core.package_identification:_identify(src) by extension 'python_setup_py'
[0.737s] Level 1:colcon.colcon_core.package_identification:_identify(src/base) by extensions ['ignore', 'ignore_ament_install']
[0.737s] Level 1:colcon.colcon_core.package_identification:_identify(src/base) by extension 'ignore'
[0.737s] Level 1:colcon.colcon_core.package_identification:_identify(src/base) by extension 'ignore_ament_install'
[0.737s] Level 1:colcon.colcon_core.package_identification:_identify(src/base) by extensions ['colcon_pkg']
[0.737s] Level 1:colcon.colcon_core.package_identification:_identify(src/base) by extension 'colcon_pkg'
[0.737s] Level 1:colcon.colcon_core.package_identification:_identify(src/base) by extensions ['colcon_meta']
[0.737s] Level 1:colcon.colcon_core.package_identification:_identify(src/base) by extension 'colcon_meta'
[0.737s] Level 1:colcon.colcon_core.package_identification:_identify(src/base) by extensions ['ros']
[0.737s] Level 1:colcon.colcon_core.package_identification:_identify(src/base) by extension 'ros'
[0.737s] Level 1:colcon.colcon_core.package_identification:_identify(src/base) by extensions ['cmake', 'python']
[0.737s] Level 1:colcon.colcon_core.package_identification:_identify(src/base) by extension 'cmake'
[0.737s] Level 1:colcon.colcon_core.package_identification:_identify(src/base) by extension 'python'
[0.737s] Level 1:colcon.colcon_core.package_identification:_identify(src/base) by extensions ['python_setup_py']
[0.737s] Level 1:colcon.colcon_core.package_identification:_identify(src/base) by extension 'python_setup_py'
[0.737s] Level 1:colcon.colcon_core.package_identification:_identify(src/base/go2_core) by extensions ['ignore', 'ignore_ament_install']
[0.737s] Level 1:colcon.colcon_core.package_identification:_identify(src/base/go2_core) by extension 'ignore'
[0.738s] Level 1:colcon.colcon_core.package_identification:_identify(src/base/go2_core) by extension 'ignore_ament_install'
[0.738s] Level 1:colcon.colcon_core.package_identification:_identify(src/base/go2_core) by extensions ['colcon_pkg']
[0.738s] Level 1:colcon.colcon_core.package_identification:_identify(src/base/go2_core) by extension 'colcon_pkg'
[0.738s] Level 1:colcon.colcon_core.package_identification:_identify(src/base/go2_core) by extensions ['colcon_meta']
[0.738s] Level 1:colcon.colcon_core.package_identification:_identify(src/base/go2_core) by extension 'colcon_meta'
[0.738s] Level 1:colcon.colcon_core.package_identification:_identify(src/base/go2_core) by extensions ['ros']
[0.738s] Level 1:colcon.colcon_core.package_identification:_identify(src/base/go2_core) by extension 'ros'
[0.739s] DEBUG:colcon.colcon_core.package_identification:Package 'src/base/go2_core' with type 'ros.ament_cmake' and name 'go2_core'
[0.739s] Level 1:colcon.colcon_core.package_identification:_identify(src/go2_description) by extensions ['ignore', 'ignore_ament_install']
[0.739s] Level 1:colcon.colcon_core.package_identification:_identify(src/go2_description) by extension 'ignore'
[0.739s] Level 1:colcon.colcon_core.package_identification:_identify(src/go2_description) by extension 'ignore_ament_install'
[0.739s] Level 1:colcon.colcon_core.package_identification:_identify(src/go2_description) by extensions ['colcon_pkg']
[0.739s] Level 1:colcon.colcon_core.package_identification:_identify(src/go2_description) by extension 'colcon_pkg'
[0.739s] Level 1:colcon.colcon_core.package_identification:_identify(src/go2_description) by extensions ['colcon_meta']
[0.739s] Level 1:colcon.colcon_core.package_identification:_identify(src/go2_description) by extension 'colcon_meta'
[0.739s] Level 1:colcon.colcon_core.package_identification:_identify(src/go2_description) by extensions ['ros']
[0.739s] Level 1:colcon.colcon_core.package_identification:_identify(src/go2_description) by extension 'ros'
[0.740s] DEBUG:colcon.colcon_core.package_identification:Package 'src/go2_description' with type 'ros.ament_cmake' and name 'go2_description'
[0.740s] Level 1:colcon.colcon_core.package_identification:_identify(src/go2_navigation2) by extensions ['ignore', 'ignore_ament_install']
[0.740s] Level 1:colcon.colcon_core.package_identification:_identify(src/go2_navigation2) by extension 'ignore'
[0.740s] Level 1:colcon.colcon_core.package_identification:_identify(src/go2_navigation2) by extension 'ignore_ament_install'
[0.740s] Level 1:colcon.colcon_core.package_identification:_identify(src/go2_navigation2) by extensions ['colcon_pkg']
[0.740s] Level 1:colcon.colcon_core.package_identification:_identify(src/go2_navigation2) by extension 'colcon_pkg'
[0.740s] Level 1:colcon.colcon_core.package_identification:_identify(src/go2_navigation2) by extensions ['colcon_meta']
[0.740s] Level 1:colcon.colcon_core.package_identification:_identify(src/go2_navigation2) by extension 'colcon_meta'
[0.740s] Level 1:colcon.colcon_core.package_identification:_identify(src/go2_navigation2) by extensions ['ros']
[0.740s] Level 1:colcon.colcon_core.package_identification:_identify(src/go2_navigation2) by extension 'ros'
[0.740s] DEBUG:colcon.colcon_core.package_identification:Package 'src/go2_navigation2' with type 'ros.ament_cmake' and name 'go2_navigation2'
[0.740s] Level 1:colcon.colcon_core.package_identification:_identify(src/go2_perception) by extensions ['ignore', 'ignore_ament_install']
[0.740s] Level 1:colcon.colcon_core.package_identification:_identify(src/go2_perception) by extension 'ignore'
[0.740s] Level 1:colcon.colcon_core.package_identification:_identify(src/go2_perception) by extension 'ignore_ament_install'
[0.740s] Level 1:colcon.colcon_core.package_identification:_identify(src/go2_perception) by extensions ['colcon_pkg']
[0.740s] Level 1:colcon.colcon_core.package_identification:_identify(src/go2_perception) by extension 'colcon_pkg'
[0.740s] Level 1:colcon.colcon_core.package_identification:_identify(src/go2_perception) by extensions ['colcon_meta']
[0.740s] Level 1:colcon.colcon_core.package_identification:_identify(src/go2_perception) by extension 'colcon_meta'
[0.740s] Level 1:colcon.colcon_core.package_identification:_identify(src/go2_perception) by extensions ['ros']
[0.740s] Level 1:colcon.colcon_core.package_identification:_identify(src/go2_perception) by extension 'ros'
[0.741s] DEBUG:colcon.colcon_core.package_identification:Package 'src/go2_perception' with type 'ros.ament_cmake' and name 'go2_perception'
[0.741s] Level 1:colcon.colcon_core.package_identification:_identify(src/go2_slam) by extensions ['ignore', 'ignore_ament_install']
[0.741s] Level 1:colcon.colcon_core.package_identification:_identify(src/go2_slam) by extension 'ignore'
[0.741s] Level 1:colcon.colcon_core.package_identification:_identify(src/go2_slam) by extension 'ignore_ament_install'
[0.741s] Level 1:colcon.colcon_core.package_identification:_identify(src/go2_slam) by extensions ['colcon_pkg']
[0.741s] Level 1:colcon.colcon_core.package_identification:_identify(src/go2_slam) by extension 'colcon_pkg'
[0.741s] Level 1:colcon.colcon_core.package_identification:_identify(src/go2_slam) by extensions ['colcon_meta']
[0.741s] Level 1:colcon.colcon_core.package_identification:_identify(src/go2_slam) by extension 'colcon_meta'
[0.741s] Level 1:colcon.colcon_core.package_identification:_identify(src/go2_slam) by extensions ['ros']
[0.741s] Level 1:colcon.colcon_core.package_identification:_identify(src/go2_slam) by extension 'ros'
[0.741s] DEBUG:colcon.colcon_core.package_identification:Package 'src/go2_slam' with type 'ros.ament_cmake' and name 'go2_slam'
[0.741s] Level 1:colcon.colcon_core.package_discovery:discover_packages(recursive) using defaults
[0.741s] Level 1:colcon.colcon_core.package_discovery:discover_packages(ignore) discover
[0.741s] Level 1:colcon.colcon_core.package_discovery:discover_packages(ignore) using defaults
[0.741s] Level 1:colcon.colcon_core.package_discovery:discover_packages(path) discover
[0.741s] Level 1:colcon.colcon_core.package_discovery:discover_packages(path) using defaults
[0.766s] Level 1:colcon.colcon_core.package_discovery:discover_packages(prefix_path) check parameters
[0.767s] Level 1:colcon.colcon_core.package_discovery:discover_packages(prefix_path) discover
[0.770s] DEBUG:colcon.colcon_installed_package_information.package_discovery:Found 5 installed packages in /home/robot/go2_ws_toolbox/install
[0.771s] DEBUG:colcon.colcon_installed_package_information.package_discovery:Found 5 installed packages in /home/robot/unitree_ros2/cyclonedds_ws/install
[0.776s] DEBUG:colcon.colcon_installed_package_information.package_discovery:Found 435 installed packages in /opt/ros/humble
[0.784s] Level 1:colcon.colcon_core.package_discovery:discover_packages(prefix_path) using defaults
[1.035s] Level 5:colcon.colcon_core.verb:set package 'go2_core' build argument 'cmake_args' from command line to 'None'
[1.035s] Level 5:colcon.colcon_core.verb:set package 'go2_core' build argument 'cmake_target' from command line to 'None'
[1.036s] Level 5:colcon.colcon_core.verb:set package 'go2_core' build argument 'cmake_target_skip_unavailable' from command line to 'False'
[1.036s] Level 5:colcon.colcon_core.verb:set package 'go2_core' build argument 'cmake_clean_cache' from command line to 'False'
[1.036s] Level 5:colcon.colcon_core.verb:set package 'go2_core' build argument 'cmake_clean_first' from command line to 'False'
[1.036s] Level 5:colcon.colcon_core.verb:set package 'go2_core' build argument 'cmake_force_configure' from command line to 'False'
[1.036s] Level 5:colcon.colcon_core.verb:set package 'go2_core' build argument 'ament_cmake_args' from command line to 'None'
[1.036s] Level 5:colcon.colcon_core.verb:set package 'go2_core' build argument 'catkin_cmake_args' from command line to 'None'
[1.036s] Level 5:colcon.colcon_core.verb:set package 'go2_core' build argument 'catkin_skip_building_tests' from command line to 'False'
[1.037s] DEBUG:colcon.colcon_core.verb:Building package 'go2_core' with the following arguments: {'ament_cmake_args': None, 'build_base': '/home/robot/go2_ws_toolbox/build/go2_core', 'catkin_cmake_args': None, 'catkin_skip_building_tests': False, 'cmake_args': None, 'cmake_clean_cache': False, 'cmake_clean_first': False, 'cmake_force_configure': False, 'cmake_target': None, 'cmake_target_skip_unavailable': False, 'install_base': '/home/robot/go2_ws_toolbox/install/go2_core', 'merge_install': False, 'path': '/home/robot/go2_ws_toolbox/src/base/go2_core', 'symlink_install': False, 'test_result_base': None}
[1.039s] Level 5:colcon.colcon_core.verb:set package 'go2_description' build argument 'cmake_args' from command line to 'None'
[1.039s] Level 5:colcon.colcon_core.verb:set package 'go2_description' build argument 'cmake_target' from command line to 'None'
[1.039s] Level 5:colcon.colcon_core.verb:set package 'go2_description' build argument 'cmake_target_skip_unavailable' from command line to 'False'
[1.039s] Level 5:colcon.colcon_core.verb:set package 'go2_description' build argument 'cmake_clean_cache' from command line to 'False'
[1.039s] Level 5:colcon.colcon_core.verb:set package 'go2_description' build argument 'cmake_clean_first' from command line to 'False'
[1.040s] Level 5:colcon.colcon_core.verb:set package 'go2_description' build argument 'cmake_force_configure' from command line to 'False'
[1.040s] Level 5:colcon.colcon_core.verb:set package 'go2_description' build argument 'ament_cmake_args' from command line to 'None'
[1.040s] Level 5:colcon.colcon_core.verb:set package 'go2_description' build argument 'catkin_cmake_args' from command line to 'None'
[1.040s] Level 5:colcon.colcon_core.verb:set package 'go2_description' build argument 'catkin_skip_building_tests' from command line to 'False'
[1.040s] DEBUG:colcon.colcon_core.verb:Building package 'go2_description' with the following arguments: {'ament_cmake_args': None, 'build_base': '/home/robot/go2_ws_toolbox/build/go2_description', 'catkin_cmake_args': None, 'catkin_skip_building_tests': False, 'cmake_args': None, 'cmake_clean_cache': False, 'cmake_clean_first': False, 'cmake_force_configure': False, 'cmake_target': None, 'cmake_target_skip_unavailable': False, 'install_base': '/home/robot/go2_ws_toolbox/install/go2_description', 'merge_install': False, 'path': '/home/robot/go2_ws_toolbox/src/go2_description', 'symlink_install': False, 'test_result_base': None}
[1.042s] Level 5:colcon.colcon_core.verb:set package 'go2_navigation2' build argument 'cmake_args' from command line to 'None'
[1.042s] Level 5:colcon.colcon_core.verb:set package 'go2_navigation2' build argument 'cmake_target' from command line to 'None'
[1.042s] Level 5:colcon.colcon_core.verb:set package 'go2_navigation2' build argument 'cmake_target_skip_unavailable' from command line to 'False'
[1.042s] Level 5:colcon.colcon_core.verb:set package 'go2_navigation2' build argument 'cmake_clean_cache' from command line to 'False'
[1.043s] Level 5:colcon.colcon_core.verb:set package 'go2_navigation2' build argument 'cmake_clean_first' from command line to 'False'
[1.043s] Level 5:colcon.colcon_core.verb:set package 'go2_navigation2' build argument 'cmake_force_configure' from command line to 'False'
[1.043s] Level 5:colcon.colcon_core.verb:set package 'go2_navigation2' build argument 'ament_cmake_args' from command line to 'None'
[1.043s] Level 5:colcon.colcon_core.verb:set package 'go2_navigation2' build argument 'catkin_cmake_args' from command line to 'None'
[1.043s] Level 5:colcon.colcon_core.verb:set package 'go2_navigation2' build argument 'catkin_skip_building_tests' from command line to 'False'
[1.043s] DEBUG:colcon.colcon_core.verb:Building package 'go2_navigation2' with the following arguments: {'ament_cmake_args': None, 'build_base': '/home/robot/go2_ws_toolbox/build/go2_navigation2', 'catkin_cmake_args': None, 'catkin_skip_building_tests': False, 'cmake_args': None, 'cmake_clean_cache': False, 'cmake_clean_first': False, 'cmake_force_configure': False, 'cmake_target': None, 'cmake_target_skip_unavailable': False, 'install_base': '/home/robot/go2_ws_toolbox/install/go2_navigation2', 'merge_install': False, 'path': '/home/robot/go2_ws_toolbox/src/go2_navigation2', 'symlink_install': False, 'test_result_base': None}
[1.046s] Level 5:colcon.colcon_core.verb:set package 'go2_perception' build argument 'cmake_args' from command line to 'None'
[1.046s] Level 5:colcon.colcon_core.verb:set package 'go2_perception' build argument 'cmake_target' from command line to 'None'
[1.046s] Level 5:colcon.colcon_core.verb:set package 'go2_perception' build argument 'cmake_target_skip_unavailable' from command line to 'False'
[1.046s] Level 5:colcon.colcon_core.verb:set package 'go2_perception' build argument 'cmake_clean_cache' from command line to 'False'
[1.046s] Level 5:colcon.colcon_core.verb:set package 'go2_perception' build argument 'cmake_clean_first' from command line to 'False'
[1.046s] Level 5:colcon.colcon_core.verb:set package 'go2_perception' build argument 'cmake_force_configure' from command line to 'False'
[1.046s] Level 5:colcon.colcon_core.verb:set package 'go2_perception' build argument 'ament_cmake_args' from command line to 'None'
[1.047s] Level 5:colcon.colcon_core.verb:set package 'go2_perception' build argument 'catkin_cmake_args' from command line to 'None'
[1.047s] Level 5:colcon.colcon_core.verb:set package 'go2_perception' build argument 'catkin_skip_building_tests' from command line to 'False'
[1.047s] DEBUG:colcon.colcon_core.verb:Building package 'go2_perception' with the following arguments: {'ament_cmake_args': None, 'build_base': '/home/robot/go2_ws_toolbox/build/go2_perception', 'catkin_cmake_args': None, 'catkin_skip_building_tests': False, 'cmake_args': None, 'cmake_clean_cache': False, 'cmake_clean_first': False, 'cmake_force_configure': False, 'cmake_target': None, 'cmake_target_skip_unavailable': False, 'install_base': '/home/robot/go2_ws_toolbox/install/go2_perception', 'merge_install': False, 'path': '/home/robot/go2_ws_toolbox/src/go2_perception', 'symlink_install': False, 'test_result_base': None}
[1.048s] Level 5:colcon.colcon_core.verb:set package 'go2_slam' build argument 'cmake_args' from command line to 'None'
[1.049s] Level 5:colcon.colcon_core.verb:set package 'go2_slam' build argument 'cmake_target' from command line to 'None'
[1.049s] Level 5:colcon.colcon_core.verb:set package 'go2_slam' build argument 'cmake_target_skip_unavailable' from command line to 'False'
[1.049s] Level 5:colcon.colcon_core.verb:set package 'go2_slam' build argument 'cmake_clean_cache' from command line to 'False'
[1.049s] Level 5:colcon.colcon_core.verb:set package 'go2_slam' build argument 'cmake_clean_first' from command line to 'False'
[1.049s] Level 5:colcon.colcon_core.verb:set package 'go2_slam' build argument 'cmake_force_configure' from command line to 'False'
[1.049s] Level 5:colcon.colcon_core.verb:set package 'go2_slam' build argument 'ament_cmake_args' from command line to 'None'
[1.049s] Level 5:colcon.colcon_core.verb:set package 'go2_slam' build argument 'catkin_cmake_args' from command line to 'None'
[1.049s] Level 5:colcon.colcon_core.verb:set package 'go2_slam' build argument 'catkin_skip_building_tests' from command line to 'False'
[1.049s] DEBUG:colcon.colcon_core.verb:Building package 'go2_slam' with the following arguments: {'ament_cmake_args': None, 'build_base': '/home/robot/go2_ws_toolbox/build/go2_slam', 'catkin_cmake_args': None, 'catkin_skip_building_tests': False, 'cmake_args': None, 'cmake_clean_cache': False, 'cmake_clean_first': False, 'cmake_force_configure': False, 'cmake_target': None, 'cmake_target_skip_unavailable': False, 'install_base': '/home/robot/go2_ws_toolbox/install/go2_slam', 'merge_install': False, 'path': '/home/robot/go2_ws_toolbox/src/go2_slam', 'symlink_install': False, 'test_result_base': None}
[1.050s] INFO:colcon.colcon_core.executor:Executing jobs using 'parallel' executor
[1.056s] DEBUG:colcon.colcon_parallel_executor.executor.parallel:run_until_complete
[1.057s] INFO:colcon.colcon_ros.task.ament_cmake.build:Building ROS package in '/home/robot/go2_ws_toolbox/src/base/go2_core' with build type 'ament_cmake'
[1.059s] INFO:colcon.colcon_cmake.task.cmake.build:Building CMake package in '/home/robot/go2_ws_toolbox/src/base/go2_core'
[1.072s] INFO:colcon.colcon_core.plugin_system:Skipping extension 'colcon_core.shell.bat': Not used on non-Windows systems
[1.073s] INFO:colcon.colcon_core.shell:Skip shell extension 'powershell' for command environment: Not usable outside of PowerShell
[1.074s] DEBUG:colcon.colcon_core.shell:Skip shell extension 'dsv' for command environment
[1.101s] INFO:colcon.colcon_ros.task.ament_cmake.build:Building ROS package in '/home/robot/go2_ws_toolbox/src/go2_description' with build type 'ament_cmake'
[1.102s] INFO:colcon.colcon_cmake.task.cmake.build:Building CMake package in '/home/robot/go2_ws_toolbox/src/go2_description'
[1.104s] INFO:colcon.colcon_core.shell:Skip shell extension 'powershell' for command environment: Not usable outside of PowerShell
[1.105s] DEBUG:colcon.colcon_core.shell:Skip shell extension 'dsv' for command environment
[1.134s] INFO:colcon.colcon_ros.task.ament_cmake.build:Building ROS package in '/home/robot/go2_ws_toolbox/src/go2_navigation2' with build type 'ament_cmake'
[1.135s] INFO:colcon.colcon_cmake.task.cmake.build:Building CMake package in '/home/robot/go2_ws_toolbox/src/go2_navigation2'
[1.137s] INFO:colcon.colcon_core.shell:Skip shell extension 'powershell' for command environment: Not usable outside of PowerShell
[1.138s] DEBUG:colcon.colcon_core.shell:Skip shell extension 'dsv' for command environment
[1.164s] INFO:colcon.colcon_ros.task.ament_cmake.build:Building ROS package in '/home/robot/go2_ws_toolbox/src/go2_perception' with build type 'ament_cmake'
[1.165s] INFO:colcon.colcon_cmake.task.cmake.build:Building CMake package in '/home/robot/go2_ws_toolbox/src/go2_perception'
[1.166s] INFO:colcon.colcon_core.shell:Skip shell extension 'powershell' for command environment: Not usable outside of PowerShell
[1.167s] DEBUG:colcon.colcon_core.shell:Skip shell extension 'dsv' for command environment
[1.192s] INFO:colcon.colcon_ros.task.ament_cmake.build:Building ROS package in '/home/robot/go2_ws_toolbox/src/go2_slam' with build type 'ament_cmake'
[1.194s] INFO:colcon.colcon_cmake.task.cmake.build:Building CMake package in '/home/robot/go2_ws_toolbox/src/go2_slam'
[1.196s] INFO:colcon.colcon_core.shell:Skip shell extension 'powershell' for command environment: Not usable outside of PowerShell
[1.197s] DEBUG:colcon.colcon_core.shell:Skip shell extension 'dsv' for command environment
[1.253s] DEBUG:colcon.colcon_core.event_handler.log_command:Invoking command in '/home/robot/go2_ws_toolbox/build/go2_core': CMAKE_PREFIX_PATH=${CMAKE_PREFIX_PATH}:/opt/ros/humble /usr/bin/cmake --build /home/robot/go2_ws_toolbox/build/go2_core -- -j16 -l16
[1.272s] DEBUG:colcon.colcon_core.event_handler.log_command:Invoking command in '/home/robot/go2_ws_toolbox/build/go2_description': CMAKE_PREFIX_PATH=${CMAKE_PREFIX_PATH}:/opt/ros/humble /usr/bin/cmake --build /home/robot/go2_ws_toolbox/build/go2_description -- -j16 -l16
[1.287s] DEBUG:colcon.colcon_core.event_handler.log_command:Invoking command in '/home/robot/go2_ws_toolbox/build/go2_navigation2': CMAKE_PREFIX_PATH=${CMAKE_PREFIX_PATH}:/opt/ros/humble /usr/bin/cmake --build /home/robot/go2_ws_toolbox/build/go2_navigation2 -- -j16 -l16
[1.310s] DEBUG:colcon.colcon_core.event_handler.log_command:Invoking command in '/home/robot/go2_ws_toolbox/build/go2_perception': CMAKE_PREFIX_PATH=${CMAKE_PREFIX_PATH}:/opt/ros/humble /usr/bin/cmake --build /home/robot/go2_ws_toolbox/build/go2_perception -- -j16 -l16
[1.339s] DEBUG:colcon.colcon_core.event_handler.log_command:Invoking command in '/home/robot/go2_ws_toolbox/build/go2_slam': CMAKE_PREFIX_PATH=${CMAKE_PREFIX_PATH}:/opt/ros/humble /usr/bin/cmake --build /home/robot/go2_ws_toolbox/build/go2_slam -- -j16 -l16
[1.435s] DEBUG:colcon.colcon_core.event_handler.log_command:Invoked command in '/home/robot/go2_ws_toolbox/build/go2_description' returned '0': CMAKE_PREFIX_PATH=${CMAKE_PREFIX_PATH}:/opt/ros/humble /usr/bin/cmake --build /home/robot/go2_ws_toolbox/build/go2_description -- -j16 -l16
[1.443s] DEBUG:colcon.colcon_core.event_handler.log_command:Invoking command in '/home/robot/go2_ws_toolbox/build/go2_description': CMAKE_PREFIX_PATH=${CMAKE_PREFIX_PATH}:/opt/ros/humble /usr/bin/cmake --install /home/robot/go2_ws_toolbox/build/go2_description
[1.444s] DEBUG:colcon.colcon_core.event_handler.log_command:Invoked command in '/home/robot/go2_ws_toolbox/build/go2_slam' returned '0': CMAKE_PREFIX_PATH=${CMAKE_PREFIX_PATH}:/opt/ros/humble /usr/bin/cmake --build /home/robot/go2_ws_toolbox/build/go2_slam -- -j16 -l16
[1.445s] DEBUG:colcon.colcon_core.event_handler.log_command:Invoking command in '/home/robot/go2_ws_toolbox/build/go2_slam': CMAKE_PREFIX_PATH=${CMAKE_PREFIX_PATH}:/opt/ros/humble /usr/bin/cmake --install /home/robot/go2_ws_toolbox/build/go2_slam
[1.452s] Level 1:colcon.colcon_core.environment:create_environment_scripts_only(go2_slam)
[1.453s] DEBUG:colcon.colcon_core.event_handler.log_command:Invoked command in '/home/robot/go2_ws_toolbox/build/go2_slam' returned '0': CMAKE_PREFIX_PATH=${CMAKE_PREFIX_PATH}:/opt/ros/humble /usr/bin/cmake --install /home/robot/go2_ws_toolbox/build/go2_slam
[1.455s] Level 1:colcon.colcon_core.environment:checking '/home/robot/go2_ws_toolbox/install/go2_slam' for CMake module files
[1.455s] Level 1:colcon.colcon_core.environment:checking '/home/robot/go2_ws_toolbox/install/go2_slam' for CMake config files
[1.455s] Level 1:colcon.colcon_core.shell:create_environment_hook('go2_slam', 'cmake_prefix_path')
[1.455s] INFO:colcon.colcon_core.shell:Creating environment hook '/home/robot/go2_ws_toolbox/install/go2_slam/share/go2_slam/hook/cmake_prefix_path.ps1'
[1.456s] INFO:colcon.colcon_core.shell:Creating environment descriptor '/home/robot/go2_ws_toolbox/install/go2_slam/share/go2_slam/hook/cmake_prefix_path.dsv'
[1.456s] INFO:colcon.colcon_core.shell:Creating environment hook '/home/robot/go2_ws_toolbox/install/go2_slam/share/go2_slam/hook/cmake_prefix_path.sh'
[1.456s] Level 1:colcon.colcon_core.environment:checking '/home/robot/go2_ws_toolbox/install/go2_slam/bin'
[1.457s] Level 1:colcon.colcon_core.environment:checking '/home/robot/go2_ws_toolbox/install/go2_slam/lib/pkgconfig/go2_slam.pc'
[1.457s] Level 1:colcon.colcon_core.environment:checking '/home/robot/go2_ws_toolbox/install/go2_slam/lib/python3.10/site-packages'
[1.457s] Level 1:colcon.colcon_core.environment:checking '/home/robot/go2_ws_toolbox/install/go2_slam/bin'
[1.457s] INFO:colcon.colcon_core.shell:Creating package script '/home/robot/go2_ws_toolbox/install/go2_slam/share/go2_slam/package.ps1'
[1.457s] INFO:colcon.colcon_core.shell:Creating package descriptor '/home/robot/go2_ws_toolbox/install/go2_slam/share/go2_slam/package.dsv'
[1.458s] INFO:colcon.colcon_core.shell:Creating package script '/home/robot/go2_ws_toolbox/install/go2_slam/share/go2_slam/package.sh'
[1.458s] INFO:colcon.colcon_core.shell:Creating package script '/home/robot/go2_ws_toolbox/install/go2_slam/share/go2_slam/package.bash'
[1.458s] INFO:colcon.colcon_core.shell:Creating package script '/home/robot/go2_ws_toolbox/install/go2_slam/share/go2_slam/package.zsh'
[1.459s] Level 1:colcon.colcon_core.environment:create_file_with_runtime_dependencies(/home/robot/go2_ws_toolbox/install/go2_slam/share/colcon-core/packages/go2_slam)
[1.459s] Level 1:colcon.colcon_core.environment:create_environment_scripts_only(go2_slam)
[1.459s] Level 1:colcon.colcon_core.environment:checking '/home/robot/go2_ws_toolbox/install/go2_slam' for CMake module files
[1.459s] Level 1:colcon.colcon_core.environment:checking '/home/robot/go2_ws_toolbox/install/go2_slam' for CMake config files
[1.460s] Level 1:colcon.colcon_core.shell:create_environment_hook('go2_slam', 'cmake_prefix_path')
[1.460s] INFO:colcon.colcon_core.shell:Creating environment hook '/home/robot/go2_ws_toolbox/install/go2_slam/share/go2_slam/hook/cmake_prefix_path.ps1'
[1.460s] INFO:colcon.colcon_core.shell:Creating environment descriptor '/home/robot/go2_ws_toolbox/install/go2_slam/share/go2_slam/hook/cmake_prefix_path.dsv'
[1.460s] INFO:colcon.colcon_core.shell:Creating environment hook '/home/robot/go2_ws_toolbox/install/go2_slam/share/go2_slam/hook/cmake_prefix_path.sh'
[1.460s] Level 1:colcon.colcon_core.environment:checking '/home/robot/go2_ws_toolbox/install/go2_slam/bin'
[1.460s] Level 1:colcon.colcon_core.environment:checking '/home/robot/go2_ws_toolbox/install/go2_slam/lib/pkgconfig/go2_slam.pc'
[1.461s] Level 1:colcon.colcon_core.environment:checking '/home/robot/go2_ws_toolbox/install/go2_slam/lib/python3.10/site-packages'
[1.461s] Level 1:colcon.colcon_core.environment:checking '/home/robot/go2_ws_toolbox/install/go2_slam/bin'
[1.461s] INFO:colcon.colcon_core.shell:Creating package script '/home/robot/go2_ws_toolbox/install/go2_slam/share/go2_slam/package.ps1'
[1.462s] INFO:colcon.colcon_core.shell:Creating package descriptor '/home/robot/go2_ws_toolbox/install/go2_slam/share/go2_slam/package.dsv'
[1.463s] INFO:colcon.colcon_core.shell:Creating package script '/home/robot/go2_ws_toolbox/install/go2_slam/share/go2_slam/package.sh'
[1.463s] INFO:colcon.colcon_core.shell:Creating package script '/home/robot/go2_ws_toolbox/install/go2_slam/share/go2_slam/package.bash'
[1.464s] INFO:colcon.colcon_core.shell:Creating package script '/home/robot/go2_ws_toolbox/install/go2_slam/share/go2_slam/package.zsh'
[1.464s] Level 1:colcon.colcon_core.environment:create_file_with_runtime_dependencies(/home/robot/go2_ws_toolbox/install/go2_slam/share/colcon-core/packages/go2_slam)
[1.465s] Level 1:colcon.colcon_core.environment:create_environment_scripts_only(go2_description)
[1.465s] Level 1:colcon.colcon_core.environment:checking '/home/robot/go2_ws_toolbox/install/go2_description' for CMake module files
[1.465s] DEBUG:colcon.colcon_core.event_handler.log_command:Invoked command in '/home/robot/go2_ws_toolbox/build/go2_description' returned '0': CMAKE_PREFIX_PATH=${CMAKE_PREFIX_PATH}:/opt/ros/humble /usr/bin/cmake --install /home/robot/go2_ws_toolbox/build/go2_description
[1.466s] Level 1:colcon.colcon_core.environment:checking '/home/robot/go2_ws_toolbox/install/go2_description' for CMake config files
[1.466s] Level 1:colcon.colcon_core.shell:create_environment_hook('go2_description', 'cmake_prefix_path')
[1.466s] INFO:colcon.colcon_core.shell:Creating environment hook '/home/robot/go2_ws_toolbox/install/go2_description/share/go2_description/hook/cmake_prefix_path.ps1'
[1.466s] INFO:colcon.colcon_core.shell:Creating environment descriptor '/home/robot/go2_ws_toolbox/install/go2_description/share/go2_description/hook/cmake_prefix_path.dsv'
[1.466s] INFO:colcon.colcon_core.shell:Creating environment hook '/home/robot/go2_ws_toolbox/install/go2_description/share/go2_description/hook/cmake_prefix_path.sh'
[1.466s] Level 1:colcon.colcon_core.environment:checking '/home/robot/go2_ws_toolbox/install/go2_description/bin'
[1.467s] Level 1:colcon.colcon_core.environment:checking '/home/robot/go2_ws_toolbox/install/go2_description/lib/pkgconfig/go2_description.pc'
[1.467s] Level 1:colcon.colcon_core.environment:checking '/home/robot/go2_ws_toolbox/install/go2_description/lib/python3.10/site-packages'
[1.467s] Level 1:colcon.colcon_core.environment:checking '/home/robot/go2_ws_toolbox/install/go2_description/bin'
[1.467s] INFO:colcon.colcon_core.shell:Creating package script '/home/robot/go2_ws_toolbox/install/go2_description/share/go2_description/package.ps1'
[1.467s] INFO:colcon.colcon_core.shell:Creating package descriptor '/home/robot/go2_ws_toolbox/install/go2_description/share/go2_description/package.dsv'
[1.467s] INFO:colcon.colcon_core.shell:Creating package script '/home/robot/go2_ws_toolbox/install/go2_description/share/go2_description/package.sh'
[1.468s] INFO:colcon.colcon_core.shell:Creating package script '/home/robot/go2_ws_toolbox/install/go2_description/share/go2_description/package.bash'
[1.468s] INFO:colcon.colcon_core.shell:Creating package script '/home/robot/go2_ws_toolbox/install/go2_description/share/go2_description/package.zsh'
[1.468s] Level 1:colcon.colcon_core.environment:create_file_with_runtime_dependencies(/home/robot/go2_ws_toolbox/install/go2_description/share/colcon-core/packages/go2_description)
[1.468s] Level 1:colcon.colcon_core.environment:create_environment_scripts_only(go2_description)
[1.469s] Level 1:colcon.colcon_core.environment:checking '/home/robot/go2_ws_toolbox/install/go2_description' for CMake module files
[1.469s] Level 1:colcon.colcon_core.environment:checking '/home/robot/go2_ws_toolbox/install/go2_description' for CMake config files
[1.469s] Level 1:colcon.colcon_core.shell:create_environment_hook('go2_description', 'cmake_prefix_path')
[1.469s] INFO:colcon.colcon_core.shell:Creating environment hook '/home/robot/go2_ws_toolbox/install/go2_description/share/go2_description/hook/cmake_prefix_path.ps1'
[1.469s] INFO:colcon.colcon_core.shell:Creating environment descriptor '/home/robot/go2_ws_toolbox/install/go2_description/share/go2_description/hook/cmake_prefix_path.dsv'
[1.469s] INFO:colcon.colcon_core.shell:Creating environment hook '/home/robot/go2_ws_toolbox/install/go2_description/share/go2_description/hook/cmake_prefix_path.sh'
[1.470s] Level 1:colcon.colcon_core.environment:checking '/home/robot/go2_ws_toolbox/install/go2_description/bin'
[1.470s] Level 1:colcon.colcon_core.environment:checking '/home/robot/go2_ws_toolbox/install/go2_description/lib/pkgconfig/go2_description.pc'
[1.470s] Level 1:colcon.colcon_core.environment:checking '/home/robot/go2_ws_toolbox/install/go2_description/lib/python3.10/site-packages'
[1.470s] Level 1:colcon.colcon_core.environment:checking '/home/robot/go2_ws_toolbox/install/go2_description/bin'
[1.470s] INFO:colcon.colcon_core.shell:Creating package script '/home/robot/go2_ws_toolbox/install/go2_description/share/go2_description/package.ps1'
[1.471s] INFO:colcon.colcon_core.shell:Creating package descriptor '/home/robot/go2_ws_toolbox/install/go2_description/share/go2_description/package.dsv'
[1.471s] INFO:colcon.colcon_core.shell:Creating package script '/home/robot/go2_ws_toolbox/install/go2_description/share/go2_description/package.sh'
[1.471s] INFO:colcon.colcon_core.shell:Creating package script '/home/robot/go2_ws_toolbox/install/go2_description/share/go2_description/package.bash'
[1.471s] INFO:colcon.colcon_core.shell:Creating package script '/home/robot/go2_ws_toolbox/install/go2_description/share/go2_description/package.zsh'
[1.472s] Level 1:colcon.colcon_core.environment:create_file_with_runtime_dependencies(/home/robot/go2_ws_toolbox/install/go2_description/share/colcon-core/packages/go2_description)
[1.474s] DEBUG:colcon.colcon_core.event_handler.log_command:Invoked command in '/home/robot/go2_ws_toolbox/build/go2_navigation2' returned '0': CMAKE_PREFIX_PATH=${CMAKE_PREFIX_PATH}:/opt/ros/humble /usr/bin/cmake --build /home/robot/go2_ws_toolbox/build/go2_navigation2 -- -j16 -l16
[1.474s] DEBUG:colcon.colcon_core.event_handler.log_command:Invoking command in '/home/robot/go2_ws_toolbox/build/go2_navigation2': CMAKE_PREFIX_PATH=${CMAKE_PREFIX_PATH}:/opt/ros/humble /usr/bin/cmake --install /home/robot/go2_ws_toolbox/build/go2_navigation2
[1.475s] DEBUG:colcon.colcon_core.event_handler.log_command:Invoked command in '/home/robot/go2_ws_toolbox/build/go2_core' returned '0': CMAKE_PREFIX_PATH=${CMAKE_PREFIX_PATH}:/opt/ros/humble /usr/bin/cmake --build /home/robot/go2_ws_toolbox/build/go2_core -- -j16 -l16
[1.476s] DEBUG:colcon.colcon_core.event_handler.log_command:Invoking command in '/home/robot/go2_ws_toolbox/build/go2_core': CMAKE_PREFIX_PATH=${CMAKE_PREFIX_PATH}:/opt/ros/humble /usr/bin/cmake --install /home/robot/go2_ws_toolbox/build/go2_core
[1.476s] DEBUG:colcon.colcon_core.event_handler.log_command:Invoked command in '/home/robot/go2_ws_toolbox/build/go2_perception' returned '0': CMAKE_PREFIX_PATH=${CMAKE_PREFIX_PATH}:/opt/ros/humble /usr/bin/cmake --build /home/robot/go2_ws_toolbox/build/go2_perception -- -j16 -l16
[1.477s] DEBUG:colcon.colcon_core.event_handler.log_command:Invoking command in '/home/robot/go2_ws_toolbox/build/go2_perception': CMAKE_PREFIX_PATH=${CMAKE_PREFIX_PATH}:/opt/ros/humble /usr/bin/cmake --install /home/robot/go2_ws_toolbox/build/go2_perception
[1.483s] Level 1:colcon.colcon_core.environment:create_environment_scripts_only(go2_navigation2)
[1.484s] Level 1:colcon.colcon_core.environment:checking '/home/robot/go2_ws_toolbox/install/go2_navigation2' for CMake module files
[1.484s] DEBUG:colcon.colcon_core.event_handler.log_command:Invoked command in '/home/robot/go2_ws_toolbox/build/go2_navigation2' returned '0': CMAKE_PREFIX_PATH=${CMAKE_PREFIX_PATH}:/opt/ros/humble /usr/bin/cmake --install /home/robot/go2_ws_toolbox/build/go2_navigation2
[1.485s] Level 1:colcon.colcon_core.environment:checking '/home/robot/go2_ws_toolbox/install/go2_navigation2' for CMake config files
[1.485s] Level 1:colcon.colcon_core.shell:create_environment_hook('go2_navigation2', 'cmake_prefix_path')
[1.485s] INFO:colcon.colcon_core.shell:Creating environment hook '/home/robot/go2_ws_toolbox/install/go2_navigation2/share/go2_navigation2/hook/cmake_prefix_path.ps1'
[1.486s] INFO:colcon.colcon_core.shell:Creating environment descriptor '/home/robot/go2_ws_toolbox/install/go2_navigation2/share/go2_navigation2/hook/cmake_prefix_path.dsv'
[1.486s] INFO:colcon.colcon_core.shell:Creating environment hook '/home/robot/go2_ws_toolbox/install/go2_navigation2/share/go2_navigation2/hook/cmake_prefix_path.sh'
[1.486s] Level 1:colcon.colcon_core.environment:checking '/home/robot/go2_ws_toolbox/install/go2_navigation2/lib'
[1.487s] Level 1:colcon.colcon_core.environment:checking '/home/robot/go2_ws_toolbox/install/go2_navigation2/bin'
[1.487s] Level 1:colcon.colcon_core.environment:checking '/home/robot/go2_ws_toolbox/install/go2_navigation2/lib/pkgconfig/go2_navigation2.pc'
[1.487s] Level 1:colcon.colcon_core.environment:checking '/home/robot/go2_ws_toolbox/install/go2_navigation2/lib/python3.10/site-packages'
[1.487s] Level 1:colcon.colcon_core.environment:checking '/home/robot/go2_ws_toolbox/install/go2_navigation2/bin'
[1.487s] INFO:colcon.colcon_core.shell:Creating package script '/home/robot/go2_ws_toolbox/install/go2_navigation2/share/go2_navigation2/package.ps1'
[1.488s] INFO:colcon.colcon_core.shell:Creating package descriptor '/home/robot/go2_ws_toolbox/install/go2_navigation2/share/go2_navigation2/package.dsv'
[1.488s] INFO:colcon.colcon_core.shell:Creating package script '/home/robot/go2_ws_toolbox/install/go2_navigation2/share/go2_navigation2/package.sh'
[1.488s] INFO:colcon.colcon_core.shell:Creating package script '/home/robot/go2_ws_toolbox/install/go2_navigation2/share/go2_navigation2/package.bash'
[1.488s] INFO:colcon.colcon_core.shell:Creating package script '/home/robot/go2_ws_toolbox/install/go2_navigation2/share/go2_navigation2/package.zsh'
[1.489s] Level 1:colcon.colcon_core.environment:create_file_with_runtime_dependencies(/home/robot/go2_ws_toolbox/install/go2_navigation2/share/colcon-core/packages/go2_navigation2)
[1.489s] Level 1:colcon.colcon_core.environment:create_environment_scripts_only(go2_navigation2)
[1.489s] Level 1:colcon.colcon_core.environment:checking '/home/robot/go2_ws_toolbox/install/go2_navigation2' for CMake module files
[1.489s] Level 1:colcon.colcon_core.environment:checking '/home/robot/go2_ws_toolbox/install/go2_navigation2' for CMake config files
[1.489s] Level 1:colcon.colcon_core.shell:create_environment_hook('go2_navigation2', 'cmake_prefix_path')
[1.490s] INFO:colcon.colcon_core.shell:Creating environment hook '/home/robot/go2_ws_toolbox/install/go2_navigation2/share/go2_navigation2/hook/cmake_prefix_path.ps1'
[1.490s] INFO:colcon.colcon_core.shell:Creating environment descriptor '/home/robot/go2_ws_toolbox/install/go2_navigation2/share/go2_navigation2/hook/cmake_prefix_path.dsv'
[1.490s] INFO:colcon.colcon_core.shell:Creating environment hook '/home/robot/go2_ws_toolbox/install/go2_navigation2/share/go2_navigation2/hook/cmake_prefix_path.sh'
[1.490s] Level 1:colcon.colcon_core.environment:checking '/home/robot/go2_ws_toolbox/install/go2_navigation2/lib'
[1.490s] Level 1:colcon.colcon_core.environment:checking '/home/robot/go2_ws_toolbox/install/go2_navigation2/bin'
[1.490s] Level 1:colcon.colcon_core.environment:checking '/home/robot/go2_ws_toolbox/install/go2_navigation2/lib/pkgconfig/go2_navigation2.pc'
[1.491s] Level 1:colcon.colcon_core.environment:checking '/home/robot/go2_ws_toolbox/install/go2_navigation2/lib/python3.10/site-packages'
[1.491s] Level 1:colcon.colcon_core.environment:checking '/home/robot/go2_ws_toolbox/install/go2_navigation2/bin'
[1.491s] INFO:colcon.colcon_core.shell:Creating package script '/home/robot/go2_ws_toolbox/install/go2_navigation2/share/go2_navigation2/package.ps1'
[1.491s] INFO:colcon.colcon_core.shell:Creating package descriptor '/home/robot/go2_ws_toolbox/install/go2_navigation2/share/go2_navigation2/package.dsv'
[1.491s] INFO:colcon.colcon_core.shell:Creating package script '/home/robot/go2_ws_toolbox/install/go2_navigation2/share/go2_navigation2/package.sh'
[1.491s] INFO:colcon.colcon_core.shell:Creating package script '/home/robot/go2_ws_toolbox/install/go2_navigation2/share/go2_navigation2/package.bash'
[1.492s] INFO:colcon.colcon_core.shell:Creating package script '/home/robot/go2_ws_toolbox/install/go2_navigation2/share/go2_navigation2/package.zsh'
[1.492s] Level 1:colcon.colcon_core.environment:create_file_with_runtime_dependencies(/home/robot/go2_ws_toolbox/install/go2_navigation2/share/colcon-core/packages/go2_navigation2)
[1.493s] Level 1:colcon.colcon_core.environment:create_environment_scripts_only(go2_core)
[1.493s] Level 1:colcon.colcon_core.environment:checking '/home/robot/go2_ws_toolbox/install/go2_core' for CMake module files
[1.494s] DEBUG:colcon.colcon_core.event_handler.log_command:Invoked command in '/home/robot/go2_ws_toolbox/build/go2_core' returned '0': CMAKE_PREFIX_PATH=${CMAKE_PREFIX_PATH}:/opt/ros/humble /usr/bin/cmake --install /home/robot/go2_ws_toolbox/build/go2_core
[1.494s] Level 1:colcon.colcon_core.environment:checking '/home/robot/go2_ws_toolbox/install/go2_core' for CMake config files
[1.494s] Level 1:colcon.colcon_core.shell:create_environment_hook('go2_core', 'cmake_prefix_path')
[1.494s] INFO:colcon.colcon_core.shell:Creating environment hook '/home/robot/go2_ws_toolbox/install/go2_core/share/go2_core/hook/cmake_prefix_path.ps1'
[1.494s] INFO:colcon.colcon_core.shell:Creating environment descriptor '/home/robot/go2_ws_toolbox/install/go2_core/share/go2_core/hook/cmake_prefix_path.dsv'
[1.495s] INFO:colcon.colcon_core.shell:Creating environment hook '/home/robot/go2_ws_toolbox/install/go2_core/share/go2_core/hook/cmake_prefix_path.sh'
[1.495s] Level 1:colcon.colcon_core.environment:checking '/home/robot/go2_ws_toolbox/install/go2_core/lib'
[1.495s] Level 1:colcon.colcon_core.environment:checking '/home/robot/go2_ws_toolbox/install/go2_core/bin'
[1.495s] Level 1:colcon.colcon_core.environment:checking '/home/robot/go2_ws_toolbox/install/go2_core/lib/pkgconfig/go2_core.pc'
[1.495s] Level 1:colcon.colcon_core.environment:checking '/home/robot/go2_ws_toolbox/install/go2_core/lib/python3.10/site-packages'
[1.495s] Level 1:colcon.colcon_core.environment:checking '/home/robot/go2_ws_toolbox/install/go2_core/bin'
[1.495s] INFO:colcon.colcon_core.shell:Creating package script '/home/robot/go2_ws_toolbox/install/go2_core/share/go2_core/package.ps1'
[1.496s] INFO:colcon.colcon_core.shell:Creating package descriptor '/home/robot/go2_ws_toolbox/install/go2_core/share/go2_core/package.dsv'
[1.496s] INFO:colcon.colcon_core.shell:Creating package script '/home/robot/go2_ws_toolbox/install/go2_core/share/go2_core/package.sh'
[1.496s] INFO:colcon.colcon_core.shell:Creating package script '/home/robot/go2_ws_toolbox/install/go2_core/share/go2_core/package.bash'
[1.496s] INFO:colcon.colcon_core.shell:Creating package script '/home/robot/go2_ws_toolbox/install/go2_core/share/go2_core/package.zsh'
[1.496s] Level 1:colcon.colcon_core.environment:create_file_with_runtime_dependencies(/home/robot/go2_ws_toolbox/install/go2_core/share/colcon-core/packages/go2_core)
[1.497s] Level 1:colcon.colcon_core.environment:create_environment_scripts_only(go2_core)
[1.497s] Level 1:colcon.colcon_core.environment:checking '/home/robot/go2_ws_toolbox/install/go2_core' for CMake module files
[1.497s] Level 1:colcon.colcon_core.environment:checking '/home/robot/go2_ws_toolbox/install/go2_core' for CMake config files
[1.497s] Level 1:colcon.colcon_core.shell:create_environment_hook('go2_core', 'cmake_prefix_path')
[1.497s] INFO:colcon.colcon_core.shell:Creating environment hook '/home/robot/go2_ws_toolbox/install/go2_core/share/go2_core/hook/cmake_prefix_path.ps1'
[1.497s] INFO:colcon.colcon_core.shell:Creating environment descriptor '/home/robot/go2_ws_toolbox/install/go2_core/share/go2_core/hook/cmake_prefix_path.dsv'
[1.498s] INFO:colcon.colcon_core.shell:Creating environment hook '/home/robot/go2_ws_toolbox/install/go2_core/share/go2_core/hook/cmake_prefix_path.sh'
[1.498s] Level 1:colcon.colcon_core.environment:checking '/home/robot/go2_ws_toolbox/install/go2_core/lib'
[1.498s] Level 1:colcon.colcon_core.environment:checking '/home/robot/go2_ws_toolbox/install/go2_core/bin'
[1.498s] Level 1:colcon.colcon_core.environment:checking '/home/robot/go2_ws_toolbox/install/go2_core/lib/pkgconfig/go2_core.pc'
[1.498s] Level 1:colcon.colcon_core.environment:checking '/home/robot/go2_ws_toolbox/install/go2_core/lib/python3.10/site-packages'
[1.498s] Level 1:colcon.colcon_core.environment:checking '/home/robot/go2_ws_toolbox/install/go2_core/bin'
[1.498s] INFO:colcon.colcon_core.shell:Creating package script '/home/robot/go2_ws_toolbox/install/go2_core/share/go2_core/package.ps1'
[1.499s] INFO:colcon.colcon_core.shell:Creating package descriptor '/home/robot/go2_ws_toolbox/install/go2_core/share/go2_core/package.dsv'
[1.499s] INFO:colcon.colcon_core.shell:Creating package script '/home/robot/go2_ws_toolbox/install/go2_core/share/go2_core/package.sh'
[1.499s] INFO:colcon.colcon_core.shell:Creating package script '/home/robot/go2_ws_toolbox/install/go2_core/share/go2_core/package.bash'
[1.499s] INFO:colcon.colcon_core.shell:Creating package script '/home/robot/go2_ws_toolbox/install/go2_core/share/go2_core/package.zsh'
[1.499s] Level 1:colcon.colcon_core.environment:create_file_with_runtime_dependencies(/home/robot/go2_ws_toolbox/install/go2_core/share/colcon-core/packages/go2_core)
[1.500s] Level 1:colcon.colcon_core.environment:create_environment_scripts_only(go2_perception)
[1.500s] Level 1:colcon.colcon_core.environment:checking '/home/robot/go2_ws_toolbox/install/go2_perception' for CMake module files
[1.501s] DEBUG:colcon.colcon_core.event_handler.log_command:Invoked command in '/home/robot/go2_ws_toolbox/build/go2_perception' returned '0': CMAKE_PREFIX_PATH=${CMAKE_PREFIX_PATH}:/opt/ros/humble /usr/bin/cmake --install /home/robot/go2_ws_toolbox/build/go2_perception
[1.501s] Level 1:colcon.colcon_core.environment:checking '/home/robot/go2_ws_toolbox/install/go2_perception' for CMake config files
[1.501s] Level 1:colcon.colcon_core.shell:create_environment_hook('go2_perception', 'cmake_prefix_path')
[1.501s] INFO:colcon.colcon_core.shell:Creating environment hook '/home/robot/go2_ws_toolbox/install/go2_perception/share/go2_perception/hook/cmake_prefix_path.ps1'
[1.501s] INFO:colcon.colcon_core.shell:Creating environment descriptor '/home/robot/go2_ws_toolbox/install/go2_perception/share/go2_perception/hook/cmake_prefix_path.dsv'
[1.501s] INFO:colcon.colcon_core.shell:Creating environment hook '/home/robot/go2_ws_toolbox/install/go2_perception/share/go2_perception/hook/cmake_prefix_path.sh'
[1.502s] Level 1:colcon.colcon_core.environment:checking '/home/robot/go2_ws_toolbox/install/go2_perception/lib'
[1.502s] Level 1:colcon.colcon_core.shell:create_environment_hook('go2_perception', 'ld_library_path_lib')
[1.502s] INFO:colcon.colcon_core.shell:Creating environment hook '/home/robot/go2_ws_toolbox/install/go2_perception/share/go2_perception/hook/ld_library_path_lib.ps1'
[1.502s] INFO:colcon.colcon_core.shell:Creating environment descriptor '/home/robot/go2_ws_toolbox/install/go2_perception/share/go2_perception/hook/ld_library_path_lib.dsv'
[1.502s] INFO:colcon.colcon_core.shell:Creating environment hook '/home/robot/go2_ws_toolbox/install/go2_perception/share/go2_perception/hook/ld_library_path_lib.sh'
[1.502s] Level 1:colcon.colcon_core.environment:checking '/home/robot/go2_ws_toolbox/install/go2_perception/bin'
[1.502s] Level 1:colcon.colcon_core.environment:checking '/home/robot/go2_ws_toolbox/install/go2_perception/lib/pkgconfig/go2_perception.pc'
[1.503s] Level 1:colcon.colcon_core.environment:checking '/home/robot/go2_ws_toolbox/install/go2_perception/lib/python3.10/site-packages'
[1.503s] Level 1:colcon.colcon_core.environment:checking '/home/robot/go2_ws_toolbox/install/go2_perception/bin'
[1.503s] INFO:colcon.colcon_core.shell:Creating package script '/home/robot/go2_ws_toolbox/install/go2_perception/share/go2_perception/package.ps1'
[1.503s] INFO:colcon.colcon_core.shell:Creating package descriptor '/home/robot/go2_ws_toolbox/install/go2_perception/share/go2_perception/package.dsv'
[1.503s] INFO:colcon.colcon_core.shell:Creating package script '/home/robot/go2_ws_toolbox/install/go2_perception/share/go2_perception/package.sh'
[1.504s] INFO:colcon.colcon_core.shell:Creating package script '/home/robot/go2_ws_toolbox/install/go2_perception/share/go2_perception/package.bash'
[1.504s] INFO:colcon.colcon_core.shell:Creating package script '/home/robot/go2_ws_toolbox/install/go2_perception/share/go2_perception/package.zsh'
[1.504s] Level 1:colcon.colcon_core.environment:create_file_with_runtime_dependencies(/home/robot/go2_ws_toolbox/install/go2_perception/share/colcon-core/packages/go2_perception)
[1.504s] Level 1:colcon.colcon_core.environment:create_environment_scripts_only(go2_perception)
[1.504s] Level 1:colcon.colcon_core.environment:checking '/home/robot/go2_ws_toolbox/install/go2_perception' for CMake module files
[1.505s] Level 1:colcon.colcon_core.environment:checking '/home/robot/go2_ws_toolbox/install/go2_perception' for CMake config files
[1.505s] Level 1:colcon.colcon_core.shell:create_environment_hook('go2_perception', 'cmake_prefix_path')
[1.505s] INFO:colcon.colcon_core.shell:Creating environment hook '/home/robot/go2_ws_toolbox/install/go2_perception/share/go2_perception/hook/cmake_prefix_path.ps1'
[1.505s] INFO:colcon.colcon_core.shell:Creating environment descriptor '/home/robot/go2_ws_toolbox/install/go2_perception/share/go2_perception/hook/cmake_prefix_path.dsv'
[1.505s] INFO:colcon.colcon_core.shell:Creating environment hook '/home/robot/go2_ws_toolbox/install/go2_perception/share/go2_perception/hook/cmake_prefix_path.sh'
[1.506s] Level 1:colcon.colcon_core.environment:checking '/home/robot/go2_ws_toolbox/install/go2_perception/lib'
[1.506s] Level 1:colcon.colcon_core.shell:create_environment_hook('go2_perception', 'ld_library_path_lib')
[1.506s] INFO:colcon.colcon_core.shell:Creating environment hook '/home/robot/go2_ws_toolbox/install/go2_perception/share/go2_perception/hook/ld_library_path_lib.ps1'
[1.506s] INFO:colcon.colcon_core.shell:Creating environment descriptor '/home/robot/go2_ws_toolbox/install/go2_perception/share/go2_perception/hook/ld_library_path_lib.dsv'
[1.506s] INFO:colcon.colcon_core.shell:Creating environment hook '/home/robot/go2_ws_toolbox/install/go2_perception/share/go2_perception/hook/ld_library_path_lib.sh'
[1.506s] Level 1:colcon.colcon_core.environment:checking '/home/robot/go2_ws_toolbox/install/go2_perception/bin'
[1.507s] Level 1:colcon.colcon_core.environment:checking '/home/robot/go2_ws_toolbox/install/go2_perception/lib/pkgconfig/go2_perception.pc'
[1.507s] Level 1:colcon.colcon_core.environment:checking '/home/robot/go2_ws_toolbox/install/go2_perception/lib/python3.10/site-packages'
[1.507s] Level 1:colcon.colcon_core.environment:checking '/home/robot/go2_ws_toolbox/install/go2_perception/bin'
[1.507s] INFO:colcon.colcon_core.shell:Creating package script '/home/robot/go2_ws_toolbox/install/go2_perception/share/go2_perception/package.ps1'
[1.507s] INFO:colcon.colcon_core.shell:Creating package descriptor '/home/robot/go2_ws_toolbox/install/go2_perception/share/go2_perception/package.dsv'
[1.507s] INFO:colcon.colcon_core.shell:Creating package script '/home/robot/go2_ws_toolbox/install/go2_perception/share/go2_perception/package.sh'
[1.508s] INFO:colcon.colcon_core.shell:Creating package script '/home/robot/go2_ws_toolbox/install/go2_perception/share/go2_perception/package.bash'
[1.508s] INFO:colcon.colcon_core.shell:Creating package script '/home/robot/go2_ws_toolbox/install/go2_perception/share/go2_perception/package.zsh'
[1.508s] Level 1:colcon.colcon_core.environment:create_file_with_runtime_dependencies(/home/robot/go2_ws_toolbox/install/go2_perception/share/colcon-core/packages/go2_perception)
[1.509s] DEBUG:colcon.colcon_parallel_executor.executor.parallel:closing loop
[1.509s] DEBUG:colcon.colcon_parallel_executor.executor.parallel:loop closed
[1.509s] DEBUG:colcon.colcon_parallel_executor.executor.parallel:run_until_complete finished with '0'
[1.509s] DEBUG:colcon.colcon_core.event_reactor:joining thread
[1.513s] INFO:colcon.colcon_core.plugin_system:Skipping extension 'colcon_notification.desktop_notification.terminal_notifier': Not used on non-Darwin systems
[1.513s] INFO:colcon.colcon_core.plugin_system:Skipping extension 'colcon_notification.desktop_notification.win32': Not used on non-Windows systems
[1.513s] INFO:colcon.colcon_notification.desktop_notification:Sending desktop notification using 'notify2'
[1.522s] DEBUG:colcon.colcon_core.event_reactor:joined thread
[1.523s] INFO:colcon.colcon_core.shell:Creating prefix script '/home/robot/go2_ws_toolbox/install/local_setup.ps1'
[1.523s] INFO:colcon.colcon_core.shell:Creating prefix util module '/home/robot/go2_ws_toolbox/install/_local_setup_util_ps1.py'
[1.524s] INFO:colcon.colcon_core.shell:Creating prefix chain script '/home/robot/go2_ws_toolbox/install/setup.ps1'
[1.525s] INFO:colcon.colcon_core.shell:Creating prefix script '/home/robot/go2_ws_toolbox/install/local_setup.sh'
[1.525s] INFO:colcon.colcon_core.shell:Creating prefix util module '/home/robot/go2_ws_toolbox/install/_local_setup_util_sh.py'
[1.526s] INFO:colcon.colcon_core.shell:Creating prefix chain script '/home/robot/go2_ws_toolbox/install/setup.sh'
[1.526s] INFO:colcon.colcon_core.shell:Creating prefix script '/home/robot/go2_ws_toolbox/install/local_setup.bash'
[1.527s] INFO:colcon.colcon_core.shell:Creating prefix chain script '/home/robot/go2_ws_toolbox/install/setup.bash'
[1.527s] INFO:colcon.colcon_core.shell:Creating prefix script '/home/robot/go2_ws_toolbox/install/local_setup.zsh'
[1.528s] INFO:colcon.colcon_core.shell:Creating prefix chain script '/home/robot/go2_ws_toolbox/install/setup.zsh'
