[0.040s] Invoking command in '/home/robot/go2_ws_toolbox/build/go2_perception': CMAKE_PREFIX_PATH=${CMAKE_PREFIX_PATH}:/opt/ros/humble /usr/bin/cmake --build /home/robot/go2_ws_toolbox/build/go2_perception -- -j16 -l16
[0.075s] [35m[1mConsolidate compiler generated dependencies of target pointcloud_to_laserscan[0m
[0.086s] [ 33%] Built target cloud_accumulation
[0.086s] [ 66%] Built target pointcloud_to_laserscan_node
[0.092s] [ 83%] [32mBuilding CXX object CMakeFiles/pointcloud_to_laserscan.dir/src/pointcloud_to_laserscan_node.cpp.o[0m
[11.657s] [100%] [32m[1mLinking CXX shared library libpointcloud_to_laserscan.so[0m
[12.044s] [100%] Built target pointcloud_to_laserscan
[12.054s] Invoked command in '/home/robot/go2_ws_toolbox/build/go2_perception' returned '0': CMAKE_PREFIX_PATH=${CMAKE_PREFIX_PATH}:/opt/ros/humble /usr/bin/cmake --build /home/robot/go2_ws_toolbox/build/go2_perception -- -j16 -l16
[12.056s] Invoking command in '/home/robot/go2_ws_toolbox/build/go2_perception': CMAKE_PREFIX_PATH=${CMAKE_PREFIX_PATH}:/opt/ros/humble /usr/bin/cmake --install /home/robot/go2_ws_toolbox/build/go2_perception
[12.063s] -- Install configuration: ""
[12.063s] -- Up-to-date: /home/robot/go2_ws_toolbox/install/go2_perception/lib/go2_perception/pointcloud_to_laserscan_node
[12.064s] -- Installing: /home/robot/go2_ws_toolbox/install/go2_perception/lib/libpointcloud_to_laserscan.so
[12.074s] -- Set runtime path of "/home/robot/go2_ws_toolbox/install/go2_perception/lib/libpointcloud_to_laserscan.so" to ""
[12.074s] -- Up-to-date: /home/robot/go2_ws_toolbox/install/go2_perception/lib/go2_perception/cloud_accumulation
[12.074s] -- Up-to-date: /home/robot/go2_ws_toolbox/install/go2_perception/share/go2_perception/launch
[12.074s] -- Up-to-date: /home/robot/go2_ws_toolbox/install/go2_perception/share/go2_perception/launch/go2_pointcloud.launch.py
[12.074s] -- Up-to-date: /home/robot/go2_ws_toolbox/install/go2_perception/share/ament_index/resource_index/package_run_dependencies/go2_perception
[12.074s] -- Up-to-date: /home/robot/go2_ws_toolbox/install/go2_perception/share/ament_index/resource_index/parent_prefix_path/go2_perception
[12.074s] -- Up-to-date: /home/robot/go2_ws_toolbox/install/go2_perception/share/go2_perception/environment/ament_prefix_path.sh
[12.074s] -- Up-to-date: /home/robot/go2_ws_toolbox/install/go2_perception/share/go2_perception/environment/ament_prefix_path.dsv
[12.074s] -- Up-to-date: /home/robot/go2_ws_toolbox/install/go2_perception/share/go2_perception/environment/path.sh
[12.074s] -- Up-to-date: /home/robot/go2_ws_toolbox/install/go2_perception/share/go2_perception/environment/path.dsv
[12.074s] -- Up-to-date: /home/robot/go2_ws_toolbox/install/go2_perception/share/go2_perception/local_setup.bash
[12.074s] -- Up-to-date: /home/robot/go2_ws_toolbox/install/go2_perception/share/go2_perception/local_setup.sh
[12.074s] -- Up-to-date: /home/robot/go2_ws_toolbox/install/go2_perception/share/go2_perception/local_setup.zsh
[12.074s] -- Up-to-date: /home/robot/go2_ws_toolbox/install/go2_perception/share/go2_perception/local_setup.dsv
[12.074s] -- Installing: /home/robot/go2_ws_toolbox/install/go2_perception/share/go2_perception/package.dsv
[12.074s] -- Up-to-date: /home/robot/go2_ws_toolbox/install/go2_perception/share/ament_index/resource_index/packages/go2_perception
[12.074s] -- Up-to-date: /home/robot/go2_ws_toolbox/install/go2_perception/share/ament_index/resource_index/rclcpp_components/go2_perception
[12.075s] -- Up-to-date: /home/robot/go2_ws_toolbox/install/go2_perception/share/go2_perception/cmake/go2_perceptionConfig.cmake
[12.075s] -- Up-to-date: /home/robot/go2_ws_toolbox/install/go2_perception/share/go2_perception/cmake/go2_perceptionConfig-version.cmake
[12.075s] -- Up-to-date: /home/robot/go2_ws_toolbox/install/go2_perception/share/go2_perception/package.xml
[12.077s] Invoked command in '/home/robot/go2_ws_toolbox/build/go2_perception' returned '0': CMAKE_PREFIX_PATH=${CMAKE_PREFIX_PATH}:/opt/ros/humble /usr/bin/cmake --install /home/robot/go2_ws_toolbox/build/go2_perception
