[0.031s] Invoking command in '/home/robot/go2_ws_toolbox/build/go2_core': CMAKE_PREFIX_PATH=${CMAKE_PREFIX_PATH}:/opt/ros/humble /usr/bin/cmake --build /home/robot/go2_ws_toolbox/build/go2_core -- -j16 -l16
[0.051s] -- Found ament_cmake: 1.3.12 (/opt/ros/humble/share/ament_cmake/cmake)
[0.143s] -- Found rclcpp: 16.0.14 (/opt/ros/humble/share/rclcpp/cmake)
[0.160s] -- Found rosidl_generator_c: 3.1.7 (/opt/ros/humble/share/rosidl_generator_c/cmake)
[0.161s] -- Found rosidl_adapter: 3.1.7 (/opt/ros/humble/share/rosidl_adapter/cmake)
[0.164s] -- Found rosidl_generator_cpp: 3.1.7 (/opt/ros/humble/share/rosidl_generator_cpp/cmake)
[0.170s] -- Using all available rosidl_typesupport_c: rosidl_typesupport_fastrtps_c;rosidl_typesupport_introspection_c
[0.177s] -- Using all available rosidl_typesupport_cpp: rosidl_typesupport_fastrtps_cpp;rosidl_typesupport_introspection_cpp
[0.194s] -- Found rmw_implementation_cmake: 6.1.2 (/opt/ros/humble/share/rmw_implementation_cmake/cmake)
[0.194s] -- Found rmw_cyclonedds_cpp: 1.3.4 (/home/robot/unitree_ros2/cyclonedds_ws/install/rmw_cyclonedds_cpp/share/rmw_cyclonedds_cpp/cmake)
[0.202s] -- Using RMW implementation 'rmw_cyclonedds_cpp' as default
[0.231s] -- Found unitree_go: 0.0.0 (/home/robot/unitree_ros2/cyclonedds_ws/install/unitree_go/share/unitree_go/cmake)
[0.245s] -- Found unitree_api: 0.0.0 (/home/robot/unitree_ros2/cyclonedds_ws/install/unitree_api/share/unitree_api/cmake)
[0.252s] -- Found nav_msgs: 4.9.0 (/opt/ros/humble/share/nav_msgs/cmake)
[0.261s] -- Found tf2: 0.25.15 (/opt/ros/humble/share/tf2/cmake)
[0.263s] -- Found tf2_ros: 0.25.15 (/opt/ros/humble/share/tf2_ros/cmake)
[0.304s] -- Found sensor_msgs: 4.9.0 (/opt/ros/humble/share/sensor_msgs/cmake)
[0.316s] [31mCMake Error at CMakeLists.txt:20 (target_include_directories):
[0.316s]   Cannot specify include directories for target "driver" which is not built
[0.316s]   by this project.
[0.316s] 
[0.316s] [0m
[0.316s] [31mCMake Error at CMakeLists.txt:23 (target_compile_features):
[0.316s]   Cannot specify compile features for target "driver" which is not built by
[0.316s]   this project.
[0.316s] 
[0.316s] [0m
[0.317s] -- Found ament_lint_auto: 0.12.14 (/opt/ros/humble/share/ament_lint_auto/cmake)
[0.365s] -- Added test 'cppcheck' to perform static code analysis on C / C++ code
[0.365s] -- Configured cppcheck include dirs: 
[0.365s] -- Configured cppcheck exclude dirs and/or files: 
[0.366s] -- Added test 'flake8' to check Python code syntax and style conventions
[0.367s] -- Added test 'lint_cmake' to check CMake code style
[0.367s] -- Added test 'pep257' to check Python code against some of the docstring style conventions in PEP 257
[0.370s] -- Added test 'uncrustify' to check C / C++ code style
[0.370s] -- Configured uncrustify additional arguments: 
[0.370s] -- Added test 'xmllint' to check XML markup files
[0.371s] -- Configuring incomplete, errors occurred!
[0.371s] See also "/home/robot/go2_ws_toolbox/build/go2_core/CMakeFiles/CMakeOutput.log".
[0.379s] gmake: *** [Makefile:267：cmake_check_build_system] 错误 1
[0.382s] Invoked command in '/home/robot/go2_ws_toolbox/build/go2_core' returned '2': CMAKE_PREFIX_PATH=${CMAKE_PREFIX_PATH}:/opt/ros/humble /usr/bin/cmake --build /home/robot/go2_ws_toolbox/build/go2_core -- -j16 -l16
