[0.021s] Invoking command in '/home/robot/go2_ws_toolbox/build/go2_perception': CMAKE_PREFIX_PATH=${CMAKE_PREFIX_PATH}:/opt/ros/humble /usr/bin/cmake --build /home/robot/go2_ws_toolbox/build/go2_perception -- -j16 -l16
[0.257s] [35m[1mConsolidate compiler generated dependencies of target pointcloud_to_laserscan[0m
[0.399s] [ 66%] Built target pointcloud_to_laserscan_node
[0.400s] [ 66%] Built target cloud_accumulation
[0.459s] [100%] Built target pointcloud_to_laserscan
[0.710s] Invoked command in '/home/robot/go2_ws_toolbox/build/go2_perception' returned '0': CMAKE_PREFIX_PATH=${CMAKE_PREFIX_PATH}:/opt/ros/humble /usr/bin/cmake --build /home/robot/go2_ws_toolbox/build/go2_perception -- -j16 -l16
[0.714s] Invoking command in '/home/robot/go2_ws_toolbox/build/go2_perception': CMAKE_PREFIX_PATH=${CMAKE_PREFIX_PATH}:/opt/ros/humble /usr/bin/cmake --install /home/robot/go2_ws_toolbox/build/go2_perception
[0.723s] -- Install configuration: ""
[0.724s] -- Up-to-date: /home/robot/go2_ws_toolbox/install/go2_perception/lib/go2_perception/pointcloud_to_laserscan_node
[0.724s] -- Up-to-date: /home/robot/go2_ws_toolbox/install/go2_perception/lib/libpointcloud_to_laserscan.so
[0.724s] -- Up-to-date: /home/robot/go2_ws_toolbox/install/go2_perception/lib/go2_perception/cloud_accumulation
[0.724s] -- Up-to-date: /home/robot/go2_ws_toolbox/install/go2_perception/share/go2_perception/launch
[0.724s] -- Up-to-date: /home/robot/go2_ws_toolbox/install/go2_perception/share/go2_perception/launch/go2_pointcloud.launch.py
[0.724s] -- Up-to-date: /home/robot/go2_ws_toolbox/install/go2_perception/share/ament_index/resource_index/package_run_dependencies/go2_perception
[0.725s] -- Up-to-date: /home/robot/go2_ws_toolbox/install/go2_perception/share/ament_index/resource_index/parent_prefix_path/go2_perception
[0.725s] -- Up-to-date: /home/robot/go2_ws_toolbox/install/go2_perception/share/go2_perception/environment/ament_prefix_path.sh
[0.725s] -- Up-to-date: /home/robot/go2_ws_toolbox/install/go2_perception/share/go2_perception/environment/ament_prefix_path.dsv
[0.725s] -- Up-to-date: /home/robot/go2_ws_toolbox/install/go2_perception/share/go2_perception/environment/path.sh
[0.725s] -- Up-to-date: /home/robot/go2_ws_toolbox/install/go2_perception/share/go2_perception/environment/path.dsv
[0.725s] -- Up-to-date: /home/robot/go2_ws_toolbox/install/go2_perception/share/go2_perception/local_setup.bash
[0.725s] -- Up-to-date: /home/robot/go2_ws_toolbox/install/go2_perception/share/go2_perception/local_setup.sh
[0.726s] -- Up-to-date: /home/robot/go2_ws_toolbox/install/go2_perception/share/go2_perception/local_setup.zsh
[0.726s] -- Up-to-date: /home/robot/go2_ws_toolbox/install/go2_perception/share/go2_perception/local_setup.dsv
[0.726s] -- Installing: /home/robot/go2_ws_toolbox/install/go2_perception/share/go2_perception/package.dsv
[0.726s] -- Up-to-date: /home/robot/go2_ws_toolbox/install/go2_perception/share/ament_index/resource_index/packages/go2_perception
[0.726s] -- Up-to-date: /home/robot/go2_ws_toolbox/install/go2_perception/share/ament_index/resource_index/rclcpp_components/go2_perception
[0.726s] -- Up-to-date: /home/robot/go2_ws_toolbox/install/go2_perception/share/go2_perception/cmake/go2_perceptionConfig.cmake
[0.726s] -- Up-to-date: /home/robot/go2_ws_toolbox/install/go2_perception/share/go2_perception/cmake/go2_perceptionConfig-version.cmake
[0.726s] -- Up-to-date: /home/robot/go2_ws_toolbox/install/go2_perception/share/go2_perception/package.xml
[0.738s] Invoked command in '/home/robot/go2_ws_toolbox/build/go2_perception' returned '0': CMAKE_PREFIX_PATH=${CMAKE_PREFIX_PATH}:/opt/ros/humble /usr/bin/cmake --install /home/robot/go2_ws_toolbox/build/go2_perception
