[0.067s] DEBUG:colcon:Command line arguments: ['/usr/bin/colcon', 'build']
[0.067s] DEBUG:colcon:Parsed command line arguments: Namespace(log_base=None, log_level=None, verb_name='build', build_base='build', install_base='install', merge_install=False, symlink_install=False, test_result_base=None, continue_on_error=False, executor='parallel', parallel_workers=16, event_handlers=None, ignore_user_meta=False, metas=['./colcon.meta'], base_paths=['.'], packages_ignore=None, packages_ignore_regex=None, paths=None, packages_up_to=None, packages_up_to_regex=None, packages_above=None, packages_above_and_dependencies=None, packages_above_depth=None, packages_select_by_dep=None, packages_skip_by_dep=None, packages_skip_up_to=None, packages_select_build_failed=False, packages_skip_build_finished=False, packages_select_test_failures=False, packages_skip_test_passed=False, packages_select=None, packages_skip=None, packages_select_regex=None, packages_skip_regex=None, packages_start=None, packages_end=None, allow_overriding=[], cmake_args=None, cmake_target=None, cmake_target_skip_unavailable=False, cmake_clean_cache=False, cmake_clean_first=False, cmake_force_configure=False, ament_cmake_args=None, catkin_cmake_args=None, catkin_skip_building_tests=False, verb_parser=<colcon_defaults.argument_parser.defaults.DefaultArgumentsDecorator object at 0x73638ee61ba0>, verb_extension=<colcon_core.verb.build.BuildVerb object at 0x73638ee61690>, main=<bound method BuildVerb.main of <colcon_core.verb.build.BuildVerb object at 0x73638ee61690>>)
[0.791s] Level 1:colcon.colcon_core.package_discovery:discover_packages(colcon_meta) check parameters
[0.791s] Level 1:colcon.colcon_core.package_discovery:discover_packages(recursive) check parameters
[0.791s] Level 1:colcon.colcon_core.package_discovery:discover_packages(ignore) check parameters
[0.791s] Level 1:colcon.colcon_core.package_discovery:discover_packages(path) check parameters
[0.791s] Level 1:colcon.colcon_core.package_discovery:discover_packages(colcon_meta) discover
[0.791s] Level 1:colcon.colcon_core.package_discovery:discover_packages(recursive) discover
[0.791s] INFO:colcon.colcon_core.package_discovery:Crawling recursively for packages in '/home/robot/go2_ws_toolbox'
[0.792s] Level 1:colcon.colcon_core.package_identification:_identify(.) by extensions ['ignore', 'ignore_ament_install']
[0.792s] Level 1:colcon.colcon_core.package_identification:_identify(.) by extension 'ignore'
[0.792s] Level 1:colcon.colcon_core.package_identification:_identify(.) by extension 'ignore_ament_install'
[0.792s] Level 1:colcon.colcon_core.package_identification:_identify(.) by extensions ['colcon_pkg']
[0.792s] Level 1:colcon.colcon_core.package_identification:_identify(.) by extension 'colcon_pkg'
[0.792s] Level 1:colcon.colcon_core.package_identification:_identify(.) by extensions ['colcon_meta']
[0.792s] Level 1:colcon.colcon_core.package_identification:_identify(.) by extension 'colcon_meta'
[0.792s] Level 1:colcon.colcon_core.package_identification:_identify(.) by extensions ['ros']
[0.792s] Level 1:colcon.colcon_core.package_identification:_identify(.) by extension 'ros'
[0.801s] Level 1:colcon.colcon_core.package_identification:_identify(.) by extensions ['cmake', 'python']
[0.802s] Level 1:colcon.colcon_core.package_identification:_identify(.) by extension 'cmake'
[0.802s] Level 1:colcon.colcon_core.package_identification:_identify(.) by extension 'python'
[0.802s] Level 1:colcon.colcon_core.package_identification:_identify(.) by extensions ['python_setup_py']
[0.802s] Level 1:colcon.colcon_core.package_identification:_identify(.) by extension 'python_setup_py'
[0.802s] Level 1:colcon.colcon_core.package_identification:_identify(build) by extensions ['ignore', 'ignore_ament_install']
[0.802s] Level 1:colcon.colcon_core.package_identification:_identify(build) by extension 'ignore'
[0.802s] Level 1:colcon.colcon_core.package_identification:_identify(build) ignored
[0.802s] Level 1:colcon.colcon_core.package_identification:_identify(install) by extensions ['ignore', 'ignore_ament_install']
[0.802s] Level 1:colcon.colcon_core.package_identification:_identify(install) by extension 'ignore'
[0.802s] Level 1:colcon.colcon_core.package_identification:_identify(install) ignored
[0.802s] Level 1:colcon.colcon_core.package_identification:_identify(log) by extensions ['ignore', 'ignore_ament_install']
[0.802s] Level 1:colcon.colcon_core.package_identification:_identify(log) by extension 'ignore'
[0.802s] Level 1:colcon.colcon_core.package_identification:_identify(log) ignored
[0.802s] Level 1:colcon.colcon_core.package_identification:_identify(src) by extensions ['ignore', 'ignore_ament_install']
[0.802s] Level 1:colcon.colcon_core.package_identification:_identify(src) by extension 'ignore'
[0.802s] Level 1:colcon.colcon_core.package_identification:_identify(src) by extension 'ignore_ament_install'
[0.802s] Level 1:colcon.colcon_core.package_identification:_identify(src) by extensions ['colcon_pkg']
[0.802s] Level 1:colcon.colcon_core.package_identification:_identify(src) by extension 'colcon_pkg'
[0.802s] Level 1:colcon.colcon_core.package_identification:_identify(src) by extensions ['colcon_meta']
[0.802s] Level 1:colcon.colcon_core.package_identification:_identify(src) by extension 'colcon_meta'
[0.802s] Level 1:colcon.colcon_core.package_identification:_identify(src) by extensions ['ros']
[0.802s] Level 1:colcon.colcon_core.package_identification:_identify(src) by extension 'ros'
[0.802s] Level 1:colcon.colcon_core.package_identification:_identify(src) by extensions ['cmake', 'python']
[0.802s] Level 1:colcon.colcon_core.package_identification:_identify(src) by extension 'cmake'
[0.803s] Level 1:colcon.colcon_core.package_identification:_identify(src) by extension 'python'
[0.803s] Level 1:colcon.colcon_core.package_identification:_identify(src) by extensions ['python_setup_py']
[0.803s] Level 1:colcon.colcon_core.package_identification:_identify(src) by extension 'python_setup_py'
[0.803s] Level 1:colcon.colcon_core.package_identification:_identify(src/base) by extensions ['ignore', 'ignore_ament_install']
[0.803s] Level 1:colcon.colcon_core.package_identification:_identify(src/base) by extension 'ignore'
[0.803s] Level 1:colcon.colcon_core.package_identification:_identify(src/base) by extension 'ignore_ament_install'
[0.803s] Level 1:colcon.colcon_core.package_identification:_identify(src/base) by extensions ['colcon_pkg']
[0.803s] Level 1:colcon.colcon_core.package_identification:_identify(src/base) by extension 'colcon_pkg'
[0.803s] Level 1:colcon.colcon_core.package_identification:_identify(src/base) by extensions ['colcon_meta']
[0.803s] Level 1:colcon.colcon_core.package_identification:_identify(src/base) by extension 'colcon_meta'
[0.803s] Level 1:colcon.colcon_core.package_identification:_identify(src/base) by extensions ['ros']
[0.803s] Level 1:colcon.colcon_core.package_identification:_identify(src/base) by extension 'ros'
[0.803s] Level 1:colcon.colcon_core.package_identification:_identify(src/base) by extensions ['cmake', 'python']
[0.803s] Level 1:colcon.colcon_core.package_identification:_identify(src/base) by extension 'cmake'
[0.803s] Level 1:colcon.colcon_core.package_identification:_identify(src/base) by extension 'python'
[0.803s] Level 1:colcon.colcon_core.package_identification:_identify(src/base) by extensions ['python_setup_py']
[0.803s] Level 1:colcon.colcon_core.package_identification:_identify(src/base) by extension 'python_setup_py'
[0.803s] Level 1:colcon.colcon_core.package_identification:_identify(src/base/go2_core) by extensions ['ignore', 'ignore_ament_install']
[0.803s] Level 1:colcon.colcon_core.package_identification:_identify(src/base/go2_core) by extension 'ignore'
[0.803s] Level 1:colcon.colcon_core.package_identification:_identify(src/base/go2_core) by extension 'ignore_ament_install'
[0.803s] Level 1:colcon.colcon_core.package_identification:_identify(src/base/go2_core) by extensions ['colcon_pkg']
[0.803s] Level 1:colcon.colcon_core.package_identification:_identify(src/base/go2_core) by extension 'colcon_pkg'
[0.803s] Level 1:colcon.colcon_core.package_identification:_identify(src/base/go2_core) by extensions ['colcon_meta']
[0.803s] Level 1:colcon.colcon_core.package_identification:_identify(src/base/go2_core) by extension 'colcon_meta'
[0.803s] Level 1:colcon.colcon_core.package_identification:_identify(src/base/go2_core) by extensions ['ros']
[0.803s] Level 1:colcon.colcon_core.package_identification:_identify(src/base/go2_core) by extension 'ros'
[0.806s] DEBUG:colcon.colcon_core.package_identification:Package 'src/base/go2_core' with type 'ros.ament_cmake' and name 'go2_core'
[0.806s] Level 1:colcon.colcon_core.package_identification:_identify(src/go2_description) by extensions ['ignore', 'ignore_ament_install']
[0.806s] Level 1:colcon.colcon_core.package_identification:_identify(src/go2_description) by extension 'ignore'
[0.806s] Level 1:colcon.colcon_core.package_identification:_identify(src/go2_description) by extension 'ignore_ament_install'
[0.806s] Level 1:colcon.colcon_core.package_identification:_identify(src/go2_description) by extensions ['colcon_pkg']
[0.806s] Level 1:colcon.colcon_core.package_identification:_identify(src/go2_description) by extension 'colcon_pkg'
[0.806s] Level 1:colcon.colcon_core.package_identification:_identify(src/go2_description) by extensions ['colcon_meta']
[0.806s] Level 1:colcon.colcon_core.package_identification:_identify(src/go2_description) by extension 'colcon_meta'
[0.806s] Level 1:colcon.colcon_core.package_identification:_identify(src/go2_description) by extensions ['ros']
[0.806s] Level 1:colcon.colcon_core.package_identification:_identify(src/go2_description) by extension 'ros'
[0.807s] DEBUG:colcon.colcon_core.package_identification:Package 'src/go2_description' with type 'ros.ament_cmake' and name 'go2_description'
[0.807s] Level 1:colcon.colcon_core.package_identification:_identify(src/go2_navigation2) by extensions ['ignore', 'ignore_ament_install']
[0.807s] Level 1:colcon.colcon_core.package_identification:_identify(src/go2_navigation2) by extension 'ignore'
[0.807s] Level 1:colcon.colcon_core.package_identification:_identify(src/go2_navigation2) by extension 'ignore_ament_install'
[0.807s] Level 1:colcon.colcon_core.package_identification:_identify(src/go2_navigation2) by extensions ['colcon_pkg']
[0.807s] Level 1:colcon.colcon_core.package_identification:_identify(src/go2_navigation2) by extension 'colcon_pkg'
[0.807s] Level 1:colcon.colcon_core.package_identification:_identify(src/go2_navigation2) by extensions ['colcon_meta']
[0.807s] Level 1:colcon.colcon_core.package_identification:_identify(src/go2_navigation2) by extension 'colcon_meta'
[0.807s] Level 1:colcon.colcon_core.package_identification:_identify(src/go2_navigation2) by extensions ['ros']
[0.807s] Level 1:colcon.colcon_core.package_identification:_identify(src/go2_navigation2) by extension 'ros'
[0.807s] DEBUG:colcon.colcon_core.package_identification:Package 'src/go2_navigation2' with type 'ros.ament_cmake' and name 'go2_navigation2'
[0.807s] Level 1:colcon.colcon_core.package_identification:_identify(src/go2_perception) by extensions ['ignore', 'ignore_ament_install']
[0.808s] Level 1:colcon.colcon_core.package_identification:_identify(src/go2_perception) by extension 'ignore'
[0.808s] Level 1:colcon.colcon_core.package_identification:_identify(src/go2_perception) by extension 'ignore_ament_install'
[0.808s] Level 1:colcon.colcon_core.package_identification:_identify(src/go2_perception) by extensions ['colcon_pkg']
[0.808s] Level 1:colcon.colcon_core.package_identification:_identify(src/go2_perception) by extension 'colcon_pkg'
[0.808s] Level 1:colcon.colcon_core.package_identification:_identify(src/go2_perception) by extensions ['colcon_meta']
[0.808s] Level 1:colcon.colcon_core.package_identification:_identify(src/go2_perception) by extension 'colcon_meta'
[0.808s] Level 1:colcon.colcon_core.package_identification:_identify(src/go2_perception) by extensions ['ros']
[0.808s] Level 1:colcon.colcon_core.package_identification:_identify(src/go2_perception) by extension 'ros'
[0.808s] DEBUG:colcon.colcon_core.package_identification:Package 'src/go2_perception' with type 'ros.ament_cmake' and name 'go2_perception'
[0.808s] Level 1:colcon.colcon_core.package_identification:_identify(src/go2_slam) by extensions ['ignore', 'ignore_ament_install']
[0.808s] Level 1:colcon.colcon_core.package_identification:_identify(src/go2_slam) by extension 'ignore'
[0.808s] Level 1:colcon.colcon_core.package_identification:_identify(src/go2_slam) by extension 'ignore_ament_install'
[0.808s] Level 1:colcon.colcon_core.package_identification:_identify(src/go2_slam) by extensions ['colcon_pkg']
[0.808s] Level 1:colcon.colcon_core.package_identification:_identify(src/go2_slam) by extension 'colcon_pkg'
[0.808s] Level 1:colcon.colcon_core.package_identification:_identify(src/go2_slam) by extensions ['colcon_meta']
[0.808s] Level 1:colcon.colcon_core.package_identification:_identify(src/go2_slam) by extension 'colcon_meta'
[0.808s] Level 1:colcon.colcon_core.package_identification:_identify(src/go2_slam) by extensions ['ros']
[0.808s] Level 1:colcon.colcon_core.package_identification:_identify(src/go2_slam) by extension 'ros'
[0.809s] DEBUG:colcon.colcon_core.package_identification:Package 'src/go2_slam' with type 'ros.ament_cmake' and name 'go2_slam'
[0.809s] Level 1:colcon.colcon_core.package_discovery:discover_packages(recursive) using defaults
[0.809s] Level 1:colcon.colcon_core.package_discovery:discover_packages(ignore) discover
[0.809s] Level 1:colcon.colcon_core.package_discovery:discover_packages(ignore) using defaults
[0.809s] Level 1:colcon.colcon_core.package_discovery:discover_packages(path) discover
[0.809s] Level 1:colcon.colcon_core.package_discovery:discover_packages(path) using defaults
[0.844s] Level 1:colcon.colcon_core.package_discovery:discover_packages(prefix_path) check parameters
[0.844s] Level 1:colcon.colcon_core.package_discovery:discover_packages(prefix_path) discover
[0.846s] DEBUG:colcon.colcon_installed_package_information.package_discovery:Found 5 installed packages in /home/robot/go2_ws_toolbox/install
[0.846s] DEBUG:colcon.colcon_installed_package_information.package_discovery:Found 5 installed packages in /home/robot/unitree_ros2/cyclonedds_ws/install
[0.848s] DEBUG:colcon.colcon_installed_package_information.package_discovery:Found 435 installed packages in /opt/ros/humble
[0.849s] Level 1:colcon.colcon_core.package_discovery:discover_packages(prefix_path) using defaults
[0.882s] Level 5:colcon.colcon_core.verb:set package 'go2_core' build argument 'cmake_args' from command line to 'None'
[0.883s] Level 5:colcon.colcon_core.verb:set package 'go2_core' build argument 'cmake_target' from command line to 'None'
[0.883s] Level 5:colcon.colcon_core.verb:set package 'go2_core' build argument 'cmake_target_skip_unavailable' from command line to 'False'
[0.883s] Level 5:colcon.colcon_core.verb:set package 'go2_core' build argument 'cmake_clean_cache' from command line to 'False'
[0.883s] Level 5:colcon.colcon_core.verb:set package 'go2_core' build argument 'cmake_clean_first' from command line to 'False'
[0.883s] Level 5:colcon.colcon_core.verb:set package 'go2_core' build argument 'cmake_force_configure' from command line to 'False'
[0.883s] Level 5:colcon.colcon_core.verb:set package 'go2_core' build argument 'ament_cmake_args' from command line to 'None'
[0.883s] Level 5:colcon.colcon_core.verb:set package 'go2_core' build argument 'catkin_cmake_args' from command line to 'None'
[0.883s] Level 5:colcon.colcon_core.verb:set package 'go2_core' build argument 'catkin_skip_building_tests' from command line to 'False'
[0.883s] DEBUG:colcon.colcon_core.verb:Building package 'go2_core' with the following arguments: {'ament_cmake_args': None, 'build_base': '/home/robot/go2_ws_toolbox/build/go2_core', 'catkin_cmake_args': None, 'catkin_skip_building_tests': False, 'cmake_args': None, 'cmake_clean_cache': False, 'cmake_clean_first': False, 'cmake_force_configure': False, 'cmake_target': None, 'cmake_target_skip_unavailable': False, 'install_base': '/home/robot/go2_ws_toolbox/install/go2_core', 'merge_install': False, 'path': '/home/robot/go2_ws_toolbox/src/base/go2_core', 'symlink_install': False, 'test_result_base': None}
[0.883s] Level 5:colcon.colcon_core.verb:set package 'go2_description' build argument 'cmake_args' from command line to 'None'
[0.883s] Level 5:colcon.colcon_core.verb:set package 'go2_description' build argument 'cmake_target' from command line to 'None'
[0.883s] Level 5:colcon.colcon_core.verb:set package 'go2_description' build argument 'cmake_target_skip_unavailable' from command line to 'False'
[0.883s] Level 5:colcon.colcon_core.verb:set package 'go2_description' build argument 'cmake_clean_cache' from command line to 'False'
[0.883s] Level 5:colcon.colcon_core.verb:set package 'go2_description' build argument 'cmake_clean_first' from command line to 'False'
[0.883s] Level 5:colcon.colcon_core.verb:set package 'go2_description' build argument 'cmake_force_configure' from command line to 'False'
[0.883s] Level 5:colcon.colcon_core.verb:set package 'go2_description' build argument 'ament_cmake_args' from command line to 'None'
[0.883s] Level 5:colcon.colcon_core.verb:set package 'go2_description' build argument 'catkin_cmake_args' from command line to 'None'
[0.883s] Level 5:colcon.colcon_core.verb:set package 'go2_description' build argument 'catkin_skip_building_tests' from command line to 'False'
[0.883s] DEBUG:colcon.colcon_core.verb:Building package 'go2_description' with the following arguments: {'ament_cmake_args': None, 'build_base': '/home/robot/go2_ws_toolbox/build/go2_description', 'catkin_cmake_args': None, 'catkin_skip_building_tests': False, 'cmake_args': None, 'cmake_clean_cache': False, 'cmake_clean_first': False, 'cmake_force_configure': False, 'cmake_target': None, 'cmake_target_skip_unavailable': False, 'install_base': '/home/robot/go2_ws_toolbox/install/go2_description', 'merge_install': False, 'path': '/home/robot/go2_ws_toolbox/src/go2_description', 'symlink_install': False, 'test_result_base': None}
[0.883s] Level 5:colcon.colcon_core.verb:set package 'go2_navigation2' build argument 'cmake_args' from command line to 'None'
[0.883s] Level 5:colcon.colcon_core.verb:set package 'go2_navigation2' build argument 'cmake_target' from command line to 'None'
[0.883s] Level 5:colcon.colcon_core.verb:set package 'go2_navigation2' build argument 'cmake_target_skip_unavailable' from command line to 'False'
[0.883s] Level 5:colcon.colcon_core.verb:set package 'go2_navigation2' build argument 'cmake_clean_cache' from command line to 'False'
[0.883s] Level 5:colcon.colcon_core.verb:set package 'go2_navigation2' build argument 'cmake_clean_first' from command line to 'False'
[0.883s] Level 5:colcon.colcon_core.verb:set package 'go2_navigation2' build argument 'cmake_force_configure' from command line to 'False'
[0.883s] Level 5:colcon.colcon_core.verb:set package 'go2_navigation2' build argument 'ament_cmake_args' from command line to 'None'
[0.883s] Level 5:colcon.colcon_core.verb:set package 'go2_navigation2' build argument 'catkin_cmake_args' from command line to 'None'
[0.883s] Level 5:colcon.colcon_core.verb:set package 'go2_navigation2' build argument 'catkin_skip_building_tests' from command line to 'False'
[0.883s] DEBUG:colcon.colcon_core.verb:Building package 'go2_navigation2' with the following arguments: {'ament_cmake_args': None, 'build_base': '/home/robot/go2_ws_toolbox/build/go2_navigation2', 'catkin_cmake_args': None, 'catkin_skip_building_tests': False, 'cmake_args': None, 'cmake_clean_cache': False, 'cmake_clean_first': False, 'cmake_force_configure': False, 'cmake_target': None, 'cmake_target_skip_unavailable': False, 'install_base': '/home/robot/go2_ws_toolbox/install/go2_navigation2', 'merge_install': False, 'path': '/home/robot/go2_ws_toolbox/src/go2_navigation2', 'symlink_install': False, 'test_result_base': None}
[0.883s] Level 5:colcon.colcon_core.verb:set package 'go2_perception' build argument 'cmake_args' from command line to 'None'
[0.883s] Level 5:colcon.colcon_core.verb:set package 'go2_perception' build argument 'cmake_target' from command line to 'None'
[0.883s] Level 5:colcon.colcon_core.verb:set package 'go2_perception' build argument 'cmake_target_skip_unavailable' from command line to 'False'
[0.883s] Level 5:colcon.colcon_core.verb:set package 'go2_perception' build argument 'cmake_clean_cache' from command line to 'False'
[0.883s] Level 5:colcon.colcon_core.verb:set package 'go2_perception' build argument 'cmake_clean_first' from command line to 'False'
[0.883s] Level 5:colcon.colcon_core.verb:set package 'go2_perception' build argument 'cmake_force_configure' from command line to 'False'
[0.883s] Level 5:colcon.colcon_core.verb:set package 'go2_perception' build argument 'ament_cmake_args' from command line to 'None'
[0.883s] Level 5:colcon.colcon_core.verb:set package 'go2_perception' build argument 'catkin_cmake_args' from command line to 'None'
[0.883s] Level 5:colcon.colcon_core.verb:set package 'go2_perception' build argument 'catkin_skip_building_tests' from command line to 'False'
[0.884s] DEBUG:colcon.colcon_core.verb:Building package 'go2_perception' with the following arguments: {'ament_cmake_args': None, 'build_base': '/home/robot/go2_ws_toolbox/build/go2_perception', 'catkin_cmake_args': None, 'catkin_skip_building_tests': False, 'cmake_args': None, 'cmake_clean_cache': False, 'cmake_clean_first': False, 'cmake_force_configure': False, 'cmake_target': None, 'cmake_target_skip_unavailable': False, 'install_base': '/home/robot/go2_ws_toolbox/install/go2_perception', 'merge_install': False, 'path': '/home/robot/go2_ws_toolbox/src/go2_perception', 'symlink_install': False, 'test_result_base': None}
[0.884s] Level 5:colcon.colcon_core.verb:set package 'go2_slam' build argument 'cmake_args' from command line to 'None'
[0.884s] Level 5:colcon.colcon_core.verb:set package 'go2_slam' build argument 'cmake_target' from command line to 'None'
[0.884s] Level 5:colcon.colcon_core.verb:set package 'go2_slam' build argument 'cmake_target_skip_unavailable' from command line to 'False'
[0.884s] Level 5:colcon.colcon_core.verb:set package 'go2_slam' build argument 'cmake_clean_cache' from command line to 'False'
[0.884s] Level 5:colcon.colcon_core.verb:set package 'go2_slam' build argument 'cmake_clean_first' from command line to 'False'
[0.884s] Level 5:colcon.colcon_core.verb:set package 'go2_slam' build argument 'cmake_force_configure' from command line to 'False'
[0.884s] Level 5:colcon.colcon_core.verb:set package 'go2_slam' build argument 'ament_cmake_args' from command line to 'None'
[0.884s] Level 5:colcon.colcon_core.verb:set package 'go2_slam' build argument 'catkin_cmake_args' from command line to 'None'
[0.884s] Level 5:colcon.colcon_core.verb:set package 'go2_slam' build argument 'catkin_skip_building_tests' from command line to 'False'
[0.884s] DEBUG:colcon.colcon_core.verb:Building package 'go2_slam' with the following arguments: {'ament_cmake_args': None, 'build_base': '/home/robot/go2_ws_toolbox/build/go2_slam', 'catkin_cmake_args': None, 'catkin_skip_building_tests': False, 'cmake_args': None, 'cmake_clean_cache': False, 'cmake_clean_first': False, 'cmake_force_configure': False, 'cmake_target': None, 'cmake_target_skip_unavailable': False, 'install_base': '/home/robot/go2_ws_toolbox/install/go2_slam', 'merge_install': False, 'path': '/home/robot/go2_ws_toolbox/src/go2_slam', 'symlink_install': False, 'test_result_base': None}
[0.884s] INFO:colcon.colcon_core.executor:Executing jobs using 'parallel' executor
[0.885s] DEBUG:colcon.colcon_parallel_executor.executor.parallel:run_until_complete
[0.885s] INFO:colcon.colcon_ros.task.ament_cmake.build:Building ROS package in '/home/robot/go2_ws_toolbox/src/base/go2_core' with build type 'ament_cmake'
[0.885s] INFO:colcon.colcon_cmake.task.cmake.build:Building CMake package in '/home/robot/go2_ws_toolbox/src/base/go2_core'
[0.887s] INFO:colcon.colcon_core.plugin_system:Skipping extension 'colcon_core.shell.bat': Not used on non-Windows systems
[0.887s] INFO:colcon.colcon_core.shell:Skip shell extension 'powershell' for command environment: Not usable outside of PowerShell
[0.887s] DEBUG:colcon.colcon_core.shell:Skip shell extension 'dsv' for command environment
[0.891s] INFO:colcon.colcon_ros.task.ament_cmake.build:Building ROS package in '/home/robot/go2_ws_toolbox/src/go2_description' with build type 'ament_cmake'
[0.891s] INFO:colcon.colcon_cmake.task.cmake.build:Building CMake package in '/home/robot/go2_ws_toolbox/src/go2_description'
[0.892s] INFO:colcon.colcon_core.shell:Skip shell extension 'powershell' for command environment: Not usable outside of PowerShell
[0.892s] DEBUG:colcon.colcon_core.shell:Skip shell extension 'dsv' for command environment
[0.895s] INFO:colcon.colcon_ros.task.ament_cmake.build:Building ROS package in '/home/robot/go2_ws_toolbox/src/go2_navigation2' with build type 'ament_cmake'
[0.895s] INFO:colcon.colcon_cmake.task.cmake.build:Building CMake package in '/home/robot/go2_ws_toolbox/src/go2_navigation2'
[0.895s] INFO:colcon.colcon_core.shell:Skip shell extension 'powershell' for command environment: Not usable outside of PowerShell
[0.895s] DEBUG:colcon.colcon_core.shell:Skip shell extension 'dsv' for command environment
[0.899s] INFO:colcon.colcon_ros.task.ament_cmake.build:Building ROS package in '/home/robot/go2_ws_toolbox/src/go2_perception' with build type 'ament_cmake'
[0.899s] INFO:colcon.colcon_cmake.task.cmake.build:Building CMake package in '/home/robot/go2_ws_toolbox/src/go2_perception'
[0.899s] INFO:colcon.colcon_core.shell:Skip shell extension 'powershell' for command environment: Not usable outside of PowerShell
[0.899s] DEBUG:colcon.colcon_core.shell:Skip shell extension 'dsv' for command environment
[0.902s] INFO:colcon.colcon_ros.task.ament_cmake.build:Building ROS package in '/home/robot/go2_ws_toolbox/src/go2_slam' with build type 'ament_cmake'
[0.902s] INFO:colcon.colcon_cmake.task.cmake.build:Building CMake package in '/home/robot/go2_ws_toolbox/src/go2_slam'
[0.903s] INFO:colcon.colcon_core.shell:Skip shell extension 'powershell' for command environment: Not usable outside of PowerShell
[0.903s] DEBUG:colcon.colcon_core.shell:Skip shell extension 'dsv' for command environment
[0.912s] DEBUG:colcon.colcon_core.event_handler.log_command:Invoking command in '/home/robot/go2_ws_toolbox/build/go2_core': CMAKE_PREFIX_PATH=${CMAKE_PREFIX_PATH}:/opt/ros/humble /usr/bin/cmake --build /home/robot/go2_ws_toolbox/build/go2_core -- -j16 -l16
[0.915s] DEBUG:colcon.colcon_core.event_handler.log_command:Invoking command in '/home/robot/go2_ws_toolbox/build/go2_description': CMAKE_PREFIX_PATH=${CMAKE_PREFIX_PATH}:/opt/ros/humble /usr/bin/cmake --build /home/robot/go2_ws_toolbox/build/go2_description -- -j16 -l16
[0.917s] DEBUG:colcon.colcon_core.event_handler.log_command:Invoking command in '/home/robot/go2_ws_toolbox/build/go2_navigation2': CMAKE_PREFIX_PATH=${CMAKE_PREFIX_PATH}:/opt/ros/humble /usr/bin/cmake --build /home/robot/go2_ws_toolbox/build/go2_navigation2 -- -j16 -l16
[0.920s] DEBUG:colcon.colcon_core.event_handler.log_command:Invoking command in '/home/robot/go2_ws_toolbox/build/go2_perception': CMAKE_PREFIX_PATH=${CMAKE_PREFIX_PATH}:/opt/ros/humble /usr/bin/cmake --build /home/robot/go2_ws_toolbox/build/go2_perception -- -j16 -l16
[0.922s] DEBUG:colcon.colcon_core.event_handler.log_command:Invoking command in '/home/robot/go2_ws_toolbox/build/go2_slam': CMAKE_PREFIX_PATH=${CMAKE_PREFIX_PATH}:/opt/ros/humble /usr/bin/cmake --build /home/robot/go2_ws_toolbox/build/go2_slam -- -j16 -l16
[0.945s] DEBUG:colcon.colcon_core.event_handler.log_command:Invoked command in '/home/robot/go2_ws_toolbox/build/go2_description' returned '0': CMAKE_PREFIX_PATH=${CMAKE_PREFIX_PATH}:/opt/ros/humble /usr/bin/cmake --build /home/robot/go2_ws_toolbox/build/go2_description -- -j16 -l16
[0.954s] DEBUG:colcon.colcon_core.event_handler.log_command:Invoking command in '/home/robot/go2_ws_toolbox/build/go2_description': CMAKE_PREFIX_PATH=${CMAKE_PREFIX_PATH}:/opt/ros/humble /usr/bin/cmake --install /home/robot/go2_ws_toolbox/build/go2_description
[0.955s] DEBUG:colcon.colcon_core.event_handler.log_command:Invoked command in '/home/robot/go2_ws_toolbox/build/go2_slam' returned '0': CMAKE_PREFIX_PATH=${CMAKE_PREFIX_PATH}:/opt/ros/humble /usr/bin/cmake --build /home/robot/go2_ws_toolbox/build/go2_slam -- -j16 -l16
[0.956s] DEBUG:colcon.colcon_core.event_handler.log_command:Invoking command in '/home/robot/go2_ws_toolbox/build/go2_slam': CMAKE_PREFIX_PATH=${CMAKE_PREFIX_PATH}:/opt/ros/humble /usr/bin/cmake --install /home/robot/go2_ws_toolbox/build/go2_slam
[0.964s] Level 1:colcon.colcon_core.environment:create_environment_scripts_only(go2_description)
[0.966s] DEBUG:colcon.colcon_core.event_handler.log_command:Invoked command in '/home/robot/go2_ws_toolbox/build/go2_description' returned '0': CMAKE_PREFIX_PATH=${CMAKE_PREFIX_PATH}:/opt/ros/humble /usr/bin/cmake --install /home/robot/go2_ws_toolbox/build/go2_description
[0.968s] Level 1:colcon.colcon_core.environment:checking '/home/robot/go2_ws_toolbox/install/go2_description' for CMake module files
[0.968s] Level 1:colcon.colcon_core.environment:checking '/home/robot/go2_ws_toolbox/install/go2_description' for CMake config files
[0.968s] Level 1:colcon.colcon_core.shell:create_environment_hook('go2_description', 'cmake_prefix_path')
[0.968s] INFO:colcon.colcon_core.shell:Creating environment hook '/home/robot/go2_ws_toolbox/install/go2_description/share/go2_description/hook/cmake_prefix_path.ps1'
[0.969s] INFO:colcon.colcon_core.shell:Creating environment descriptor '/home/robot/go2_ws_toolbox/install/go2_description/share/go2_description/hook/cmake_prefix_path.dsv'
[0.969s] INFO:colcon.colcon_core.shell:Creating environment hook '/home/robot/go2_ws_toolbox/install/go2_description/share/go2_description/hook/cmake_prefix_path.sh'
[0.970s] Level 1:colcon.colcon_core.environment:checking '/home/robot/go2_ws_toolbox/install/go2_description/bin'
[0.970s] Level 1:colcon.colcon_core.environment:checking '/home/robot/go2_ws_toolbox/install/go2_description/lib/pkgconfig/go2_description.pc'
[0.970s] Level 1:colcon.colcon_core.environment:checking '/home/robot/go2_ws_toolbox/install/go2_description/lib/python3.10/site-packages'
[0.970s] Level 1:colcon.colcon_core.environment:checking '/home/robot/go2_ws_toolbox/install/go2_description/bin'
[0.970s] INFO:colcon.colcon_core.shell:Creating package script '/home/robot/go2_ws_toolbox/install/go2_description/share/go2_description/package.ps1'
[0.971s] INFO:colcon.colcon_core.shell:Creating package descriptor '/home/robot/go2_ws_toolbox/install/go2_description/share/go2_description/package.dsv'
[0.971s] INFO:colcon.colcon_core.shell:Creating package script '/home/robot/go2_ws_toolbox/install/go2_description/share/go2_description/package.sh'
[0.971s] INFO:colcon.colcon_core.shell:Creating package script '/home/robot/go2_ws_toolbox/install/go2_description/share/go2_description/package.bash'
[0.972s] INFO:colcon.colcon_core.shell:Creating package script '/home/robot/go2_ws_toolbox/install/go2_description/share/go2_description/package.zsh'
[0.972s] Level 1:colcon.colcon_core.environment:create_file_with_runtime_dependencies(/home/robot/go2_ws_toolbox/install/go2_description/share/colcon-core/packages/go2_description)
[0.973s] Level 1:colcon.colcon_core.environment:create_environment_scripts_only(go2_description)
[0.973s] Level 1:colcon.colcon_core.environment:checking '/home/robot/go2_ws_toolbox/install/go2_description' for CMake module files
[0.973s] Level 1:colcon.colcon_core.environment:checking '/home/robot/go2_ws_toolbox/install/go2_description' for CMake config files
[0.973s] Level 1:colcon.colcon_core.shell:create_environment_hook('go2_description', 'cmake_prefix_path')
[0.974s] INFO:colcon.colcon_core.shell:Creating environment hook '/home/robot/go2_ws_toolbox/install/go2_description/share/go2_description/hook/cmake_prefix_path.ps1'
[0.974s] INFO:colcon.colcon_core.shell:Creating environment descriptor '/home/robot/go2_ws_toolbox/install/go2_description/share/go2_description/hook/cmake_prefix_path.dsv'
[0.974s] INFO:colcon.colcon_core.shell:Creating environment hook '/home/robot/go2_ws_toolbox/install/go2_description/share/go2_description/hook/cmake_prefix_path.sh'
[0.974s] Level 1:colcon.colcon_core.environment:checking '/home/robot/go2_ws_toolbox/install/go2_description/bin'
[0.974s] Level 1:colcon.colcon_core.environment:checking '/home/robot/go2_ws_toolbox/install/go2_description/lib/pkgconfig/go2_description.pc'
[0.975s] Level 1:colcon.colcon_core.environment:checking '/home/robot/go2_ws_toolbox/install/go2_description/lib/python3.10/site-packages'
[0.975s] Level 1:colcon.colcon_core.environment:checking '/home/robot/go2_ws_toolbox/install/go2_description/bin'
[0.975s] INFO:colcon.colcon_core.shell:Creating package script '/home/robot/go2_ws_toolbox/install/go2_description/share/go2_description/package.ps1'
[0.975s] INFO:colcon.colcon_core.shell:Creating package descriptor '/home/robot/go2_ws_toolbox/install/go2_description/share/go2_description/package.dsv'
[0.975s] INFO:colcon.colcon_core.shell:Creating package script '/home/robot/go2_ws_toolbox/install/go2_description/share/go2_description/package.sh'
[0.976s] INFO:colcon.colcon_core.shell:Creating package script '/home/robot/go2_ws_toolbox/install/go2_description/share/go2_description/package.bash'
[0.976s] INFO:colcon.colcon_core.shell:Creating package script '/home/robot/go2_ws_toolbox/install/go2_description/share/go2_description/package.zsh'
[0.976s] Level 1:colcon.colcon_core.environment:create_file_with_runtime_dependencies(/home/robot/go2_ws_toolbox/install/go2_description/share/colcon-core/packages/go2_description)
[0.978s] DEBUG:colcon.colcon_core.event_handler.log_command:Invoked command in '/home/robot/go2_ws_toolbox/build/go2_navigation2' returned '0': CMAKE_PREFIX_PATH=${CMAKE_PREFIX_PATH}:/opt/ros/humble /usr/bin/cmake --build /home/robot/go2_ws_toolbox/build/go2_navigation2 -- -j16 -l16
[0.979s] DEBUG:colcon.colcon_core.event_handler.log_command:Invoking command in '/home/robot/go2_ws_toolbox/build/go2_navigation2': CMAKE_PREFIX_PATH=${CMAKE_PREFIX_PATH}:/opt/ros/humble /usr/bin/cmake --install /home/robot/go2_ws_toolbox/build/go2_navigation2
[0.980s] DEBUG:colcon.colcon_core.event_handler.log_command:Invoked command in '/home/robot/go2_ws_toolbox/build/go2_perception' returned '0': CMAKE_PREFIX_PATH=${CMAKE_PREFIX_PATH}:/opt/ros/humble /usr/bin/cmake --build /home/robot/go2_ws_toolbox/build/go2_perception -- -j16 -l16
[0.981s] Level 1:colcon.colcon_core.environment:create_environment_scripts_only(go2_slam)
[0.981s] DEBUG:colcon.colcon_core.event_handler.log_command:Invoking command in '/home/robot/go2_ws_toolbox/build/go2_perception': CMAKE_PREFIX_PATH=${CMAKE_PREFIX_PATH}:/opt/ros/humble /usr/bin/cmake --install /home/robot/go2_ws_toolbox/build/go2_perception
[0.981s] Level 1:colcon.colcon_core.environment:checking '/home/robot/go2_ws_toolbox/install/go2_slam' for CMake module files
[0.982s] DEBUG:colcon.colcon_core.event_handler.log_command:Invoked command in '/home/robot/go2_ws_toolbox/build/go2_slam' returned '0': CMAKE_PREFIX_PATH=${CMAKE_PREFIX_PATH}:/opt/ros/humble /usr/bin/cmake --install /home/robot/go2_ws_toolbox/build/go2_slam
[0.982s] Level 1:colcon.colcon_core.environment:checking '/home/robot/go2_ws_toolbox/install/go2_slam' for CMake config files
[0.982s] Level 1:colcon.colcon_core.shell:create_environment_hook('go2_slam', 'cmake_prefix_path')
[0.982s] INFO:colcon.colcon_core.shell:Creating environment hook '/home/robot/go2_ws_toolbox/install/go2_slam/share/go2_slam/hook/cmake_prefix_path.ps1'
[0.982s] INFO:colcon.colcon_core.shell:Creating environment descriptor '/home/robot/go2_ws_toolbox/install/go2_slam/share/go2_slam/hook/cmake_prefix_path.dsv'
[0.983s] INFO:colcon.colcon_core.shell:Creating environment hook '/home/robot/go2_ws_toolbox/install/go2_slam/share/go2_slam/hook/cmake_prefix_path.sh'
[0.983s] Level 1:colcon.colcon_core.environment:checking '/home/robot/go2_ws_toolbox/install/go2_slam/bin'
[0.983s] Level 1:colcon.colcon_core.environment:checking '/home/robot/go2_ws_toolbox/install/go2_slam/lib/pkgconfig/go2_slam.pc'
[0.983s] Level 1:colcon.colcon_core.environment:checking '/home/robot/go2_ws_toolbox/install/go2_slam/lib/python3.10/site-packages'
[0.983s] Level 1:colcon.colcon_core.environment:checking '/home/robot/go2_ws_toolbox/install/go2_slam/bin'
[0.984s] INFO:colcon.colcon_core.shell:Creating package script '/home/robot/go2_ws_toolbox/install/go2_slam/share/go2_slam/package.ps1'
[0.984s] INFO:colcon.colcon_core.shell:Creating package descriptor '/home/robot/go2_ws_toolbox/install/go2_slam/share/go2_slam/package.dsv'
[0.984s] INFO:colcon.colcon_core.shell:Creating package script '/home/robot/go2_ws_toolbox/install/go2_slam/share/go2_slam/package.sh'
[0.985s] INFO:colcon.colcon_core.shell:Creating package script '/home/robot/go2_ws_toolbox/install/go2_slam/share/go2_slam/package.bash'
[0.985s] INFO:colcon.colcon_core.shell:Creating package script '/home/robot/go2_ws_toolbox/install/go2_slam/share/go2_slam/package.zsh'
[0.985s] Level 1:colcon.colcon_core.environment:create_file_with_runtime_dependencies(/home/robot/go2_ws_toolbox/install/go2_slam/share/colcon-core/packages/go2_slam)
[0.986s] Level 1:colcon.colcon_core.environment:create_environment_scripts_only(go2_slam)
[0.986s] Level 1:colcon.colcon_core.environment:checking '/home/robot/go2_ws_toolbox/install/go2_slam' for CMake module files
[0.987s] Level 1:colcon.colcon_core.environment:checking '/home/robot/go2_ws_toolbox/install/go2_slam' for CMake config files
[0.987s] Level 1:colcon.colcon_core.shell:create_environment_hook('go2_slam', 'cmake_prefix_path')
[0.987s] INFO:colcon.colcon_core.shell:Creating environment hook '/home/robot/go2_ws_toolbox/install/go2_slam/share/go2_slam/hook/cmake_prefix_path.ps1'
[0.988s] INFO:colcon.colcon_core.shell:Creating environment descriptor '/home/robot/go2_ws_toolbox/install/go2_slam/share/go2_slam/hook/cmake_prefix_path.dsv'
[0.988s] INFO:colcon.colcon_core.shell:Creating environment hook '/home/robot/go2_ws_toolbox/install/go2_slam/share/go2_slam/hook/cmake_prefix_path.sh'
[0.988s] Level 1:colcon.colcon_core.environment:checking '/home/robot/go2_ws_toolbox/install/go2_slam/bin'
[0.988s] Level 1:colcon.colcon_core.environment:checking '/home/robot/go2_ws_toolbox/install/go2_slam/lib/pkgconfig/go2_slam.pc'
[0.989s] Level 1:colcon.colcon_core.environment:checking '/home/robot/go2_ws_toolbox/install/go2_slam/lib/python3.10/site-packages'
[0.989s] Level 1:colcon.colcon_core.environment:checking '/home/robot/go2_ws_toolbox/install/go2_slam/bin'
[0.989s] INFO:colcon.colcon_core.shell:Creating package script '/home/robot/go2_ws_toolbox/install/go2_slam/share/go2_slam/package.ps1'
[0.989s] INFO:colcon.colcon_core.shell:Creating package descriptor '/home/robot/go2_ws_toolbox/install/go2_slam/share/go2_slam/package.dsv'
[0.989s] INFO:colcon.colcon_core.shell:Creating package script '/home/robot/go2_ws_toolbox/install/go2_slam/share/go2_slam/package.sh'
[0.990s] INFO:colcon.colcon_core.shell:Creating package script '/home/robot/go2_ws_toolbox/install/go2_slam/share/go2_slam/package.bash'
[0.990s] INFO:colcon.colcon_core.shell:Creating package script '/home/robot/go2_ws_toolbox/install/go2_slam/share/go2_slam/package.zsh'
[0.990s] Level 1:colcon.colcon_core.environment:create_file_with_runtime_dependencies(/home/robot/go2_ws_toolbox/install/go2_slam/share/colcon-core/packages/go2_slam)
[0.992s] Level 1:colcon.colcon_core.environment:create_environment_scripts_only(go2_perception)
[0.992s] Level 1:colcon.colcon_core.environment:checking '/home/robot/go2_ws_toolbox/install/go2_perception' for CMake module files
[0.993s] DEBUG:colcon.colcon_core.event_handler.log_command:Invoked command in '/home/robot/go2_ws_toolbox/build/go2_perception' returned '0': CMAKE_PREFIX_PATH=${CMAKE_PREFIX_PATH}:/opt/ros/humble /usr/bin/cmake --install /home/robot/go2_ws_toolbox/build/go2_perception
[0.993s] Level 1:colcon.colcon_core.environment:checking '/home/robot/go2_ws_toolbox/install/go2_perception' for CMake config files
[0.993s] Level 1:colcon.colcon_core.shell:create_environment_hook('go2_perception', 'cmake_prefix_path')
[0.993s] INFO:colcon.colcon_core.shell:Creating environment hook '/home/robot/go2_ws_toolbox/install/go2_perception/share/go2_perception/hook/cmake_prefix_path.ps1'
[0.994s] INFO:colcon.colcon_core.shell:Creating environment descriptor '/home/robot/go2_ws_toolbox/install/go2_perception/share/go2_perception/hook/cmake_prefix_path.dsv'
[0.994s] INFO:colcon.colcon_core.shell:Creating environment hook '/home/robot/go2_ws_toolbox/install/go2_perception/share/go2_perception/hook/cmake_prefix_path.sh'
[0.994s] Level 1:colcon.colcon_core.environment:checking '/home/robot/go2_ws_toolbox/install/go2_perception/lib'
[0.994s] Level 1:colcon.colcon_core.shell:create_environment_hook('go2_perception', 'ld_library_path_lib')
[0.995s] INFO:colcon.colcon_core.shell:Creating environment hook '/home/robot/go2_ws_toolbox/install/go2_perception/share/go2_perception/hook/ld_library_path_lib.ps1'
[0.995s] INFO:colcon.colcon_core.shell:Creating environment descriptor '/home/robot/go2_ws_toolbox/install/go2_perception/share/go2_perception/hook/ld_library_path_lib.dsv'
[0.995s] INFO:colcon.colcon_core.shell:Creating environment hook '/home/robot/go2_ws_toolbox/install/go2_perception/share/go2_perception/hook/ld_library_path_lib.sh'
[0.995s] Level 1:colcon.colcon_core.environment:checking '/home/robot/go2_ws_toolbox/install/go2_perception/bin'
[0.995s] Level 1:colcon.colcon_core.environment:checking '/home/robot/go2_ws_toolbox/install/go2_perception/lib/pkgconfig/go2_perception.pc'
[0.995s] Level 1:colcon.colcon_core.environment:checking '/home/robot/go2_ws_toolbox/install/go2_perception/lib/python3.10/site-packages'
[0.996s] Level 1:colcon.colcon_core.environment:checking '/home/robot/go2_ws_toolbox/install/go2_perception/bin'
[0.996s] INFO:colcon.colcon_core.shell:Creating package script '/home/robot/go2_ws_toolbox/install/go2_perception/share/go2_perception/package.ps1'
[0.996s] INFO:colcon.colcon_core.shell:Creating package descriptor '/home/robot/go2_ws_toolbox/install/go2_perception/share/go2_perception/package.dsv'
[0.996s] INFO:colcon.colcon_core.shell:Creating package script '/home/robot/go2_ws_toolbox/install/go2_perception/share/go2_perception/package.sh'
[0.997s] INFO:colcon.colcon_core.shell:Creating package script '/home/robot/go2_ws_toolbox/install/go2_perception/share/go2_perception/package.bash'
[0.997s] INFO:colcon.colcon_core.shell:Creating package script '/home/robot/go2_ws_toolbox/install/go2_perception/share/go2_perception/package.zsh'
[0.997s] Level 1:colcon.colcon_core.environment:create_file_with_runtime_dependencies(/home/robot/go2_ws_toolbox/install/go2_perception/share/colcon-core/packages/go2_perception)
[0.998s] Level 1:colcon.colcon_core.environment:create_environment_scripts_only(go2_perception)
[0.998s] Level 1:colcon.colcon_core.environment:checking '/home/robot/go2_ws_toolbox/install/go2_perception' for CMake module files
[0.998s] Level 1:colcon.colcon_core.environment:checking '/home/robot/go2_ws_toolbox/install/go2_perception' for CMake config files
[0.998s] Level 1:colcon.colcon_core.shell:create_environment_hook('go2_perception', 'cmake_prefix_path')
[0.998s] INFO:colcon.colcon_core.shell:Creating environment hook '/home/robot/go2_ws_toolbox/install/go2_perception/share/go2_perception/hook/cmake_prefix_path.ps1'
[0.998s] INFO:colcon.colcon_core.shell:Creating environment descriptor '/home/robot/go2_ws_toolbox/install/go2_perception/share/go2_perception/hook/cmake_prefix_path.dsv'
[0.999s] INFO:colcon.colcon_core.shell:Creating environment hook '/home/robot/go2_ws_toolbox/install/go2_perception/share/go2_perception/hook/cmake_prefix_path.sh'
[0.999s] Level 1:colcon.colcon_core.environment:checking '/home/robot/go2_ws_toolbox/install/go2_perception/lib'
[0.999s] Level 1:colcon.colcon_core.shell:create_environment_hook('go2_perception', 'ld_library_path_lib')
[0.999s] INFO:colcon.colcon_core.shell:Creating environment hook '/home/robot/go2_ws_toolbox/install/go2_perception/share/go2_perception/hook/ld_library_path_lib.ps1'
[0.999s] INFO:colcon.colcon_core.shell:Creating environment descriptor '/home/robot/go2_ws_toolbox/install/go2_perception/share/go2_perception/hook/ld_library_path_lib.dsv'
[0.999s] INFO:colcon.colcon_core.shell:Creating environment hook '/home/robot/go2_ws_toolbox/install/go2_perception/share/go2_perception/hook/ld_library_path_lib.sh'
[1.000s] Level 1:colcon.colcon_core.environment:checking '/home/robot/go2_ws_toolbox/install/go2_perception/bin'
[1.000s] Level 1:colcon.colcon_core.environment:checking '/home/robot/go2_ws_toolbox/install/go2_perception/lib/pkgconfig/go2_perception.pc'
[1.000s] Level 1:colcon.colcon_core.environment:checking '/home/robot/go2_ws_toolbox/install/go2_perception/lib/python3.10/site-packages'
[1.000s] Level 1:colcon.colcon_core.environment:checking '/home/robot/go2_ws_toolbox/install/go2_perception/bin'
[1.000s] INFO:colcon.colcon_core.shell:Creating package script '/home/robot/go2_ws_toolbox/install/go2_perception/share/go2_perception/package.ps1'
[1.000s] INFO:colcon.colcon_core.shell:Creating package descriptor '/home/robot/go2_ws_toolbox/install/go2_perception/share/go2_perception/package.dsv'
[1.001s] INFO:colcon.colcon_core.shell:Creating package script '/home/robot/go2_ws_toolbox/install/go2_perception/share/go2_perception/package.sh'
[1.001s] INFO:colcon.colcon_core.shell:Creating package script '/home/robot/go2_ws_toolbox/install/go2_perception/share/go2_perception/package.bash'
[1.001s] INFO:colcon.colcon_core.shell:Creating package script '/home/robot/go2_ws_toolbox/install/go2_perception/share/go2_perception/package.zsh'
[1.001s] Level 1:colcon.colcon_core.environment:create_file_with_runtime_dependencies(/home/robot/go2_ws_toolbox/install/go2_perception/share/colcon-core/packages/go2_perception)
[1.002s] Level 1:colcon.colcon_core.environment:create_environment_scripts_only(go2_navigation2)
[1.002s] Level 1:colcon.colcon_core.environment:checking '/home/robot/go2_ws_toolbox/install/go2_navigation2' for CMake module files
[1.002s] Level 1:colcon.colcon_core.environment:checking '/home/robot/go2_ws_toolbox/install/go2_navigation2' for CMake config files
[1.003s] DEBUG:colcon.colcon_core.event_handler.log_command:Invoked command in '/home/robot/go2_ws_toolbox/build/go2_navigation2' returned '0': CMAKE_PREFIX_PATH=${CMAKE_PREFIX_PATH}:/opt/ros/humble /usr/bin/cmake --install /home/robot/go2_ws_toolbox/build/go2_navigation2
[1.003s] Level 1:colcon.colcon_core.shell:create_environment_hook('go2_navigation2', 'cmake_prefix_path')
[1.003s] INFO:colcon.colcon_core.shell:Creating environment hook '/home/robot/go2_ws_toolbox/install/go2_navigation2/share/go2_navigation2/hook/cmake_prefix_path.ps1'
[1.003s] INFO:colcon.colcon_core.shell:Creating environment descriptor '/home/robot/go2_ws_toolbox/install/go2_navigation2/share/go2_navigation2/hook/cmake_prefix_path.dsv'
[1.004s] INFO:colcon.colcon_core.shell:Creating environment hook '/home/robot/go2_ws_toolbox/install/go2_navigation2/share/go2_navigation2/hook/cmake_prefix_path.sh'
[1.004s] Level 1:colcon.colcon_core.environment:checking '/home/robot/go2_ws_toolbox/install/go2_navigation2/lib'
[1.004s] Level 1:colcon.colcon_core.environment:checking '/home/robot/go2_ws_toolbox/install/go2_navigation2/bin'
[1.004s] Level 1:colcon.colcon_core.environment:checking '/home/robot/go2_ws_toolbox/install/go2_navigation2/lib/pkgconfig/go2_navigation2.pc'
[1.004s] Level 1:colcon.colcon_core.environment:checking '/home/robot/go2_ws_toolbox/install/go2_navigation2/lib/python3.10/site-packages'
[1.004s] Level 1:colcon.colcon_core.environment:checking '/home/robot/go2_ws_toolbox/install/go2_navigation2/bin'
[1.005s] INFO:colcon.colcon_core.shell:Creating package script '/home/robot/go2_ws_toolbox/install/go2_navigation2/share/go2_navigation2/package.ps1'
[1.005s] INFO:colcon.colcon_core.shell:Creating package descriptor '/home/robot/go2_ws_toolbox/install/go2_navigation2/share/go2_navigation2/package.dsv'
[1.005s] INFO:colcon.colcon_core.shell:Creating package script '/home/robot/go2_ws_toolbox/install/go2_navigation2/share/go2_navigation2/package.sh'
[1.005s] INFO:colcon.colcon_core.shell:Creating package script '/home/robot/go2_ws_toolbox/install/go2_navigation2/share/go2_navigation2/package.bash'
[1.005s] INFO:colcon.colcon_core.shell:Creating package script '/home/robot/go2_ws_toolbox/install/go2_navigation2/share/go2_navigation2/package.zsh'
[1.006s] Level 1:colcon.colcon_core.environment:create_file_with_runtime_dependencies(/home/robot/go2_ws_toolbox/install/go2_navigation2/share/colcon-core/packages/go2_navigation2)
[1.006s] Level 1:colcon.colcon_core.environment:create_environment_scripts_only(go2_navigation2)
[1.006s] Level 1:colcon.colcon_core.environment:checking '/home/robot/go2_ws_toolbox/install/go2_navigation2' for CMake module files
[1.006s] Level 1:colcon.colcon_core.environment:checking '/home/robot/go2_ws_toolbox/install/go2_navigation2' for CMake config files
[1.007s] Level 1:colcon.colcon_core.shell:create_environment_hook('go2_navigation2', 'cmake_prefix_path')
[1.007s] INFO:colcon.colcon_core.shell:Creating environment hook '/home/robot/go2_ws_toolbox/install/go2_navigation2/share/go2_navigation2/hook/cmake_prefix_path.ps1'
[1.007s] INFO:colcon.colcon_core.shell:Creating environment descriptor '/home/robot/go2_ws_toolbox/install/go2_navigation2/share/go2_navigation2/hook/cmake_prefix_path.dsv'
[1.007s] INFO:colcon.colcon_core.shell:Creating environment hook '/home/robot/go2_ws_toolbox/install/go2_navigation2/share/go2_navigation2/hook/cmake_prefix_path.sh'
[1.008s] Level 1:colcon.colcon_core.environment:checking '/home/robot/go2_ws_toolbox/install/go2_navigation2/lib'
[1.008s] Level 1:colcon.colcon_core.environment:checking '/home/robot/go2_ws_toolbox/install/go2_navigation2/bin'
[1.008s] Level 1:colcon.colcon_core.environment:checking '/home/robot/go2_ws_toolbox/install/go2_navigation2/lib/pkgconfig/go2_navigation2.pc'
[1.008s] Level 1:colcon.colcon_core.environment:checking '/home/robot/go2_ws_toolbox/install/go2_navigation2/lib/python3.10/site-packages'
[1.008s] Level 1:colcon.colcon_core.environment:checking '/home/robot/go2_ws_toolbox/install/go2_navigation2/bin'
[1.008s] INFO:colcon.colcon_core.shell:Creating package script '/home/robot/go2_ws_toolbox/install/go2_navigation2/share/go2_navigation2/package.ps1'
[1.008s] INFO:colcon.colcon_core.shell:Creating package descriptor '/home/robot/go2_ws_toolbox/install/go2_navigation2/share/go2_navigation2/package.dsv'
[1.009s] INFO:colcon.colcon_core.shell:Creating package script '/home/robot/go2_ws_toolbox/install/go2_navigation2/share/go2_navigation2/package.sh'
[1.009s] INFO:colcon.colcon_core.shell:Creating package script '/home/robot/go2_ws_toolbox/install/go2_navigation2/share/go2_navigation2/package.bash'
[1.010s] INFO:colcon.colcon_core.shell:Creating package script '/home/robot/go2_ws_toolbox/install/go2_navigation2/share/go2_navigation2/package.zsh'
[1.010s] Level 1:colcon.colcon_core.environment:create_file_with_runtime_dependencies(/home/robot/go2_ws_toolbox/install/go2_navigation2/share/colcon-core/packages/go2_navigation2)
[24.054s] DEBUG:colcon.colcon_core.event_handler.log_command:Invoked command in '/home/robot/go2_ws_toolbox/build/go2_core' returned '0': CMAKE_PREFIX_PATH=${CMAKE_PREFIX_PATH}:/opt/ros/humble /usr/bin/cmake --build /home/robot/go2_ws_toolbox/build/go2_core -- -j16 -l16
[24.055s] DEBUG:colcon.colcon_core.event_handler.log_command:Invoking command in '/home/robot/go2_ws_toolbox/build/go2_core': CMAKE_PREFIX_PATH=${CMAKE_PREFIX_PATH}:/opt/ros/humble /usr/bin/cmake --install /home/robot/go2_ws_toolbox/build/go2_core
[24.069s] Level 1:colcon.colcon_core.environment:create_environment_scripts_only(go2_core)
[24.069s] DEBUG:colcon.colcon_core.event_handler.log_command:Invoked command in '/home/robot/go2_ws_toolbox/build/go2_core' returned '0': CMAKE_PREFIX_PATH=${CMAKE_PREFIX_PATH}:/opt/ros/humble /usr/bin/cmake --install /home/robot/go2_ws_toolbox/build/go2_core
[24.070s] Level 1:colcon.colcon_core.environment:checking '/home/robot/go2_ws_toolbox/install/go2_core' for CMake module files
[24.070s] Level 1:colcon.colcon_core.environment:checking '/home/robot/go2_ws_toolbox/install/go2_core' for CMake config files
[24.070s] Level 1:colcon.colcon_core.shell:create_environment_hook('go2_core', 'cmake_prefix_path')
[24.070s] INFO:colcon.colcon_core.shell:Creating environment hook '/home/robot/go2_ws_toolbox/install/go2_core/share/go2_core/hook/cmake_prefix_path.ps1'
[24.071s] INFO:colcon.colcon_core.shell:Creating environment descriptor '/home/robot/go2_ws_toolbox/install/go2_core/share/go2_core/hook/cmake_prefix_path.dsv'
[24.071s] INFO:colcon.colcon_core.shell:Creating environment hook '/home/robot/go2_ws_toolbox/install/go2_core/share/go2_core/hook/cmake_prefix_path.sh'
[24.071s] Level 1:colcon.colcon_core.environment:checking '/home/robot/go2_ws_toolbox/install/go2_core/lib'
[24.071s] Level 1:colcon.colcon_core.environment:checking '/home/robot/go2_ws_toolbox/install/go2_core/bin'
[24.071s] Level 1:colcon.colcon_core.environment:checking '/home/robot/go2_ws_toolbox/install/go2_core/lib/pkgconfig/go2_core.pc'
[24.071s] Level 1:colcon.colcon_core.environment:checking '/home/robot/go2_ws_toolbox/install/go2_core/lib/python3.10/site-packages'
[24.071s] Level 1:colcon.colcon_core.environment:checking '/home/robot/go2_ws_toolbox/install/go2_core/bin'
[24.072s] INFO:colcon.colcon_core.shell:Creating package script '/home/robot/go2_ws_toolbox/install/go2_core/share/go2_core/package.ps1'
[24.072s] INFO:colcon.colcon_core.shell:Creating package descriptor '/home/robot/go2_ws_toolbox/install/go2_core/share/go2_core/package.dsv'
[24.072s] INFO:colcon.colcon_core.shell:Creating package script '/home/robot/go2_ws_toolbox/install/go2_core/share/go2_core/package.sh'
[24.072s] INFO:colcon.colcon_core.shell:Creating package script '/home/robot/go2_ws_toolbox/install/go2_core/share/go2_core/package.bash'
[24.072s] INFO:colcon.colcon_core.shell:Creating package script '/home/robot/go2_ws_toolbox/install/go2_core/share/go2_core/package.zsh'
[24.073s] Level 1:colcon.colcon_core.environment:create_file_with_runtime_dependencies(/home/robot/go2_ws_toolbox/install/go2_core/share/colcon-core/packages/go2_core)
[24.073s] Level 1:colcon.colcon_core.environment:create_environment_scripts_only(go2_core)
[24.073s] Level 1:colcon.colcon_core.environment:checking '/home/robot/go2_ws_toolbox/install/go2_core' for CMake module files
[24.073s] Level 1:colcon.colcon_core.environment:checking '/home/robot/go2_ws_toolbox/install/go2_core' for CMake config files
[24.073s] Level 1:colcon.colcon_core.shell:create_environment_hook('go2_core', 'cmake_prefix_path')
[24.073s] INFO:colcon.colcon_core.shell:Creating environment hook '/home/robot/go2_ws_toolbox/install/go2_core/share/go2_core/hook/cmake_prefix_path.ps1'
[24.074s] INFO:colcon.colcon_core.shell:Creating environment descriptor '/home/robot/go2_ws_toolbox/install/go2_core/share/go2_core/hook/cmake_prefix_path.dsv'
[24.074s] INFO:colcon.colcon_core.shell:Creating environment hook '/home/robot/go2_ws_toolbox/install/go2_core/share/go2_core/hook/cmake_prefix_path.sh'
[24.074s] Level 1:colcon.colcon_core.environment:checking '/home/robot/go2_ws_toolbox/install/go2_core/lib'
[24.074s] Level 1:colcon.colcon_core.environment:checking '/home/robot/go2_ws_toolbox/install/go2_core/bin'
[24.074s] Level 1:colcon.colcon_core.environment:checking '/home/robot/go2_ws_toolbox/install/go2_core/lib/pkgconfig/go2_core.pc'
[24.074s] Level 1:colcon.colcon_core.environment:checking '/home/robot/go2_ws_toolbox/install/go2_core/lib/python3.10/site-packages'
[24.074s] Level 1:colcon.colcon_core.environment:checking '/home/robot/go2_ws_toolbox/install/go2_core/bin'
[24.074s] INFO:colcon.colcon_core.shell:Creating package script '/home/robot/go2_ws_toolbox/install/go2_core/share/go2_core/package.ps1'
[24.075s] INFO:colcon.colcon_core.shell:Creating package descriptor '/home/robot/go2_ws_toolbox/install/go2_core/share/go2_core/package.dsv'
[24.075s] INFO:colcon.colcon_core.shell:Creating package script '/home/robot/go2_ws_toolbox/install/go2_core/share/go2_core/package.sh'
[24.075s] INFO:colcon.colcon_core.shell:Creating package script '/home/robot/go2_ws_toolbox/install/go2_core/share/go2_core/package.bash'
[24.075s] INFO:colcon.colcon_core.shell:Creating package script '/home/robot/go2_ws_toolbox/install/go2_core/share/go2_core/package.zsh'
[24.075s] Level 1:colcon.colcon_core.environment:create_file_with_runtime_dependencies(/home/robot/go2_ws_toolbox/install/go2_core/share/colcon-core/packages/go2_core)
[24.076s] DEBUG:colcon.colcon_parallel_executor.executor.parallel:closing loop
[24.076s] DEBUG:colcon.colcon_parallel_executor.executor.parallel:loop closed
[24.076s] DEBUG:colcon.colcon_parallel_executor.executor.parallel:run_until_complete finished with '0'
[24.076s] DEBUG:colcon.colcon_core.event_reactor:joining thread
[24.082s] INFO:colcon.colcon_core.plugin_system:Skipping extension 'colcon_notification.desktop_notification.terminal_notifier': Not used on non-Darwin systems
[24.082s] INFO:colcon.colcon_core.plugin_system:Skipping extension 'colcon_notification.desktop_notification.win32': Not used on non-Windows systems
[24.082s] INFO:colcon.colcon_notification.desktop_notification:Sending desktop notification using 'notify2'
[24.090s] DEBUG:colcon.colcon_core.event_reactor:joined thread
[24.091s] INFO:colcon.colcon_core.shell:Creating prefix script '/home/robot/go2_ws_toolbox/install/local_setup.ps1'
[24.092s] INFO:colcon.colcon_core.shell:Creating prefix util module '/home/robot/go2_ws_toolbox/install/_local_setup_util_ps1.py'
[24.092s] INFO:colcon.colcon_core.shell:Creating prefix chain script '/home/robot/go2_ws_toolbox/install/setup.ps1'
[24.093s] INFO:colcon.colcon_core.shell:Creating prefix script '/home/robot/go2_ws_toolbox/install/local_setup.sh'
[24.094s] INFO:colcon.colcon_core.shell:Creating prefix util module '/home/robot/go2_ws_toolbox/install/_local_setup_util_sh.py'
[24.094s] INFO:colcon.colcon_core.shell:Creating prefix chain script '/home/robot/go2_ws_toolbox/install/setup.sh'
[24.095s] INFO:colcon.colcon_core.shell:Creating prefix script '/home/robot/go2_ws_toolbox/install/local_setup.bash'
[24.095s] INFO:colcon.colcon_core.shell:Creating prefix chain script '/home/robot/go2_ws_toolbox/install/setup.bash'
[24.096s] INFO:colcon.colcon_core.shell:Creating prefix script '/home/robot/go2_ws_toolbox/install/local_setup.zsh'
[24.096s] INFO:colcon.colcon_core.shell:Creating prefix chain script '/home/robot/go2_ws_toolbox/install/setup.zsh'
