[0.220s] Invoking command in '/home/robot/go2_ws_toolbox/build/go2_core': CMAKE_PREFIX_PATH=${CMAKE_PREFIX_PATH}:/opt/ros/humble /usr/bin/cmake --build /home/robot/go2_ws_toolbox/build/go2_core -- -j16 -l16
[0.294s] [100%] Built target driver
[0.318s] Invoked command in '/home/robot/go2_ws_toolbox/build/go2_core' returned '0': CMAKE_PREFIX_PATH=${CMAKE_PREFIX_PATH}:/opt/ros/humble /usr/bin/cmake --build /home/robot/go2_ws_toolbox/build/go2_core -- -j16 -l16
[0.319s] Invoking command in '/home/robot/go2_ws_toolbox/build/go2_core': CMAKE_PREFIX_PATH=${CMAKE_PREFIX_PATH}:/opt/ros/humble /usr/bin/cmake --install /home/robot/go2_ws_toolbox/build/go2_core
[0.326s] -- Install configuration: ""
[0.326s] -- Up-to-date: /home/robot/go2_ws_toolbox/install/go2_core/share/go2_core/launch
[0.326s] -- Up-to-date: /home/robot/go2_ws_toolbox/install/go2_core/share/go2_core/launch/go2_robot_localization.launch.py
[0.326s] -- Up-to-date: /home/robot/go2_ws_toolbox/install/go2_core/share/go2_core/launch/go2_start.launch.py
[0.326s] -- Up-to-date: /home/robot/go2_ws_toolbox/install/go2_core/share/go2_core/rviz2
[0.326s] -- Up-to-date: /home/robot/go2_ws_toolbox/install/go2_core/share/go2_core/rviz2/display.rviz
[0.326s] -- Up-to-date: /home/robot/go2_ws_toolbox/install/go2_core/lib/go2_core/driver
[0.326s] -- Up-to-date: /home/robot/go2_ws_toolbox/install/go2_core/share/ament_index/resource_index/package_run_dependencies/go2_core
[0.326s] -- Up-to-date: /home/robot/go2_ws_toolbox/install/go2_core/share/ament_index/resource_index/parent_prefix_path/go2_core
[0.326s] -- Up-to-date: /home/robot/go2_ws_toolbox/install/go2_core/share/go2_core/environment/ament_prefix_path.sh
[0.326s] -- Up-to-date: /home/robot/go2_ws_toolbox/install/go2_core/share/go2_core/environment/ament_prefix_path.dsv
[0.326s] -- Up-to-date: /home/robot/go2_ws_toolbox/install/go2_core/share/go2_core/environment/path.sh
[0.326s] -- Up-to-date: /home/robot/go2_ws_toolbox/install/go2_core/share/go2_core/environment/path.dsv
[0.326s] -- Up-to-date: /home/robot/go2_ws_toolbox/install/go2_core/share/go2_core/local_setup.bash
[0.326s] -- Up-to-date: /home/robot/go2_ws_toolbox/install/go2_core/share/go2_core/local_setup.sh
[0.326s] -- Up-to-date: /home/robot/go2_ws_toolbox/install/go2_core/share/go2_core/local_setup.zsh
[0.326s] -- Up-to-date: /home/robot/go2_ws_toolbox/install/go2_core/share/go2_core/local_setup.dsv
[0.327s] -- Installing: /home/robot/go2_ws_toolbox/install/go2_core/share/go2_core/package.dsv
[0.327s] -- Up-to-date: /home/robot/go2_ws_toolbox/install/go2_core/share/ament_index/resource_index/packages/go2_core
[0.327s] -- Up-to-date: /home/robot/go2_ws_toolbox/install/go2_core/share/go2_core/cmake/go2_coreConfig.cmake
[0.327s] -- Up-to-date: /home/robot/go2_ws_toolbox/install/go2_core/share/go2_core/cmake/go2_coreConfig-version.cmake
[0.327s] -- Up-to-date: /home/robot/go2_ws_toolbox/install/go2_core/share/go2_core/package.xml
[0.346s] Invoked command in '/home/robot/go2_ws_toolbox/build/go2_core' returned '0': CMAKE_PREFIX_PATH=${CMAKE_PREFIX_PATH}:/opt/ros/humble /usr/bin/cmake --install /home/robot/go2_ws_toolbox/build/go2_core
