[0.179s] Invoking command in '/home/robot/go2_ws_toolbox/build/go2_description': CMAKE_PREFIX_PATH=${CMAKE_PREFIX_PATH}:/opt/ros/humble /usr/bin/cmake --build /home/robot/go2_ws_toolbox/build/go2_description -- -j16 -l16
[0.410s] Invoked command in '/home/robot/go2_ws_toolbox/build/go2_description' returned '0': CMAKE_PREFIX_PATH=${CMAKE_PREFIX_PATH}:/opt/ros/humble /usr/bin/cmake --build /home/robot/go2_ws_toolbox/build/go2_description -- -j16 -l16
[0.468s] Invoking command in '/home/robot/go2_ws_toolbox/build/go2_description': CMAKE_PREFIX_PATH=${CMAKE_PREFIX_PATH}:/opt/ros/humble /usr/bin/cmake --install /home/robot/go2_ws_toolbox/build/go2_description
[0.521s] -- Install configuration: ""
[0.521s] -- Up-to-date: /home/robot/go2_ws_toolbox/install/go2_description/share/go2_description/launch
[0.522s] -- Up-to-date: /home/robot/go2_ws_toolbox/install/go2_description/share/go2_description/launch/display.launch.py
[0.522s] -- Up-to-date: /home/robot/go2_ws_toolbox/install/go2_description/share/go2_description/urdf
[0.523s] -- Up-to-date: /home/robot/go2_ws_toolbox/install/go2_description/share/go2_description/urdf/.history
[0.524s] -- Up-to-date: /home/robot/go2_ws_toolbox/install/go2_description/share/go2_description/urdf/.history/go2_description_20230905112944.urdf
[0.525s] -- Up-to-date: /home/robot/go2_ws_toolbox/install/go2_description/share/go2_description/urdf/.history/go2_description_20230905115040.urdf
[0.525s] -- Up-to-date: /home/robot/go2_ws_toolbox/install/go2_description/share/go2_description/urdf/.history/go2_description_20230905113633.urdf
[0.526s] -- Up-to-date: /home/robot/go2_ws_toolbox/install/go2_description/share/go2_description/urdf/.history/go2_description_20230905112749.urdf
[0.530s] -- Up-to-date: /home/robot/go2_ws_toolbox/install/go2_description/share/go2_description/urdf/.history/go2_description_20230905115226.urdf
[0.531s] -- Up-to-date: /home/robot/go2_ws_toolbox/install/go2_description/share/go2_description/urdf/.history/go2_description_20230905115300.urdf
[0.532s] -- Up-to-date: /home/robot/go2_ws_toolbox/install/go2_description/share/go2_description/urdf/.history/go2_description_20230904193653.urdf
[0.533s] -- Up-to-date: /home/robot/go2_ws_toolbox/install/go2_description/share/go2_description/urdf/.history/go2_description_20230904193710.urdf
[0.534s] -- Up-to-date: /home/robot/go2_ws_toolbox/install/go2_description/share/go2_description/urdf/.history/go2_description_20230905112047.urdf
[0.535s] -- Up-to-date: /home/robot/go2_ws_toolbox/install/go2_description/share/go2_description/urdf/.history/go2_description_20230905115313.urdf
[0.535s] -- Up-to-date: /home/robot/go2_ws_toolbox/install/go2_description/share/go2_description/urdf/.history/go2_description_20230904193711.urdf
[0.536s] -- Up-to-date: /home/robot/go2_ws_toolbox/install/go2_description/share/go2_description/urdf/.history/go2_description_20230905114759.urdf
[0.536s] -- Up-to-date: /home/robot/go2_ws_toolbox/install/go2_description/share/go2_description/urdf/.history/go2_description_20230905113059.urdf
[0.537s] -- Up-to-date: /home/robot/go2_ws_toolbox/install/go2_description/share/go2_description/urdf/.history/go2_description_20230905113755.urdf
[0.537s] -- Up-to-date: /home/robot/go2_ws_toolbox/install/go2_description/share/go2_description/urdf/.history/go2_description_20230905115021.urdf
[0.538s] -- Up-to-date: /home/robot/go2_ws_toolbox/install/go2_description/share/go2_description/urdf/.history/go2_description_20230905114819.urdf
[0.538s] -- Up-to-date: /home/robot/go2_ws_toolbox/install/go2_description/share/go2_description/urdf/.history/go2_description_20230904182446.urdf
[0.539s] -- Up-to-date: /home/robot/go2_ws_toolbox/install/go2_description/share/go2_description/urdf/.history/go2_description_20230905115022.urdf
[0.539s] -- Up-to-date: /home/robot/go2_ws_toolbox/install/go2_description/share/go2_description/urdf/.history/go2_description_20230904193705.urdf
[0.539s] -- Up-to-date: /home/robot/go2_ws_toolbox/install/go2_description/share/go2_description/urdf/.history/go2_description_20230905112735.urdf
[0.540s] -- Up-to-date: /home/robot/go2_ws_toolbox/install/go2_description/share/go2_description/urdf/.history/go2_description_20230905112217.urdf
[0.541s] -- Up-to-date: /home/robot/go2_ws_toolbox/install/go2_description/share/go2_description/urdf/.history/go2_description_20230905113754.urdf
[0.541s] -- Up-to-date: /home/robot/go2_ws_toolbox/install/go2_description/share/go2_description/urdf/.history/go2_description_20230904193644.urdf
[0.542s] -- Up-to-date: /home/robot/go2_ws_toolbox/install/go2_description/share/go2_description/urdf/.history/go2_description_20230905112752.urdf
[0.542s] -- Up-to-date: /home/robot/go2_ws_toolbox/install/go2_description/share/go2_description/urdf/.history/go2_description_20230905113000.urdf
[0.543s] -- Up-to-date: /home/robot/go2_ws_toolbox/install/go2_description/share/go2_description/urdf/.history/go2_description_20230905113839.urdf
[0.543s] -- Up-to-date: /home/robot/go2_ws_toolbox/install/go2_description/share/go2_description/urdf/.history/go2_description_20230905113840.urdf
[0.543s] -- Up-to-date: /home/robot/go2_ws_toolbox/install/go2_description/share/go2_description/urdf/.history/go2_description_20230905115215.urdf
[0.544s] -- Up-to-date: /home/robot/go2_ws_toolbox/install/go2_description/share/go2_description/urdf/.history/go2_description_20230905112143.urdf
[0.544s] -- Up-to-date: /home/robot/go2_ws_toolbox/install/go2_description/share/go2_description/urdf/.history/go2_description_20230904193628.urdf
[0.545s] -- Up-to-date: /home/robot/go2_ws_toolbox/install/go2_description/share/go2_description/urdf/.history/go2_description_20230904144240.urdf
[0.545s] -- Up-to-date: /home/robot/go2_ws_toolbox/install/go2_description/share/go2_description/urdf/go2_description.urdf
[0.546s] -- Up-to-date: /home/robot/go2_ws_toolbox/install/go2_description/share/go2_description/urdf/Amended_collision_model.png
[0.546s] -- Up-to-date: /home/robot/go2_ws_toolbox/install/go2_description/share/go2_description/urdf/Normal_collision_model.png
[0.546s] -- Up-to-date: /home/robot/go2_ws_toolbox/install/go2_description/share/go2_description/dae
[0.547s] -- Up-to-date: /home/robot/go2_ws_toolbox/install/go2_description/share/go2_description/dae/hip.dae
[0.548s] -- Up-to-date: /home/robot/go2_ws_toolbox/install/go2_description/share/go2_description/dae/calf_mirror.dae
[0.548s] -- Up-to-date: /home/robot/go2_ws_toolbox/install/go2_description/share/go2_description/dae/thigh.dae
[0.549s] -- Up-to-date: /home/robot/go2_ws_toolbox/install/go2_description/share/go2_description/dae/thigh_mirror.dae
[0.549s] -- Up-to-date: /home/robot/go2_ws_toolbox/install/go2_description/share/go2_description/dae/calf.dae
[0.549s] -- Up-to-date: /home/robot/go2_ws_toolbox/install/go2_description/share/go2_description/dae/base.dae
[0.550s] -- Up-to-date: /home/robot/go2_ws_toolbox/install/go2_description/share/go2_description/dae/foot.dae
[0.550s] -- Up-to-date: /home/robot/go2_ws_toolbox/install/go2_description/share/go2_description/meshes
[0.550s] -- Up-to-date: /home/robot/go2_ws_toolbox/install/go2_description/share/go2_description/meshes/hip.dae
[0.551s] -- Up-to-date: /home/robot/go2_ws_toolbox/install/go2_description/share/go2_description/meshes/calf_mirror.dae
[0.551s] -- Up-to-date: /home/robot/go2_ws_toolbox/install/go2_description/share/go2_description/meshes/thigh.dae
[0.551s] -- Up-to-date: /home/robot/go2_ws_toolbox/install/go2_description/share/go2_description/meshes/thigh_mirror.dae
[0.551s] -- Up-to-date: /home/robot/go2_ws_toolbox/install/go2_description/share/go2_description/meshes/calf.dae
[0.552s] -- Up-to-date: /home/robot/go2_ws_toolbox/install/go2_description/share/go2_description/meshes/trunk.dae
[0.552s] -- Up-to-date: /home/robot/go2_ws_toolbox/install/go2_description/share/go2_description/meshes/foot.dae
[0.554s] -- Up-to-date: /home/robot/go2_ws_toolbox/install/go2_description/share/ament_index/resource_index/package_run_dependencies/go2_description
[0.554s] -- Up-to-date: /home/robot/go2_ws_toolbox/install/go2_description/share/ament_index/resource_index/parent_prefix_path/go2_description
[0.554s] -- Up-to-date: /home/robot/go2_ws_toolbox/install/go2_description/share/go2_description/environment/ament_prefix_path.sh
[0.558s] -- Up-to-date: /home/robot/go2_ws_toolbox/install/go2_description/share/go2_description/environment/ament_prefix_path.dsv
[0.558s] -- Up-to-date: /home/robot/go2_ws_toolbox/install/go2_description/share/go2_description/environment/path.sh
[0.559s] -- Up-to-date: /home/robot/go2_ws_toolbox/install/go2_description/share/go2_description/environment/path.dsv
[0.559s] -- Up-to-date: /home/robot/go2_ws_toolbox/install/go2_description/share/go2_description/local_setup.bash
[0.559s] -- Up-to-date: /home/robot/go2_ws_toolbox/install/go2_description/share/go2_description/local_setup.sh
[0.560s] -- Up-to-date: /home/robot/go2_ws_toolbox/install/go2_description/share/go2_description/local_setup.zsh
[0.560s] -- Up-to-date: /home/robot/go2_ws_toolbox/install/go2_description/share/go2_description/local_setup.dsv
[0.560s] -- Installing: /home/robot/go2_ws_toolbox/install/go2_description/share/go2_description/package.dsv
[0.564s] -- Up-to-date: /home/robot/go2_ws_toolbox/install/go2_description/share/ament_index/resource_index/packages/go2_description
[0.565s] -- Up-to-date: /home/robot/go2_ws_toolbox/install/go2_description/share/go2_description/cmake/go2_descriptionConfig.cmake
[0.566s] -- Up-to-date: /home/robot/go2_ws_toolbox/install/go2_description/share/go2_description/cmake/go2_descriptionConfig-version.cmake
[0.567s] -- Up-to-date: /home/robot/go2_ws_toolbox/install/go2_description/share/go2_description/package.xml
[0.581s] Invoked command in '/home/robot/go2_ws_toolbox/build/go2_description' returned '0': CMAKE_PREFIX_PATH=${CMAKE_PREFIX_PATH}:/opt/ros/humble /usr/bin/cmake --install /home/robot/go2_ws_toolbox/build/go2_description
