[0.066s] Invoking command in '/home/robot/go2_ws_toolbox/build/go2_description': CMAKE_PREFIX_PATH=${CMAKE_PREFIX_PATH}:/opt/ros/humble /usr/bin/cmake --build /home/robot/go2_ws_toolbox/build/go2_description -- -j16 -l16
[0.432s] Invoked command in '/home/robot/go2_ws_toolbox/build/go2_description' returned '0': CMAKE_PREFIX_PATH=${CMAKE_PREFIX_PATH}:/opt/ros/humble /usr/bin/cmake --build /home/robot/go2_ws_toolbox/build/go2_description -- -j16 -l16
[0.519s] Invoking command in '/home/robot/go2_ws_toolbox/build/go2_description': CMAKE_PREFIX_PATH=${CMAKE_PREFIX_PATH}:/opt/ros/humble /usr/bin/cmake --install /home/robot/go2_ws_toolbox/build/go2_description
[0.602s] -- Install configuration: ""
[0.602s] -- Up-to-date: /home/robot/go2_ws_toolbox/install/go2_description/share/go2_description/launch
[0.603s] -- Up-to-date: /home/robot/go2_ws_toolbox/install/go2_description/share/go2_description/launch/display.launch.py
[0.603s] -- Up-to-date: /home/robot/go2_ws_toolbox/install/go2_description/share/go2_description/urdf
[0.604s] -- Up-to-date: /home/robot/go2_ws_toolbox/install/go2_description/share/go2_description/urdf/.history
[0.604s] -- Up-to-date: /home/robot/go2_ws_toolbox/install/go2_description/share/go2_description/urdf/.history/go2_description_20230905112944.urdf
[0.604s] -- Up-to-date: /home/robot/go2_ws_toolbox/install/go2_description/share/go2_description/urdf/.history/go2_description_20230905115040.urdf
[0.605s] -- Up-to-date: /home/robot/go2_ws_toolbox/install/go2_description/share/go2_description/urdf/.history/go2_description_20230905113633.urdf
[0.605s] -- Up-to-date: /home/robot/go2_ws_toolbox/install/go2_description/share/go2_description/urdf/.history/go2_description_20230905112749.urdf
[0.605s] -- Up-to-date: /home/robot/go2_ws_toolbox/install/go2_description/share/go2_description/urdf/.history/go2_description_20230905115226.urdf
[0.606s] -- Up-to-date: /home/robot/go2_ws_toolbox/install/go2_description/share/go2_description/urdf/.history/go2_description_20230905115300.urdf
[0.606s] -- Up-to-date: /home/robot/go2_ws_toolbox/install/go2_description/share/go2_description/urdf/.history/go2_description_20230904193653.urdf
[0.607s] -- Up-to-date: /home/robot/go2_ws_toolbox/install/go2_description/share/go2_description/urdf/.history/go2_description_20230904193710.urdf
[0.607s] -- Up-to-date: /home/robot/go2_ws_toolbox/install/go2_description/share/go2_description/urdf/.history/go2_description_20230905112047.urdf
[0.607s] -- Up-to-date: /home/robot/go2_ws_toolbox/install/go2_description/share/go2_description/urdf/.history/go2_description_20230905115313.urdf
[0.608s] -- Up-to-date: /home/robot/go2_ws_toolbox/install/go2_description/share/go2_description/urdf/.history/go2_description_20230904193711.urdf
[0.608s] -- Up-to-date: /home/robot/go2_ws_toolbox/install/go2_description/share/go2_description/urdf/.history/go2_description_20230905114759.urdf
[0.608s] -- Up-to-date: /home/robot/go2_ws_toolbox/install/go2_description/share/go2_description/urdf/.history/go2_description_20230905113059.urdf
[0.609s] -- Up-to-date: /home/robot/go2_ws_toolbox/install/go2_description/share/go2_description/urdf/.history/go2_description_20230905113755.urdf
[0.609s] -- Up-to-date: /home/robot/go2_ws_toolbox/install/go2_description/share/go2_description/urdf/.history/go2_description_20230905115021.urdf
[0.609s] -- Up-to-date: /home/robot/go2_ws_toolbox/install/go2_description/share/go2_description/urdf/.history/go2_description_20230905114819.urdf
[0.610s] -- Up-to-date: /home/robot/go2_ws_toolbox/install/go2_description/share/go2_description/urdf/.history/go2_description_20230904182446.urdf
[0.610s] -- Up-to-date: /home/robot/go2_ws_toolbox/install/go2_description/share/go2_description/urdf/.history/go2_description_20230905115022.urdf
[0.613s] -- Up-to-date: /home/robot/go2_ws_toolbox/install/go2_description/share/go2_description/urdf/.history/go2_description_20230904193705.urdf
[0.617s] -- Up-to-date: /home/robot/go2_ws_toolbox/install/go2_description/share/go2_description/urdf/.history/go2_description_20230905112735.urdf
[0.617s] -- Up-to-date: /home/robot/go2_ws_toolbox/install/go2_description/share/go2_description/urdf/.history/go2_description_20230905112217.urdf
[0.618s] -- Up-to-date: /home/robot/go2_ws_toolbox/install/go2_description/share/go2_description/urdf/.history/go2_description_20230905113754.urdf
[0.619s] -- Up-to-date: /home/robot/go2_ws_toolbox/install/go2_description/share/go2_description/urdf/.history/go2_description_20230904193644.urdf
[0.619s] -- Up-to-date: /home/robot/go2_ws_toolbox/install/go2_description/share/go2_description/urdf/.history/go2_description_20230905112752.urdf
[0.633s] -- Up-to-date: /home/robot/go2_ws_toolbox/install/go2_description/share/go2_description/urdf/.history/go2_description_20230905113000.urdf
[0.634s] -- Up-to-date: /home/robot/go2_ws_toolbox/install/go2_description/share/go2_description/urdf/.history/go2_description_20230905113839.urdf
[0.634s] -- Up-to-date: /home/robot/go2_ws_toolbox/install/go2_description/share/go2_description/urdf/.history/go2_description_20230905113840.urdf
[0.635s] -- Up-to-date: /home/robot/go2_ws_toolbox/install/go2_description/share/go2_description/urdf/.history/go2_description_20230905115215.urdf
[0.635s] -- Up-to-date: /home/robot/go2_ws_toolbox/install/go2_description/share/go2_description/urdf/.history/go2_description_20230905112143.urdf
[0.636s] -- Up-to-date: /home/robot/go2_ws_toolbox/install/go2_description/share/go2_description/urdf/.history/go2_description_20230904193628.urdf
[0.640s] -- Up-to-date: /home/robot/go2_ws_toolbox/install/go2_description/share/go2_description/urdf/.history/go2_description_20230904144240.urdf
[0.641s] -- Up-to-date: /home/robot/go2_ws_toolbox/install/go2_description/share/go2_description/urdf/go2_description.urdf
[0.641s] -- Up-to-date: /home/robot/go2_ws_toolbox/install/go2_description/share/go2_description/urdf/Amended_collision_model.png
[0.642s] -- Up-to-date: /home/robot/go2_ws_toolbox/install/go2_description/share/go2_description/urdf/Normal_collision_model.png
[0.642s] -- Up-to-date: /home/robot/go2_ws_toolbox/install/go2_description/share/go2_description/dae
[0.648s] -- Up-to-date: /home/robot/go2_ws_toolbox/install/go2_description/share/go2_description/dae/hip.dae
[0.649s] -- Up-to-date: /home/robot/go2_ws_toolbox/install/go2_description/share/go2_description/dae/calf_mirror.dae
[0.649s] -- Up-to-date: /home/robot/go2_ws_toolbox/install/go2_description/share/go2_description/dae/thigh.dae
[0.650s] -- Up-to-date: /home/robot/go2_ws_toolbox/install/go2_description/share/go2_description/dae/thigh_mirror.dae
[0.651s] -- Up-to-date: /home/robot/go2_ws_toolbox/install/go2_description/share/go2_description/dae/calf.dae
[0.651s] -- Up-to-date: /home/robot/go2_ws_toolbox/install/go2_description/share/go2_description/dae/base.dae
[0.651s] -- Up-to-date: /home/robot/go2_ws_toolbox/install/go2_description/share/go2_description/dae/foot.dae
[0.656s] -- Up-to-date: /home/robot/go2_ws_toolbox/install/go2_description/share/go2_description/meshes
[0.657s] -- Up-to-date: /home/robot/go2_ws_toolbox/install/go2_description/share/go2_description/meshes/hip.dae
[0.665s] -- Up-to-date: /home/robot/go2_ws_toolbox/install/go2_description/share/go2_description/meshes/calf_mirror.dae
[0.666s] -- Up-to-date: /home/robot/go2_ws_toolbox/install/go2_description/share/go2_description/meshes/thigh.dae
[0.666s] -- Up-to-date: /home/robot/go2_ws_toolbox/install/go2_description/share/go2_description/meshes/thigh_mirror.dae
[0.667s] -- Up-to-date: /home/robot/go2_ws_toolbox/install/go2_description/share/go2_description/meshes/calf.dae
[0.670s] -- Up-to-date: /home/robot/go2_ws_toolbox/install/go2_description/share/go2_description/meshes/trunk.dae
[0.686s] -- Up-to-date: /home/robot/go2_ws_toolbox/install/go2_description/share/go2_description/meshes/foot.dae
[0.691s] -- Up-to-date: /home/robot/go2_ws_toolbox/install/go2_description/share/ament_index/resource_index/package_run_dependencies/go2_description
[0.691s] -- Up-to-date: /home/robot/go2_ws_toolbox/install/go2_description/share/ament_index/resource_index/parent_prefix_path/go2_description
[0.692s] -- Up-to-date: /home/robot/go2_ws_toolbox/install/go2_description/share/go2_description/environment/ament_prefix_path.sh
[0.692s] -- Up-to-date: /home/robot/go2_ws_toolbox/install/go2_description/share/go2_description/environment/ament_prefix_path.dsv
[0.692s] -- Up-to-date: /home/robot/go2_ws_toolbox/install/go2_description/share/go2_description/environment/path.sh
[0.692s] -- Up-to-date: /home/robot/go2_ws_toolbox/install/go2_description/share/go2_description/environment/path.dsv
[0.692s] -- Up-to-date: /home/robot/go2_ws_toolbox/install/go2_description/share/go2_description/local_setup.bash
[0.693s] -- Up-to-date: /home/robot/go2_ws_toolbox/install/go2_description/share/go2_description/local_setup.sh
[0.693s] -- Up-to-date: /home/robot/go2_ws_toolbox/install/go2_description/share/go2_description/local_setup.zsh
[0.693s] -- Up-to-date: /home/robot/go2_ws_toolbox/install/go2_description/share/go2_description/local_setup.dsv
[0.693s] -- Installing: /home/robot/go2_ws_toolbox/install/go2_description/share/go2_description/package.dsv
[0.693s] -- Up-to-date: /home/robot/go2_ws_toolbox/install/go2_description/share/ament_index/resource_index/packages/go2_description
[0.693s] -- Up-to-date: /home/robot/go2_ws_toolbox/install/go2_description/share/go2_description/cmake/go2_descriptionConfig.cmake
[0.694s] -- Up-to-date: /home/robot/go2_ws_toolbox/install/go2_description/share/go2_description/cmake/go2_descriptionConfig-version.cmake
[0.694s] -- Up-to-date: /home/robot/go2_ws_toolbox/install/go2_description/share/go2_description/package.xml
[0.700s] Invoked command in '/home/robot/go2_ws_toolbox/build/go2_description' returned '0': CMAKE_PREFIX_PATH=${CMAKE_PREFIX_PATH}:/opt/ros/humble /usr/bin/cmake --install /home/robot/go2_ws_toolbox/build/go2_description
