[0.240s] DEBUG:colcon:Command line arguments: ['/usr/bin/colcon', 'build']
[0.240s] DEBUG:colcon:Parsed command line arguments: Namespace(log_base=None, log_level=None, verb_name='build', build_base='build', install_base='install', merge_install=False, symlink_install=False, test_result_base=None, continue_on_error=False, executor='parallel', parallel_workers=16, event_handlers=None, ignore_user_meta=False, metas=['./colcon.meta'], base_paths=['.'], packages_ignore=None, packages_ignore_regex=None, paths=None, packages_up_to=None, packages_up_to_regex=None, packages_above=None, packages_above_and_dependencies=None, packages_above_depth=None, packages_select_by_dep=None, packages_skip_by_dep=None, packages_skip_up_to=None, packages_select_build_failed=False, packages_skip_build_finished=False, packages_select_test_failures=False, packages_skip_test_passed=False, packages_select=None, packages_skip=None, packages_select_regex=None, packages_skip_regex=None, packages_start=None, packages_end=None, allow_overriding=[], cmake_args=None, cmake_target=None, cmake_target_skip_unavailable=False, cmake_clean_cache=False, cmake_clean_first=False, cmake_force_configure=False, ament_cmake_args=None, catkin_cmake_args=None, catkin_skip_building_tests=False, verb_parser=<colcon_defaults.argument_parser.defaults.DefaultArgumentsDecorator object at 0x7cb181b55ba0>, verb_extension=<colcon_core.verb.build.BuildVerb object at 0x7cb181b55690>, main=<bound method BuildVerb.main of <colcon_core.verb.build.BuildVerb object at 0x7cb181b55690>>)
[0.330s] Level 1:colcon.colcon_core.package_discovery:discover_packages(colcon_meta) check parameters
[0.330s] Level 1:colcon.colcon_core.package_discovery:discover_packages(recursive) check parameters
[0.330s] Level 1:colcon.colcon_core.package_discovery:discover_packages(ignore) check parameters
[0.330s] Level 1:colcon.colcon_core.package_discovery:discover_packages(path) check parameters
[0.330s] Level 1:colcon.colcon_core.package_discovery:discover_packages(colcon_meta) discover
[0.330s] Level 1:colcon.colcon_core.package_discovery:discover_packages(recursive) discover
[0.330s] INFO:colcon.colcon_core.package_discovery:Crawling recursively for packages in '/home/robot/go2_ws_toolbox'
[0.330s] Level 1:colcon.colcon_core.package_identification:_identify(.) by extensions ['ignore', 'ignore_ament_install']
[0.330s] Level 1:colcon.colcon_core.package_identification:_identify(.) by extension 'ignore'
[0.330s] Level 1:colcon.colcon_core.package_identification:_identify(.) by extension 'ignore_ament_install'
[0.330s] Level 1:colcon.colcon_core.package_identification:_identify(.) by extensions ['colcon_pkg']
[0.331s] Level 1:colcon.colcon_core.package_identification:_identify(.) by extension 'colcon_pkg'
[0.331s] Level 1:colcon.colcon_core.package_identification:_identify(.) by extensions ['colcon_meta']
[0.331s] Level 1:colcon.colcon_core.package_identification:_identify(.) by extension 'colcon_meta'
[0.331s] Level 1:colcon.colcon_core.package_identification:_identify(.) by extensions ['ros']
[0.331s] Level 1:colcon.colcon_core.package_identification:_identify(.) by extension 'ros'
[0.337s] Level 1:colcon.colcon_core.package_identification:_identify(.) by extensions ['cmake', 'python']
[0.337s] Level 1:colcon.colcon_core.package_identification:_identify(.) by extension 'cmake'
[0.337s] Level 1:colcon.colcon_core.package_identification:_identify(.) by extension 'python'
[0.337s] Level 1:colcon.colcon_core.package_identification:_identify(.) by extensions ['python_setup_py']
[0.337s] Level 1:colcon.colcon_core.package_identification:_identify(.) by extension 'python_setup_py'
[0.337s] Level 1:colcon.colcon_core.package_identification:_identify(build) by extensions ['ignore', 'ignore_ament_install']
[0.337s] Level 1:colcon.colcon_core.package_identification:_identify(build) by extension 'ignore'
[0.337s] Level 1:colcon.colcon_core.package_identification:_identify(build) ignored
[0.337s] Level 1:colcon.colcon_core.package_identification:_identify(install) by extensions ['ignore', 'ignore_ament_install']
[0.337s] Level 1:colcon.colcon_core.package_identification:_identify(install) by extension 'ignore'
[0.337s] Level 1:colcon.colcon_core.package_identification:_identify(install) ignored
[0.338s] Level 1:colcon.colcon_core.package_identification:_identify(log) by extensions ['ignore', 'ignore_ament_install']
[0.338s] Level 1:colcon.colcon_core.package_identification:_identify(log) by extension 'ignore'
[0.338s] Level 1:colcon.colcon_core.package_identification:_identify(log) ignored
[0.338s] Level 1:colcon.colcon_core.package_identification:_identify(src) by extensions ['ignore', 'ignore_ament_install']
[0.338s] Level 1:colcon.colcon_core.package_identification:_identify(src) by extension 'ignore'
[0.338s] Level 1:colcon.colcon_core.package_identification:_identify(src) by extension 'ignore_ament_install'
[0.338s] Level 1:colcon.colcon_core.package_identification:_identify(src) by extensions ['colcon_pkg']
[0.338s] Level 1:colcon.colcon_core.package_identification:_identify(src) by extension 'colcon_pkg'
[0.338s] Level 1:colcon.colcon_core.package_identification:_identify(src) by extensions ['colcon_meta']
[0.338s] Level 1:colcon.colcon_core.package_identification:_identify(src) by extension 'colcon_meta'
[0.338s] Level 1:colcon.colcon_core.package_identification:_identify(src) by extensions ['ros']
[0.338s] Level 1:colcon.colcon_core.package_identification:_identify(src) by extension 'ros'
[0.338s] Level 1:colcon.colcon_core.package_identification:_identify(src) by extensions ['cmake', 'python']
[0.338s] Level 1:colcon.colcon_core.package_identification:_identify(src) by extension 'cmake'
[0.338s] Level 1:colcon.colcon_core.package_identification:_identify(src) by extension 'python'
[0.338s] Level 1:colcon.colcon_core.package_identification:_identify(src) by extensions ['python_setup_py']
[0.338s] Level 1:colcon.colcon_core.package_identification:_identify(src) by extension 'python_setup_py'
[0.338s] Level 1:colcon.colcon_core.package_identification:_identify(src/base) by extensions ['ignore', 'ignore_ament_install']
[0.338s] Level 1:colcon.colcon_core.package_identification:_identify(src/base) by extension 'ignore'
[0.338s] Level 1:colcon.colcon_core.package_identification:_identify(src/base) by extension 'ignore_ament_install'
[0.338s] Level 1:colcon.colcon_core.package_identification:_identify(src/base) by extensions ['colcon_pkg']
[0.338s] Level 1:colcon.colcon_core.package_identification:_identify(src/base) by extension 'colcon_pkg'
[0.338s] Level 1:colcon.colcon_core.package_identification:_identify(src/base) by extensions ['colcon_meta']
[0.338s] Level 1:colcon.colcon_core.package_identification:_identify(src/base) by extension 'colcon_meta'
[0.338s] Level 1:colcon.colcon_core.package_identification:_identify(src/base) by extensions ['ros']
[0.338s] Level 1:colcon.colcon_core.package_identification:_identify(src/base) by extension 'ros'
[0.338s] Level 1:colcon.colcon_core.package_identification:_identify(src/base) by extensions ['cmake', 'python']
[0.338s] Level 1:colcon.colcon_core.package_identification:_identify(src/base) by extension 'cmake'
[0.338s] Level 1:colcon.colcon_core.package_identification:_identify(src/base) by extension 'python'
[0.338s] Level 1:colcon.colcon_core.package_identification:_identify(src/base) by extensions ['python_setup_py']
[0.338s] Level 1:colcon.colcon_core.package_identification:_identify(src/base) by extension 'python_setup_py'
[0.338s] Level 1:colcon.colcon_core.package_identification:_identify(src/base/go2_core) by extensions ['ignore', 'ignore_ament_install']
[0.338s] Level 1:colcon.colcon_core.package_identification:_identify(src/base/go2_core) by extension 'ignore'
[0.338s] Level 1:colcon.colcon_core.package_identification:_identify(src/base/go2_core) by extension 'ignore_ament_install'
[0.338s] Level 1:colcon.colcon_core.package_identification:_identify(src/base/go2_core) by extensions ['colcon_pkg']
[0.338s] Level 1:colcon.colcon_core.package_identification:_identify(src/base/go2_core) by extension 'colcon_pkg'
[0.338s] Level 1:colcon.colcon_core.package_identification:_identify(src/base/go2_core) by extensions ['colcon_meta']
[0.338s] Level 1:colcon.colcon_core.package_identification:_identify(src/base/go2_core) by extension 'colcon_meta'
[0.338s] Level 1:colcon.colcon_core.package_identification:_identify(src/base/go2_core) by extensions ['ros']
[0.338s] Level 1:colcon.colcon_core.package_identification:_identify(src/base/go2_core) by extension 'ros'
[0.340s] DEBUG:colcon.colcon_core.package_identification:Package 'src/base/go2_core' with type 'ros.ament_cmake' and name 'go2_core'
[0.340s] Level 1:colcon.colcon_core.package_identification:_identify(src/go2_description) by extensions ['ignore', 'ignore_ament_install']
[0.340s] Level 1:colcon.colcon_core.package_identification:_identify(src/go2_description) by extension 'ignore'
[0.340s] Level 1:colcon.colcon_core.package_identification:_identify(src/go2_description) by extension 'ignore_ament_install'
[0.340s] Level 1:colcon.colcon_core.package_identification:_identify(src/go2_description) by extensions ['colcon_pkg']
[0.340s] Level 1:colcon.colcon_core.package_identification:_identify(src/go2_description) by extension 'colcon_pkg'
[0.340s] Level 1:colcon.colcon_core.package_identification:_identify(src/go2_description) by extensions ['colcon_meta']
[0.340s] Level 1:colcon.colcon_core.package_identification:_identify(src/go2_description) by extension 'colcon_meta'
[0.340s] Level 1:colcon.colcon_core.package_identification:_identify(src/go2_description) by extensions ['ros']
[0.341s] Level 1:colcon.colcon_core.package_identification:_identify(src/go2_description) by extension 'ros'
[0.341s] DEBUG:colcon.colcon_core.package_identification:Package 'src/go2_description' with type 'ros.ament_cmake' and name 'go2_description'
[0.341s] Level 1:colcon.colcon_core.package_identification:_identify(src/go2_navigation2) by extensions ['ignore', 'ignore_ament_install']
[0.341s] Level 1:colcon.colcon_core.package_identification:_identify(src/go2_navigation2) by extension 'ignore'
[0.341s] Level 1:colcon.colcon_core.package_identification:_identify(src/go2_navigation2) by extension 'ignore_ament_install'
[0.341s] Level 1:colcon.colcon_core.package_identification:_identify(src/go2_navigation2) by extensions ['colcon_pkg']
[0.341s] Level 1:colcon.colcon_core.package_identification:_identify(src/go2_navigation2) by extension 'colcon_pkg'
[0.341s] Level 1:colcon.colcon_core.package_identification:_identify(src/go2_navigation2) by extensions ['colcon_meta']
[0.341s] Level 1:colcon.colcon_core.package_identification:_identify(src/go2_navigation2) by extension 'colcon_meta'
[0.341s] Level 1:colcon.colcon_core.package_identification:_identify(src/go2_navigation2) by extensions ['ros']
[0.341s] Level 1:colcon.colcon_core.package_identification:_identify(src/go2_navigation2) by extension 'ros'
[0.341s] DEBUG:colcon.colcon_core.package_identification:Package 'src/go2_navigation2' with type 'ros.ament_cmake' and name 'go2_navigation2'
[0.342s] Level 1:colcon.colcon_core.package_identification:_identify(src/go2_perception) by extensions ['ignore', 'ignore_ament_install']
[0.342s] Level 1:colcon.colcon_core.package_identification:_identify(src/go2_perception) by extension 'ignore'
[0.342s] Level 1:colcon.colcon_core.package_identification:_identify(src/go2_perception) by extension 'ignore_ament_install'
[0.342s] Level 1:colcon.colcon_core.package_identification:_identify(src/go2_perception) by extensions ['colcon_pkg']
[0.342s] Level 1:colcon.colcon_core.package_identification:_identify(src/go2_perception) by extension 'colcon_pkg'
[0.342s] Level 1:colcon.colcon_core.package_identification:_identify(src/go2_perception) by extensions ['colcon_meta']
[0.342s] Level 1:colcon.colcon_core.package_identification:_identify(src/go2_perception) by extension 'colcon_meta'
[0.342s] Level 1:colcon.colcon_core.package_identification:_identify(src/go2_perception) by extensions ['ros']
[0.342s] Level 1:colcon.colcon_core.package_identification:_identify(src/go2_perception) by extension 'ros'
[0.342s] DEBUG:colcon.colcon_core.package_identification:Package 'src/go2_perception' with type 'ros.ament_cmake' and name 'go2_perception'
[0.342s] Level 1:colcon.colcon_core.package_identification:_identify(src/go2_slam) by extensions ['ignore', 'ignore_ament_install']
[0.342s] Level 1:colcon.colcon_core.package_identification:_identify(src/go2_slam) by extension 'ignore'
[0.342s] Level 1:colcon.colcon_core.package_identification:_identify(src/go2_slam) by extension 'ignore_ament_install'
[0.342s] Level 1:colcon.colcon_core.package_identification:_identify(src/go2_slam) by extensions ['colcon_pkg']
[0.342s] Level 1:colcon.colcon_core.package_identification:_identify(src/go2_slam) by extension 'colcon_pkg'
[0.342s] Level 1:colcon.colcon_core.package_identification:_identify(src/go2_slam) by extensions ['colcon_meta']
[0.342s] Level 1:colcon.colcon_core.package_identification:_identify(src/go2_slam) by extension 'colcon_meta'
[0.342s] Level 1:colcon.colcon_core.package_identification:_identify(src/go2_slam) by extensions ['ros']
[0.342s] Level 1:colcon.colcon_core.package_identification:_identify(src/go2_slam) by extension 'ros'
[0.342s] DEBUG:colcon.colcon_core.package_identification:Package 'src/go2_slam' with type 'ros.ament_cmake' and name 'go2_slam'
[0.343s] Level 1:colcon.colcon_core.package_discovery:discover_packages(recursive) using defaults
[0.343s] Level 1:colcon.colcon_core.package_discovery:discover_packages(ignore) discover
[0.343s] Level 1:colcon.colcon_core.package_discovery:discover_packages(ignore) using defaults
[0.343s] Level 1:colcon.colcon_core.package_discovery:discover_packages(path) discover
[0.343s] Level 1:colcon.colcon_core.package_discovery:discover_packages(path) using defaults
[0.368s] Level 1:colcon.colcon_core.package_discovery:discover_packages(prefix_path) check parameters
[0.368s] Level 1:colcon.colcon_core.package_discovery:discover_packages(prefix_path) discover
[0.369s] DEBUG:colcon.colcon_installed_package_information.package_discovery:Found 5 installed packages in /home/robot/go2_ws_toolbox/install
[0.369s] DEBUG:colcon.colcon_installed_package_information.package_discovery:Found 5 installed packages in /home/robot/unitree_ros2/cyclonedds_ws/install
[0.370s] DEBUG:colcon.colcon_installed_package_information.package_discovery:Found 435 installed packages in /opt/ros/humble
[0.372s] Level 1:colcon.colcon_core.package_discovery:discover_packages(prefix_path) using defaults
[0.402s] Level 5:colcon.colcon_core.verb:set package 'go2_core' build argument 'cmake_args' from command line to 'None'
[0.402s] Level 5:colcon.colcon_core.verb:set package 'go2_core' build argument 'cmake_target' from command line to 'None'
[0.402s] Level 5:colcon.colcon_core.verb:set package 'go2_core' build argument 'cmake_target_skip_unavailable' from command line to 'False'
[0.402s] Level 5:colcon.colcon_core.verb:set package 'go2_core' build argument 'cmake_clean_cache' from command line to 'False'
[0.403s] Level 5:colcon.colcon_core.verb:set package 'go2_core' build argument 'cmake_clean_first' from command line to 'False'
[0.403s] Level 5:colcon.colcon_core.verb:set package 'go2_core' build argument 'cmake_force_configure' from command line to 'False'
[0.403s] Level 5:colcon.colcon_core.verb:set package 'go2_core' build argument 'ament_cmake_args' from command line to 'None'
[0.403s] Level 5:colcon.colcon_core.verb:set package 'go2_core' build argument 'catkin_cmake_args' from command line to 'None'
[0.403s] Level 5:colcon.colcon_core.verb:set package 'go2_core' build argument 'catkin_skip_building_tests' from command line to 'False'
[0.403s] DEBUG:colcon.colcon_core.verb:Building package 'go2_core' with the following arguments: {'ament_cmake_args': None, 'build_base': '/home/robot/go2_ws_toolbox/build/go2_core', 'catkin_cmake_args': None, 'catkin_skip_building_tests': False, 'cmake_args': None, 'cmake_clean_cache': False, 'cmake_clean_first': False, 'cmake_force_configure': False, 'cmake_target': None, 'cmake_target_skip_unavailable': False, 'install_base': '/home/robot/go2_ws_toolbox/install/go2_core', 'merge_install': False, 'path': '/home/robot/go2_ws_toolbox/src/base/go2_core', 'symlink_install': False, 'test_result_base': None}
[0.403s] Level 5:colcon.colcon_core.verb:set package 'go2_description' build argument 'cmake_args' from command line to 'None'
[0.403s] Level 5:colcon.colcon_core.verb:set package 'go2_description' build argument 'cmake_target' from command line to 'None'
[0.403s] Level 5:colcon.colcon_core.verb:set package 'go2_description' build argument 'cmake_target_skip_unavailable' from command line to 'False'
[0.403s] Level 5:colcon.colcon_core.verb:set package 'go2_description' build argument 'cmake_clean_cache' from command line to 'False'
[0.403s] Level 5:colcon.colcon_core.verb:set package 'go2_description' build argument 'cmake_clean_first' from command line to 'False'
[0.403s] Level 5:colcon.colcon_core.verb:set package 'go2_description' build argument 'cmake_force_configure' from command line to 'False'
[0.403s] Level 5:colcon.colcon_core.verb:set package 'go2_description' build argument 'ament_cmake_args' from command line to 'None'
[0.403s] Level 5:colcon.colcon_core.verb:set package 'go2_description' build argument 'catkin_cmake_args' from command line to 'None'
[0.403s] Level 5:colcon.colcon_core.verb:set package 'go2_description' build argument 'catkin_skip_building_tests' from command line to 'False'
[0.403s] DEBUG:colcon.colcon_core.verb:Building package 'go2_description' with the following arguments: {'ament_cmake_args': None, 'build_base': '/home/robot/go2_ws_toolbox/build/go2_description', 'catkin_cmake_args': None, 'catkin_skip_building_tests': False, 'cmake_args': None, 'cmake_clean_cache': False, 'cmake_clean_first': False, 'cmake_force_configure': False, 'cmake_target': None, 'cmake_target_skip_unavailable': False, 'install_base': '/home/robot/go2_ws_toolbox/install/go2_description', 'merge_install': False, 'path': '/home/robot/go2_ws_toolbox/src/go2_description', 'symlink_install': False, 'test_result_base': None}
[0.403s] Level 5:colcon.colcon_core.verb:set package 'go2_navigation2' build argument 'cmake_args' from command line to 'None'
[0.403s] Level 5:colcon.colcon_core.verb:set package 'go2_navigation2' build argument 'cmake_target' from command line to 'None'
[0.403s] Level 5:colcon.colcon_core.verb:set package 'go2_navigation2' build argument 'cmake_target_skip_unavailable' from command line to 'False'
[0.403s] Level 5:colcon.colcon_core.verb:set package 'go2_navigation2' build argument 'cmake_clean_cache' from command line to 'False'
[0.403s] Level 5:colcon.colcon_core.verb:set package 'go2_navigation2' build argument 'cmake_clean_first' from command line to 'False'
[0.403s] Level 5:colcon.colcon_core.verb:set package 'go2_navigation2' build argument 'cmake_force_configure' from command line to 'False'
[0.403s] Level 5:colcon.colcon_core.verb:set package 'go2_navigation2' build argument 'ament_cmake_args' from command line to 'None'
[0.403s] Level 5:colcon.colcon_core.verb:set package 'go2_navigation2' build argument 'catkin_cmake_args' from command line to 'None'
[0.403s] Level 5:colcon.colcon_core.verb:set package 'go2_navigation2' build argument 'catkin_skip_building_tests' from command line to 'False'
[0.403s] DEBUG:colcon.colcon_core.verb:Building package 'go2_navigation2' with the following arguments: {'ament_cmake_args': None, 'build_base': '/home/robot/go2_ws_toolbox/build/go2_navigation2', 'catkin_cmake_args': None, 'catkin_skip_building_tests': False, 'cmake_args': None, 'cmake_clean_cache': False, 'cmake_clean_first': False, 'cmake_force_configure': False, 'cmake_target': None, 'cmake_target_skip_unavailable': False, 'install_base': '/home/robot/go2_ws_toolbox/install/go2_navigation2', 'merge_install': False, 'path': '/home/robot/go2_ws_toolbox/src/go2_navigation2', 'symlink_install': False, 'test_result_base': None}
[0.403s] Level 5:colcon.colcon_core.verb:set package 'go2_perception' build argument 'cmake_args' from command line to 'None'
[0.403s] Level 5:colcon.colcon_core.verb:set package 'go2_perception' build argument 'cmake_target' from command line to 'None'
[0.403s] Level 5:colcon.colcon_core.verb:set package 'go2_perception' build argument 'cmake_target_skip_unavailable' from command line to 'False'
[0.403s] Level 5:colcon.colcon_core.verb:set package 'go2_perception' build argument 'cmake_clean_cache' from command line to 'False'
[0.403s] Level 5:colcon.colcon_core.verb:set package 'go2_perception' build argument 'cmake_clean_first' from command line to 'False'
[0.403s] Level 5:colcon.colcon_core.verb:set package 'go2_perception' build argument 'cmake_force_configure' from command line to 'False'
[0.403s] Level 5:colcon.colcon_core.verb:set package 'go2_perception' build argument 'ament_cmake_args' from command line to 'None'
[0.403s] Level 5:colcon.colcon_core.verb:set package 'go2_perception' build argument 'catkin_cmake_args' from command line to 'None'
[0.403s] Level 5:colcon.colcon_core.verb:set package 'go2_perception' build argument 'catkin_skip_building_tests' from command line to 'False'
[0.403s] DEBUG:colcon.colcon_core.verb:Building package 'go2_perception' with the following arguments: {'ament_cmake_args': None, 'build_base': '/home/robot/go2_ws_toolbox/build/go2_perception', 'catkin_cmake_args': None, 'catkin_skip_building_tests': False, 'cmake_args': None, 'cmake_clean_cache': False, 'cmake_clean_first': False, 'cmake_force_configure': False, 'cmake_target': None, 'cmake_target_skip_unavailable': False, 'install_base': '/home/robot/go2_ws_toolbox/install/go2_perception', 'merge_install': False, 'path': '/home/robot/go2_ws_toolbox/src/go2_perception', 'symlink_install': False, 'test_result_base': None}
[0.404s] Level 5:colcon.colcon_core.verb:set package 'go2_slam' build argument 'cmake_args' from command line to 'None'
[0.404s] Level 5:colcon.colcon_core.verb:set package 'go2_slam' build argument 'cmake_target' from command line to 'None'
[0.404s] Level 5:colcon.colcon_core.verb:set package 'go2_slam' build argument 'cmake_target_skip_unavailable' from command line to 'False'
[0.404s] Level 5:colcon.colcon_core.verb:set package 'go2_slam' build argument 'cmake_clean_cache' from command line to 'False'
[0.404s] Level 5:colcon.colcon_core.verb:set package 'go2_slam' build argument 'cmake_clean_first' from command line to 'False'
[0.404s] Level 5:colcon.colcon_core.verb:set package 'go2_slam' build argument 'cmake_force_configure' from command line to 'False'
[0.404s] Level 5:colcon.colcon_core.verb:set package 'go2_slam' build argument 'ament_cmake_args' from command line to 'None'
[0.404s] Level 5:colcon.colcon_core.verb:set package 'go2_slam' build argument 'catkin_cmake_args' from command line to 'None'
[0.404s] Level 5:colcon.colcon_core.verb:set package 'go2_slam' build argument 'catkin_skip_building_tests' from command line to 'False'
[0.404s] DEBUG:colcon.colcon_core.verb:Building package 'go2_slam' with the following arguments: {'ament_cmake_args': None, 'build_base': '/home/robot/go2_ws_toolbox/build/go2_slam', 'catkin_cmake_args': None, 'catkin_skip_building_tests': False, 'cmake_args': None, 'cmake_clean_cache': False, 'cmake_clean_first': False, 'cmake_force_configure': False, 'cmake_target': None, 'cmake_target_skip_unavailable': False, 'install_base': '/home/robot/go2_ws_toolbox/install/go2_slam', 'merge_install': False, 'path': '/home/robot/go2_ws_toolbox/src/go2_slam', 'symlink_install': False, 'test_result_base': None}
[0.404s] INFO:colcon.colcon_core.executor:Executing jobs using 'parallel' executor
[0.405s] DEBUG:colcon.colcon_parallel_executor.executor.parallel:run_until_complete
[0.405s] INFO:colcon.colcon_ros.task.ament_cmake.build:Building ROS package in '/home/robot/go2_ws_toolbox/src/base/go2_core' with build type 'ament_cmake'
[0.405s] INFO:colcon.colcon_cmake.task.cmake.build:Building CMake package in '/home/robot/go2_ws_toolbox/src/base/go2_core'
[0.406s] INFO:colcon.colcon_core.plugin_system:Skipping extension 'colcon_core.shell.bat': Not used on non-Windows systems
[0.407s] INFO:colcon.colcon_core.shell:Skip shell extension 'powershell' for command environment: Not usable outside of PowerShell
[0.407s] DEBUG:colcon.colcon_core.shell:Skip shell extension 'dsv' for command environment
[0.410s] INFO:colcon.colcon_ros.task.ament_cmake.build:Building ROS package in '/home/robot/go2_ws_toolbox/src/go2_description' with build type 'ament_cmake'
[0.410s] INFO:colcon.colcon_cmake.task.cmake.build:Building CMake package in '/home/robot/go2_ws_toolbox/src/go2_description'
[0.410s] INFO:colcon.colcon_core.shell:Skip shell extension 'powershell' for command environment: Not usable outside of PowerShell
[0.410s] DEBUG:colcon.colcon_core.shell:Skip shell extension 'dsv' for command environment
[0.413s] INFO:colcon.colcon_ros.task.ament_cmake.build:Building ROS package in '/home/robot/go2_ws_toolbox/src/go2_navigation2' with build type 'ament_cmake'
[0.413s] INFO:colcon.colcon_cmake.task.cmake.build:Building CMake package in '/home/robot/go2_ws_toolbox/src/go2_navigation2'
[0.414s] INFO:colcon.colcon_core.shell:Skip shell extension 'powershell' for command environment: Not usable outside of PowerShell
[0.414s] DEBUG:colcon.colcon_core.shell:Skip shell extension 'dsv' for command environment
[0.416s] INFO:colcon.colcon_ros.task.ament_cmake.build:Building ROS package in '/home/robot/go2_ws_toolbox/src/go2_perception' with build type 'ament_cmake'
[0.416s] INFO:colcon.colcon_cmake.task.cmake.build:Building CMake package in '/home/robot/go2_ws_toolbox/src/go2_perception'
[0.417s] INFO:colcon.colcon_core.shell:Skip shell extension 'powershell' for command environment: Not usable outside of PowerShell
[0.417s] DEBUG:colcon.colcon_core.shell:Skip shell extension 'dsv' for command environment
[0.419s] INFO:colcon.colcon_ros.task.ament_cmake.build:Building ROS package in '/home/robot/go2_ws_toolbox/src/go2_slam' with build type 'ament_cmake'
[0.419s] INFO:colcon.colcon_cmake.task.cmake.build:Building CMake package in '/home/robot/go2_ws_toolbox/src/go2_slam'
[0.420s] INFO:colcon.colcon_core.shell:Skip shell extension 'powershell' for command environment: Not usable outside of PowerShell
[0.420s] DEBUG:colcon.colcon_core.shell:Skip shell extension 'dsv' for command environment
[0.427s] DEBUG:colcon.colcon_core.event_handler.log_command:Invoking command in '/home/robot/go2_ws_toolbox/build/go2_core': CMAKE_PREFIX_PATH=${CMAKE_PREFIX_PATH}:/opt/ros/humble /usr/bin/cmake --build /home/robot/go2_ws_toolbox/build/go2_core -- -j16 -l16
[0.429s] DEBUG:colcon.colcon_core.event_handler.log_command:Invoking command in '/home/robot/go2_ws_toolbox/build/go2_description': CMAKE_PREFIX_PATH=${CMAKE_PREFIX_PATH}:/opt/ros/humble /usr/bin/cmake --build /home/robot/go2_ws_toolbox/build/go2_description -- -j16 -l16
[0.431s] DEBUG:colcon.colcon_core.event_handler.log_command:Invoking command in '/home/robot/go2_ws_toolbox/build/go2_navigation2': CMAKE_PREFIX_PATH=${CMAKE_PREFIX_PATH}:/opt/ros/humble /usr/bin/cmake --build /home/robot/go2_ws_toolbox/build/go2_navigation2 -- -j16 -l16
[0.433s] DEBUG:colcon.colcon_core.event_handler.log_command:Invoking command in '/home/robot/go2_ws_toolbox/build/go2_perception': CMAKE_PREFIX_PATH=${CMAKE_PREFIX_PATH}:/opt/ros/humble /usr/bin/cmake --build /home/robot/go2_ws_toolbox/build/go2_perception -- -j16 -l16
[0.437s] DEBUG:colcon.colcon_core.event_handler.log_command:Invoking command in '/home/robot/go2_ws_toolbox/build/go2_slam': CMAKE_PREFIX_PATH=${CMAKE_PREFIX_PATH}:/opt/ros/humble /usr/bin/cmake --build /home/robot/go2_ws_toolbox/build/go2_slam -- -j16 -l16
[0.458s] DEBUG:colcon.colcon_core.event_handler.log_command:Invoked command in '/home/robot/go2_ws_toolbox/build/go2_description' returned '0': CMAKE_PREFIX_PATH=${CMAKE_PREFIX_PATH}:/opt/ros/humble /usr/bin/cmake --build /home/robot/go2_ws_toolbox/build/go2_description -- -j16 -l16
[0.467s] DEBUG:colcon.colcon_core.event_handler.log_command:Invoking command in '/home/robot/go2_ws_toolbox/build/go2_description': CMAKE_PREFIX_PATH=${CMAKE_PREFIX_PATH}:/opt/ros/humble /usr/bin/cmake --install /home/robot/go2_ws_toolbox/build/go2_description
[0.468s] DEBUG:colcon.colcon_core.event_handler.log_command:Invoked command in '/home/robot/go2_ws_toolbox/build/go2_slam' returned '0': CMAKE_PREFIX_PATH=${CMAKE_PREFIX_PATH}:/opt/ros/humble /usr/bin/cmake --build /home/robot/go2_ws_toolbox/build/go2_slam -- -j16 -l16
[0.469s] DEBUG:colcon.colcon_core.event_handler.log_command:Invoking command in '/home/robot/go2_ws_toolbox/build/go2_slam': CMAKE_PREFIX_PATH=${CMAKE_PREFIX_PATH}:/opt/ros/humble /usr/bin/cmake --install /home/robot/go2_ws_toolbox/build/go2_slam
[0.478s] Level 1:colcon.colcon_core.environment:create_environment_scripts_only(go2_description)
[0.479s] DEBUG:colcon.colcon_core.event_handler.log_command:Invoked command in '/home/robot/go2_ws_toolbox/build/go2_description' returned '0': CMAKE_PREFIX_PATH=${CMAKE_PREFIX_PATH}:/opt/ros/humble /usr/bin/cmake --install /home/robot/go2_ws_toolbox/build/go2_description
[0.480s] Level 1:colcon.colcon_core.environment:checking '/home/robot/go2_ws_toolbox/install/go2_description' for CMake module files
[0.481s] Level 1:colcon.colcon_core.environment:checking '/home/robot/go2_ws_toolbox/install/go2_description' for CMake config files
[0.481s] Level 1:colcon.colcon_core.shell:create_environment_hook('go2_description', 'cmake_prefix_path')
[0.481s] INFO:colcon.colcon_core.shell:Creating environment hook '/home/robot/go2_ws_toolbox/install/go2_description/share/go2_description/hook/cmake_prefix_path.ps1'
[0.482s] INFO:colcon.colcon_core.shell:Creating environment descriptor '/home/robot/go2_ws_toolbox/install/go2_description/share/go2_description/hook/cmake_prefix_path.dsv'
[0.482s] INFO:colcon.colcon_core.shell:Creating environment hook '/home/robot/go2_ws_toolbox/install/go2_description/share/go2_description/hook/cmake_prefix_path.sh'
[0.482s] Level 1:colcon.colcon_core.environment:checking '/home/robot/go2_ws_toolbox/install/go2_description/bin'
[0.482s] Level 1:colcon.colcon_core.environment:checking '/home/robot/go2_ws_toolbox/install/go2_description/lib/pkgconfig/go2_description.pc'
[0.483s] Level 1:colcon.colcon_core.environment:checking '/home/robot/go2_ws_toolbox/install/go2_description/lib/python3.10/site-packages'
[0.483s] Level 1:colcon.colcon_core.environment:checking '/home/robot/go2_ws_toolbox/install/go2_description/bin'
[0.483s] INFO:colcon.colcon_core.shell:Creating package script '/home/robot/go2_ws_toolbox/install/go2_description/share/go2_description/package.ps1'
[0.483s] INFO:colcon.colcon_core.shell:Creating package descriptor '/home/robot/go2_ws_toolbox/install/go2_description/share/go2_description/package.dsv'
[0.484s] INFO:colcon.colcon_core.shell:Creating package script '/home/robot/go2_ws_toolbox/install/go2_description/share/go2_description/package.sh'
[0.484s] INFO:colcon.colcon_core.shell:Creating package script '/home/robot/go2_ws_toolbox/install/go2_description/share/go2_description/package.bash'
[0.485s] INFO:colcon.colcon_core.shell:Creating package script '/home/robot/go2_ws_toolbox/install/go2_description/share/go2_description/package.zsh'
[0.486s] Level 1:colcon.colcon_core.environment:create_file_with_runtime_dependencies(/home/robot/go2_ws_toolbox/install/go2_description/share/colcon-core/packages/go2_description)
[0.486s] Level 1:colcon.colcon_core.environment:create_environment_scripts_only(go2_description)
[0.486s] Level 1:colcon.colcon_core.environment:checking '/home/robot/go2_ws_toolbox/install/go2_description' for CMake module files
[0.487s] Level 1:colcon.colcon_core.environment:checking '/home/robot/go2_ws_toolbox/install/go2_description' for CMake config files
[0.487s] Level 1:colcon.colcon_core.shell:create_environment_hook('go2_description', 'cmake_prefix_path')
[0.487s] INFO:colcon.colcon_core.shell:Creating environment hook '/home/robot/go2_ws_toolbox/install/go2_description/share/go2_description/hook/cmake_prefix_path.ps1'
[0.487s] INFO:colcon.colcon_core.shell:Creating environment descriptor '/home/robot/go2_ws_toolbox/install/go2_description/share/go2_description/hook/cmake_prefix_path.dsv'
[0.487s] INFO:colcon.colcon_core.shell:Creating environment hook '/home/robot/go2_ws_toolbox/install/go2_description/share/go2_description/hook/cmake_prefix_path.sh'
[0.488s] Level 1:colcon.colcon_core.environment:checking '/home/robot/go2_ws_toolbox/install/go2_description/bin'
[0.488s] Level 1:colcon.colcon_core.environment:checking '/home/robot/go2_ws_toolbox/install/go2_description/lib/pkgconfig/go2_description.pc'
[0.488s] Level 1:colcon.colcon_core.environment:checking '/home/robot/go2_ws_toolbox/install/go2_description/lib/python3.10/site-packages'
[0.488s] Level 1:colcon.colcon_core.environment:checking '/home/robot/go2_ws_toolbox/install/go2_description/bin'
[0.488s] INFO:colcon.colcon_core.shell:Creating package script '/home/robot/go2_ws_toolbox/install/go2_description/share/go2_description/package.ps1'
[0.488s] INFO:colcon.colcon_core.shell:Creating package descriptor '/home/robot/go2_ws_toolbox/install/go2_description/share/go2_description/package.dsv'
[0.489s] INFO:colcon.colcon_core.shell:Creating package script '/home/robot/go2_ws_toolbox/install/go2_description/share/go2_description/package.sh'
[0.489s] INFO:colcon.colcon_core.shell:Creating package script '/home/robot/go2_ws_toolbox/install/go2_description/share/go2_description/package.bash'
[0.489s] INFO:colcon.colcon_core.shell:Creating package script '/home/robot/go2_ws_toolbox/install/go2_description/share/go2_description/package.zsh'
[0.489s] Level 1:colcon.colcon_core.environment:create_file_with_runtime_dependencies(/home/robot/go2_ws_toolbox/install/go2_description/share/colcon-core/packages/go2_description)
[0.491s] Level 1:colcon.colcon_core.environment:create_environment_scripts_only(go2_slam)
[0.491s] Level 1:colcon.colcon_core.environment:checking '/home/robot/go2_ws_toolbox/install/go2_slam' for CMake module files
[0.491s] DEBUG:colcon.colcon_core.event_handler.log_command:Invoked command in '/home/robot/go2_ws_toolbox/build/go2_slam' returned '0': CMAKE_PREFIX_PATH=${CMAKE_PREFIX_PATH}:/opt/ros/humble /usr/bin/cmake --install /home/robot/go2_ws_toolbox/build/go2_slam
[0.492s] Level 1:colcon.colcon_core.environment:checking '/home/robot/go2_ws_toolbox/install/go2_slam' for CMake config files
[0.492s] Level 1:colcon.colcon_core.shell:create_environment_hook('go2_slam', 'cmake_prefix_path')
[0.492s] INFO:colcon.colcon_core.shell:Creating environment hook '/home/robot/go2_ws_toolbox/install/go2_slam/share/go2_slam/hook/cmake_prefix_path.ps1'
[0.492s] INFO:colcon.colcon_core.shell:Creating environment descriptor '/home/robot/go2_ws_toolbox/install/go2_slam/share/go2_slam/hook/cmake_prefix_path.dsv'
[0.493s] INFO:colcon.colcon_core.shell:Creating environment hook '/home/robot/go2_ws_toolbox/install/go2_slam/share/go2_slam/hook/cmake_prefix_path.sh'
[0.493s] Level 1:colcon.colcon_core.environment:checking '/home/robot/go2_ws_toolbox/install/go2_slam/bin'
[0.493s] Level 1:colcon.colcon_core.environment:checking '/home/robot/go2_ws_toolbox/install/go2_slam/lib/pkgconfig/go2_slam.pc'
[0.493s] Level 1:colcon.colcon_core.environment:checking '/home/robot/go2_ws_toolbox/install/go2_slam/lib/python3.10/site-packages'
[0.493s] Level 1:colcon.colcon_core.environment:checking '/home/robot/go2_ws_toolbox/install/go2_slam/bin'
[0.493s] INFO:colcon.colcon_core.shell:Creating package script '/home/robot/go2_ws_toolbox/install/go2_slam/share/go2_slam/package.ps1'
[0.494s] INFO:colcon.colcon_core.shell:Creating package descriptor '/home/robot/go2_ws_toolbox/install/go2_slam/share/go2_slam/package.dsv'
[0.494s] INFO:colcon.colcon_core.shell:Creating package script '/home/robot/go2_ws_toolbox/install/go2_slam/share/go2_slam/package.sh'
[0.494s] INFO:colcon.colcon_core.shell:Creating package script '/home/robot/go2_ws_toolbox/install/go2_slam/share/go2_slam/package.bash'
[0.494s] INFO:colcon.colcon_core.shell:Creating package script '/home/robot/go2_ws_toolbox/install/go2_slam/share/go2_slam/package.zsh'
[0.495s] Level 1:colcon.colcon_core.environment:create_file_with_runtime_dependencies(/home/robot/go2_ws_toolbox/install/go2_slam/share/colcon-core/packages/go2_slam)
[0.495s] Level 1:colcon.colcon_core.environment:create_environment_scripts_only(go2_slam)
[0.496s] Level 1:colcon.colcon_core.environment:checking '/home/robot/go2_ws_toolbox/install/go2_slam' for CMake module files
[0.496s] Level 1:colcon.colcon_core.environment:checking '/home/robot/go2_ws_toolbox/install/go2_slam' for CMake config files
[0.496s] Level 1:colcon.colcon_core.shell:create_environment_hook('go2_slam', 'cmake_prefix_path')
[0.496s] INFO:colcon.colcon_core.shell:Creating environment hook '/home/robot/go2_ws_toolbox/install/go2_slam/share/go2_slam/hook/cmake_prefix_path.ps1'
[0.497s] INFO:colcon.colcon_core.shell:Creating environment descriptor '/home/robot/go2_ws_toolbox/install/go2_slam/share/go2_slam/hook/cmake_prefix_path.dsv'
[0.497s] INFO:colcon.colcon_core.shell:Creating environment hook '/home/robot/go2_ws_toolbox/install/go2_slam/share/go2_slam/hook/cmake_prefix_path.sh'
[0.497s] Level 1:colcon.colcon_core.environment:checking '/home/robot/go2_ws_toolbox/install/go2_slam/bin'
[0.497s] Level 1:colcon.colcon_core.environment:checking '/home/robot/go2_ws_toolbox/install/go2_slam/lib/pkgconfig/go2_slam.pc'
[0.497s] Level 1:colcon.colcon_core.environment:checking '/home/robot/go2_ws_toolbox/install/go2_slam/lib/python3.10/site-packages'
[0.498s] Level 1:colcon.colcon_core.environment:checking '/home/robot/go2_ws_toolbox/install/go2_slam/bin'
[0.498s] INFO:colcon.colcon_core.shell:Creating package script '/home/robot/go2_ws_toolbox/install/go2_slam/share/go2_slam/package.ps1'
[0.498s] INFO:colcon.colcon_core.shell:Creating package descriptor '/home/robot/go2_ws_toolbox/install/go2_slam/share/go2_slam/package.dsv'
[0.499s] INFO:colcon.colcon_core.shell:Creating package script '/home/robot/go2_ws_toolbox/install/go2_slam/share/go2_slam/package.sh'
[0.499s] INFO:colcon.colcon_core.shell:Creating package script '/home/robot/go2_ws_toolbox/install/go2_slam/share/go2_slam/package.bash'
[0.499s] INFO:colcon.colcon_core.shell:Creating package script '/home/robot/go2_ws_toolbox/install/go2_slam/share/go2_slam/package.zsh'
[0.499s] Level 1:colcon.colcon_core.environment:create_file_with_runtime_dependencies(/home/robot/go2_ws_toolbox/install/go2_slam/share/colcon-core/packages/go2_slam)
[0.500s] DEBUG:colcon.colcon_core.event_handler.log_command:Invoked command in '/home/robot/go2_ws_toolbox/build/go2_navigation2' returned '0': CMAKE_PREFIX_PATH=${CMAKE_PREFIX_PATH}:/opt/ros/humble /usr/bin/cmake --build /home/robot/go2_ws_toolbox/build/go2_navigation2 -- -j16 -l16
[0.501s] DEBUG:colcon.colcon_core.event_handler.log_command:Invoking command in '/home/robot/go2_ws_toolbox/build/go2_navigation2': CMAKE_PREFIX_PATH=${CMAKE_PREFIX_PATH}:/opt/ros/humble /usr/bin/cmake --install /home/robot/go2_ws_toolbox/build/go2_navigation2
[0.501s] DEBUG:colcon.colcon_core.event_handler.log_command:Invoked command in '/home/robot/go2_ws_toolbox/build/go2_core' returned '0': CMAKE_PREFIX_PATH=${CMAKE_PREFIX_PATH}:/opt/ros/humble /usr/bin/cmake --build /home/robot/go2_ws_toolbox/build/go2_core -- -j16 -l16
[0.502s] DEBUG:colcon.colcon_core.event_handler.log_command:Invoking command in '/home/robot/go2_ws_toolbox/build/go2_core': CMAKE_PREFIX_PATH=${CMAKE_PREFIX_PATH}:/opt/ros/humble /usr/bin/cmake --install /home/robot/go2_ws_toolbox/build/go2_core
[0.503s] DEBUG:colcon.colcon_core.event_handler.log_command:Invoked command in '/home/robot/go2_ws_toolbox/build/go2_perception' returned '0': CMAKE_PREFIX_PATH=${CMAKE_PREFIX_PATH}:/opt/ros/humble /usr/bin/cmake --build /home/robot/go2_ws_toolbox/build/go2_perception -- -j16 -l16
[0.504s] DEBUG:colcon.colcon_core.event_handler.log_command:Invoking command in '/home/robot/go2_ws_toolbox/build/go2_perception': CMAKE_PREFIX_PATH=${CMAKE_PREFIX_PATH}:/opt/ros/humble /usr/bin/cmake --install /home/robot/go2_ws_toolbox/build/go2_perception
[0.511s] Level 1:colcon.colcon_core.environment:create_environment_scripts_only(go2_core)
[0.511s] Level 1:colcon.colcon_core.environment:checking '/home/robot/go2_ws_toolbox/install/go2_core' for CMake module files
[0.512s] DEBUG:colcon.colcon_core.event_handler.log_command:Invoked command in '/home/robot/go2_ws_toolbox/build/go2_core' returned '0': CMAKE_PREFIX_PATH=${CMAKE_PREFIX_PATH}:/opt/ros/humble /usr/bin/cmake --install /home/robot/go2_ws_toolbox/build/go2_core
[0.513s] Level 1:colcon.colcon_core.environment:checking '/home/robot/go2_ws_toolbox/install/go2_core' for CMake config files
[0.513s] Level 1:colcon.colcon_core.shell:create_environment_hook('go2_core', 'cmake_prefix_path')
[0.513s] INFO:colcon.colcon_core.shell:Creating environment hook '/home/robot/go2_ws_toolbox/install/go2_core/share/go2_core/hook/cmake_prefix_path.ps1'
[0.514s] INFO:colcon.colcon_core.shell:Creating environment descriptor '/home/robot/go2_ws_toolbox/install/go2_core/share/go2_core/hook/cmake_prefix_path.dsv'
[0.514s] INFO:colcon.colcon_core.shell:Creating environment hook '/home/robot/go2_ws_toolbox/install/go2_core/share/go2_core/hook/cmake_prefix_path.sh'
[0.514s] Level 1:colcon.colcon_core.environment:checking '/home/robot/go2_ws_toolbox/install/go2_core/lib'
[0.515s] Level 1:colcon.colcon_core.environment:checking '/home/robot/go2_ws_toolbox/install/go2_core/bin'
[0.515s] Level 1:colcon.colcon_core.environment:checking '/home/robot/go2_ws_toolbox/install/go2_core/lib/pkgconfig/go2_core.pc'
[0.515s] Level 1:colcon.colcon_core.environment:checking '/home/robot/go2_ws_toolbox/install/go2_core/lib/python3.10/site-packages'
[0.515s] Level 1:colcon.colcon_core.environment:checking '/home/robot/go2_ws_toolbox/install/go2_core/bin'
[0.515s] INFO:colcon.colcon_core.shell:Creating package script '/home/robot/go2_ws_toolbox/install/go2_core/share/go2_core/package.ps1'
[0.515s] INFO:colcon.colcon_core.shell:Creating package descriptor '/home/robot/go2_ws_toolbox/install/go2_core/share/go2_core/package.dsv'
[0.515s] INFO:colcon.colcon_core.shell:Creating package script '/home/robot/go2_ws_toolbox/install/go2_core/share/go2_core/package.sh'
[0.516s] INFO:colcon.colcon_core.shell:Creating package script '/home/robot/go2_ws_toolbox/install/go2_core/share/go2_core/package.bash'
[0.516s] INFO:colcon.colcon_core.shell:Creating package script '/home/robot/go2_ws_toolbox/install/go2_core/share/go2_core/package.zsh'
[0.516s] Level 1:colcon.colcon_core.environment:create_file_with_runtime_dependencies(/home/robot/go2_ws_toolbox/install/go2_core/share/colcon-core/packages/go2_core)
[0.517s] Level 1:colcon.colcon_core.environment:create_environment_scripts_only(go2_core)
[0.517s] Level 1:colcon.colcon_core.environment:checking '/home/robot/go2_ws_toolbox/install/go2_core' for CMake module files
[0.517s] Level 1:colcon.colcon_core.environment:checking '/home/robot/go2_ws_toolbox/install/go2_core' for CMake config files
[0.517s] Level 1:colcon.colcon_core.shell:create_environment_hook('go2_core', 'cmake_prefix_path')
[0.517s] INFO:colcon.colcon_core.shell:Creating environment hook '/home/robot/go2_ws_toolbox/install/go2_core/share/go2_core/hook/cmake_prefix_path.ps1'
[0.517s] INFO:colcon.colcon_core.shell:Creating environment descriptor '/home/robot/go2_ws_toolbox/install/go2_core/share/go2_core/hook/cmake_prefix_path.dsv'
[0.517s] INFO:colcon.colcon_core.shell:Creating environment hook '/home/robot/go2_ws_toolbox/install/go2_core/share/go2_core/hook/cmake_prefix_path.sh'
[0.518s] Level 1:colcon.colcon_core.environment:checking '/home/robot/go2_ws_toolbox/install/go2_core/lib'
[0.518s] Level 1:colcon.colcon_core.environment:checking '/home/robot/go2_ws_toolbox/install/go2_core/bin'
[0.518s] Level 1:colcon.colcon_core.environment:checking '/home/robot/go2_ws_toolbox/install/go2_core/lib/pkgconfig/go2_core.pc'
[0.518s] Level 1:colcon.colcon_core.environment:checking '/home/robot/go2_ws_toolbox/install/go2_core/lib/python3.10/site-packages'
[0.518s] Level 1:colcon.colcon_core.environment:checking '/home/robot/go2_ws_toolbox/install/go2_core/bin'
[0.518s] INFO:colcon.colcon_core.shell:Creating package script '/home/robot/go2_ws_toolbox/install/go2_core/share/go2_core/package.ps1'
[0.519s] INFO:colcon.colcon_core.shell:Creating package descriptor '/home/robot/go2_ws_toolbox/install/go2_core/share/go2_core/package.dsv'
[0.519s] INFO:colcon.colcon_core.shell:Creating package script '/home/robot/go2_ws_toolbox/install/go2_core/share/go2_core/package.sh'
[0.519s] INFO:colcon.colcon_core.shell:Creating package script '/home/robot/go2_ws_toolbox/install/go2_core/share/go2_core/package.bash'
[0.519s] INFO:colcon.colcon_core.shell:Creating package script '/home/robot/go2_ws_toolbox/install/go2_core/share/go2_core/package.zsh'
[0.520s] Level 1:colcon.colcon_core.environment:create_file_with_runtime_dependencies(/home/robot/go2_ws_toolbox/install/go2_core/share/colcon-core/packages/go2_core)
[0.520s] Level 1:colcon.colcon_core.environment:create_environment_scripts_only(go2_navigation2)
[0.520s] Level 1:colcon.colcon_core.environment:checking '/home/robot/go2_ws_toolbox/install/go2_navigation2' for CMake module files
[0.521s] Level 1:colcon.colcon_core.environment:checking '/home/robot/go2_ws_toolbox/install/go2_navigation2' for CMake config files
[0.521s] DEBUG:colcon.colcon_core.event_handler.log_command:Invoked command in '/home/robot/go2_ws_toolbox/build/go2_navigation2' returned '0': CMAKE_PREFIX_PATH=${CMAKE_PREFIX_PATH}:/opt/ros/humble /usr/bin/cmake --install /home/robot/go2_ws_toolbox/build/go2_navigation2
[0.521s] Level 1:colcon.colcon_core.shell:create_environment_hook('go2_navigation2', 'cmake_prefix_path')
[0.521s] INFO:colcon.colcon_core.shell:Creating environment hook '/home/robot/go2_ws_toolbox/install/go2_navigation2/share/go2_navigation2/hook/cmake_prefix_path.ps1'
[0.521s] INFO:colcon.colcon_core.shell:Creating environment descriptor '/home/robot/go2_ws_toolbox/install/go2_navigation2/share/go2_navigation2/hook/cmake_prefix_path.dsv'
[0.521s] INFO:colcon.colcon_core.shell:Creating environment hook '/home/robot/go2_ws_toolbox/install/go2_navigation2/share/go2_navigation2/hook/cmake_prefix_path.sh'
[0.522s] Level 1:colcon.colcon_core.environment:checking '/home/robot/go2_ws_toolbox/install/go2_navigation2/lib'
[0.522s] Level 1:colcon.colcon_core.environment:checking '/home/robot/go2_ws_toolbox/install/go2_navigation2/bin'
[0.522s] Level 1:colcon.colcon_core.environment:checking '/home/robot/go2_ws_toolbox/install/go2_navigation2/lib/pkgconfig/go2_navigation2.pc'
[0.522s] Level 1:colcon.colcon_core.environment:checking '/home/robot/go2_ws_toolbox/install/go2_navigation2/lib/python3.10/site-packages'
[0.522s] Level 1:colcon.colcon_core.environment:checking '/home/robot/go2_ws_toolbox/install/go2_navigation2/bin'
[0.522s] INFO:colcon.colcon_core.shell:Creating package script '/home/robot/go2_ws_toolbox/install/go2_navigation2/share/go2_navigation2/package.ps1'
[0.522s] INFO:colcon.colcon_core.shell:Creating package descriptor '/home/robot/go2_ws_toolbox/install/go2_navigation2/share/go2_navigation2/package.dsv'
[0.523s] INFO:colcon.colcon_core.shell:Creating package script '/home/robot/go2_ws_toolbox/install/go2_navigation2/share/go2_navigation2/package.sh'
[0.523s] INFO:colcon.colcon_core.shell:Creating package script '/home/robot/go2_ws_toolbox/install/go2_navigation2/share/go2_navigation2/package.bash'
[0.523s] INFO:colcon.colcon_core.shell:Creating package script '/home/robot/go2_ws_toolbox/install/go2_navigation2/share/go2_navigation2/package.zsh'
[0.523s] Level 1:colcon.colcon_core.environment:create_file_with_runtime_dependencies(/home/robot/go2_ws_toolbox/install/go2_navigation2/share/colcon-core/packages/go2_navigation2)
[0.524s] Level 1:colcon.colcon_core.environment:create_environment_scripts_only(go2_navigation2)
[0.524s] Level 1:colcon.colcon_core.environment:checking '/home/robot/go2_ws_toolbox/install/go2_navigation2' for CMake module files
[0.524s] Level 1:colcon.colcon_core.environment:checking '/home/robot/go2_ws_toolbox/install/go2_navigation2' for CMake config files
[0.524s] Level 1:colcon.colcon_core.shell:create_environment_hook('go2_navigation2', 'cmake_prefix_path')
[0.524s] INFO:colcon.colcon_core.shell:Creating environment hook '/home/robot/go2_ws_toolbox/install/go2_navigation2/share/go2_navigation2/hook/cmake_prefix_path.ps1'
[0.524s] INFO:colcon.colcon_core.shell:Creating environment descriptor '/home/robot/go2_ws_toolbox/install/go2_navigation2/share/go2_navigation2/hook/cmake_prefix_path.dsv'
[0.525s] INFO:colcon.colcon_core.shell:Creating environment hook '/home/robot/go2_ws_toolbox/install/go2_navigation2/share/go2_navigation2/hook/cmake_prefix_path.sh'
[0.525s] Level 1:colcon.colcon_core.environment:checking '/home/robot/go2_ws_toolbox/install/go2_navigation2/lib'
[0.525s] Level 1:colcon.colcon_core.environment:checking '/home/robot/go2_ws_toolbox/install/go2_navigation2/bin'
[0.525s] Level 1:colcon.colcon_core.environment:checking '/home/robot/go2_ws_toolbox/install/go2_navigation2/lib/pkgconfig/go2_navigation2.pc'
[0.525s] Level 1:colcon.colcon_core.environment:checking '/home/robot/go2_ws_toolbox/install/go2_navigation2/lib/python3.10/site-packages'
[0.525s] Level 1:colcon.colcon_core.environment:checking '/home/robot/go2_ws_toolbox/install/go2_navigation2/bin'
[0.525s] INFO:colcon.colcon_core.shell:Creating package script '/home/robot/go2_ws_toolbox/install/go2_navigation2/share/go2_navigation2/package.ps1'
[0.526s] INFO:colcon.colcon_core.shell:Creating package descriptor '/home/robot/go2_ws_toolbox/install/go2_navigation2/share/go2_navigation2/package.dsv'
[0.526s] INFO:colcon.colcon_core.shell:Creating package script '/home/robot/go2_ws_toolbox/install/go2_navigation2/share/go2_navigation2/package.sh'
[0.526s] INFO:colcon.colcon_core.shell:Creating package script '/home/robot/go2_ws_toolbox/install/go2_navigation2/share/go2_navigation2/package.bash'
[0.526s] INFO:colcon.colcon_core.shell:Creating package script '/home/robot/go2_ws_toolbox/install/go2_navigation2/share/go2_navigation2/package.zsh'
[0.527s] Level 1:colcon.colcon_core.environment:create_file_with_runtime_dependencies(/home/robot/go2_ws_toolbox/install/go2_navigation2/share/colcon-core/packages/go2_navigation2)
[0.527s] Level 1:colcon.colcon_core.environment:create_environment_scripts_only(go2_perception)
[0.528s] Level 1:colcon.colcon_core.environment:checking '/home/robot/go2_ws_toolbox/install/go2_perception' for CMake module files
[0.528s] DEBUG:colcon.colcon_core.event_handler.log_command:Invoked command in '/home/robot/go2_ws_toolbox/build/go2_perception' returned '0': CMAKE_PREFIX_PATH=${CMAKE_PREFIX_PATH}:/opt/ros/humble /usr/bin/cmake --install /home/robot/go2_ws_toolbox/build/go2_perception
[0.528s] Level 1:colcon.colcon_core.environment:checking '/home/robot/go2_ws_toolbox/install/go2_perception' for CMake config files
[0.528s] Level 1:colcon.colcon_core.shell:create_environment_hook('go2_perception', 'cmake_prefix_path')
[0.528s] INFO:colcon.colcon_core.shell:Creating environment hook '/home/robot/go2_ws_toolbox/install/go2_perception/share/go2_perception/hook/cmake_prefix_path.ps1'
[0.529s] INFO:colcon.colcon_core.shell:Creating environment descriptor '/home/robot/go2_ws_toolbox/install/go2_perception/share/go2_perception/hook/cmake_prefix_path.dsv'
[0.529s] INFO:colcon.colcon_core.shell:Creating environment hook '/home/robot/go2_ws_toolbox/install/go2_perception/share/go2_perception/hook/cmake_prefix_path.sh'
[0.529s] Level 1:colcon.colcon_core.environment:checking '/home/robot/go2_ws_toolbox/install/go2_perception/lib'
[0.529s] Level 1:colcon.colcon_core.shell:create_environment_hook('go2_perception', 'ld_library_path_lib')
[0.529s] INFO:colcon.colcon_core.shell:Creating environment hook '/home/robot/go2_ws_toolbox/install/go2_perception/share/go2_perception/hook/ld_library_path_lib.ps1'
[0.529s] INFO:colcon.colcon_core.shell:Creating environment descriptor '/home/robot/go2_ws_toolbox/install/go2_perception/share/go2_perception/hook/ld_library_path_lib.dsv'
[0.530s] INFO:colcon.colcon_core.shell:Creating environment hook '/home/robot/go2_ws_toolbox/install/go2_perception/share/go2_perception/hook/ld_library_path_lib.sh'
[0.530s] Level 1:colcon.colcon_core.environment:checking '/home/robot/go2_ws_toolbox/install/go2_perception/bin'
[0.530s] Level 1:colcon.colcon_core.environment:checking '/home/robot/go2_ws_toolbox/install/go2_perception/lib/pkgconfig/go2_perception.pc'
[0.530s] Level 1:colcon.colcon_core.environment:checking '/home/robot/go2_ws_toolbox/install/go2_perception/lib/python3.10/site-packages'
[0.530s] Level 1:colcon.colcon_core.environment:checking '/home/robot/go2_ws_toolbox/install/go2_perception/bin'
[0.530s] INFO:colcon.colcon_core.shell:Creating package script '/home/robot/go2_ws_toolbox/install/go2_perception/share/go2_perception/package.ps1'
[0.530s] INFO:colcon.colcon_core.shell:Creating package descriptor '/home/robot/go2_ws_toolbox/install/go2_perception/share/go2_perception/package.dsv'
[0.531s] INFO:colcon.colcon_core.shell:Creating package script '/home/robot/go2_ws_toolbox/install/go2_perception/share/go2_perception/package.sh'
[0.531s] INFO:colcon.colcon_core.shell:Creating package script '/home/robot/go2_ws_toolbox/install/go2_perception/share/go2_perception/package.bash'
[0.531s] INFO:colcon.colcon_core.shell:Creating package script '/home/robot/go2_ws_toolbox/install/go2_perception/share/go2_perception/package.zsh'
[0.531s] Level 1:colcon.colcon_core.environment:create_file_with_runtime_dependencies(/home/robot/go2_ws_toolbox/install/go2_perception/share/colcon-core/packages/go2_perception)
[0.531s] Level 1:colcon.colcon_core.environment:create_environment_scripts_only(go2_perception)
[0.532s] Level 1:colcon.colcon_core.environment:checking '/home/robot/go2_ws_toolbox/install/go2_perception' for CMake module files
[0.532s] Level 1:colcon.colcon_core.environment:checking '/home/robot/go2_ws_toolbox/install/go2_perception' for CMake config files
[0.532s] Level 1:colcon.colcon_core.shell:create_environment_hook('go2_perception', 'cmake_prefix_path')
[0.532s] INFO:colcon.colcon_core.shell:Creating environment hook '/home/robot/go2_ws_toolbox/install/go2_perception/share/go2_perception/hook/cmake_prefix_path.ps1'
[0.532s] INFO:colcon.colcon_core.shell:Creating environment descriptor '/home/robot/go2_ws_toolbox/install/go2_perception/share/go2_perception/hook/cmake_prefix_path.dsv'
[0.532s] INFO:colcon.colcon_core.shell:Creating environment hook '/home/robot/go2_ws_toolbox/install/go2_perception/share/go2_perception/hook/cmake_prefix_path.sh'
[0.533s] Level 1:colcon.colcon_core.environment:checking '/home/robot/go2_ws_toolbox/install/go2_perception/lib'
[0.533s] Level 1:colcon.colcon_core.shell:create_environment_hook('go2_perception', 'ld_library_path_lib')
[0.533s] INFO:colcon.colcon_core.shell:Creating environment hook '/home/robot/go2_ws_toolbox/install/go2_perception/share/go2_perception/hook/ld_library_path_lib.ps1'
[0.533s] INFO:colcon.colcon_core.shell:Creating environment descriptor '/home/robot/go2_ws_toolbox/install/go2_perception/share/go2_perception/hook/ld_library_path_lib.dsv'
[0.533s] INFO:colcon.colcon_core.shell:Creating environment hook '/home/robot/go2_ws_toolbox/install/go2_perception/share/go2_perception/hook/ld_library_path_lib.sh'
[0.533s] Level 1:colcon.colcon_core.environment:checking '/home/robot/go2_ws_toolbox/install/go2_perception/bin'
[0.533s] Level 1:colcon.colcon_core.environment:checking '/home/robot/go2_ws_toolbox/install/go2_perception/lib/pkgconfig/go2_perception.pc'
[0.534s] Level 1:colcon.colcon_core.environment:checking '/home/robot/go2_ws_toolbox/install/go2_perception/lib/python3.10/site-packages'
[0.534s] Level 1:colcon.colcon_core.environment:checking '/home/robot/go2_ws_toolbox/install/go2_perception/bin'
[0.534s] INFO:colcon.colcon_core.shell:Creating package script '/home/robot/go2_ws_toolbox/install/go2_perception/share/go2_perception/package.ps1'
[0.534s] INFO:colcon.colcon_core.shell:Creating package descriptor '/home/robot/go2_ws_toolbox/install/go2_perception/share/go2_perception/package.dsv'
[0.534s] INFO:colcon.colcon_core.shell:Creating package script '/home/robot/go2_ws_toolbox/install/go2_perception/share/go2_perception/package.sh'
[0.535s] INFO:colcon.colcon_core.shell:Creating package script '/home/robot/go2_ws_toolbox/install/go2_perception/share/go2_perception/package.bash'
[0.535s] INFO:colcon.colcon_core.shell:Creating package script '/home/robot/go2_ws_toolbox/install/go2_perception/share/go2_perception/package.zsh'
[0.535s] Level 1:colcon.colcon_core.environment:create_file_with_runtime_dependencies(/home/robot/go2_ws_toolbox/install/go2_perception/share/colcon-core/packages/go2_perception)
[0.535s] DEBUG:colcon.colcon_parallel_executor.executor.parallel:closing loop
[0.535s] DEBUG:colcon.colcon_parallel_executor.executor.parallel:loop closed
[0.536s] DEBUG:colcon.colcon_parallel_executor.executor.parallel:run_until_complete finished with '0'
[0.536s] DEBUG:colcon.colcon_core.event_reactor:joining thread
[0.541s] INFO:colcon.colcon_core.plugin_system:Skipping extension 'colcon_notification.desktop_notification.terminal_notifier': Not used on non-Darwin systems
[0.541s] INFO:colcon.colcon_core.plugin_system:Skipping extension 'colcon_notification.desktop_notification.win32': Not used on non-Windows systems
[0.541s] INFO:colcon.colcon_notification.desktop_notification:Sending desktop notification using 'notify2'
[0.549s] DEBUG:colcon.colcon_core.event_reactor:joined thread
[0.550s] INFO:colcon.colcon_core.shell:Creating prefix script '/home/robot/go2_ws_toolbox/install/local_setup.ps1'
[0.551s] INFO:colcon.colcon_core.shell:Creating prefix util module '/home/robot/go2_ws_toolbox/install/_local_setup_util_ps1.py'
[0.552s] INFO:colcon.colcon_core.shell:Creating prefix chain script '/home/robot/go2_ws_toolbox/install/setup.ps1'
[0.553s] INFO:colcon.colcon_core.shell:Creating prefix script '/home/robot/go2_ws_toolbox/install/local_setup.sh'
[0.553s] INFO:colcon.colcon_core.shell:Creating prefix util module '/home/robot/go2_ws_toolbox/install/_local_setup_util_sh.py'
[0.554s] INFO:colcon.colcon_core.shell:Creating prefix chain script '/home/robot/go2_ws_toolbox/install/setup.sh'
[0.555s] INFO:colcon.colcon_core.shell:Creating prefix script '/home/robot/go2_ws_toolbox/install/local_setup.bash'
[0.555s] INFO:colcon.colcon_core.shell:Creating prefix chain script '/home/robot/go2_ws_toolbox/install/setup.bash'
[0.556s] INFO:colcon.colcon_core.shell:Creating prefix script '/home/robot/go2_ws_toolbox/install/local_setup.zsh'
[0.556s] INFO:colcon.colcon_core.shell:Creating prefix chain script '/home/robot/go2_ws_toolbox/install/setup.zsh'
