[0.021s] Invoking command in '/home/robot/go2_ws_toolbox/build/go2_navigation2': CMAKE_PREFIX_PATH=${CMAKE_PREFIX_PATH}:/opt/ros/humble /usr/bin/cmake --build /home/robot/go2_ws_toolbox/build/go2_navigation2 -- -j16 -l16
[0.425s] [100%] Built target navigation
[0.661s] Invoked command in '/home/robot/go2_ws_toolbox/build/go2_navigation2' returned '0': CMAKE_PREFIX_PATH=${CMAKE_PREFIX_PATH}:/opt/ros/humble /usr/bin/cmake --build /home/robot/go2_ws_toolbox/build/go2_navigation2 -- -j16 -l16
[0.665s] Invoking command in '/home/robot/go2_ws_toolbox/build/go2_navigation2': CMAKE_PREFIX_PATH=${CMAKE_PREFIX_PATH}:/opt/ros/humble /usr/bin/cmake --install /home/robot/go2_ws_toolbox/build/go2_navigation2
[0.669s] -- Install configuration: ""
[0.674s] -- Up-to-date: /home/robot/go2_ws_toolbox/install/go2_navigation2/lib/go2_navigation2/navigation
[0.676s] -- Up-to-date: /home/robot/go2_ws_toolbox/install/go2_navigation2/share/go2_navigation2/launch
[0.678s] -- Up-to-date: /home/robot/go2_ws_toolbox/install/go2_navigation2/share/go2_navigation2/launch/go2_nav2.launch.py
[0.683s] -- Up-to-date: /home/robot/go2_ws_toolbox/install/go2_navigation2/share/go2_navigation2/config
[0.684s] -- Up-to-date: /home/robot/go2_ws_toolbox/install/go2_navigation2/share/go2_navigation2/config/nav2_params.yaml
[0.684s] -- Up-to-date: /home/robot/go2_ws_toolbox/install/go2_navigation2/share/ament_index/resource_index/package_run_dependencies/go2_navigation2
[0.685s] -- Up-to-date: /home/robot/go2_ws_toolbox/install/go2_navigation2/share/ament_index/resource_index/parent_prefix_path/go2_navigation2
[0.687s] -- Up-to-date: /home/robot/go2_ws_toolbox/install/go2_navigation2/share/go2_navigation2/environment/ament_prefix_path.sh
[0.690s] -- Up-to-date: /home/robot/go2_ws_toolbox/install/go2_navigation2/share/go2_navigation2/environment/ament_prefix_path.dsv
[0.690s] -- Up-to-date: /home/robot/go2_ws_toolbox/install/go2_navigation2/share/go2_navigation2/environment/path.sh
[0.690s] -- Up-to-date: /home/robot/go2_ws_toolbox/install/go2_navigation2/share/go2_navigation2/environment/path.dsv
[0.691s] -- Up-to-date: /home/robot/go2_ws_toolbox/install/go2_navigation2/share/go2_navigation2/local_setup.bash
[0.691s] -- Up-to-date: /home/robot/go2_ws_toolbox/install/go2_navigation2/share/go2_navigation2/local_setup.sh
[0.691s] -- Up-to-date: /home/robot/go2_ws_toolbox/install/go2_navigation2/share/go2_navigation2/local_setup.zsh
[0.693s] -- Up-to-date: /home/robot/go2_ws_toolbox/install/go2_navigation2/share/go2_navigation2/local_setup.dsv
[0.693s] -- Installing: /home/robot/go2_ws_toolbox/install/go2_navigation2/share/go2_navigation2/package.dsv
[0.696s] -- Up-to-date: /home/robot/go2_ws_toolbox/install/go2_navigation2/share/ament_index/resource_index/packages/go2_navigation2
[0.696s] -- Up-to-date: /home/robot/go2_ws_toolbox/install/go2_navigation2/share/go2_navigation2/cmake/go2_navigation2Config.cmake
[0.697s] -- Up-to-date: /home/robot/go2_ws_toolbox/install/go2_navigation2/share/go2_navigation2/cmake/go2_navigation2Config-version.cmake
[0.697s] -- Up-to-date: /home/robot/go2_ws_toolbox/install/go2_navigation2/share/go2_navigation2/package.xml
[0.722s] Invoked command in '/home/robot/go2_ws_toolbox/build/go2_navigation2' returned '0': CMAKE_PREFIX_PATH=${CMAKE_PREFIX_PATH}:/opt/ros/humble /usr/bin/cmake --install /home/robot/go2_ws_toolbox/build/go2_navigation2
