[0.018s] Invoking command in '/home/robot/go2_ws_toolbox/build/go2_slam': CMAKE_PREFIX_PATH=${CMAKE_PREFIX_PATH}:/opt/ros/humble /usr/bin/cmake --build /home/robot/go2_ws_toolbox/build/go2_slam -- -j16 -l16
[0.031s] -- Found ament_cmake: 1.3.12 (/opt/ros/humble/share/ament_cmake/cmake)
[0.120s] -- Found ament_lint_auto: 0.12.14 (/opt/ros/humble/share/ament_lint_auto/cmake)
[0.160s] -- Added test 'flake8' to check Python code syntax and style conventions
[0.160s] -- Added test 'lint_cmake' to check CMake code style
[0.160s] -- Added test 'pep257' to check Python code against some of the docstring style conventions in PEP 257
[0.161s] -- Added test 'xmllint' to check XML markup files
[0.161s] -- Configuring done
[0.163s] -- Generating done
[0.164s] -- Build files have been written to: /home/robot/go2_ws_toolbox/build/go2_slam
[0.182s] Invoked command in '/home/robot/go2_ws_toolbox/build/go2_slam' returned '0': CMAKE_PREFIX_PATH=${CMAKE_PREFIX_PATH}:/opt/ros/humble /usr/bin/cmake --build /home/robot/go2_ws_toolbox/build/go2_slam -- -j16 -l16
[0.183s] Invoking command in '/home/robot/go2_ws_toolbox/build/go2_slam': CMAKE_PREFIX_PATH=${CMAKE_PREFIX_PATH}:/opt/ros/humble /usr/bin/cmake --install /home/robot/go2_ws_toolbox/build/go2_slam
[0.188s] -- Install configuration: ""
[0.188s] -- Up-to-date: /home/robot/go2_ws_toolbox/install/go2_slam/share/go2_slam/launch
[0.189s] -- Up-to-date: /home/robot/go2_ws_toolbox/install/go2_slam/share/go2_slam/launch/go2_slamtoolbox.launch.py
[0.189s] -- Up-to-date: /home/robot/go2_ws_toolbox/install/go2_slam/share/go2_slam/config
[0.189s] -- Installing: /home/robot/go2_ws_toolbox/install/go2_slam/share/go2_slam/config/mapper_params_online_async.yaml
[0.189s] -- Up-to-date: /home/robot/go2_ws_toolbox/install/go2_slam/share/ament_index/resource_index/package_run_dependencies/go2_slam
[0.189s] -- Installing: /home/robot/go2_ws_toolbox/install/go2_slam/share/ament_index/resource_index/parent_prefix_path/go2_slam
[0.189s] -- Up-to-date: /home/robot/go2_ws_toolbox/install/go2_slam/share/go2_slam/environment/ament_prefix_path.sh
[0.189s] -- Installing: /home/robot/go2_ws_toolbox/install/go2_slam/share/go2_slam/environment/ament_prefix_path.dsv
[0.189s] -- Up-to-date: /home/robot/go2_ws_toolbox/install/go2_slam/share/go2_slam/environment/path.sh
[0.189s] -- Installing: /home/robot/go2_ws_toolbox/install/go2_slam/share/go2_slam/environment/path.dsv
[0.189s] -- Up-to-date: /home/robot/go2_ws_toolbox/install/go2_slam/share/go2_slam/local_setup.bash
[0.189s] -- Up-to-date: /home/robot/go2_ws_toolbox/install/go2_slam/share/go2_slam/local_setup.sh
[0.189s] -- Up-to-date: /home/robot/go2_ws_toolbox/install/go2_slam/share/go2_slam/local_setup.zsh
[0.189s] -- Installing: /home/robot/go2_ws_toolbox/install/go2_slam/share/go2_slam/local_setup.dsv
[0.190s] -- Installing: /home/robot/go2_ws_toolbox/install/go2_slam/share/go2_slam/package.dsv
[0.190s] -- Up-to-date: /home/robot/go2_ws_toolbox/install/go2_slam/share/ament_index/resource_index/packages/go2_slam
[0.190s] -- Up-to-date: /home/robot/go2_ws_toolbox/install/go2_slam/share/go2_slam/cmake/go2_slamConfig.cmake
[0.190s] -- Up-to-date: /home/robot/go2_ws_toolbox/install/go2_slam/share/go2_slam/cmake/go2_slamConfig-version.cmake
[0.190s] -- Up-to-date: /home/robot/go2_ws_toolbox/install/go2_slam/share/go2_slam/package.xml
[0.191s] Invoked command in '/home/robot/go2_ws_toolbox/build/go2_slam' returned '0': CMAKE_PREFIX_PATH=${CMAKE_PREFIX_PATH}:/opt/ros/humble /usr/bin/cmake --install /home/robot/go2_ws_toolbox/build/go2_slam
